---------------------------------------------------------------
[ 2019-06-02T15:37:58+08:00 ] 127.0.0.1 GET /
[ info ] c.com/ [运行时间：0.139000s][吞吐率：7.19req/s] [内存消耗：4,245.02kb] [文件加载：52]
[ info ] [ LANG ] B:\aaaweb\shop\thinkphp\lang\zh-cn.php
[ info ] [ ROUTE ] array (
  'type' => 'module',
  'module' => 
  array (
    0 => '',
    1 => NULL,
    2 => NULL,
  ),
)
[ info ] [ HEADER ] array (
  'cache-control' => 'max-age=0',
  'upgrade-insecure-requests' => '1',
  'connection' => 'close',
  'accept-encoding' => 'gzip, deflate',
  'accept-language' => 'zh-CN,zh;q=0.8,zh-TW;q=0.7,zh-HK;q=0.5,en-US;q=0.3,en;q=0.2',
  'accept' => 'text/html,application/xhtml+xml,application/xml;q=0.9,*/*;q=0.8',
  'user-agent' => 'Mozilla/5.0 (Windows NT 6.1; Win64; x64; rv:67.0) Gecko/20100101 Firefox/67.0',
  'host' => 'c.com',
)
[ info ] [ PARAM ] array (
)
[ info ] [ DB ] INIT mysql
[ info ] [ RUN ] app\index\controller\Index->index[ B:\aaaweb\shop\application\index\controller\Index.php ]
[ info ] [ LOG ] INIT File
[ sql ] [ DB ] CONNECT:[ UseTime:0.010000s ] mysql:host=127.0.0.1;dbname=tested;charset=utf8
[ sql ] [ SQL ] SHOW COLUMNS FROM `tp_category` [ RunTime:0.002000s ]
[ sql ] [ SQL ] SELECT * FROM `tp_category` WHERE  `cate_type` = 3  AND `cate_pid` = 2 ORDER BY `cate_sort` ASC [ RunTime:0.001000s ]
[ sql ] [ SQL ] SHOW COLUMNS FROM `tp_article` [ RunTime:0.002000s ]
[ sql ] [ SQL ] SELECT * FROM `tp_article` WHERE  `ar_cateid` = 4 [ RunTime:0.001000s ]
[ sql ] [ SQL ] SELECT * FROM `tp_article` WHERE  `ar_cateid` = 5 [ RunTime:0.000000s ]
[ sql ] [ SQL ] SELECT * FROM `tp_article` WHERE  `ar_cateid` = 12 [ RunTime:0.000000s ]
[ sql ] [ SQL ] SELECT * FROM `tp_article` WHERE  `ar_cateid` = 13 [ RunTime:0.001000s ]
[ sql ] [ SQL ] SELECT * FROM `tp_article` WHERE  `ar_cateid` = 14 [ RunTime:0.001000s ]
[ sql ] [ SQL ] SELECT `ar_id`,`ar_title`,`ar_linkurl` FROM `tp_article` WHERE  `ar_cateid` = 26 [ RunTime:0.000000s ]
[ sql ] [ SQL ] SELECT * FROM `tp_category` WHERE  `cate_type` = 5  AND `cate_pid` = 0 ORDER BY `cate_sort` ASC [ RunTime:0.000000s ]
[ sql ] [ SQL ] SELECT * FROM `tp_category` WHERE  `cate_pid` = 16 [ RunTime:0.001000s ]
[ sql ] [ SQL ] SELECT * FROM `tp_category` WHERE  `cate_pid` = 15 [ RunTime:0.000000s ]
[ sql ] [ SQL ] SELECT * FROM `tp_category` WHERE  `cate_pid` = 11 [ RunTime:0.000000s ]
[ sql ] [ SQL ] SELECT * FROM `tp_category` WHERE  `cate_pid` = 17 [ RunTime:0.001000s ]
[ sql ] [ SQL ] SELECT * FROM `tp_category` WHERE  `cate_pid` = 18 [ RunTime:0.001000s ]
[ sql ] [ SQL ] SELECT * FROM `tp_category` WHERE  `cate_pid` = 19 [ RunTime:0.000000s ]
[ sql ] [ SQL ] SELECT * FROM `tp_category` WHERE  `cate_pid` = 22 [ RunTime:0.001000s ]
[ sql ] [ SQL ] SELECT * FROM `tp_category` WHERE  `cate_pid` = 23 [ RunTime:0.001000s ]
[ sql ] [ SQL ] SELECT * FROM `tp_category` WHERE  `cate_pid` = 24 [ RunTime:0.000000s ]
[ sql ] [ SQL ] SELECT * FROM `tp_category` WHERE  `cate_pid` = 25 [ RunTime:0.001000s ]
[ sql ] [ SQL ] SHOW COLUMNS FROM `tp_nav` [ RunTime:0.001000s ]
[ sql ] [ SQL ] SELECT * FROM `tp_nav` [ RunTime:0.001000s ]
[ sql ] [ SQL ] SHOW COLUMNS FROM `tp_config` [ RunTime:0.002000s ]
[ sql ] [ SQL ] SELECT `config_ename`,`config_default` FROM `tp_config` [ RunTime:0.000000s ]
[ sql ] [ SQL ] SHOW COLUMNS FROM `tp_recpos_comm` [ RunTime:0.001000s ]
[ sql ] [ SQL ] SELECT * FROM `tp_recpos_comm` WHERE  `recpos_type` = 1  AND `recpos_id` = 2 [ RunTime:0.000000s ]
[ sql ] [ SQL ] SHOW COLUMNS FROM `tp_commodity` [ RunTime:0.002000s ]
[ sql ] [ SQL ] SELECT `commodity_id`,`commodity_name`,`commodity_smthumb` FROM `tp_commodity` WHERE  `commodity_id` IN ('') LIMIT 1 [ RunTime:0.000000s ]
[ sql ] [ SQL ] SHOW COLUMNS FROM `tp_cates` [ RunTime:0.001000s ]
[ sql ] [ SQL ] SELECT * FROM `tp_cates` WHERE  `cates_pid` = 0 [ RunTime:0.002000s ]
[ sql ] [ SQL ] SELECT * FROM `tp_cates` WHERE  `cates_pid` = 1 [ RunTime:0.001000s ]
[ sql ] [ SQL ] SELECT * FROM `tp_cates` WHERE  `cates_pid` = 2 [ RunTime:0.002000s ]
[ sql ] [ SQL ] SELECT * FROM `tp_cates` WHERE  `cates_pid` = 3 [ RunTime:0.002000s ]
[ sql ] [ SQL ] SELECT * FROM `tp_cates` WHERE  `cates_pid` = 4 [ RunTime:0.002000s ]
[ sql ] [ SQL ] SELECT * FROM `tp_cates` WHERE  `cates_pid` = 5 [ RunTime:0.002000s ]
[ sql ] [ SQL ] SELECT * FROM `tp_cates` WHERE  `cates_pid` = 6 [ RunTime:0.002000s ]
[ sql ] [ SQL ] SELECT * FROM `tp_cates` WHERE  `cates_pid` = 7 [ RunTime:0.001000s ]
[ sql ] [ SQL ] SELECT * FROM `tp_recpos_comm` WHERE  `recpos_id` = 5  AND `recpos_type` = 2 [ RunTime:0.000000s ]
[ sql ] [ SQL ] SELECT * FROM `tp_cates` WHERE  `cates_id` = 22  AND `cates_pid` = 0 LIMIT 1 [ RunTime:0.001000s ]
[ sql ] [ SQL ] SELECT * FROM `tp_cates` WHERE  `cates_id` = 16  AND `cates_pid` = 0 LIMIT 1 [ RunTime:0.000000s ]
[ sql ] [ SQL ] SELECT * FROM `tp_cates` WHERE  `cates_id` = 62  AND `cates_pid` = 0 LIMIT 1 [ RunTime:0.000000s ]
[ sql ] [ SQL ] SELECT * FROM `tp_cates` WHERE  `cates_id` = 63  AND `cates_pid` = 0 LIMIT 1 [ RunTime:0.001000s ]
[ sql ] [ SQL ] SELECT * FROM `tp_cates` WHERE  `cates_id` = 17  AND `cates_pid` = 0 LIMIT 1 [ RunTime:0.000000s ]
[ sql ] [ SQL ] SELECT * FROM `tp_cates` WHERE  `cates_id` = 19  AND `cates_pid` = 0 LIMIT 1 [ RunTime:0.001000s ]
[ sql ] [ SQL ] SELECT * FROM `tp_cates` WHERE  `cates_id` = 70  AND `cates_pid` = 0 LIMIT 1 [ RunTime:0.000000s ]
[ sql ] [ SQL ] SELECT * FROM `tp_cates` WHERE  `cates_id` = 18  AND `cates_pid` = 0 LIMIT 1 [ RunTime:0.000000s ]
[ sql ] [ SQL ] SELECT * FROM `tp_cates` WHERE  `cates_id` = 71  AND `cates_pid` = 0 LIMIT 1 [ RunTime:0.001000s ]
[ sql ] [ SQL ] SELECT * FROM `tp_cates` WHERE  `cates_id` = 9  AND `cates_pid` = 0 LIMIT 1 [ RunTime:0.000000s ]
[ sql ] [ SQL ] SELECT * FROM `tp_cates` WHERE  `cates_id` = 23  AND `cates_pid` = 0 LIMIT 1 [ RunTime:0.000000s ]
[ sql ] [ SQL ] SELECT * FROM `tp_cates` WHERE  `cates_id` = 24  AND `cates_pid` = 0 LIMIT 1 [ RunTime:0.001000s ]
[ sql ] [ SQL ] SELECT * FROM `tp_cates` WHERE  `cates_id` = 1  AND `cates_pid` = 0 LIMIT 1 [ RunTime:0.000000s ]
[ sql ] [ SQL ] SELECT * FROM `tp_cates` WHERE  `cates_id` = 5  AND `cates_pid` = 0 LIMIT 1 [ RunTime:0.001000s ]
[ sql ] [ SQL ] SELECT * FROM `tp_cates` WHERE  `cates_id` = 6  AND `cates_pid` = 0 LIMIT 1 [ RunTime:0.000000s ]
[ sql ] [ SQL ] SELECT * FROM `tp_recpos_comm` WHERE  `recpos_id` = 5  AND `recpos_type` = 2 [ RunTime:0.001000s ]
[ sql ] [ SQL ] SELECT * FROM `tp_cates` WHERE  `cates_id` = 22  AND `cates_pid` = 1 LIMIT 1 [ RunTime:0.000000s ]
[ sql ] [ SQL ] SELECT * FROM `tp_cates` WHERE  `cates_id` = 16  AND `cates_pid` = 1 LIMIT 1 [ RunTime:0.001000s ]
[ sql ] [ SQL ] SELECT * FROM `tp_cates` WHERE  `cates_id` = 62  AND `cates_pid` = 1 LIMIT 1 [ RunTime:0.000000s ]
[ sql ] [ SQL ] SELECT * FROM `tp_cates` WHERE  `cates_id` = 63  AND `cates_pid` = 1 LIMIT 1 [ RunTime:0.001000s ]
[ sql ] [ SQL ] SELECT * FROM `tp_cates` WHERE  `cates_id` = 17  AND `cates_pid` = 1 LIMIT 1 [ RunTime:0.000000s ]
[ sql ] [ SQL ] SELECT * FROM `tp_cates` WHERE  `cates_id` = 19  AND `cates_pid` = 1 LIMIT 1 [ RunTime:0.001000s ]
[ sql ] [ SQL ] SELECT * FROM `tp_cates` WHERE  `cates_id` = 70  AND `cates_pid` = 1 LIMIT 1 [ RunTime:0.000000s ]
[ sql ] [ SQL ] SELECT * FROM `tp_cates` WHERE  `cates_id` = 18  AND `cates_pid` = 1 LIMIT 1 [ RunTime:0.001000s ]
[ sql ] [ SQL ] SELECT * FROM `tp_cates` WHERE  `cates_id` = 71  AND `cates_pid` = 1 LIMIT 1 [ RunTime:0.000000s ]
[ sql ] [ SQL ] SELECT * FROM `tp_cates` WHERE  `cates_id` = 9  AND `cates_pid` = 1 LIMIT 1 [ RunTime:0.000000s ]
[ sql ] [ SQL ] SELECT * FROM `tp_cates` WHERE  `cates_id` = 23  AND `cates_pid` = 1 LIMIT 1 [ RunTime:0.001000s ]
[ sql ] [ SQL ] SELECT * FROM `tp_cates` WHERE  `cates_id` = 24  AND `cates_pid` = 1 LIMIT 1 [ RunTime:0.000000s ]
[ sql ] [ SQL ] SELECT * FROM `tp_cates` WHERE  `cates_id` = 1  AND `cates_pid` = 1 LIMIT 1 [ RunTime:0.000000s ]
[ sql ] [ SQL ] SELECT * FROM `tp_cates` WHERE  `cates_id` = 5  AND `cates_pid` = 1 LIMIT 1 [ RunTime:0.000000s ]
[ sql ] [ SQL ] SELECT * FROM `tp_cates` WHERE  `cates_id` = 6  AND `cates_pid` = 1 LIMIT 1 [ RunTime:0.001000s ]
[ sql ] [ SQL ] SELECT `cates_id`,`cates_pid` FROM `tp_cates` [ RunTime:0.002000s ]
[ sql ] [ SQL ] SELECT * FROM `tp_recpos_comm` WHERE  `recpos_id` = 4  AND `recpos_type` = 1 [ RunTime:0.001000s ]
[ sql ] [ SQL ] SELECT * FROM `tp_commodity` WHERE  `cates_id` IN (8,25,424,94,95,96,97,98,99,100,101,9,26,425,102,103,104,105,106,107,108,109,110,111,112,113,114,22,27,426,115,116,117,118,119,120,121,122,123,124,125,126,127,128,421,23,28,129,130,131,132,133,134,135,136,137,138,139,140,141,422,24,29,142,143,144,145,146,147,148,149,150,151,152,153,154,155,423,1)  AND `commodity_id` IN (9,12,13,15,16,17,18,14,19,20,33,35,36,37,38,40,41,42,43,45,46,47,48,52,72,73,74,83,84,85,86,95,97,98,99,100,111,112,113,114,116,117,124,125,126,128,129,132,133,135,136,137,138) ORDER BY `commodity_id` DESC LIMIT 6 [ RunTime:0.001000s ]
[ sql ] [ SQL ] SELECT * FROM `tp_recpos_comm` WHERE  `recpos_id` = 5  AND `recpos_type` = 2 [ RunTime:0.000000s ]
[ sql ] [ SQL ] SELECT * FROM `tp_cates` WHERE  `cates_id` = 22  AND `cates_pid` = 5 LIMIT 1 [ RunTime:0.000000s ]
[ sql ] [ SQL ] SELECT * FROM `tp_cates` WHERE  `cates_id` = 16  AND `cates_pid` = 5 LIMIT 1 [ RunTime:0.000000s ]
[ sql ] [ SQL ] SELECT * FROM `tp_cates` WHERE  `cates_id` = 62  AND `cates_pid` = 5 LIMIT 1 [ RunTime:0.000000s ]
[ sql ] [ SQL ] SELECT * FROM `tp_cates` WHERE  `cates_id` = 63  AND `cates_pid` = 5 LIMIT 1 [ RunTime:0.000000s ]
[ sql ] [ SQL ] SELECT * FROM `tp_cates` WHERE  `cates_id` = 17  AND `cates_pid` = 5 LIMIT 1 [ RunTime:0.001000s ]
[ sql ] [ SQL ] SELECT * FROM `tp_cates` WHERE  `cates_id` = 19  AND `cates_pid` = 5 LIMIT 1 [ RunTime:0.000000s ]
[ sql ] [ SQL ] SELECT * FROM `tp_cates` WHERE  `cates_id` = 70  AND `cates_pid` = 5 LIMIT 1 [ RunTime:0.000000s ]
[ sql ] [ SQL ] SELECT * FROM `tp_cates` WHERE  `cates_id` = 18  AND `cates_pid` = 5 LIMIT 1 [ RunTime:0.001000s ]
[ sql ] [ SQL ] SELECT * FROM `tp_cates` WHERE  `cates_id` = 71  AND `cates_pid` = 5 LIMIT 1 [ RunTime:0.000000s ]
[ sql ] [ SQL ] SELECT * FROM `tp_cates` WHERE  `cates_id` = 9  AND `cates_pid` = 5 LIMIT 1 [ RunTime:0.000000s ]
[ sql ] [ SQL ] SELECT * FROM `tp_cates` WHERE  `cates_id` = 23  AND `cates_pid` = 5 LIMIT 1 [ RunTime:0.001000s ]
[ sql ] [ SQL ] SELECT * FROM `tp_cates` WHERE  `cates_id` = 24  AND `cates_pid` = 5 LIMIT 1 [ RunTime:0.000000s ]
[ sql ] [ SQL ] SELECT * FROM `tp_cates` WHERE  `cates_id` = 1  AND `cates_pid` = 5 LIMIT 1 [ RunTime:0.000000s ]
[ sql ] [ SQL ] SELECT * FROM `tp_cates` WHERE  `cates_id` = 5  AND `cates_pid` = 5 LIMIT 1 [ RunTime:0.001000s ]
[ sql ] [ SQL ] SELECT * FROM `tp_cates` WHERE  `cates_id` = 6  AND `cates_pid` = 5 LIMIT 1 [ RunTime:0.000000s ]
[ sql ] [ SQL ] SELECT `cates_id`,`cates_pid` FROM `tp_cates` [ RunTime:0.002000s ]
[ sql ] [ SQL ] SELECT * FROM `tp_recpos_comm` WHERE  `recpos_id` = 4  AND `recpos_type` = 1 [ RunTime:0.000000s ]
[ sql ] [ SQL ] SELECT * FROM `tp_commodity` WHERE  `cates_id` IN (16,65,315,316,317,318,319,320,321,322,323,324,325,326,327,328,329,330,331,332,333,334,335,336,337,338,339,340,341,342,343,344,345,17,66,346,347,348,349,350,351,352,353,354,355,356,357,358,359,360,361,362,363,364,365,366,62,67,367,368,369,370,371,372,373,374,375,376,377,378,379,380,63,68,381,382,383,384,385,386,387,388,389,390,391,392,393,394,395,396,397,64,69,398,399,400,401,402,403,404,405,406,407,408,409,410,5)  AND `commodity_id` IN (9,12,13,15,16,17,18,14,19,20,33,35,36,37,38,40,41,42,43,45,46,47,48,52,72,73,74,83,84,85,86,95,97,98,99,100,111,112,113,114,116,117,124,125,126,128,129,132,133,135,136,137,138) ORDER BY `commodity_id` DESC LIMIT 6 [ RunTime:0.001000s ]
[ sql ] [ SQL ] SELECT * FROM `tp_recpos_comm` WHERE  `recpos_id` = 5  AND `recpos_type` = 2 [ RunTime:0.000000s ]
[ sql ] [ SQL ] SELECT * FROM `tp_cates` WHERE  `cates_id` = 22  AND `cates_pid` = 6 LIMIT 1 [ RunTime:0.000000s ]
[ sql ] [ SQL ] SELECT * FROM `tp_cates` WHERE  `cates_id` = 16  AND `cates_pid` = 6 LIMIT 1 [ RunTime:0.001000s ]
[ sql ] [ SQL ] SELECT * FROM `tp_cates` WHERE  `cates_id` = 62  AND `cates_pid` = 6 LIMIT 1 [ RunTime:0.000000s ]
[ sql ] [ SQL ] SELECT * FROM `tp_cates` WHERE  `cates_id` = 63  AND `cates_pid` = 6 LIMIT 1 [ RunTime:0.000000s ]
[ sql ] [ SQL ] SELECT * FROM `tp_cates` WHERE  `cates_id` = 17  AND `cates_pid` = 6 LIMIT 1 [ RunTime:0.001000s ]
[ sql ] [ SQL ] SELECT * FROM `tp_cates` WHERE  `cates_id` = 19  AND `cates_pid` = 6 LIMIT 1 [ RunTime:0.000000s ]
[ sql ] [ SQL ] SELECT * FROM `tp_cates` WHERE  `cates_id` = 70  AND `cates_pid` = 6 LIMIT 1 [ RunTime:0.000000s ]
[ sql ] [ SQL ] SELECT * FROM `tp_cates` WHERE  `cates_id` = 18  AND `cates_pid` = 6 LIMIT 1 [ RunTime:0.000000s ]
[ sql ] [ SQL ] SELECT * FROM `tp_cates` WHERE  `cates_id` = 71  AND `cates_pid` = 6 LIMIT 1 [ RunTime:0.000000s ]
[ sql ] [ SQL ] SELECT * FROM `tp_cates` WHERE  `cates_id` = 9  AND `cates_pid` = 6 LIMIT 1 [ RunTime:0.001000s ]
[ sql ] [ SQL ] SELECT * FROM `tp_cates` WHERE  `cates_id` = 23  AND `cates_pid` = 6 LIMIT 1 [ RunTime:0.000000s ]
[ sql ] [ SQL ] SELECT * FROM `tp_cates` WHERE  `cates_id` = 24  AND `cates_pid` = 6 LIMIT 1 [ RunTime:0.000000s ]
[ sql ] [ SQL ] SELECT * FROM `tp_cates` WHERE  `cates_id` = 1  AND `cates_pid` = 6 LIMIT 1 [ RunTime:0.000000s ]
[ sql ] [ SQL ] SELECT * FROM `tp_cates` WHERE  `cates_id` = 5  AND `cates_pid` = 6 LIMIT 1 [ RunTime:0.000000s ]
[ sql ] [ SQL ] SELECT * FROM `tp_cates` WHERE  `cates_id` = 6  AND `cates_pid` = 6 LIMIT 1 [ RunTime:0.000000s ]
[ sql ] [ SQL ] SELECT `cates_id`,`cates_pid` FROM `tp_cates` [ RunTime:0.001000s ]
[ sql ] [ SQL ] SELECT * FROM `tp_recpos_comm` WHERE  `recpos_id` = 4  AND `recpos_type` = 1 [ RunTime:0.001000s ]
[ sql ] [ SQL ] SELECT * FROM `tp_commodity` WHERE  `cates_id` IN (18,75,411,412,413,414,415,416,417,19,76,418,70,77,427,428,429,430,431,432,433,434,435,436,437,438,71,78,439,440,441,442,443,444,445,446,447,448,449,450,451,452,453,454,455,456,72,79,457,458,459,460,461,462,463,73,80,464,465,466,467,468,74,81,469,470,471,6)  AND `commodity_id` IN (9,12,13,15,16,17,18,14,19,20,33,35,36,37,38,40,41,42,43,45,46,47,48,52,72,73,74,83,84,85,86,95,97,98,99,100,111,112,113,114,116,117,124,125,126,128,129,132,133,135,136,137,138) ORDER BY `commodity_id` DESC LIMIT 6 [ RunTime:0.001000s ]
