---------------------------------------------------------------
[ 2019-05-03T19:43:54+08:00 ] 127.0.0.1 POST /index/cates/getcommscates.html
[ info ] c.com/index/cates/getcommscates.html [运行时间：0.087000s][吞吐率：11.49req/s] [内存消耗：3,206.27kb] [文件加载：57]
[ info ] [ LANG ] B:\aaaweb\shop\thinkphp\lang\zh-cn.php
[ info ] [ ROUTE ] array (
  'type' => 'module',
  'module' => 
  array (
    0 => 'index',
    1 => 'cates',
    2 => 'getcommscates',
  ),
)
[ info ] [ HEADER ] array (
  'host' => 'c.com',
  'user-agent' => 'Mozilla/5.0 (Windows NT 6.1; Win64; x64; rv:66.0) Gecko/20100101 Firefox/66.0',
  'accept' => 'application/json, text/javascript, */*; q=0.01',
  'accept-language' => 'zh-CN,zh;q=0.8,zh-TW;q=0.7,zh-HK;q=0.5,en-US;q=0.3,en;q=0.2',
  'accept-encoding' => 'gzip, deflate',
  'referer' => 'http://c.com/category/11.html',
  'content-type' => 'application/x-www-form-urlencoded; charset=UTF-8',
  'x-requested-with' => 'XMLHttpRequest',
  'content-length' => '12',
  'connection' => 'keep-alive',
  'cookie' => 'PHPSESSID=vaij5ci0isvusr7q1gdcp0e4f2',
)
[ info ] [ PARAM ] array (
  '/index/cates/getcommscates_html' => '',
  'CommCateid' => '5',
)
[ info ] [ DB ] INIT mysql
[ info ] [ RUN ] app\index\controller\Cates->getCommsCates[ B:\aaaweb\shop\application\index\controller\Cates.php ]
[ info ] [ LOG ] INIT File
[ sql ] [ DB ] CONNECT:[ UseTime:0.010000s ] mysql:host=127.0.0.1;dbname=tested;charset=utf8
[ sql ] [ SQL ] SHOW COLUMNS FROM `tp_category` [ RunTime:0.003000s ]
[ sql ] [ SQL ] SELECT * FROM `tp_category` WHERE  `cate_type` = 3  AND `cate_pid` = 2 ORDER BY `cate_sort` ASC [ RunTime:0.000000s ]
[ sql ] [ SQL ] SHOW COLUMNS FROM `tp_article` [ RunTime:0.002000s ]
[ sql ] [ SQL ] SELECT * FROM `tp_article` WHERE  `ar_cateid` = 4 [ RunTime:0.000000s ]
[ sql ] [ SQL ] SELECT * FROM `tp_article` WHERE  `ar_cateid` = 5 [ RunTime:0.000000s ]
[ sql ] [ SQL ] SELECT * FROM `tp_article` WHERE  `ar_cateid` = 12 [ RunTime:0.001000s ]
[ sql ] [ SQL ] SELECT * FROM `tp_article` WHERE  `ar_cateid` = 13 [ RunTime:0.000000s ]
[ sql ] [ SQL ] SELECT * FROM `tp_article` WHERE  `ar_cateid` = 14 [ RunTime:0.000000s ]
[ sql ] [ SQL ] SELECT `ar_id`,`ar_title`,`ar_linkurl` FROM `tp_article` WHERE  `ar_cateid` = 26 [ RunTime:0.001000s ]
[ sql ] [ SQL ] SELECT * FROM `tp_category` WHERE  `cate_type` = 5  AND `cate_pid` = 0 ORDER BY `cate_sort` ASC [ RunTime:0.000000s ]
[ sql ] [ SQL ] SELECT * FROM `tp_category` WHERE  `cate_pid` = 16 [ RunTime:0.000000s ]
[ sql ] [ SQL ] SELECT * FROM `tp_category` WHERE  `cate_pid` = 15 [ RunTime:0.001000s ]
[ sql ] [ SQL ] SELECT * FROM `tp_category` WHERE  `cate_pid` = 11 [ RunTime:0.000000s ]
[ sql ] [ SQL ] SELECT * FROM `tp_category` WHERE  `cate_pid` = 17 [ RunTime:0.000000s ]
[ sql ] [ SQL ] SELECT * FROM `tp_category` WHERE  `cate_pid` = 18 [ RunTime:0.000000s ]
[ sql ] [ SQL ] SELECT * FROM `tp_category` WHERE  `cate_pid` = 19 [ RunTime:0.001000s ]
[ sql ] [ SQL ] SELECT * FROM `tp_category` WHERE  `cate_pid` = 22 [ RunTime:0.000000s ]
[ sql ] [ SQL ] SELECT * FROM `tp_category` WHERE  `cate_pid` = 23 [ RunTime:0.001000s ]
[ sql ] [ SQL ] SELECT * FROM `tp_category` WHERE  `cate_pid` = 24 [ RunTime:0.000000s ]
[ sql ] [ SQL ] SELECT * FROM `tp_category` WHERE  `cate_pid` = 25 [ RunTime:0.001000s ]
[ sql ] [ SQL ] SHOW COLUMNS FROM `tp_nav` [ RunTime:0.002000s ]
[ sql ] [ SQL ] SELECT * FROM `tp_nav` [ RunTime:0.000000s ]
[ sql ] [ SQL ] SHOW COLUMNS FROM `tp_config` [ RunTime:0.002000s ]
[ sql ] [ SQL ] SELECT `config_ename`,`config_default` FROM `tp_config` [ RunTime:0.001000s ]
[ sql ] [ SQL ] SHOW COLUMNS FROM `tp_recpos_comm` [ RunTime:0.002000s ]
[ sql ] [ SQL ] SELECT * FROM `tp_recpos_comm` WHERE  `recpos_type` = 1  AND `recpos_id` = 2 [ RunTime:0.000000s ]
[ sql ] [ SQL ] SHOW COLUMNS FROM `tp_commodity` [ RunTime:0.002000s ]
[ sql ] [ SQL ] SELECT `commodity_id`,`commodity_name`,`commodity_smthumb` FROM `tp_commodity` WHERE  `commodity_id` IN (168,170,169) LIMIT 1 [ RunTime:0.000000s ]
[ sql ] [ SQL ] SHOW COLUMNS FROM `tp_cates` [ RunTime:0.002000s ]
[ sql ] [ SQL ] SELECT * FROM `tp_cates` WHERE  `cates_pid` = 0 [ RunTime:0.001000s ]
[ sql ] [ SQL ] SELECT * FROM `tp_cates` WHERE  `cates_pid` = 1 [ RunTime:0.001000s ]
[ sql ] [ SQL ] SELECT * FROM `tp_cates` WHERE  `cates_pid` = 5 [ RunTime:0.000000s ]
[ sql ] [ SQL ] SELECT * FROM `tp_cates` WHERE  `cates_pid` = 15 [ RunTime:0.000000s ]
[ sql ] [ SQL ] SELECT * FROM `tp_cates` WHERE  `cates_pid` = 16 [ RunTime:0.001000s ]
[ sql ] [ SQL ] SELECT * FROM `tp_cates` WHERE  `cates_pid` = 17 [ RunTime:0.001000s ]
[ sql ] [ SQL ] SELECT * FROM `tp_cates` WHERE  `cates_pid` = 18 [ RunTime:0.000000s ]
[ sql ] [ SQL ] SELECT * FROM `tp_cates` WHERE  `cates_pid` = 31 [ RunTime:0.000000s ]
[ sql ] [ SQL ] SELECT * FROM `tp_cates` WHERE  `cates_pid` = 5 [ RunTime:0.001000s ]
[ sql ] [ SQL ] SELECT * FROM `tp_cates` WHERE  `cates_pid` = 24 [ RunTime:0.000000s ]
[ sql ] [ SQL ] SELECT * FROM `tp_cates` WHERE  `cates_pid` = 25 [ RunTime:0.000000s ]
[ sql ] [ SQL ] SELECT * FROM `tp_cates` WHERE  `cates_pid` = 123 [ RunTime:0.000000s ]
[ sql ] [ SQL ] SELECT * FROM `tp_cates` WHERE  `cates_pid` = 126 [ RunTime:0.001000s ]
[ sql ] [ SQL ] SELECT * FROM `tp_cates` WHERE  `cates_pid` = 130 [ RunTime:0.000000s ]
[ sql ] [ SQL ] SELECT * FROM `tp_cates` WHERE  `cates_pid` = 143 [ RunTime:0.000000s ]
[ sql ] [ SQL ] SELECT * FROM `tp_cates` WHERE  `cates_pid` = 153 [ RunTime:0.001000s ]
---------------------------------------------------------------
[ 2019-05-03T19:43:55+08:00 ] 127.0.0.1 POST /index/cates/getcommscates.html
[ info ] c.com/index/cates/getcommscates.html [运行时间：0.087000s][吞吐率：11.49req/s] [内存消耗：3,207.64kb] [文件加载：57]
[ info ] [ LANG ] B:\aaaweb\shop\thinkphp\lang\zh-cn.php
[ info ] [ ROUTE ] array (
  'type' => 'module',
  'module' => 
  array (
    0 => 'index',
    1 => 'cates',
    2 => 'getcommscates',
  ),
)
[ info ] [ HEADER ] array (
  'host' => 'c.com',
  'user-agent' => 'Mozilla/5.0 (Windows NT 6.1; Win64; x64; rv:66.0) Gecko/20100101 Firefox/66.0',
  'accept' => 'application/json, text/javascript, */*; q=0.01',
  'accept-language' => 'zh-CN,zh;q=0.8,zh-TW;q=0.7,zh-HK;q=0.5,en-US;q=0.3,en;q=0.2',
  'accept-encoding' => 'gzip, deflate',
  'referer' => 'http://c.com/category/11.html',
  'content-type' => 'application/x-www-form-urlencoded; charset=UTF-8',
  'x-requested-with' => 'XMLHttpRequest',
  'content-length' => '13',
  'connection' => 'keep-alive',
  'cookie' => 'PHPSESSID=vaij5ci0isvusr7q1gdcp0e4f2',
)
[ info ] [ PARAM ] array (
  '/index/cates/getcommscates_html' => '',
  'CommCateid' => '15',
)
[ info ] [ DB ] INIT mysql
[ info ] [ RUN ] app\index\controller\Cates->getCommsCates[ B:\aaaweb\shop\application\index\controller\Cates.php ]
[ info ] [ LOG ] INIT File
[ sql ] [ DB ] CONNECT:[ UseTime:0.010000s ] mysql:host=127.0.0.1;dbname=tested;charset=utf8
[ sql ] [ SQL ] SHOW COLUMNS FROM `tp_category` [ RunTime:0.003000s ]
[ sql ] [ SQL ] SELECT * FROM `tp_category` WHERE  `cate_type` = 3  AND `cate_pid` = 2 ORDER BY `cate_sort` ASC [ RunTime:0.001000s ]
[ sql ] [ SQL ] SHOW COLUMNS FROM `tp_article` [ RunTime:0.002000s ]
[ sql ] [ SQL ] SELECT * FROM `tp_article` WHERE  `ar_cateid` = 4 [ RunTime:0.001000s ]
[ sql ] [ SQL ] SELECT * FROM `tp_article` WHERE  `ar_cateid` = 5 [ RunTime:0.000000s ]
[ sql ] [ SQL ] SELECT * FROM `tp_article` WHERE  `ar_cateid` = 12 [ RunTime:0.001000s ]
[ sql ] [ SQL ] SELECT * FROM `tp_article` WHERE  `ar_cateid` = 13 [ RunTime:0.000000s ]
[ sql ] [ SQL ] SELECT * FROM `tp_article` WHERE  `ar_cateid` = 14 [ RunTime:0.001000s ]
[ sql ] [ SQL ] SELECT `ar_id`,`ar_title`,`ar_linkurl` FROM `tp_article` WHERE  `ar_cateid` = 26 [ RunTime:0.000000s ]
[ sql ] [ SQL ] SELECT * FROM `tp_category` WHERE  `cate_type` = 5  AND `cate_pid` = 0 ORDER BY `cate_sort` ASC [ RunTime:0.000000s ]
[ sql ] [ SQL ] SELECT * FROM `tp_category` WHERE  `cate_pid` = 16 [ RunTime:0.001000s ]
[ sql ] [ SQL ] SELECT * FROM `tp_category` WHERE  `cate_pid` = 15 [ RunTime:0.000000s ]
[ sql ] [ SQL ] SELECT * FROM `tp_category` WHERE  `cate_pid` = 11 [ RunTime:0.000000s ]
[ sql ] [ SQL ] SELECT * FROM `tp_category` WHERE  `cate_pid` = 17 [ RunTime:0.000000s ]
[ sql ] [ SQL ] SELECT * FROM `tp_category` WHERE  `cate_pid` = 18 [ RunTime:0.001000s ]
[ sql ] [ SQL ] SELECT * FROM `tp_category` WHERE  `cate_pid` = 19 [ RunTime:0.000000s ]
[ sql ] [ SQL ] SELECT * FROM `tp_category` WHERE  `cate_pid` = 22 [ RunTime:0.001000s ]
[ sql ] [ SQL ] SELECT * FROM `tp_category` WHERE  `cate_pid` = 23 [ RunTime:0.000000s ]
[ sql ] [ SQL ] SELECT * FROM `tp_category` WHERE  `cate_pid` = 24 [ RunTime:0.001000s ]
[ sql ] [ SQL ] SELECT * FROM `tp_category` WHERE  `cate_pid` = 25 [ RunTime:0.000000s ]
[ sql ] [ SQL ] SHOW COLUMNS FROM `tp_nav` [ RunTime:0.002000s ]
[ sql ] [ SQL ] SELECT * FROM `tp_nav` [ RunTime:0.001000s ]
[ sql ] [ SQL ] SHOW COLUMNS FROM `tp_config` [ RunTime:0.002000s ]
[ sql ] [ SQL ] SELECT `config_ename`,`config_default` FROM `tp_config` [ RunTime:0.001000s ]
[ sql ] [ SQL ] SHOW COLUMNS FROM `tp_recpos_comm` [ RunTime:0.002000s ]
[ sql ] [ SQL ] SELECT * FROM `tp_recpos_comm` WHERE  `recpos_type` = 1  AND `recpos_id` = 2 [ RunTime:0.000000s ]
[ sql ] [ SQL ] SHOW COLUMNS FROM `tp_commodity` [ RunTime:0.002000s ]
[ sql ] [ SQL ] SELECT `commodity_id`,`commodity_name`,`commodity_smthumb` FROM `tp_commodity` WHERE  `commodity_id` IN (168,170,169) LIMIT 1 [ RunTime:0.000000s ]
[ sql ] [ SQL ] SHOW COLUMNS FROM `tp_cates` [ RunTime:0.001000s ]
[ sql ] [ SQL ] SELECT * FROM `tp_cates` WHERE  `cates_pid` = 0 [ RunTime:0.000000s ]
[ sql ] [ SQL ] SELECT * FROM `tp_cates` WHERE  `cates_pid` = 1 [ RunTime:0.001000s ]
[ sql ] [ SQL ] SELECT * FROM `tp_cates` WHERE  `cates_pid` = 5 [ RunTime:0.001000s ]
[ sql ] [ SQL ] SELECT * FROM `tp_cates` WHERE  `cates_pid` = 15 [ RunTime:0.000000s ]
[ sql ] [ SQL ] SELECT * FROM `tp_cates` WHERE  `cates_pid` = 16 [ RunTime:0.000000s ]
[ sql ] [ SQL ] SELECT * FROM `tp_cates` WHERE  `cates_pid` = 17 [ RunTime:0.001000s ]
[ sql ] [ SQL ] SELECT * FROM `tp_cates` WHERE  `cates_pid` = 18 [ RunTime:0.001000s ]
[ sql ] [ SQL ] SELECT * FROM `tp_cates` WHERE  `cates_pid` = 31 [ RunTime:0.000000s ]
[ sql ] [ SQL ] SELECT * FROM `tp_cates` WHERE  `cates_pid` = 15 [ RunTime:0.000000s ]
[ sql ] [ SQL ] SELECT * FROM `tp_cates` WHERE  `cates_pid` = 26 [ RunTime:0.001000s ]
[ sql ] [ SQL ] SELECT * FROM `tp_cates` WHERE  `cates_pid` = 27 [ RunTime:0.000000s ]
[ sql ] [ SQL ] SELECT * FROM `tp_cates` WHERE  `cates_pid` = 172 [ RunTime:0.000000s ]
[ sql ] [ SQL ] SELECT * FROM `tp_cates` WHERE  `cates_pid` = 187 [ RunTime:0.001000s ]
[ sql ] [ SQL ] SELECT * FROM `tp_cates` WHERE  `cates_pid` = 203 [ RunTime:0.001000s ]
[ sql ] [ SQL ] SELECT * FROM `tp_cates` WHERE  `cates_pid` = 211 [ RunTime:0.000000s ]
---------------------------------------------------------------
[ 2019-05-03T19:43:55+08:00 ] 127.0.0.1 POST /index/cates/getcommscates.html
[ info ] c.com/index/cates/getcommscates.html [运行时间：0.080000s][吞吐率：12.50req/s] [内存消耗：3,205.45kb] [文件加载：57]
[ info ] [ LANG ] B:\aaaweb\shop\thinkphp\lang\zh-cn.php
[ info ] [ ROUTE ] array (
  'type' => 'module',
  'module' => 
  array (
    0 => 'index',
    1 => 'cates',
    2 => 'getcommscates',
  ),
)
[ info ] [ HEADER ] array (
  'host' => 'c.com',
  'user-agent' => 'Mozilla/5.0 (Windows NT 6.1; Win64; x64; rv:66.0) Gecko/20100101 Firefox/66.0',
  'accept' => 'application/json, text/javascript, */*; q=0.01',
  'accept-language' => 'zh-CN,zh;q=0.8,zh-TW;q=0.7,zh-HK;q=0.5,en-US;q=0.3,en;q=0.2',
  'accept-encoding' => 'gzip, deflate',
  'referer' => 'http://c.com/category/11.html',
  'content-type' => 'application/x-www-form-urlencoded; charset=UTF-8',
  'x-requested-with' => 'XMLHttpRequest',
  'content-length' => '13',
  'connection' => 'keep-alive',
  'cookie' => 'PHPSESSID=vaij5ci0isvusr7q1gdcp0e4f2',
)
[ info ] [ PARAM ] array (
  '/index/cates/getcommscates_html' => '',
  'CommCateid' => '16',
)
[ info ] [ DB ] INIT mysql
[ info ] [ RUN ] app\index\controller\Cates->getCommsCates[ B:\aaaweb\shop\application\index\controller\Cates.php ]
[ info ] [ LOG ] INIT File
[ sql ] [ DB ] CONNECT:[ UseTime:0.000000s ] mysql:host=127.0.0.1;dbname=tested;charset=utf8
[ sql ] [ SQL ] SHOW COLUMNS FROM `tp_category` [ RunTime:0.002000s ]
[ sql ] [ SQL ] SELECT * FROM `tp_category` WHERE  `cate_type` = 3  AND `cate_pid` = 2 ORDER BY `cate_sort` ASC [ RunTime:0.001000s ]
[ sql ] [ SQL ] SHOW COLUMNS FROM `tp_article` [ RunTime:0.002000s ]
[ sql ] [ SQL ] SELECT * FROM `tp_article` WHERE  `ar_cateid` = 4 [ RunTime:0.001000s ]
[ sql ] [ SQL ] SELECT * FROM `tp_article` WHERE  `ar_cateid` = 5 [ RunTime:0.001000s ]
[ sql ] [ SQL ] SELECT * FROM `tp_article` WHERE  `ar_cateid` = 12 [ RunTime:0.000000s ]
[ sql ] [ SQL ] SELECT * FROM `tp_article` WHERE  `ar_cateid` = 13 [ RunTime:0.000000s ]
[ sql ] [ SQL ] SELECT * FROM `tp_article` WHERE  `ar_cateid` = 14 [ RunTime:0.001000s ]
[ sql ] [ SQL ] SELECT `ar_id`,`ar_title`,`ar_linkurl` FROM `tp_article` WHERE  `ar_cateid` = 26 [ RunTime:0.001000s ]
[ sql ] [ SQL ] SELECT * FROM `tp_category` WHERE  `cate_type` = 5  AND `cate_pid` = 0 ORDER BY `cate_sort` ASC [ RunTime:0.000000s ]
[ sql ] [ SQL ] SELECT * FROM `tp_category` WHERE  `cate_pid` = 16 [ RunTime:0.000000s ]
[ sql ] [ SQL ] SELECT * FROM `tp_category` WHERE  `cate_pid` = 15 [ RunTime:0.001000s ]
[ sql ] [ SQL ] SELECT * FROM `tp_category` WHERE  `cate_pid` = 11 [ RunTime:0.000000s ]
[ sql ] [ SQL ] SELECT * FROM `tp_category` WHERE  `cate_pid` = 17 [ RunTime:0.001000s ]
[ sql ] [ SQL ] SELECT * FROM `tp_category` WHERE  `cate_pid` = 18 [ RunTime:0.000000s ]
[ sql ] [ SQL ] SELECT * FROM `tp_category` WHERE  `cate_pid` = 19 [ RunTime:0.000000s ]
[ sql ] [ SQL ] SELECT * FROM `tp_category` WHERE  `cate_pid` = 22 [ RunTime:0.000000s ]
[ sql ] [ SQL ] SELECT * FROM `tp_category` WHERE  `cate_pid` = 23 [ RunTime:0.000000s ]
[ sql ] [ SQL ] SELECT * FROM `tp_category` WHERE  `cate_pid` = 24 [ RunTime:0.001000s ]
[ sql ] [ SQL ] SELECT * FROM `tp_category` WHERE  `cate_pid` = 25 [ RunTime:0.000000s ]
[ sql ] [ SQL ] SHOW COLUMNS FROM `tp_nav` [ RunTime:0.003000s ]
[ sql ] [ SQL ] SELECT * FROM `tp_nav` [ RunTime:0.000000s ]
[ sql ] [ SQL ] SHOW COLUMNS FROM `tp_config` [ RunTime:0.002000s ]
[ sql ] [ SQL ] SELECT `config_ename`,`config_default` FROM `tp_config` [ RunTime:0.000000s ]
[ sql ] [ SQL ] SHOW COLUMNS FROM `tp_recpos_comm` [ RunTime:0.003000s ]
[ sql ] [ SQL ] SELECT * FROM `tp_recpos_comm` WHERE  `recpos_type` = 1  AND `recpos_id` = 2 [ RunTime:0.000000s ]
[ sql ] [ SQL ] SHOW COLUMNS FROM `tp_commodity` [ RunTime:0.002000s ]
[ sql ] [ SQL ] SELECT `commodity_id`,`commodity_name`,`commodity_smthumb` FROM `tp_commodity` WHERE  `commodity_id` IN (168,170,169) LIMIT 1 [ RunTime:0.000000s ]
[ sql ] [ SQL ] SHOW COLUMNS FROM `tp_cates` [ RunTime:0.002000s ]
[ sql ] [ SQL ] SELECT * FROM `tp_cates` WHERE  `cates_pid` = 0 [ RunTime:0.000000s ]
[ sql ] [ SQL ] SELECT * FROM `tp_cates` WHERE  `cates_pid` = 1 [ RunTime:0.000000s ]
[ sql ] [ SQL ] SELECT * FROM `tp_cates` WHERE  `cates_pid` = 5 [ RunTime:0.001000s ]
[ sql ] [ SQL ] SELECT * FROM `tp_cates` WHERE  `cates_pid` = 15 [ RunTime:0.000000s ]
[ sql ] [ SQL ] SELECT * FROM `tp_cates` WHERE  `cates_pid` = 16 [ RunTime:0.000000s ]
[ sql ] [ SQL ] SELECT * FROM `tp_cates` WHERE  `cates_pid` = 17 [ RunTime:0.001000s ]
[ sql ] [ SQL ] SELECT * FROM `tp_cates` WHERE  `cates_pid` = 18 [ RunTime:0.001000s ]
[ sql ] [ SQL ] SELECT * FROM `tp_cates` WHERE  `cates_pid` = 31 [ RunTime:0.000000s ]
[ sql ] [ SQL ] SELECT * FROM `tp_cates` WHERE  `cates_pid` = 16 [ RunTime:0.000000s ]
[ sql ] [ SQL ] SELECT * FROM `tp_cates` WHERE  `cates_pid` = 28 [ RunTime:0.001000s ]
[ sql ] [ SQL ] SELECT * FROM `tp_cates` WHERE  `cates_pid` = 29 [ RunTime:0.000000s ]
[ sql ] [ SQL ] SELECT * FROM `tp_cates` WHERE  `cates_pid` = 242 [ RunTime:0.000000s ]
[ sql ] [ SQL ] SELECT * FROM `tp_cates` WHERE  `cates_pid` = 256 [ RunTime:0.000000s ]
[ sql ] [ SQL ] SELECT * FROM `tp_cates` WHERE  `cates_pid` = 274 [ RunTime:0.000000s ]
[ sql ] [ SQL ] SELECT * FROM `tp_cates` WHERE  `cates_pid` = 286 [ RunTime:0.000000s ]
---------------------------------------------------------------
[ 2019-05-03T19:43:56+08:00 ] 127.0.0.1 POST /index/cates/getcommscates.html
[ info ] c.com/index/cates/getcommscates.html [运行时间：0.085000s][吞吐率：11.76req/s] [内存消耗：3,208.18kb] [文件加载：57]
[ info ] [ LANG ] B:\aaaweb\shop\thinkphp\lang\zh-cn.php
[ info ] [ ROUTE ] array (
  'type' => 'module',
  'module' => 
  array (
    0 => 'index',
    1 => 'cates',
    2 => 'getcommscates',
  ),
)
[ info ] [ HEADER ] array (
  'host' => 'c.com',
  'user-agent' => 'Mozilla/5.0 (Windows NT 6.1; Win64; x64; rv:66.0) Gecko/20100101 Firefox/66.0',
  'accept' => 'application/json, text/javascript, */*; q=0.01',
  'accept-language' => 'zh-CN,zh;q=0.8,zh-TW;q=0.7,zh-HK;q=0.5,en-US;q=0.3,en;q=0.2',
  'accept-encoding' => 'gzip, deflate',
  'referer' => 'http://c.com/category/11.html',
  'content-type' => 'application/x-www-form-urlencoded; charset=UTF-8',
  'x-requested-with' => 'XMLHttpRequest',
  'content-length' => '13',
  'connection' => 'keep-alive',
  'cookie' => 'PHPSESSID=vaij5ci0isvusr7q1gdcp0e4f2',
)
[ info ] [ PARAM ] array (
  '/index/cates/getcommscates_html' => '',
  'CommCateid' => '17',
)
[ info ] [ DB ] INIT mysql
[ info ] [ RUN ] app\index\controller\Cates->getCommsCates[ B:\aaaweb\shop\application\index\controller\Cates.php ]
[ info ] [ LOG ] INIT File
[ sql ] [ DB ] CONNECT:[ UseTime:0.010000s ] mysql:host=127.0.0.1;dbname=tested;charset=utf8
[ sql ] [ SQL ] SHOW COLUMNS FROM `tp_category` [ RunTime:0.002000s ]
[ sql ] [ SQL ] SELECT * FROM `tp_category` WHERE  `cate_type` = 3  AND `cate_pid` = 2 ORDER BY `cate_sort` ASC [ RunTime:0.000000s ]
[ sql ] [ SQL ] SHOW COLUMNS FROM `tp_article` [ RunTime:0.002000s ]
[ sql ] [ SQL ] SELECT * FROM `tp_article` WHERE  `ar_cateid` = 4 [ RunTime:0.000000s ]
[ sql ] [ SQL ] SELECT * FROM `tp_article` WHERE  `ar_cateid` = 5 [ RunTime:0.001000s ]
[ sql ] [ SQL ] SELECT * FROM `tp_article` WHERE  `ar_cateid` = 12 [ RunTime:0.000000s ]
[ sql ] [ SQL ] SELECT * FROM `tp_article` WHERE  `ar_cateid` = 13 [ RunTime:0.000000s ]
[ sql ] [ SQL ] SELECT * FROM `tp_article` WHERE  `ar_cateid` = 14 [ RunTime:0.000000s ]
[ sql ] [ SQL ] SELECT `ar_id`,`ar_title`,`ar_linkurl` FROM `tp_article` WHERE  `ar_cateid` = 26 [ RunTime:0.000000s ]
[ sql ] [ SQL ] SELECT * FROM `tp_category` WHERE  `cate_type` = 5  AND `cate_pid` = 0 ORDER BY `cate_sort` ASC [ RunTime:0.001000s ]
[ sql ] [ SQL ] SELECT * FROM `tp_category` WHERE  `cate_pid` = 16 [ RunTime:0.000000s ]
[ sql ] [ SQL ] SELECT * FROM `tp_category` WHERE  `cate_pid` = 15 [ RunTime:0.001000s ]
[ sql ] [ SQL ] SELECT * FROM `tp_category` WHERE  `cate_pid` = 11 [ RunTime:0.000000s ]
[ sql ] [ SQL ] SELECT * FROM `tp_category` WHERE  `cate_pid` = 17 [ RunTime:0.001000s ]
[ sql ] [ SQL ] SELECT * FROM `tp_category` WHERE  `cate_pid` = 18 [ RunTime:0.000000s ]
[ sql ] [ SQL ] SELECT * FROM `tp_category` WHERE  `cate_pid` = 19 [ RunTime:0.000000s ]
[ sql ] [ SQL ] SELECT * FROM `tp_category` WHERE  `cate_pid` = 22 [ RunTime:0.000000s ]
[ sql ] [ SQL ] SELECT * FROM `tp_category` WHERE  `cate_pid` = 23 [ RunTime:0.001000s ]
[ sql ] [ SQL ] SELECT * FROM `tp_category` WHERE  `cate_pid` = 24 [ RunTime:0.000000s ]
[ sql ] [ SQL ] SELECT * FROM `tp_category` WHERE  `cate_pid` = 25 [ RunTime:0.000000s ]
[ sql ] [ SQL ] SHOW COLUMNS FROM `tp_nav` [ RunTime:0.002000s ]
[ sql ] [ SQL ] SELECT * FROM `tp_nav` [ RunTime:0.001000s ]
[ sql ] [ SQL ] SHOW COLUMNS FROM `tp_config` [ RunTime:0.002000s ]
[ sql ] [ SQL ] SELECT `config_ename`,`config_default` FROM `tp_config` [ RunTime:0.000000s ]
[ sql ] [ SQL ] SHOW COLUMNS FROM `tp_recpos_comm` [ RunTime:0.002000s ]
[ sql ] [ SQL ] SELECT * FROM `tp_recpos_comm` WHERE  `recpos_type` = 1  AND `recpos_id` = 2 [ RunTime:0.001000s ]
[ sql ] [ SQL ] SHOW COLUMNS FROM `tp_commodity` [ RunTime:0.002000s ]
[ sql ] [ SQL ] SELECT `commodity_id`,`commodity_name`,`commodity_smthumb` FROM `tp_commodity` WHERE  `commodity_id` IN (168,170,169) LIMIT 1 [ RunTime:0.001000s ]
[ sql ] [ SQL ] SHOW COLUMNS FROM `tp_cates` [ RunTime:0.002000s ]
[ sql ] [ SQL ] SELECT * FROM `tp_cates` WHERE  `cates_pid` = 0 [ RunTime:0.001000s ]
[ sql ] [ SQL ] SELECT * FROM `tp_cates` WHERE  `cates_pid` = 1 [ RunTime:0.000000s ]
[ sql ] [ SQL ] SELECT * FROM `tp_cates` WHERE  `cates_pid` = 5 [ RunTime:0.000000s ]
[ sql ] [ SQL ] SELECT * FROM `tp_cates` WHERE  `cates_pid` = 15 [ RunTime:0.001000s ]
[ sql ] [ SQL ] SELECT * FROM `tp_cates` WHERE  `cates_pid` = 16 [ RunTime:0.001000s ]
[ sql ] [ SQL ] SELECT * FROM `tp_cates` WHERE  `cates_pid` = 17 [ RunTime:0.001000s ]
[ sql ] [ SQL ] SELECT * FROM `tp_cates` WHERE  `cates_pid` = 18 [ RunTime:0.000000s ]
[ sql ] [ SQL ] SELECT * FROM `tp_cates` WHERE  `cates_pid` = 31 [ RunTime:0.000000s ]
[ sql ] [ SQL ] SELECT * FROM `tp_cates` WHERE  `cates_pid` = 17 [ RunTime:0.000000s ]
[ sql ] [ SQL ] SELECT * FROM `tp_cates` WHERE  `cates_pid` = 30 [ RunTime:0.001000s ]
[ sql ] [ SQL ] SELECT * FROM `tp_cates` WHERE  `cates_pid` = 32 [ RunTime:0.001000s ]
[ sql ] [ SQL ] SELECT * FROM `tp_cates` WHERE  `cates_pid` = 346 [ RunTime:0.001000s ]
[ sql ] [ SQL ] SELECT * FROM `tp_cates` WHERE  `cates_pid` = 362 [ RunTime:0.000000s ]
[ sql ] [ SQL ] SELECT * FROM `tp_cates` WHERE  `cates_pid` = 381 [ RunTime:0.000000s ]
---------------------------------------------------------------
[ 2019-05-03T19:44:02+08:00 ] 127.0.0.1 POST /index/cates/getcommscates.html
[ info ] c.com/index/cates/getcommscates.html [运行时间：0.077000s][吞吐率：12.99req/s] [内存消耗：3,206.28kb] [文件加载：57]
[ info ] [ LANG ] B:\aaaweb\shop\thinkphp\lang\zh-cn.php
[ info ] [ ROUTE ] array (
  'type' => 'module',
  'module' => 
  array (
    0 => 'index',
    1 => 'cates',
    2 => 'getcommscates',
  ),
)
[ info ] [ HEADER ] array (
  'host' => 'c.com',
  'user-agent' => 'Mozilla/5.0 (Windows NT 6.1; Win64; x64; rv:66.0) Gecko/20100101 Firefox/66.0',
  'accept' => 'application/json, text/javascript, */*; q=0.01',
  'accept-language' => 'zh-CN,zh;q=0.8,zh-TW;q=0.7,zh-HK;q=0.5,en-US;q=0.3,en;q=0.2',
  'accept-encoding' => 'gzip, deflate',
  'referer' => 'http://c.com/category/11.html',
  'content-type' => 'application/x-www-form-urlencoded; charset=UTF-8',
  'x-requested-with' => 'XMLHttpRequest',
  'content-length' => '13',
  'connection' => 'keep-alive',
  'cookie' => 'PHPSESSID=vaij5ci0isvusr7q1gdcp0e4f2',
)
[ info ] [ PARAM ] array (
  '/index/cates/getcommscates_html' => '',
  'CommCateid' => '18',
)
[ info ] [ DB ] INIT mysql
[ info ] [ RUN ] app\index\controller\Cates->getCommsCates[ B:\aaaweb\shop\application\index\controller\Cates.php ]
[ info ] [ LOG ] INIT File
[ sql ] [ DB ] CONNECT:[ UseTime:0.000000s ] mysql:host=127.0.0.1;dbname=tested;charset=utf8
[ sql ] [ SQL ] SHOW COLUMNS FROM `tp_category` [ RunTime:0.002000s ]
[ sql ] [ SQL ] SELECT * FROM `tp_category` WHERE  `cate_type` = 3  AND `cate_pid` = 2 ORDER BY `cate_sort` ASC [ RunTime:0.000000s ]
[ sql ] [ SQL ] SHOW COLUMNS FROM `tp_article` [ RunTime:0.002000s ]
[ sql ] [ SQL ] SELECT * FROM `tp_article` WHERE  `ar_cateid` = 4 [ RunTime:0.000000s ]
[ sql ] [ SQL ] SELECT * FROM `tp_article` WHERE  `ar_cateid` = 5 [ RunTime:0.000000s ]
[ sql ] [ SQL ] SELECT * FROM `tp_article` WHERE  `ar_cateid` = 12 [ RunTime:0.001000s ]
[ sql ] [ SQL ] SELECT * FROM `tp_article` WHERE  `ar_cateid` = 13 [ RunTime:0.001000s ]
[ sql ] [ SQL ] SELECT * FROM `tp_article` WHERE  `ar_cateid` = 14 [ RunTime:0.000000s ]
[ sql ] [ SQL ] SELECT `ar_id`,`ar_title`,`ar_linkurl` FROM `tp_article` WHERE  `ar_cateid` = 26 [ RunTime:0.001000s ]
[ sql ] [ SQL ] SELECT * FROM `tp_category` WHERE  `cate_type` = 5  AND `cate_pid` = 0 ORDER BY `cate_sort` ASC [ RunTime:0.001000s ]
[ sql ] [ SQL ] SELECT * FROM `tp_category` WHERE  `cate_pid` = 16 [ RunTime:0.000000s ]
[ sql ] [ SQL ] SELECT * FROM `tp_category` WHERE  `cate_pid` = 15 [ RunTime:0.000000s ]
[ sql ] [ SQL ] SELECT * FROM `tp_category` WHERE  `cate_pid` = 11 [ RunTime:0.000000s ]
[ sql ] [ SQL ] SELECT * FROM `tp_category` WHERE  `cate_pid` = 17 [ RunTime:0.000000s ]
[ sql ] [ SQL ] SELECT * FROM `tp_category` WHERE  `cate_pid` = 18 [ RunTime:0.000000s ]
[ sql ] [ SQL ] SELECT * FROM `tp_category` WHERE  `cate_pid` = 19 [ RunTime:0.001000s ]
[ sql ] [ SQL ] SELECT * FROM `tp_category` WHERE  `cate_pid` = 22 [ RunTime:0.000000s ]
[ sql ] [ SQL ] SELECT * FROM `tp_category` WHERE  `cate_pid` = 23 [ RunTime:0.001000s ]
[ sql ] [ SQL ] SELECT * FROM `tp_category` WHERE  `cate_pid` = 24 [ RunTime:0.000000s ]
[ sql ] [ SQL ] SELECT * FROM `tp_category` WHERE  `cate_pid` = 25 [ RunTime:0.001000s ]
[ sql ] [ SQL ] SHOW COLUMNS FROM `tp_nav` [ RunTime:0.002000s ]
[ sql ] [ SQL ] SELECT * FROM `tp_nav` [ RunTime:0.000000s ]
[ sql ] [ SQL ] SHOW COLUMNS FROM `tp_config` [ RunTime:0.002000s ]
[ sql ] [ SQL ] SELECT `config_ename`,`config_default` FROM `tp_config` [ RunTime:0.000000s ]
[ sql ] [ SQL ] SHOW COLUMNS FROM `tp_recpos_comm` [ RunTime:0.002000s ]
[ sql ] [ SQL ] SELECT * FROM `tp_recpos_comm` WHERE  `recpos_type` = 1  AND `recpos_id` = 2 [ RunTime:0.001000s ]
[ sql ] [ SQL ] SHOW COLUMNS FROM `tp_commodity` [ RunTime:0.002000s ]
[ sql ] [ SQL ] SELECT `commodity_id`,`commodity_name`,`commodity_smthumb` FROM `tp_commodity` WHERE  `commodity_id` IN (168,170,169) LIMIT 1 [ RunTime:0.001000s ]
[ sql ] [ SQL ] SHOW COLUMNS FROM `tp_cates` [ RunTime:0.002000s ]
[ sql ] [ SQL ] SELECT * FROM `tp_cates` WHERE  `cates_pid` = 0 [ RunTime:0.000000s ]
[ sql ] [ SQL ] SELECT * FROM `tp_cates` WHERE  `cates_pid` = 1 [ RunTime:0.001000s ]
[ sql ] [ SQL ] SELECT * FROM `tp_cates` WHERE  `cates_pid` = 5 [ RunTime:0.000000s ]
[ sql ] [ SQL ] SELECT * FROM `tp_cates` WHERE  `cates_pid` = 15 [ RunTime:0.000000s ]
[ sql ] [ SQL ] SELECT * FROM `tp_cates` WHERE  `cates_pid` = 16 [ RunTime:0.001000s ]
[ sql ] [ SQL ] SELECT * FROM `tp_cates` WHERE  `cates_pid` = 17 [ RunTime:0.000000s ]
[ sql ] [ SQL ] SELECT * FROM `tp_cates` WHERE  `cates_pid` = 18 [ RunTime:0.000000s ]
[ sql ] [ SQL ] SELECT * FROM `tp_cates` WHERE  `cates_pid` = 31 [ RunTime:0.001000s ]
[ sql ] [ SQL ] SELECT * FROM `tp_cates` WHERE  `cates_pid` = 18 [ RunTime:0.000000s ]
[ sql ] [ SQL ] SELECT * FROM `tp_cates` WHERE  `cates_pid` = 35 [ RunTime:0.000000s ]
[ sql ] [ SQL ] SELECT * FROM `tp_cates` WHERE  `cates_pid` = 36 [ RunTime:0.001000s ]
[ sql ] [ SQL ] SELECT * FROM `tp_cates` WHERE  `cates_pid` = 415 [ RunTime:0.000000s ]
[ sql ] [ SQL ] SELECT * FROM `tp_cates` WHERE  `cates_pid` = 421 [ RunTime:0.000000s ]
[ sql ] [ SQL ] SELECT * FROM `tp_cates` WHERE  `cates_pid` = 426 [ RunTime:0.001000s ]
[ sql ] [ SQL ] SELECT * FROM `tp_cates` WHERE  `cates_pid` = 444 [ RunTime:0.001000s ]
[ sql ] [ SQL ] SELECT * FROM `tp_cates` WHERE  `cates_pid` = 449 [ RunTime:0.000000s ]
---------------------------------------------------------------
[ 2019-05-03T19:44:32+08:00 ] 127.0.0.1 GET /admin/commodity/lst.html
[ info ] c.com/admin/commodity/lst.html [运行时间：0.051000s][吞吐率：19.61req/s] [内存消耗：2,685.08kb] [文件加载：56]
[ info ] [ LANG ] B:\aaaweb\shop\thinkphp\lang\zh-cn.php
[ info ] [ ROUTE ] array (
  'type' => 'module',
  'module' => 
  array (
    0 => 'admin',
    1 => 'commodity',
    2 => 'lst',
  ),
)
[ info ] [ HEADER ] array (
  'host' => 'c.com',
  'user-agent' => 'Mozilla/5.0 (Windows NT 6.1; Win64; x64; rv:66.0) Gecko/20100101 Firefox/66.0',
  'accept' => 'text/html,application/xhtml+xml,application/xml;q=0.9,*/*;q=0.8',
  'accept-language' => 'zh-CN,zh;q=0.8,zh-TW;q=0.7,zh-HK;q=0.5,en-US;q=0.3,en;q=0.2',
  'accept-encoding' => 'gzip, deflate',
  'referer' => 'http://c.com/admin/data/index.html',
  'connection' => 'keep-alive',
  'cookie' => 'PHPSESSID=vaij5ci0isvusr7q1gdcp0e4f2',
  'upgrade-insecure-requests' => '1',
  'cache-control' => 'max-age=0',
)
[ info ] [ PARAM ] array (
  '/admin/commodity/lst_html' => '',
)
[ info ] [ RUN ] app\admin\controller\Commodity->lst[ B:\aaaweb\shop\application\admin\controller\Commodity.php ]
[ info ] [ DB ] INIT mysql
[ info ] [ VIEW ] B:\aaaweb\shop\public/../application/admin\view\commodity\list.html [ array (
  0 => 'commRes',
) ]
[ info ] [ LOG ] INIT File
[ sql ] [ DB ] CONNECT:[ UseTime:0.010000s ] mysql:host=127.0.0.1;dbname=tested;charset=utf8
[ sql ] [ SQL ] SHOW COLUMNS FROM `tp_commodity` [ RunTime:0.003000s ]
[ sql ] [ SQL ] SELECT COUNT(*) AS tp_count FROM ( SELECT count(*) FROM `tp_commodity` `g` INNER JOIN `tp_cates` `c` ON `g`.`cates_id`=`c`.`cates_id` LEFT JOIN `tp_brand` `b` ON `g`.`brand_id`=`b`.`brand_id` LEFT JOIN `tp_type` `t` ON `g`.`type_id`=`t`.`type_id` LEFT JOIN `tp_product` `p` ON `g`.`commodity_id`=`p`.`product_commodity_id` GROUP BY `g`.`commodity_id` ) `_group_count_` LIMIT 1 [ RunTime:0.001000s ]
[ sql ] [ SQL ] SELECT g.*,c.cates_name, b.brand_name, t.type_name, SUM(p.product_commodity_number) produ FROM `tp_commodity` `g` INNER JOIN `tp_cates` `c` ON `g`.`cates_id`=`c`.`cates_id` LEFT JOIN `tp_brand` `b` ON `g`.`brand_id`=`b`.`brand_id` LEFT JOIN `tp_type` `t` ON `g`.`type_id`=`t`.`type_id` LEFT JOIN `tp_product` `p` ON `g`.`commodity_id`=`p`.`product_commodity_id` GROUP BY `g`.`commodity_id` ORDER BY `g`.`commodity_id` DESC LIMIT 0,10 [ RunTime:0.002000s ]
---------------------------------------------------------------
[ 2019-05-03T19:44:32+08:00 ] 127.0.0.1 GET /static/admin/fonts/fontawesome-webfont.woff2?v=4.3.0
[ info ] c.com/static/admin/fonts/fontawesome-webfont.woff2?v=4.3.0 [运行时间：0.024000s][吞吐率：41.67req/s] [内存消耗：1,349.61kb] [文件加载：38]
[ info ] [ LANG ] B:\aaaweb\shop\thinkphp\lang\zh-cn.php
[ info ] [ ROUTE ] array (
  'type' => 'module',
  'module' => 
  array (
    0 => 'static',
    1 => 'admin',
    2 => 'fonts',
  ),
)
[ info ] [ HEADER ] array (
  'host' => 'c.com',
  'user-agent' => 'Mozilla/5.0 (Windows NT 6.1; Win64; x64; rv:66.0) Gecko/20100101 Firefox/66.0',
  'accept' => 'application/font-woff2;q=1.0,application/font-woff;q=0.9,*/*;q=0.8',
  'accept-language' => 'zh-CN,zh;q=0.8,zh-TW;q=0.7,zh-HK;q=0.5,en-US;q=0.3,en;q=0.2',
  'accept-encoding' => 'identity',
  'referer' => 'http://c.com/static/admin/style/font-awesome.css',
  'connection' => 'keep-alive',
  'cookie' => 'PHPSESSID=vaij5ci0isvusr7q1gdcp0e4f2',
  'cache-control' => 'max-age=0',
)
[ info ] [ PARAM ] array (
  '/static/admin/fonts/fontawesome-webfont_woff2' => '',
  'v' => '4.3.0',
)
[ info ] [ LOG ] INIT File
---------------------------------------------------------------
[ 2019-05-03T19:44:34+08:00 ] 127.0.0.1 GET /admin/data/index.html
[ info ] c.com/admin/data/index.html [运行时间：0.040000s][吞吐率：25.00req/s] [内存消耗：2,101.81kb] [文件加载：52]
[ info ] [ LANG ] B:\aaaweb\shop\thinkphp\lang\zh-cn.php
[ info ] [ ROUTE ] array (
  'type' => 'module',
  'module' => 
  array (
    0 => 'admin',
    1 => 'data',
    2 => 'index',
  ),
)
[ info ] [ HEADER ] array (
  'host' => 'c.com',
  'user-agent' => 'Mozilla/5.0 (Windows NT 6.1; Win64; x64; rv:66.0) Gecko/20100101 Firefox/66.0',
  'accept' => 'text/html,application/xhtml+xml,application/xml;q=0.9,*/*;q=0.8',
  'accept-language' => 'zh-CN,zh;q=0.8,zh-TW;q=0.7,zh-HK;q=0.5,en-US;q=0.3,en;q=0.2',
  'accept-encoding' => 'gzip, deflate',
  'referer' => 'http://c.com/admin/commodity/lst.html',
  'connection' => 'keep-alive',
  'cookie' => 'PHPSESSID=vaij5ci0isvusr7q1gdcp0e4f2',
  'upgrade-insecure-requests' => '1',
)
[ info ] [ PARAM ] array (
  '/admin/data/index_html' => '',
)
[ info ] [ RUN ] app\admin\controller\Data->index[ B:\aaaweb\shop\application\admin\controller\Data.php ]
[ info ] [ DB ] INIT mysql
[ info ] [ VIEW ] B:\aaaweb\shop\public/../application/admin\view\data\index.html [ array (
  0 => 'list',
) ]
[ info ] [ LOG ] INIT File
[ sql ] [ DB ] CONNECT:[ UseTime:0.010000s ] mysql:host=127.0.0.1;dbname=tested;charset=utf8
[ sql ] [ SQL ] SHOW TABLE STATUS [ RunTime:0.002000s ]
[ error ] [2]fclose() expects parameter 1 to be resource, null given[B:\aaaweb\shop\extend\tp5er\Backup.php:428]
---------------------------------------------------------------
[ 2019-05-03T19:44:34+08:00 ] 127.0.0.1 GET /static/admin/fonts/fontawesome-webfont.woff2?v=4.3.0
[ info ] c.com/static/admin/fonts/fontawesome-webfont.woff2?v=4.3.0 [运行时间：0.028000s][吞吐率：35.71req/s] [内存消耗：1,349.20kb] [文件加载：38]
[ info ] [ LANG ] B:\aaaweb\shop\thinkphp\lang\zh-cn.php
[ info ] [ ROUTE ] array (
  'type' => 'module',
  'module' => 
  array (
    0 => 'static',
    1 => 'admin',
    2 => 'fonts',
  ),
)
[ info ] [ HEADER ] array (
  'host' => 'c.com',
  'user-agent' => 'Mozilla/5.0 (Windows NT 6.1; Win64; x64; rv:66.0) Gecko/20100101 Firefox/66.0',
  'accept' => 'application/font-woff2;q=1.0,application/font-woff;q=0.9,*/*;q=0.8',
  'accept-language' => 'zh-CN,zh;q=0.8,zh-TW;q=0.7,zh-HK;q=0.5,en-US;q=0.3,en;q=0.2',
  'accept-encoding' => 'identity',
  'referer' => 'http://c.com/static/admin/style/font-awesome.css',
  'connection' => 'keep-alive',
  'cookie' => 'PHPSESSID=vaij5ci0isvusr7q1gdcp0e4f2',
)
[ info ] [ PARAM ] array (
  '/static/admin/fonts/fontawesome-webfont_woff2' => '',
  'v' => '4.3.0',
)
[ info ] [ LOG ] INIT File
---------------------------------------------------------------
[ 2019-05-03T19:44:36+08:00 ] 127.0.0.1 POST /admin/data/export.html
[ info ] c.com/admin/data/export.html [运行时间：0.025000s][吞吐率：40.00req/s] [内存消耗：1,706.23kb] [文件加载：45]
[ info ] [ LANG ] B:\aaaweb\shop\thinkphp\lang\zh-cn.php
[ info ] [ ROUTE ] array (
  'type' => 'module',
  'module' => 
  array (
    0 => 'admin',
    1 => 'data',
    2 => 'export',
  ),
)
[ info ] [ HEADER ] array (
  'host' => 'c.com',
  'user-agent' => 'Mozilla/5.0 (Windows NT 6.1; Win64; x64; rv:66.0) Gecko/20100101 Firefox/66.0',
  'accept' => 'application/json, text/javascript, */*; q=0.01',
  'accept-language' => 'zh-CN,zh;q=0.8,zh-TW;q=0.7,zh-HK;q=0.5,en-US;q=0.3,en;q=0.2',
  'accept-encoding' => 'gzip, deflate',
  'referer' => 'http://c.com/admin/data/index.html',
  'content-type' => 'application/x-www-form-urlencoded; charset=UTF-8',
  'x-requested-with' => 'XMLHttpRequest',
  'content-length' => '411',
  'connection' => 'keep-alive',
  'cookie' => 'PHPSESSID=vaij5ci0isvusr7q1gdcp0e4f2',
)
[ info ] [ PARAM ] array (
  '/admin/data/export_html' => '',
  'tables' => 
  array (
    0 => 'tp_article',
    1 => 'tp_attr',
    2 => 'tp_brand',
    3 => 'tp_category',
    4 => 'tp_cates',
    5 => 'tp_comm_attr',
    6 => 'tp_comm_photo',
    7 => 'tp_commodity',
    8 => 'tp_config',
    9 => 'tp_links',
    10 => 'tp_member_level',
    11 => 'tp_member_price',
    12 => 'tp_nav',
    13 => 'tp_product',
    14 => 'tp_recpos',
    15 => 'tp_recpos_comm',
    16 => 'tp_type',
  ),
)
[ info ] [ RUN ] app\admin\controller\Data->export[ B:\aaaweb\shop\application\admin\controller\Data.php ]
[ info ] [ SESSION ] INIT array (
  'id' => '',
  'var_session_id' => '',
  'prefix' => 'think',
  'type' => '',
  'auto_start' => true,
)
[ info ] [ LOG ] INIT File
---------------------------------------------------------------
[ 2019-05-03T19:44:36+08:00 ] 127.0.0.1 GET /admin/data/export.html?id=0&start=0
[ info ] c.com/admin/data/export.html?id=0&start=0 [运行时间：0.038000s][吞吐率：26.32req/s] [内存消耗：1,940.11kb] [文件加载：49]
[ info ] [ LANG ] B:\aaaweb\shop\thinkphp\lang\zh-cn.php
[ info ] [ ROUTE ] array (
  'type' => 'module',
  'module' => 
  array (
    0 => 'admin',
    1 => 'data',
    2 => 'export',
  ),
)
[ info ] [ HEADER ] array (
  'host' => 'c.com',
  'user-agent' => 'Mozilla/5.0 (Windows NT 6.1; Win64; x64; rv:66.0) Gecko/20100101 Firefox/66.0',
  'accept' => 'application/json, text/javascript, */*; q=0.01',
  'accept-language' => 'zh-CN,zh;q=0.8,zh-TW;q=0.7,zh-HK;q=0.5,en-US;q=0.3,en;q=0.2',
  'accept-encoding' => 'gzip, deflate',
  'referer' => 'http://c.com/admin/data/index.html',
  'x-requested-with' => 'XMLHttpRequest',
  'connection' => 'keep-alive',
  'cookie' => 'PHPSESSID=vaij5ci0isvusr7q1gdcp0e4f2',
)
[ info ] [ PARAM ] array (
  '/admin/data/export_html' => '',
  'id' => '0',
  'start' => '0',
)
[ info ] [ RUN ] app\admin\controller\Data->export[ B:\aaaweb\shop\application\admin\controller\Data.php ]
[ info ] [ SESSION ] INIT array (
  'id' => '',
  'var_session_id' => '',
  'prefix' => 'think',
  'type' => '',
  'auto_start' => true,
)
[ info ] [ DB ] INIT mysql
[ info ] [ LOG ] INIT File
[ sql ] [ DB ] CONNECT:[ UseTime:0.010000s ] mysql:host=127.0.0.1;dbname=tested;charset=utf8
[ sql ] [ SQL ] SHOW CREATE TABLE `tp_article` [ RunTime:0.001000s ]
[ sql ] [ SQL ] SELECT COUNT(*) AS count FROM `tp_article` [ RunTime:0.000000s ]
[ sql ] [ SQL ] SELECT * FROM `tp_article` LIMIT 0, 1000 [ RunTime:0.001000s ]
---------------------------------------------------------------
[ 2019-05-03T19:44:36+08:00 ] 127.0.0.1 GET /admin/data/export.html?id=1&start=0
[ info ] c.com/admin/data/export.html?id=1&start=0 [运行时间：0.039000s][吞吐率：25.64req/s] [内存消耗：1,925.67kb] [文件加载：49]
[ info ] [ LANG ] B:\aaaweb\shop\thinkphp\lang\zh-cn.php
[ info ] [ ROUTE ] array (
  'type' => 'module',
  'module' => 
  array (
    0 => 'admin',
    1 => 'data',
    2 => 'export',
  ),
)
[ info ] [ HEADER ] array (
  'host' => 'c.com',
  'user-agent' => 'Mozilla/5.0 (Windows NT 6.1; Win64; x64; rv:66.0) Gecko/20100101 Firefox/66.0',
  'accept' => 'application/json, text/javascript, */*; q=0.01',
  'accept-language' => 'zh-CN,zh;q=0.8,zh-TW;q=0.7,zh-HK;q=0.5,en-US;q=0.3,en;q=0.2',
  'accept-encoding' => 'gzip, deflate',
  'referer' => 'http://c.com/admin/data/index.html',
  'x-requested-with' => 'XMLHttpRequest',
  'connection' => 'keep-alive',
  'cookie' => 'PHPSESSID=vaij5ci0isvusr7q1gdcp0e4f2',
)
[ info ] [ PARAM ] array (
  '/admin/data/export_html' => '',
  'id' => '1',
  'start' => '0',
)
[ info ] [ RUN ] app\admin\controller\Data->export[ B:\aaaweb\shop\application\admin\controller\Data.php ]
[ info ] [ SESSION ] INIT array (
  'id' => '',
  'var_session_id' => '',
  'prefix' => 'think',
  'type' => '',
  'auto_start' => true,
)
[ info ] [ DB ] INIT mysql
[ info ] [ LOG ] INIT File
[ sql ] [ DB ] CONNECT:[ UseTime:0.010000s ] mysql:host=127.0.0.1;dbname=tested;charset=utf8
[ sql ] [ SQL ] SHOW CREATE TABLE `tp_attr` [ RunTime:0.000000s ]
[ sql ] [ SQL ] SELECT COUNT(*) AS count FROM `tp_attr` [ RunTime:0.000000s ]
[ sql ] [ SQL ] SELECT * FROM `tp_attr` LIMIT 0, 1000 [ RunTime:0.000000s ]
---------------------------------------------------------------
[ 2019-05-03T19:44:36+08:00 ] 127.0.0.1 GET /admin/data/export.html?id=2&start=0
[ info ] c.com/admin/data/export.html?id=2&start=0 [运行时间：0.029000s][吞吐率：34.48req/s] [内存消耗：1,925.41kb] [文件加载：49]
[ info ] [ LANG ] B:\aaaweb\shop\thinkphp\lang\zh-cn.php
[ info ] [ ROUTE ] array (
  'type' => 'module',
  'module' => 
  array (
    0 => 'admin',
    1 => 'data',
    2 => 'export',
  ),
)
[ info ] [ HEADER ] array (
  'host' => 'c.com',
  'user-agent' => 'Mozilla/5.0 (Windows NT 6.1; Win64; x64; rv:66.0) Gecko/20100101 Firefox/66.0',
  'accept' => 'application/json, text/javascript, */*; q=0.01',
  'accept-language' => 'zh-CN,zh;q=0.8,zh-TW;q=0.7,zh-HK;q=0.5,en-US;q=0.3,en;q=0.2',
  'accept-encoding' => 'gzip, deflate',
  'referer' => 'http://c.com/admin/data/index.html',
  'x-requested-with' => 'XMLHttpRequest',
  'connection' => 'keep-alive',
  'cookie' => 'PHPSESSID=vaij5ci0isvusr7q1gdcp0e4f2',
)
[ info ] [ PARAM ] array (
  '/admin/data/export_html' => '',
  'id' => '2',
  'start' => '0',
)
[ info ] [ RUN ] app\admin\controller\Data->export[ B:\aaaweb\shop\application\admin\controller\Data.php ]
[ info ] [ SESSION ] INIT array (
  'id' => '',
  'var_session_id' => '',
  'prefix' => 'think',
  'type' => '',
  'auto_start' => true,
)
[ info ] [ DB ] INIT mysql
[ info ] [ LOG ] INIT File
[ sql ] [ DB ] CONNECT:[ UseTime:0.001000s ] mysql:host=127.0.0.1;dbname=tested;charset=utf8
[ sql ] [ SQL ] SHOW CREATE TABLE `tp_brand` [ RunTime:0.001000s ]
[ sql ] [ SQL ] SELECT COUNT(*) AS count FROM `tp_brand` [ RunTime:0.000000s ]
[ sql ] [ SQL ] SELECT * FROM `tp_brand` LIMIT 0, 1000 [ RunTime:0.000000s ]
---------------------------------------------------------------
[ 2019-05-03T19:44:36+08:00 ] 127.0.0.1 GET /admin/data/export.html?id=3&start=0
[ info ] c.com/admin/data/export.html?id=3&start=0 [运行时间：0.038000s][吞吐率：26.32req/s] [内存消耗：1,933.45kb] [文件加载：49]
[ info ] [ LANG ] B:\aaaweb\shop\thinkphp\lang\zh-cn.php
[ info ] [ ROUTE ] array (
  'type' => 'module',
  'module' => 
  array (
    0 => 'admin',
    1 => 'data',
    2 => 'export',
  ),
)
[ info ] [ HEADER ] array (
  'host' => 'c.com',
  'user-agent' => 'Mozilla/5.0 (Windows NT 6.1; Win64; x64; rv:66.0) Gecko/20100101 Firefox/66.0',
  'accept' => 'application/json, text/javascript, */*; q=0.01',
  'accept-language' => 'zh-CN,zh;q=0.8,zh-TW;q=0.7,zh-HK;q=0.5,en-US;q=0.3,en;q=0.2',
  'accept-encoding' => 'gzip, deflate',
  'referer' => 'http://c.com/admin/data/index.html',
  'x-requested-with' => 'XMLHttpRequest',
  'connection' => 'keep-alive',
  'cookie' => 'PHPSESSID=vaij5ci0isvusr7q1gdcp0e4f2',
)
[ info ] [ PARAM ] array (
  '/admin/data/export_html' => '',
  'id' => '3',
  'start' => '0',
)
[ info ] [ RUN ] app\admin\controller\Data->export[ B:\aaaweb\shop\application\admin\controller\Data.php ]
[ info ] [ SESSION ] INIT array (
  'id' => '',
  'var_session_id' => '',
  'prefix' => 'think',
  'type' => '',
  'auto_start' => true,
)
[ info ] [ DB ] INIT mysql
[ info ] [ LOG ] INIT File
[ sql ] [ DB ] CONNECT:[ UseTime:0.010000s ] mysql:host=127.0.0.1;dbname=tested;charset=utf8
[ sql ] [ SQL ] SHOW CREATE TABLE `tp_category` [ RunTime:0.001000s ]
[ sql ] [ SQL ] SELECT COUNT(*) AS count FROM `tp_category` [ RunTime:0.000000s ]
[ sql ] [ SQL ] SELECT * FROM `tp_category` LIMIT 0, 1000 [ RunTime:0.000000s ]
---------------------------------------------------------------
[ 2019-05-03T19:44:36+08:00 ] 127.0.0.1 GET /admin/data/export.html?id=4&start=0
[ info ] c.com/admin/data/export.html?id=4&start=0 [运行时间：0.050000s][吞吐率：20.00req/s] [内存消耗：2,111.75kb] [文件加载：49]
[ info ] [ LANG ] B:\aaaweb\shop\thinkphp\lang\zh-cn.php
[ info ] [ ROUTE ] array (
  'type' => 'module',
  'module' => 
  array (
    0 => 'admin',
    1 => 'data',
    2 => 'export',
  ),
)
[ info ] [ HEADER ] array (
  'host' => 'c.com',
  'user-agent' => 'Mozilla/5.0 (Windows NT 6.1; Win64; x64; rv:66.0) Gecko/20100101 Firefox/66.0',
  'accept' => 'application/json, text/javascript, */*; q=0.01',
  'accept-language' => 'zh-CN,zh;q=0.8,zh-TW;q=0.7,zh-HK;q=0.5,en-US;q=0.3,en;q=0.2',
  'accept-encoding' => 'gzip, deflate',
  'referer' => 'http://c.com/admin/data/index.html',
  'x-requested-with' => 'XMLHttpRequest',
  'connection' => 'keep-alive',
  'cookie' => 'PHPSESSID=vaij5ci0isvusr7q1gdcp0e4f2',
)
[ info ] [ PARAM ] array (
  '/admin/data/export_html' => '',
  'id' => '4',
  'start' => '0',
)
[ info ] [ RUN ] app\admin\controller\Data->export[ B:\aaaweb\shop\application\admin\controller\Data.php ]
[ info ] [ SESSION ] INIT array (
  'id' => '',
  'var_session_id' => '',
  'prefix' => 'think',
  'type' => '',
  'auto_start' => true,
)
[ info ] [ DB ] INIT mysql
[ info ] [ LOG ] INIT File
[ sql ] [ DB ] CONNECT:[ UseTime:0.010000s ] mysql:host=127.0.0.1;dbname=tested;charset=utf8
[ sql ] [ SQL ] SHOW CREATE TABLE `tp_cates` [ RunTime:0.000000s ]
[ sql ] [ SQL ] SELECT COUNT(*) AS count FROM `tp_cates` [ RunTime:0.001000s ]
[ sql ] [ SQL ] SELECT * FROM `tp_cates` LIMIT 0, 1000 [ RunTime:0.001000s ]
---------------------------------------------------------------
[ 2019-05-03T19:44:36+08:00 ] 127.0.0.1 GET /admin/data/export.html?id=5&start=0
[ info ] c.com/admin/data/export.html?id=5&start=0 [运行时间：0.042000s][吞吐率：23.81req/s] [内存消耗：1,934.52kb] [文件加载：49]
[ info ] [ LANG ] B:\aaaweb\shop\thinkphp\lang\zh-cn.php
[ info ] [ ROUTE ] array (
  'type' => 'module',
  'module' => 
  array (
    0 => 'admin',
    1 => 'data',
    2 => 'export',
  ),
)
[ info ] [ HEADER ] array (
  'host' => 'c.com',
  'user-agent' => 'Mozilla/5.0 (Windows NT 6.1; Win64; x64; rv:66.0) Gecko/20100101 Firefox/66.0',
  'accept' => 'application/json, text/javascript, */*; q=0.01',
  'accept-language' => 'zh-CN,zh;q=0.8,zh-TW;q=0.7,zh-HK;q=0.5,en-US;q=0.3,en;q=0.2',
  'accept-encoding' => 'gzip, deflate',
  'referer' => 'http://c.com/admin/data/index.html',
  'x-requested-with' => 'XMLHttpRequest',
  'connection' => 'keep-alive',
  'cookie' => 'PHPSESSID=vaij5ci0isvusr7q1gdcp0e4f2',
)
[ info ] [ PARAM ] array (
  '/admin/data/export_html' => '',
  'id' => '5',
  'start' => '0',
)
[ info ] [ RUN ] app\admin\controller\Data->export[ B:\aaaweb\shop\application\admin\controller\Data.php ]
[ info ] [ SESSION ] INIT array (
  'id' => '',
  'var_session_id' => '',
  'prefix' => 'think',
  'type' => '',
  'auto_start' => true,
)
[ info ] [ DB ] INIT mysql
[ info ] [ LOG ] INIT File
[ sql ] [ DB ] CONNECT:[ UseTime:0.010000s ] mysql:host=127.0.0.1;dbname=tested;charset=utf8
[ sql ] [ SQL ] SHOW CREATE TABLE `tp_comm_attr` [ RunTime:0.000000s ]
[ sql ] [ SQL ] SELECT COUNT(*) AS count FROM `tp_comm_attr` [ RunTime:0.001000s ]
[ sql ] [ SQL ] SELECT * FROM `tp_comm_attr` LIMIT 0, 1000 [ RunTime:0.000000s ]
---------------------------------------------------------------
[ 2019-05-03T19:44:36+08:00 ] 127.0.0.1 GET /admin/data/export.html?id=6&start=0
[ info ] c.com/admin/data/export.html?id=6&start=0 [运行时间：0.030000s][吞吐率：33.33req/s] [内存消耗：1,924.82kb] [文件加载：49]
[ info ] [ LANG ] B:\aaaweb\shop\thinkphp\lang\zh-cn.php
[ info ] [ ROUTE ] array (
  'type' => 'module',
  'module' => 
  array (
    0 => 'admin',
    1 => 'data',
    2 => 'export',
  ),
)
[ info ] [ HEADER ] array (
  'host' => 'c.com',
  'user-agent' => 'Mozilla/5.0 (Windows NT 6.1; Win64; x64; rv:66.0) Gecko/20100101 Firefox/66.0',
  'accept' => 'application/json, text/javascript, */*; q=0.01',
  'accept-language' => 'zh-CN,zh;q=0.8,zh-TW;q=0.7,zh-HK;q=0.5,en-US;q=0.3,en;q=0.2',
  'accept-encoding' => 'gzip, deflate',
  'referer' => 'http://c.com/admin/data/index.html',
  'x-requested-with' => 'XMLHttpRequest',
  'connection' => 'keep-alive',
  'cookie' => 'PHPSESSID=vaij5ci0isvusr7q1gdcp0e4f2',
)
[ info ] [ PARAM ] array (
  '/admin/data/export_html' => '',
  'id' => '6',
  'start' => '0',
)
[ info ] [ RUN ] app\admin\controller\Data->export[ B:\aaaweb\shop\application\admin\controller\Data.php ]
[ info ] [ SESSION ] INIT array (
  'id' => '',
  'var_session_id' => '',
  'prefix' => 'think',
  'type' => '',
  'auto_start' => true,
)
[ info ] [ DB ] INIT mysql
[ info ] [ LOG ] INIT File
[ sql ] [ DB ] CONNECT:[ UseTime:0.000000s ] mysql:host=127.0.0.1;dbname=tested;charset=utf8
[ sql ] [ SQL ] SHOW CREATE TABLE `tp_comm_photo` [ RunTime:0.000000s ]
[ sql ] [ SQL ] SELECT COUNT(*) AS count FROM `tp_comm_photo` [ RunTime:0.000000s ]
[ sql ] [ SQL ] SELECT * FROM `tp_comm_photo` LIMIT 0, 1000 [ RunTime:0.000000s ]
---------------------------------------------------------------
[ 2019-05-03T19:44:36+08:00 ] 127.0.0.1 GET /admin/data/export.html?id=7&start=0
[ info ] c.com/admin/data/export.html?id=7&start=0 [运行时间：0.038000s][吞吐率：26.32req/s] [内存消耗：1,945.59kb] [文件加载：49]
[ info ] [ LANG ] B:\aaaweb\shop\thinkphp\lang\zh-cn.php
[ info ] [ ROUTE ] array (
  'type' => 'module',
  'module' => 
  array (
    0 => 'admin',
    1 => 'data',
    2 => 'export',
  ),
)
[ info ] [ HEADER ] array (
  'host' => 'c.com',
  'user-agent' => 'Mozilla/5.0 (Windows NT 6.1; Win64; x64; rv:66.0) Gecko/20100101 Firefox/66.0',
  'accept' => 'application/json, text/javascript, */*; q=0.01',
  'accept-language' => 'zh-CN,zh;q=0.8,zh-TW;q=0.7,zh-HK;q=0.5,en-US;q=0.3,en;q=0.2',
  'accept-encoding' => 'gzip, deflate',
  'referer' => 'http://c.com/admin/data/index.html',
  'x-requested-with' => 'XMLHttpRequest',
  'connection' => 'keep-alive',
  'cookie' => 'PHPSESSID=vaij5ci0isvusr7q1gdcp0e4f2',
)
[ info ] [ PARAM ] array (
  '/admin/data/export_html' => '',
  'id' => '7',
  'start' => '0',
)
[ info ] [ RUN ] app\admin\controller\Data->export[ B:\aaaweb\shop\application\admin\controller\Data.php ]
[ info ] [ SESSION ] INIT array (
  'id' => '',
  'var_session_id' => '',
  'prefix' => 'think',
  'type' => '',
  'auto_start' => true,
)
[ info ] [ DB ] INIT mysql
[ info ] [ LOG ] INIT File
[ sql ] [ DB ] CONNECT:[ UseTime:0.010000s ] mysql:host=127.0.0.1;dbname=tested;charset=utf8
[ sql ] [ SQL ] SHOW CREATE TABLE `tp_commodity` [ RunTime:0.000000s ]
[ sql ] [ SQL ] SELECT COUNT(*) AS count FROM `tp_commodity` [ RunTime:0.000000s ]
[ sql ] [ SQL ] SELECT * FROM `tp_commodity` LIMIT 0, 1000 [ RunTime:0.000000s ]
---------------------------------------------------------------
[ 2019-05-03T19:44:36+08:00 ] 127.0.0.1 GET /admin/data/export.html?id=8&start=0
[ info ] c.com/admin/data/export.html?id=8&start=0 [运行时间：0.028000s][吞吐率：35.71req/s] [内存消耗：1,933.18kb] [文件加载：49]
[ info ] [ LANG ] B:\aaaweb\shop\thinkphp\lang\zh-cn.php
[ info ] [ ROUTE ] array (
  'type' => 'module',
  'module' => 
  array (
    0 => 'admin',
    1 => 'data',
    2 => 'export',
  ),
)
[ info ] [ HEADER ] array (
  'host' => 'c.com',
  'user-agent' => 'Mozilla/5.0 (Windows NT 6.1; Win64; x64; rv:66.0) Gecko/20100101 Firefox/66.0',
  'accept' => 'application/json, text/javascript, */*; q=0.01',
  'accept-language' => 'zh-CN,zh;q=0.8,zh-TW;q=0.7,zh-HK;q=0.5,en-US;q=0.3,en;q=0.2',
  'accept-encoding' => 'gzip, deflate',
  'referer' => 'http://c.com/admin/data/index.html',
  'x-requested-with' => 'XMLHttpRequest',
  'connection' => 'keep-alive',
  'cookie' => 'PHPSESSID=vaij5ci0isvusr7q1gdcp0e4f2',
)
[ info ] [ PARAM ] array (
  '/admin/data/export_html' => '',
  'id' => '8',
  'start' => '0',
)
[ info ] [ RUN ] app\admin\controller\Data->export[ B:\aaaweb\shop\application\admin\controller\Data.php ]
[ info ] [ SESSION ] INIT array (
  'id' => '',
  'var_session_id' => '',
  'prefix' => 'think',
  'type' => '',
  'auto_start' => true,
)
[ info ] [ DB ] INIT mysql
[ info ] [ LOG ] INIT File
[ sql ] [ DB ] CONNECT:[ UseTime:0.001000s ] mysql:host=127.0.0.1;dbname=tested;charset=utf8
[ sql ] [ SQL ] SHOW CREATE TABLE `tp_config` [ RunTime:0.000000s ]
[ sql ] [ SQL ] SELECT COUNT(*) AS count FROM `tp_config` [ RunTime:0.000000s ]
[ sql ] [ SQL ] SELECT * FROM `tp_config` LIMIT 0, 1000 [ RunTime:0.000000s ]
---------------------------------------------------------------
[ 2019-05-03T19:44:36+08:00 ] 127.0.0.1 GET /admin/data/export.html?id=9&start=0
[ info ] c.com/admin/data/export.html?id=9&start=0 [运行时间：0.027000s][吞吐率：37.04req/s] [内存消耗：1,924.55kb] [文件加载：49]
[ info ] [ LANG ] B:\aaaweb\shop\thinkphp\lang\zh-cn.php
[ info ] [ ROUTE ] array (
  'type' => 'module',
  'module' => 
  array (
    0 => 'admin',
    1 => 'data',
    2 => 'export',
  ),
)
[ info ] [ HEADER ] array (
  'host' => 'c.com',
  'user-agent' => 'Mozilla/5.0 (Windows NT 6.1; Win64; x64; rv:66.0) Gecko/20100101 Firefox/66.0',
  'accept' => 'application/json, text/javascript, */*; q=0.01',
  'accept-language' => 'zh-CN,zh;q=0.8,zh-TW;q=0.7,zh-HK;q=0.5,en-US;q=0.3,en;q=0.2',
  'accept-encoding' => 'gzip, deflate',
  'referer' => 'http://c.com/admin/data/index.html',
  'x-requested-with' => 'XMLHttpRequest',
  'connection' => 'keep-alive',
  'cookie' => 'PHPSESSID=vaij5ci0isvusr7q1gdcp0e4f2',
)
[ info ] [ PARAM ] array (
  '/admin/data/export_html' => '',
  'id' => '9',
  'start' => '0',
)
[ info ] [ RUN ] app\admin\controller\Data->export[ B:\aaaweb\shop\application\admin\controller\Data.php ]
[ info ] [ SESSION ] INIT array (
  'id' => '',
  'var_session_id' => '',
  'prefix' => 'think',
  'type' => '',
  'auto_start' => true,
)
[ info ] [ DB ] INIT mysql
[ info ] [ LOG ] INIT File
[ sql ] [ DB ] CONNECT:[ UseTime:0.001000s ] mysql:host=127.0.0.1;dbname=tested;charset=utf8
[ sql ] [ SQL ] SHOW CREATE TABLE `tp_links` [ RunTime:0.000000s ]
[ sql ] [ SQL ] SELECT COUNT(*) AS count FROM `tp_links` [ RunTime:0.000000s ]
[ sql ] [ SQL ] SELECT * FROM `tp_links` LIMIT 0, 1000 [ RunTime:0.000000s ]
---------------------------------------------------------------
[ 2019-05-03T19:44:36+08:00 ] 127.0.0.1 GET /admin/data/export.html?id=10&start=0
[ info ] c.com/admin/data/export.html?id=10&start=0 [运行时间：0.038000s][吞吐率：26.32req/s] [内存消耗：1,924.16kb] [文件加载：49]
[ info ] [ LANG ] B:\aaaweb\shop\thinkphp\lang\zh-cn.php
[ info ] [ ROUTE ] array (
  'type' => 'module',
  'module' => 
  array (
    0 => 'admin',
    1 => 'data',
    2 => 'export',
  ),
)
[ info ] [ HEADER ] array (
  'host' => 'c.com',
  'user-agent' => 'Mozilla/5.0 (Windows NT 6.1; Win64; x64; rv:66.0) Gecko/20100101 Firefox/66.0',
  'accept' => 'application/json, text/javascript, */*; q=0.01',
  'accept-language' => 'zh-CN,zh;q=0.8,zh-TW;q=0.7,zh-HK;q=0.5,en-US;q=0.3,en;q=0.2',
  'accept-encoding' => 'gzip, deflate',
  'referer' => 'http://c.com/admin/data/index.html',
  'x-requested-with' => 'XMLHttpRequest',
  'connection' => 'keep-alive',
  'cookie' => 'PHPSESSID=vaij5ci0isvusr7q1gdcp0e4f2',
)
[ info ] [ PARAM ] array (
  '/admin/data/export_html' => '',
  'id' => '10',
  'start' => '0',
)
[ info ] [ RUN ] app\admin\controller\Data->export[ B:\aaaweb\shop\application\admin\controller\Data.php ]
[ info ] [ SESSION ] INIT array (
  'id' => '',
  'var_session_id' => '',
  'prefix' => 'think',
  'type' => '',
  'auto_start' => true,
)
[ info ] [ DB ] INIT mysql
[ info ] [ LOG ] INIT File
[ sql ] [ DB ] CONNECT:[ UseTime:0.010000s ] mysql:host=127.0.0.1;dbname=tested;charset=utf8
[ sql ] [ SQL ] SHOW CREATE TABLE `tp_member_level` [ RunTime:0.001000s ]
[ sql ] [ SQL ] SELECT COUNT(*) AS count FROM `tp_member_level` [ RunTime:0.000000s ]
[ sql ] [ SQL ] SELECT * FROM `tp_member_level` LIMIT 0, 1000 [ RunTime:0.000000s ]
---------------------------------------------------------------
[ 2019-05-03T19:44:36+08:00 ] 127.0.0.1 GET /admin/data/export.html?id=11&start=0
[ info ] c.com/admin/data/export.html?id=11&start=0 [运行时间：0.039000s][吞吐率：25.64req/s] [内存消耗：1,936.81kb] [文件加载：49]
[ info ] [ LANG ] B:\aaaweb\shop\thinkphp\lang\zh-cn.php
[ info ] [ ROUTE ] array (
  'type' => 'module',
  'module' => 
  array (
    0 => 'admin',
    1 => 'data',
    2 => 'export',
  ),
)
[ info ] [ HEADER ] array (
  'host' => 'c.com',
  'user-agent' => 'Mozilla/5.0 (Windows NT 6.1; Win64; x64; rv:66.0) Gecko/20100101 Firefox/66.0',
  'accept' => 'application/json, text/javascript, */*; q=0.01',
  'accept-language' => 'zh-CN,zh;q=0.8,zh-TW;q=0.7,zh-HK;q=0.5,en-US;q=0.3,en;q=0.2',
  'accept-encoding' => 'gzip, deflate',
  'referer' => 'http://c.com/admin/data/index.html',
  'x-requested-with' => 'XMLHttpRequest',
  'connection' => 'keep-alive',
  'cookie' => 'PHPSESSID=vaij5ci0isvusr7q1gdcp0e4f2',
)
[ info ] [ PARAM ] array (
  '/admin/data/export_html' => '',
  'id' => '11',
  'start' => '0',
)
[ info ] [ RUN ] app\admin\controller\Data->export[ B:\aaaweb\shop\application\admin\controller\Data.php ]
[ info ] [ SESSION ] INIT array (
  'id' => '',
  'var_session_id' => '',
  'prefix' => 'think',
  'type' => '',
  'auto_start' => true,
)
[ info ] [ DB ] INIT mysql
[ info ] [ LOG ] INIT File
[ sql ] [ DB ] CONNECT:[ UseTime:0.010000s ] mysql:host=127.0.0.1;dbname=tested;charset=utf8
[ sql ] [ SQL ] SHOW CREATE TABLE `tp_member_price` [ RunTime:0.001000s ]
[ sql ] [ SQL ] SELECT COUNT(*) AS count FROM `tp_member_price` [ RunTime:0.000000s ]
[ sql ] [ SQL ] SELECT * FROM `tp_member_price` LIMIT 0, 1000 [ RunTime:0.001000s ]
---------------------------------------------------------------
[ 2019-05-03T19:44:36+08:00 ] 127.0.0.1 GET /admin/data/export.html?id=12&start=0
[ info ] c.com/admin/data/export.html?id=12&start=0 [运行时间：0.028000s][吞吐率：35.71req/s] [内存消耗：1,927.66kb] [文件加载：49]
[ info ] [ LANG ] B:\aaaweb\shop\thinkphp\lang\zh-cn.php
[ info ] [ ROUTE ] array (
  'type' => 'module',
  'module' => 
  array (
    0 => 'admin',
    1 => 'data',
    2 => 'export',
  ),
)
[ info ] [ HEADER ] array (
  'host' => 'c.com',
  'user-agent' => 'Mozilla/5.0 (Windows NT 6.1; Win64; x64; rv:66.0) Gecko/20100101 Firefox/66.0',
  'accept' => 'application/json, text/javascript, */*; q=0.01',
  'accept-language' => 'zh-CN,zh;q=0.8,zh-TW;q=0.7,zh-HK;q=0.5,en-US;q=0.3,en;q=0.2',
  'accept-encoding' => 'gzip, deflate',
  'referer' => 'http://c.com/admin/data/index.html',
  'x-requested-with' => 'XMLHttpRequest',
  'connection' => 'keep-alive',
  'cookie' => 'PHPSESSID=vaij5ci0isvusr7q1gdcp0e4f2',
)
[ info ] [ PARAM ] array (
  '/admin/data/export_html' => '',
  'id' => '12',
  'start' => '0',
)
[ info ] [ RUN ] app\admin\controller\Data->export[ B:\aaaweb\shop\application\admin\controller\Data.php ]
[ info ] [ SESSION ] INIT array (
  'id' => '',
  'var_session_id' => '',
  'prefix' => 'think',
  'type' => '',
  'auto_start' => true,
)
[ info ] [ DB ] INIT mysql
[ info ] [ LOG ] INIT File
[ sql ] [ DB ] CONNECT:[ UseTime:0.001000s ] mysql:host=127.0.0.1;dbname=tested;charset=utf8
[ sql ] [ SQL ] SHOW CREATE TABLE `tp_nav` [ RunTime:0.001000s ]
[ sql ] [ SQL ] SELECT COUNT(*) AS count FROM `tp_nav` [ RunTime:0.000000s ]
[ sql ] [ SQL ] SELECT * FROM `tp_nav` LIMIT 0, 1000 [ RunTime:0.001000s ]
---------------------------------------------------------------
[ 2019-05-03T19:44:36+08:00 ] 127.0.0.1 GET /admin/data/export.html?id=13&start=0
[ info ] c.com/admin/data/export.html?id=13&start=0 [运行时间：0.037000s][吞吐率：27.03req/s] [内存消耗：1,923.77kb] [文件加载：49]
[ info ] [ LANG ] B:\aaaweb\shop\thinkphp\lang\zh-cn.php
[ info ] [ ROUTE ] array (
  'type' => 'module',
  'module' => 
  array (
    0 => 'admin',
    1 => 'data',
    2 => 'export',
  ),
)
[ info ] [ HEADER ] array (
  'host' => 'c.com',
  'user-agent' => 'Mozilla/5.0 (Windows NT 6.1; Win64; x64; rv:66.0) Gecko/20100101 Firefox/66.0',
  'accept' => 'application/json, text/javascript, */*; q=0.01',
  'accept-language' => 'zh-CN,zh;q=0.8,zh-TW;q=0.7,zh-HK;q=0.5,en-US;q=0.3,en;q=0.2',
  'accept-encoding' => 'gzip, deflate',
  'referer' => 'http://c.com/admin/data/index.html',
  'x-requested-with' => 'XMLHttpRequest',
  'connection' => 'keep-alive',
  'cookie' => 'PHPSESSID=vaij5ci0isvusr7q1gdcp0e4f2',
)
[ info ] [ PARAM ] array (
  '/admin/data/export_html' => '',
  'id' => '13',
  'start' => '0',
)
[ info ] [ RUN ] app\admin\controller\Data->export[ B:\aaaweb\shop\application\admin\controller\Data.php ]
[ info ] [ SESSION ] INIT array (
  'id' => '',
  'var_session_id' => '',
  'prefix' => 'think',
  'type' => '',
  'auto_start' => true,
)
[ info ] [ DB ] INIT mysql
[ info ] [ LOG ] INIT File
[ sql ] [ DB ] CONNECT:[ UseTime:0.011000s ] mysql:host=127.0.0.1;dbname=tested;charset=utf8
[ sql ] [ SQL ] SHOW CREATE TABLE `tp_product` [ RunTime:0.001000s ]
[ sql ] [ SQL ] SELECT COUNT(*) AS count FROM `tp_product` [ RunTime:0.000000s ]
[ sql ] [ SQL ] SELECT * FROM `tp_product` LIMIT 0, 1000 [ RunTime:0.001000s ]
---------------------------------------------------------------
[ 2019-05-03T19:44:36+08:00 ] 127.0.0.1 GET /admin/data/export.html?id=14&start=0
[ info ] c.com/admin/data/export.html?id=14&start=0 [运行时间：0.027000s][吞吐率：37.04req/s] [内存消耗：1,922.85kb] [文件加载：49]
[ info ] [ LANG ] B:\aaaweb\shop\thinkphp\lang\zh-cn.php
[ info ] [ ROUTE ] array (
  'type' => 'module',
  'module' => 
  array (
    0 => 'admin',
    1 => 'data',
    2 => 'export',
  ),
)
[ info ] [ HEADER ] array (
  'host' => 'c.com',
  'user-agent' => 'Mozilla/5.0 (Windows NT 6.1; Win64; x64; rv:66.0) Gecko/20100101 Firefox/66.0',
  'accept' => 'application/json, text/javascript, */*; q=0.01',
  'accept-language' => 'zh-CN,zh;q=0.8,zh-TW;q=0.7,zh-HK;q=0.5,en-US;q=0.3,en;q=0.2',
  'accept-encoding' => 'gzip, deflate',
  'referer' => 'http://c.com/admin/data/index.html',
  'x-requested-with' => 'XMLHttpRequest',
  'connection' => 'keep-alive',
  'cookie' => 'PHPSESSID=vaij5ci0isvusr7q1gdcp0e4f2',
)
[ info ] [ PARAM ] array (
  '/admin/data/export_html' => '',
  'id' => '14',
  'start' => '0',
)
[ info ] [ RUN ] app\admin\controller\Data->export[ B:\aaaweb\shop\application\admin\controller\Data.php ]
[ info ] [ SESSION ] INIT array (
  'id' => '',
  'var_session_id' => '',
  'prefix' => 'think',
  'type' => '',
  'auto_start' => true,
)
[ info ] [ DB ] INIT mysql
[ info ] [ LOG ] INIT File
[ sql ] [ DB ] CONNECT:[ UseTime:0.000000s ] mysql:host=127.0.0.1;dbname=tested;charset=utf8
[ sql ] [ SQL ] SHOW CREATE TABLE `tp_recpos` [ RunTime:0.000000s ]
[ sql ] [ SQL ] SELECT COUNT(*) AS count FROM `tp_recpos` [ RunTime:0.001000s ]
[ sql ] [ SQL ] SELECT * FROM `tp_recpos` LIMIT 0, 1000 [ RunTime:0.000000s ]
---------------------------------------------------------------
[ 2019-05-03T19:44:36+08:00 ] 127.0.0.1 GET /admin/data/export.html?id=15&start=0
[ info ] c.com/admin/data/export.html?id=15&start=0 [运行时间：0.038000s][吞吐率：26.32req/s] [内存消耗：1,923.17kb] [文件加载：49]
[ info ] [ LANG ] B:\aaaweb\shop\thinkphp\lang\zh-cn.php
[ info ] [ ROUTE ] array (
  'type' => 'module',
  'module' => 
  array (
    0 => 'admin',
    1 => 'data',
    2 => 'export',
  ),
)
[ info ] [ HEADER ] array (
  'host' => 'c.com',
  'user-agent' => 'Mozilla/5.0 (Windows NT 6.1; Win64; x64; rv:66.0) Gecko/20100101 Firefox/66.0',
  'accept' => 'application/json, text/javascript, */*; q=0.01',
  'accept-language' => 'zh-CN,zh;q=0.8,zh-TW;q=0.7,zh-HK;q=0.5,en-US;q=0.3,en;q=0.2',
  'accept-encoding' => 'gzip, deflate',
  'referer' => 'http://c.com/admin/data/index.html',
  'x-requested-with' => 'XMLHttpRequest',
  'connection' => 'keep-alive',
  'cookie' => 'PHPSESSID=vaij5ci0isvusr7q1gdcp0e4f2',
)
[ info ] [ PARAM ] array (
  '/admin/data/export_html' => '',
  'id' => '15',
  'start' => '0',
)
[ info ] [ RUN ] app\admin\controller\Data->export[ B:\aaaweb\shop\application\admin\controller\Data.php ]
[ info ] [ SESSION ] INIT array (
  'id' => '',
  'var_session_id' => '',
  'prefix' => 'think',
  'type' => '',
  'auto_start' => true,
)
[ info ] [ DB ] INIT mysql
[ info ] [ LOG ] INIT File
[ sql ] [ DB ] CONNECT:[ UseTime:0.010000s ] mysql:host=127.0.0.1;dbname=tested;charset=utf8
[ sql ] [ SQL ] SHOW CREATE TABLE `tp_recpos_comm` [ RunTime:0.001000s ]
[ sql ] [ SQL ] SELECT COUNT(*) AS count FROM `tp_recpos_comm` [ RunTime:0.000000s ]
[ sql ] [ SQL ] SELECT * FROM `tp_recpos_comm` LIMIT 0, 1000 [ RunTime:0.000000s ]
---------------------------------------------------------------
[ 2019-05-03T19:44:36+08:00 ] 127.0.0.1 GET /admin/data/export.html?id=16&start=0
[ info ] c.com/admin/data/export.html?id=16&start=0 [运行时间：0.029000s][吞吐率：34.48req/s] [内存消耗：1,919.86kb] [文件加载：49]
[ info ] [ LANG ] B:\aaaweb\shop\thinkphp\lang\zh-cn.php
[ info ] [ ROUTE ] array (
  'type' => 'module',
  'module' => 
  array (
    0 => 'admin',
    1 => 'data',
    2 => 'export',
  ),
)
[ info ] [ HEADER ] array (
  'host' => 'c.com',
  'user-agent' => 'Mozilla/5.0 (Windows NT 6.1; Win64; x64; rv:66.0) Gecko/20100101 Firefox/66.0',
  'accept' => 'application/json, text/javascript, */*; q=0.01',
  'accept-language' => 'zh-CN,zh;q=0.8,zh-TW;q=0.7,zh-HK;q=0.5,en-US;q=0.3,en;q=0.2',
  'accept-encoding' => 'gzip, deflate',
  'referer' => 'http://c.com/admin/data/index.html',
  'x-requested-with' => 'XMLHttpRequest',
  'connection' => 'keep-alive',
  'cookie' => 'PHPSESSID=vaij5ci0isvusr7q1gdcp0e4f2',
)
[ info ] [ PARAM ] array (
  '/admin/data/export_html' => '',
  'id' => '16',
  'start' => '0',
)
[ info ] [ RUN ] app\admin\controller\Data->export[ B:\aaaweb\shop\application\admin\controller\Data.php ]
[ info ] [ SESSION ] INIT array (
  'id' => '',
  'var_session_id' => '',
  'prefix' => 'think',
  'type' => '',
  'auto_start' => true,
)
[ info ] [ DB ] INIT mysql
[ info ] [ LOG ] INIT File
[ sql ] [ DB ] CONNECT:[ UseTime:0.000000s ] mysql:host=127.0.0.1;dbname=tested;charset=utf8
[ sql ] [ SQL ] SHOW CREATE TABLE `tp_type` [ RunTime:0.000000s ]
[ sql ] [ SQL ] SELECT COUNT(*) AS count FROM `tp_type` [ RunTime:0.000000s ]
[ sql ] [ SQL ] SELECT * FROM `tp_type` LIMIT 0, 1000 [ RunTime:0.001000s ]
