---------------------------------------------------------------
[ 2019-05-26T22:07:41+08:00 ] 127.0.0.1 GET /admin/data/importlist.html
[ info ] c.com/admin/data/importlist.html [运行时间：0.033000s][吞吐率：30.30req/s] [内存消耗：1,989.10kb] [文件加载：50]
[ info ] [ LANG ] B:\aaaweb\shop\thinkphp\lang\zh-cn.php
[ info ] [ ROUTE ] array (
  'type' => 'module',
  'module' => 
  array (
    0 => 'admin',
    1 => 'data',
    2 => 'importlist',
  ),
)
[ info ] [ HEADER ] array (
  'host' => 'c.com',
  'user-agent' => 'Mozilla/5.0 (Windows NT 6.1; Win64; x64; rv:67.0) Gecko/20100101 Firefox/67.0',
  'accept' => 'text/html,application/xhtml+xml,application/xml;q=0.9,*/*;q=0.8',
  'accept-language' => 'zh-CN,zh;q=0.8,zh-TW;q=0.7,zh-HK;q=0.5,en-US;q=0.3,en;q=0.2',
  'accept-encoding' => 'gzip, deflate',
  'referer' => 'http://c.com/admin/data/del/time/1557654276.html',
  'connection' => 'keep-alive',
  'cookie' => 'PHPSESSID=imokj7efuh815t9qqo3bh6tkj2',
  'upgrade-insecure-requests' => '1',
  'cache-control' => 'max-age=0',
)
[ info ] [ PARAM ] array (
  '/admin/data/importlist_html' => '',
)
[ info ] [ RUN ] app\admin\controller\Data->importlist[ B:\aaaweb\shop\application\admin\controller\Data.php ]
[ info ] [ VIEW ] B:\aaaweb\shop\public/../application/admin\view\data\importlist.html [ array (
  0 => 'list',
) ]
[ info ] [ LOG ] INIT File
[ error ] [2]fclose() expects parameter 1 to be resource, null given[B:\aaaweb\shop\extend\tp5er\Backup.php:428]
---------------------------------------------------------------
[ 2019-05-26T22:07:41+08:00 ] 127.0.0.1 GET /static/admin/fonts/fontawesome-webfont.woff2?v=4.3.0
[ info ] c.com/static/admin/fonts/fontawesome-webfont.woff2?v=4.3.0 [运行时间：0.026000s][吞吐率：38.46req/s] [内存消耗：1,351.26kb] [文件加载：38]
[ info ] [ LANG ] B:\aaaweb\shop\thinkphp\lang\zh-cn.php
[ info ] [ ROUTE ] array (
  'type' => 'module',
  'module' => 
  array (
    0 => 'static',
    1 => 'admin',
    2 => 'fonts',
  ),
)
[ info ] [ HEADER ] array (
  'host' => 'c.com',
  'user-agent' => 'Mozilla/5.0 (Windows NT 6.1; Win64; x64; rv:67.0) Gecko/20100101 Firefox/67.0',
  'accept' => 'application/font-woff2;q=1.0,application/font-woff;q=0.9,*/*;q=0.8',
  'accept-language' => 'zh-CN,zh;q=0.8,zh-TW;q=0.7,zh-HK;q=0.5,en-US;q=0.3,en;q=0.2',
  'accept-encoding' => 'identity',
  'referer' => 'http://c.com/static/admin/style/font-awesome.css',
  'connection' => 'keep-alive',
  'cookie' => 'PHPSESSID=imokj7efuh815t9qqo3bh6tkj2',
  'cache-control' => 'max-age=0',
)
[ info ] [ PARAM ] array (
  '/static/admin/fonts/fontawesome-webfont_woff2' => '',
  'v' => '4.3.0',
)
[ info ] [ LOG ] INIT File
---------------------------------------------------------------
[ 2019-05-26T22:07:43+08:00 ] 127.0.0.1 GET /admin/commodity/lst.html
[ info ] c.com/admin/commodity/lst.html [运行时间：0.065000s][吞吐率：15.38req/s] [内存消耗：2,880.99kb] [文件加载：58]
[ info ] [ LANG ] B:\aaaweb\shop\thinkphp\lang\zh-cn.php
[ info ] [ ROUTE ] array (
  'type' => 'module',
  'module' => 
  array (
    0 => 'admin',
    1 => 'commodity',
    2 => 'lst',
  ),
)
[ info ] [ HEADER ] array (
  'host' => 'c.com',
  'user-agent' => 'Mozilla/5.0 (Windows NT 6.1; Win64; x64; rv:67.0) Gecko/20100101 Firefox/67.0',
  'accept' => 'text/html,application/xhtml+xml,application/xml;q=0.9,*/*;q=0.8',
  'accept-language' => 'zh-CN,zh;q=0.8,zh-TW;q=0.7,zh-HK;q=0.5,en-US;q=0.3,en;q=0.2',
  'accept-encoding' => 'gzip, deflate',
  'referer' => 'http://c.com/admin/data/importlist.html',
  'connection' => 'keep-alive',
  'cookie' => 'PHPSESSID=imokj7efuh815t9qqo3bh6tkj2',
  'upgrade-insecure-requests' => '1',
)
[ info ] [ PARAM ] array (
  '/admin/commodity/lst_html' => '',
)
[ info ] [ RUN ] app\admin\controller\Commodity->lst[ B:\aaaweb\shop\application\admin\controller\Commodity.php ]
[ info ] [ DB ] INIT mysql
[ info ] [ VIEW ] B:\aaaweb\shop\public/../application/admin\view\commodity\list.html [ array (
  0 => 'commRes',
  1 => 'recpos',
) ]
[ info ] [ LOG ] INIT File
[ sql ] [ DB ] CONNECT:[ UseTime:0.010000s ] mysql:host=127.0.0.1;dbname=tested;charset=utf8
[ sql ] [ SQL ] SHOW COLUMNS FROM `tp_commodity` [ RunTime:0.002000s ]
[ sql ] [ SQL ] SELECT COUNT(*) AS tp_count FROM ( SELECT count(*) FROM `tp_commodity` `g` INNER JOIN `tp_cates` `c` ON `g`.`cates_id`=`c`.`cates_id` LEFT JOIN `tp_brand` `b` ON `g`.`brand_id`=`b`.`brand_id` LEFT JOIN `tp_type` `t` ON `g`.`type_id`=`t`.`type_id` LEFT JOIN `tp_product` `p` ON `g`.`commodity_id`=`p`.`product_commodity_id` GROUP BY `g`.`commodity_id` ) `_group_count_` LIMIT 1 [ RunTime:0.001000s ]
[ sql ] [ SQL ] SELECT g.*,
				c.cates_name,
				b.brand_name,
				t.type_name,
				SUM(p.product_commodity_number) produ FROM `tp_commodity` `g` INNER JOIN `tp_cates` `c` ON `g`.`cates_id`=`c`.`cates_id` LEFT JOIN `tp_brand` `b` ON `g`.`brand_id`=`b`.`brand_id` LEFT JOIN `tp_type` `t` ON `g`.`type_id`=`t`.`type_id` LEFT JOIN `tp_product` `p` ON `g`.`commodity_id`=`p`.`product_commodity_id` GROUP BY `g`.`commodity_id` ORDER BY `g`.`commodity_id` DESC LIMIT 0,10 [ RunTime:0.002000s ]
[ sql ] [ SQL ] SHOW COLUMNS FROM `tp_recpos_comm` [ RunTime:0.002000s ]
[ sql ] [ SQL ] SELECT `rc`.*,`r`.`rec_id`,`r`.`rec_name` FROM `tp_recpos_comm` `rc` LEFT JOIN `tp_recpos` `r` ON `rc`.`recpos_id`=`r`.`rec_id` WHERE  `rc`.`recpos_type` = 1 [ RunTime:0.000000s ]
---------------------------------------------------------------
[ 2019-05-26T22:07:43+08:00 ] 127.0.0.1 GET /static/admin/fonts/fontawesome-webfont.woff2?v=4.3.0
[ info ] c.com/static/admin/fonts/fontawesome-webfont.woff2?v=4.3.0 [运行时间：0.026000s][吞吐率：38.46req/s] [内存消耗：1,350.86kb] [文件加载：38]
[ info ] [ LANG ] B:\aaaweb\shop\thinkphp\lang\zh-cn.php
[ info ] [ ROUTE ] array (
  'type' => 'module',
  'module' => 
  array (
    0 => 'static',
    1 => 'admin',
    2 => 'fonts',
  ),
)
[ info ] [ HEADER ] array (
  'host' => 'c.com',
  'user-agent' => 'Mozilla/5.0 (Windows NT 6.1; Win64; x64; rv:67.0) Gecko/20100101 Firefox/67.0',
  'accept' => 'application/font-woff2;q=1.0,application/font-woff;q=0.9,*/*;q=0.8',
  'accept-language' => 'zh-CN,zh;q=0.8,zh-TW;q=0.7,zh-HK;q=0.5,en-US;q=0.3,en;q=0.2',
  'accept-encoding' => 'identity',
  'referer' => 'http://c.com/static/admin/style/font-awesome.css',
  'connection' => 'keep-alive',
  'cookie' => 'PHPSESSID=imokj7efuh815t9qqo3bh6tkj2',
)
[ info ] [ PARAM ] array (
  '/static/admin/fonts/fontawesome-webfont_woff2' => '',
  'v' => '4.3.0',
)
[ info ] [ LOG ] INIT File
