---------------------------------------------------------------
[ 2019-07-07T15:24:14+08:00 ] 127.0.0.1 GET c.com/admin/data/importlist.html
[运行时间：0.035000s] [吞吐率：28.57req/s] [内存消耗：2,032.61kb] [文件加载：50]
[ info ] [ LANG ] B:\aaaweb\shop\thinkphp\lang\zh-cn.php
[ info ] [ ROUTE ] array (
  'type' => 'module',
  'module' => 
  array (
    0 => 'admin',
    1 => 'data',
    2 => 'importlist',
  ),
)
[ info ] [ HEADER ] array (
  'host' => 'c.com',
  'user-agent' => 'Mozilla/5.0 (Windows NT 6.1; Win64; x64; rv:67.0) Gecko/20100101 Firefox/67.0',
  'accept' => 'text/html,application/xhtml+xml,application/xml;q=0.9,*/*;q=0.8',
  'accept-language' => 'zh-CN,zh;q=0.8,zh-TW;q=0.7,zh-HK;q=0.5,en-US;q=0.3,en;q=0.2',
  'accept-encoding' => 'gzip, deflate',
  'connection' => 'keep-alive',
  'referer' => 'http://c.com/admin/data/index.html',
  'cookie' => 'PHPSESSID=5nl36ksepg2cgbjehge44pn7h5',
  'upgrade-insecure-requests' => '1',
)
[ info ] [ PARAM ] array (
  '/admin/data/importlist_html' => '',
)
[ info ] [ RUN ] app\admin\controller\Data->importlist[ B:\aaaweb\shop\application\admin\controller\Data.php ]
[ info ] [ VIEW ] B:\aaaweb\shop\public/../application/admin\view\data\importlist.html [ array (
  0 => 'list',
) ]
[ info ] [ LOG ] INIT File
[ error ] [2]fclose() expects parameter 1 to be resource, null given[B:\aaaweb\shop\extend\tp5er\Backup.php:428]
---------------------------------------------------------------
[ 2019-07-07T15:24:14+08:00 ] 127.0.0.1 GET c.com/static/admin/fonts/fontawesome-webfont.woff2?v=4.3.0
[运行时间：0.024000s] [吞吐率：41.67req/s] [内存消耗：1,386.88kb] [文件加载：38]
[ info ] [ LANG ] B:\aaaweb\shop\thinkphp\lang\zh-cn.php
[ info ] [ ROUTE ] array (
  'type' => 'module',
  'module' => 
  array (
    0 => 'static',
    1 => 'admin',
    2 => 'fonts',
  ),
)
[ info ] [ HEADER ] array (
  'host' => 'c.com',
  'user-agent' => 'Mozilla/5.0 (Windows NT 6.1; Win64; x64; rv:67.0) Gecko/20100101 Firefox/67.0',
  'accept' => 'application/font-woff2;q=1.0,application/font-woff;q=0.9,*/*;q=0.8',
  'accept-language' => 'zh-CN,zh;q=0.8,zh-TW;q=0.7,zh-HK;q=0.5,en-US;q=0.3,en;q=0.2',
  'accept-encoding' => 'identity',
  'referer' => 'http://c.com/static/admin/style/font-awesome.css',
  'connection' => 'keep-alive',
  'cookie' => 'PHPSESSID=5nl36ksepg2cgbjehge44pn7h5',
)
[ info ] [ PARAM ] array (
  '/static/admin/fonts/fontawesome-webfont_woff2' => '',
  'v' => '4.3.0',
)
[ info ] [ LOG ] INIT File
