---------------------------------------------------------------
[ 2019-07-14T12:37:30+08:00 ] 127.0.0.1 GET c.com/admin/data/importlist.html
[运行时间：0.030000s] [吞吐率：33.33req/s] [内存消耗：2,034.23kb] [文件加载：50]
[ info ] [ LANG ] B:\aaaweb\shop\thinkphp\lang\zh-cn.php
[ info ] [ ROUTE ] array (
  'type' => 'module',
  'module' => 
  array (
    0 => 'admin',
    1 => 'data',
    2 => 'importlist',
  ),
)
[ info ] [ HEADER ] array (
  'host' => 'c.com',
  'user-agent' => 'Mozilla/5.0 (Windows NT 6.1; Win64; x64; rv:68.0) Gecko/20100101 Firefox/68.0',
  'accept' => 'text/html,application/xhtml+xml,application/xml;q=0.9,*/*;q=0.8',
  'accept-language' => 'zh-CN,zh;q=0.8,zh-TW;q=0.7,zh-HK;q=0.5,en-US;q=0.3,en;q=0.2',
  'accept-encoding' => 'gzip, deflate',
  'connection' => 'keep-alive',
  'referer' => 'http://c.com/admin/data/index.html',
  'cookie' => 'PHPSESSID=p9shgsnrcgoo8em878pn7g5kr7',
  'upgrade-insecure-requests' => '1',
)
[ info ] [ PARAM ] array (
  '/admin/data/importlist_html' => '',
)
[ info ] [ RUN ] app\admin\controller\Data->importlist[ B:\aaaweb\shop\application\admin\controller\Data.php ]
[ info ] [ VIEW ] B:\aaaweb\shop\public/../application/admin\view\data\importlist.html [ array (
  0 => 'list',
) ]
[ info ] [ LOG ] INIT File
[ error ] [2]fclose() expects parameter 1 to be resource, null given[B:\aaaweb\shop\extend\tp5er\Backup.php:428]
---------------------------------------------------------------
[ 2019-07-14T12:37:30+08:00 ] 127.0.0.1 GET c.com/static/admin/fonts/fontawesome-webfont.woff2?v=4.3.0
[运行时间：0.020000s] [吞吐率：50.00req/s] [内存消耗：1,386.88kb] [文件加载：38]
[ info ] [ LANG ] B:\aaaweb\shop\thinkphp\lang\zh-cn.php
[ info ] [ ROUTE ] array (
  'type' => 'module',
  'module' => 
  array (
    0 => 'static',
    1 => 'admin',
    2 => 'fonts',
  ),
)
[ info ] [ HEADER ] array (
  'host' => 'c.com',
  'user-agent' => 'Mozilla/5.0 (Windows NT 6.1; Win64; x64; rv:68.0) Gecko/20100101 Firefox/68.0',
  'accept' => 'application/font-woff2;q=1.0,application/font-woff;q=0.9,*/*;q=0.8',
  'accept-language' => 'zh-CN,zh;q=0.8,zh-TW;q=0.7,zh-HK;q=0.5,en-US;q=0.3,en;q=0.2',
  'accept-encoding' => 'identity',
  'connection' => 'keep-alive',
  'referer' => 'http://c.com/static/admin/style/font-awesome.css',
  'cookie' => 'PHPSESSID=p9shgsnrcgoo8em878pn7g5kr7',
)
[ info ] [ PARAM ] array (
  '/static/admin/fonts/fontawesome-webfont_woff2' => '',
  'v' => '4.3.0',
)
[ info ] [ LOG ] INIT File
---------------------------------------------------------------
[ 2019-07-14T12:37:34+08:00 ] 127.0.0.1 GET c.com/admin/data/index.html
[运行时间：0.048000s] [吞吐率：20.83req/s] [内存消耗：2,354.47kb] [文件加载：54]
[ info ] [ LANG ] B:\aaaweb\shop\thinkphp\lang\zh-cn.php
[ info ] [ ROUTE ] array (
  'type' => 'module',
  'module' => 
  array (
    0 => 'admin',
    1 => 'data',
    2 => 'index',
  ),
)
[ info ] [ HEADER ] array (
  'host' => 'c.com',
  'user-agent' => 'Mozilla/5.0 (Windows NT 6.1; Win64; x64; rv:68.0) Gecko/20100101 Firefox/68.0',
  'accept' => 'text/html,application/xhtml+xml,application/xml;q=0.9,*/*;q=0.8',
  'accept-language' => 'zh-CN,zh;q=0.8,zh-TW;q=0.7,zh-HK;q=0.5,en-US;q=0.3,en;q=0.2',
  'accept-encoding' => 'gzip, deflate',
  'connection' => 'keep-alive',
  'referer' => 'http://c.com/admin/data/importlist.html',
  'cookie' => 'PHPSESSID=p9shgsnrcgoo8em878pn7g5kr7',
  'upgrade-insecure-requests' => '1',
)
[ info ] [ PARAM ] array (
  '/admin/data/index_html' => '',
)
[ info ] [ RUN ] app\admin\controller\Data->index[ B:\aaaweb\shop\application\admin\controller\Data.php ]
[ info ] [ DB ] INIT mysql
[ info ] [ VIEW ] B:\aaaweb\shop\public/../application/admin\view\data\index.html [ array (
  0 => 'list',
) ]
[ info ] [ LOG ] INIT File
[ sql ] [ DB ] CONNECT:[ UseTime:0.011000s ] mysql:host=127.0.0.1;dbname=tested;charset=utf8
[ sql ] [ SQL ] SHOW TABLE STATUS [ RunTime:0.003000s ]
[ error ] [2]fclose() expects parameter 1 to be resource, null given[B:\aaaweb\shop\extend\tp5er\Backup.php:428]
---------------------------------------------------------------
[ 2019-07-14T12:37:34+08:00 ] 127.0.0.1 GET c.com/static/admin/fonts/fontawesome-webfont.woff2?v=4.3.0
[运行时间：0.024000s] [吞吐率：41.67req/s] [内存消耗：1,386.88kb] [文件加载：38]
[ info ] [ LANG ] B:\aaaweb\shop\thinkphp\lang\zh-cn.php
[ info ] [ ROUTE ] array (
  'type' => 'module',
  'module' => 
  array (
    0 => 'static',
    1 => 'admin',
    2 => 'fonts',
  ),
)
[ info ] [ HEADER ] array (
  'host' => 'c.com',
  'user-agent' => 'Mozilla/5.0 (Windows NT 6.1; Win64; x64; rv:68.0) Gecko/20100101 Firefox/68.0',
  'accept' => 'application/font-woff2;q=1.0,application/font-woff;q=0.9,*/*;q=0.8',
  'accept-language' => 'zh-CN,zh;q=0.8,zh-TW;q=0.7,zh-HK;q=0.5,en-US;q=0.3,en;q=0.2',
  'accept-encoding' => 'identity',
  'connection' => 'keep-alive',
  'referer' => 'http://c.com/static/admin/style/font-awesome.css',
  'cookie' => 'PHPSESSID=p9shgsnrcgoo8em878pn7g5kr7',
)
[ info ] [ PARAM ] array (
  '/static/admin/fonts/fontawesome-webfont_woff2' => '',
  'v' => '4.3.0',
)
[ info ] [ LOG ] INIT File
---------------------------------------------------------------
[ 2019-07-14T12:37:36+08:00 ] 127.0.0.1 POST c.com/admin/data/export.html
[运行时间：0.026000s] [吞吐率：38.46req/s] [内存消耗：1,744.82kb] [文件加载：45]
[ info ] [ LANG ] B:\aaaweb\shop\thinkphp\lang\zh-cn.php
[ info ] [ ROUTE ] array (
  'type' => 'module',
  'module' => 
  array (
    0 => 'admin',
    1 => 'data',
    2 => 'export',
  ),
)
[ info ] [ HEADER ] array (
  'host' => 'c.com',
  'user-agent' => 'Mozilla/5.0 (Windows NT 6.1; Win64; x64; rv:68.0) Gecko/20100101 Firefox/68.0',
  'accept' => 'application/json, text/javascript, */*; q=0.01',
  'accept-language' => 'zh-CN,zh;q=0.8,zh-TW;q=0.7,zh-HK;q=0.5,en-US;q=0.3,en;q=0.2',
  'accept-encoding' => 'gzip, deflate',
  'content-type' => 'application/x-www-form-urlencoded; charset=UTF-8',
  'x-requested-with' => 'XMLHttpRequest',
  'content-length' => '523',
  'connection' => 'keep-alive',
  'referer' => 'http://c.com/admin/data/index.html',
  'cookie' => 'PHPSESSID=p9shgsnrcgoo8em878pn7g5kr7',
)
[ info ] [ PARAM ] array (
  '/admin/data/export_html' => '',
  'tables' => 
  array (
    0 => 'tp_alternate_img',
    1 => 'tp_article',
    2 => 'tp_attr',
    3 => 'tp_brand',
    4 => 'tp_category',
    5 => 'tp_cates',
    6 => 'tp_cates_ad',
    7 => 'tp_cates_brands',
    8 => 'tp_cates_words',
    9 => 'tp_comm_attr',
    10 => 'tp_comm_photo',
    11 => 'tp_commodity',
    12 => 'tp_config',
    13 => 'tp_links',
    14 => 'tp_member_level',
    15 => 'tp_member_price',
    16 => 'tp_nav',
    17 => 'tp_product',
    18 => 'tp_recpos',
    19 => 'tp_recpos_comm',
    20 => 'tp_type',
  ),
)
[ info ] [ RUN ] app\admin\controller\Data->export[ B:\aaaweb\shop\application\admin\controller\Data.php ]
[ info ] [ SESSION ] INIT array (
  'id' => '',
  'var_session_id' => '',
  'prefix' => 'think',
  'type' => '',
  'auto_start' => true,
)
[ info ] [ LOG ] INIT File
---------------------------------------------------------------
[ 2019-07-14T12:37:36+08:00 ] 127.0.0.1 GET c.com/admin/data/export.html?id=0&start=0
[运行时间：0.044000s] [吞吐率：22.73req/s] [内存消耗：1,963.35kb] [文件加载：49]
[ info ] [ LANG ] B:\aaaweb\shop\thinkphp\lang\zh-cn.php
[ info ] [ ROUTE ] array (
  'type' => 'module',
  'module' => 
  array (
    0 => 'admin',
    1 => 'data',
    2 => 'export',
  ),
)
[ info ] [ HEADER ] array (
  'host' => 'c.com',
  'user-agent' => 'Mozilla/5.0 (Windows NT 6.1; Win64; x64; rv:68.0) Gecko/20100101 Firefox/68.0',
  'accept' => 'application/json, text/javascript, */*; q=0.01',
  'accept-language' => 'zh-CN,zh;q=0.8,zh-TW;q=0.7,zh-HK;q=0.5,en-US;q=0.3,en;q=0.2',
  'accept-encoding' => 'gzip, deflate',
  'x-requested-with' => 'XMLHttpRequest',
  'connection' => 'keep-alive',
  'referer' => 'http://c.com/admin/data/index.html',
  'cookie' => 'PHPSESSID=p9shgsnrcgoo8em878pn7g5kr7',
)
[ info ] [ PARAM ] array (
  '/admin/data/export_html' => '',
  'id' => '0',
  'start' => '0',
)
[ info ] [ RUN ] app\admin\controller\Data->export[ B:\aaaweb\shop\application\admin\controller\Data.php ]
[ info ] [ SESSION ] INIT array (
  'id' => '',
  'var_session_id' => '',
  'prefix' => 'think',
  'type' => '',
  'auto_start' => true,
)
[ info ] [ DB ] INIT mysql
[ info ] [ LOG ] INIT File
[ sql ] [ DB ] CONNECT:[ UseTime:0.010000s ] mysql:host=127.0.0.1;dbname=tested;charset=utf8
[ sql ] [ SQL ] SHOW CREATE TABLE `tp_alternate_img` [ RunTime:0.001000s ]
[ sql ] [ SQL ] SELECT COUNT(*) AS count FROM `tp_alternate_img` [ RunTime:0.000000s ]
[ sql ] [ SQL ] SELECT * FROM `tp_alternate_img` LIMIT 0, 1000 [ RunTime:0.000000s ]
---------------------------------------------------------------
[ 2019-07-14T12:37:36+08:00 ] 127.0.0.1 GET c.com/admin/data/export.html?id=1&start=0
[运行时间：0.035000s] [吞吐率：28.57req/s] [内存消耗：1,982.98kb] [文件加载：49]
[ info ] [ LANG ] B:\aaaweb\shop\thinkphp\lang\zh-cn.php
[ info ] [ ROUTE ] array (
  'type' => 'module',
  'module' => 
  array (
    0 => 'admin',
    1 => 'data',
    2 => 'export',
  ),
)
[ info ] [ HEADER ] array (
  'host' => 'c.com',
  'user-agent' => 'Mozilla/5.0 (Windows NT 6.1; Win64; x64; rv:68.0) Gecko/20100101 Firefox/68.0',
  'accept' => 'application/json, text/javascript, */*; q=0.01',
  'accept-language' => 'zh-CN,zh;q=0.8,zh-TW;q=0.7,zh-HK;q=0.5,en-US;q=0.3,en;q=0.2',
  'accept-encoding' => 'gzip, deflate',
  'x-requested-with' => 'XMLHttpRequest',
  'connection' => 'keep-alive',
  'referer' => 'http://c.com/admin/data/index.html',
  'cookie' => 'PHPSESSID=p9shgsnrcgoo8em878pn7g5kr7',
)
[ info ] [ PARAM ] array (
  '/admin/data/export_html' => '',
  'id' => '1',
  'start' => '0',
)
[ info ] [ RUN ] app\admin\controller\Data->export[ B:\aaaweb\shop\application\admin\controller\Data.php ]
[ info ] [ SESSION ] INIT array (
  'id' => '',
  'var_session_id' => '',
  'prefix' => 'think',
  'type' => '',
  'auto_start' => true,
)
[ info ] [ DB ] INIT mysql
[ info ] [ LOG ] INIT File
[ sql ] [ DB ] CONNECT:[ UseTime:0.000000s ] mysql:host=127.0.0.1;dbname=tested;charset=utf8
[ sql ] [ SQL ] SHOW CREATE TABLE `tp_article` [ RunTime:0.000000s ]
[ sql ] [ SQL ] SELECT COUNT(*) AS count FROM `tp_article` [ RunTime:0.000000s ]
[ sql ] [ SQL ] SELECT * FROM `tp_article` LIMIT 0, 1000 [ RunTime:0.000000s ]
---------------------------------------------------------------
[ 2019-07-14T12:37:36+08:00 ] 127.0.0.1 GET c.com/admin/data/export.html?id=2&start=0
[运行时间：0.035000s] [吞吐率：28.57req/s] [内存消耗：1,964.16kb] [文件加载：49]
[ info ] [ LANG ] B:\aaaweb\shop\thinkphp\lang\zh-cn.php
[ info ] [ ROUTE ] array (
  'type' => 'module',
  'module' => 
  array (
    0 => 'admin',
    1 => 'data',
    2 => 'export',
  ),
)
[ info ] [ HEADER ] array (
  'host' => 'c.com',
  'user-agent' => 'Mozilla/5.0 (Windows NT 6.1; Win64; x64; rv:68.0) Gecko/20100101 Firefox/68.0',
  'accept' => 'application/json, text/javascript, */*; q=0.01',
  'accept-language' => 'zh-CN,zh;q=0.8,zh-TW;q=0.7,zh-HK;q=0.5,en-US;q=0.3,en;q=0.2',
  'accept-encoding' => 'gzip, deflate',
  'x-requested-with' => 'XMLHttpRequest',
  'connection' => 'keep-alive',
  'referer' => 'http://c.com/admin/data/index.html',
  'cookie' => 'PHPSESSID=p9shgsnrcgoo8em878pn7g5kr7',
)
[ info ] [ PARAM ] array (
  '/admin/data/export_html' => '',
  'id' => '2',
  'start' => '0',
)
[ info ] [ RUN ] app\admin\controller\Data->export[ B:\aaaweb\shop\application\admin\controller\Data.php ]
[ info ] [ SESSION ] INIT array (
  'id' => '',
  'var_session_id' => '',
  'prefix' => 'think',
  'type' => '',
  'auto_start' => true,
)
[ info ] [ DB ] INIT mysql
[ info ] [ LOG ] INIT File
[ sql ] [ DB ] CONNECT:[ UseTime:0.000000s ] mysql:host=127.0.0.1;dbname=tested;charset=utf8
[ sql ] [ SQL ] SHOW CREATE TABLE `tp_attr` [ RunTime:0.000000s ]
[ sql ] [ SQL ] SELECT COUNT(*) AS count FROM `tp_attr` [ RunTime:0.000000s ]
[ sql ] [ SQL ] SELECT * FROM `tp_attr` LIMIT 0, 1000 [ RunTime:0.000000s ]
---------------------------------------------------------------
[ 2019-07-14T12:37:36+08:00 ] 127.0.0.1 GET c.com/admin/data/export.html?id=3&start=0
[运行时间：0.048000s] [吞吐率：20.83req/s] [内存消耗：1,995.90kb] [文件加载：49]
[ info ] [ LANG ] B:\aaaweb\shop\thinkphp\lang\zh-cn.php
[ info ] [ ROUTE ] array (
  'type' => 'module',
  'module' => 
  array (
    0 => 'admin',
    1 => 'data',
    2 => 'export',
  ),
)
[ info ] [ HEADER ] array (
  'host' => 'c.com',
  'user-agent' => 'Mozilla/5.0 (Windows NT 6.1; Win64; x64; rv:68.0) Gecko/20100101 Firefox/68.0',
  'accept' => 'application/json, text/javascript, */*; q=0.01',
  'accept-language' => 'zh-CN,zh;q=0.8,zh-TW;q=0.7,zh-HK;q=0.5,en-US;q=0.3,en;q=0.2',
  'accept-encoding' => 'gzip, deflate',
  'x-requested-with' => 'XMLHttpRequest',
  'connection' => 'keep-alive',
  'referer' => 'http://c.com/admin/data/index.html',
  'cookie' => 'PHPSESSID=p9shgsnrcgoo8em878pn7g5kr7',
)
[ info ] [ PARAM ] array (
  '/admin/data/export_html' => '',
  'id' => '3',
  'start' => '0',
)
[ info ] [ RUN ] app\admin\controller\Data->export[ B:\aaaweb\shop\application\admin\controller\Data.php ]
[ info ] [ SESSION ] INIT array (
  'id' => '',
  'var_session_id' => '',
  'prefix' => 'think',
  'type' => '',
  'auto_start' => true,
)
[ info ] [ DB ] INIT mysql
[ info ] [ LOG ] INIT File
[ sql ] [ DB ] CONNECT:[ UseTime:0.010000s ] mysql:host=127.0.0.1;dbname=tested;charset=utf8
[ sql ] [ SQL ] SHOW CREATE TABLE `tp_brand` [ RunTime:0.002000s ]
[ sql ] [ SQL ] SELECT COUNT(*) AS count FROM `tp_brand` [ RunTime:0.000000s ]
[ sql ] [ SQL ] SELECT * FROM `tp_brand` LIMIT 0, 1000 [ RunTime:0.000000s ]
---------------------------------------------------------------
[ 2019-07-14T12:37:36+08:00 ] 127.0.0.1 GET c.com/admin/data/export.html?id=4&start=0
[运行时间：0.044000s] [吞吐率：22.73req/s] [内存消耗：1,971.88kb] [文件加载：49]
[ info ] [ LANG ] B:\aaaweb\shop\thinkphp\lang\zh-cn.php
[ info ] [ ROUTE ] array (
  'type' => 'module',
  'module' => 
  array (
    0 => 'admin',
    1 => 'data',
    2 => 'export',
  ),
)
[ info ] [ HEADER ] array (
  'host' => 'c.com',
  'user-agent' => 'Mozilla/5.0 (Windows NT 6.1; Win64; x64; rv:68.0) Gecko/20100101 Firefox/68.0',
  'accept' => 'application/json, text/javascript, */*; q=0.01',
  'accept-language' => 'zh-CN,zh;q=0.8,zh-TW;q=0.7,zh-HK;q=0.5,en-US;q=0.3,en;q=0.2',
  'accept-encoding' => 'gzip, deflate',
  'x-requested-with' => 'XMLHttpRequest',
  'connection' => 'keep-alive',
  'referer' => 'http://c.com/admin/data/index.html',
  'cookie' => 'PHPSESSID=p9shgsnrcgoo8em878pn7g5kr7',
)
[ info ] [ PARAM ] array (
  '/admin/data/export_html' => '',
  'id' => '4',
  'start' => '0',
)
[ info ] [ RUN ] app\admin\controller\Data->export[ B:\aaaweb\shop\application\admin\controller\Data.php ]
[ info ] [ SESSION ] INIT array (
  'id' => '',
  'var_session_id' => '',
  'prefix' => 'think',
  'type' => '',
  'auto_start' => true,
)
[ info ] [ DB ] INIT mysql
[ info ] [ LOG ] INIT File
[ sql ] [ DB ] CONNECT:[ UseTime:0.010000s ] mysql:host=127.0.0.1;dbname=tested;charset=utf8
[ sql ] [ SQL ] SHOW CREATE TABLE `tp_category` [ RunTime:0.001000s ]
[ sql ] [ SQL ] SELECT COUNT(*) AS count FROM `tp_category` [ RunTime:0.000000s ]
[ sql ] [ SQL ] SELECT * FROM `tp_category` LIMIT 0, 1000 [ RunTime:0.000000s ]
---------------------------------------------------------------
[ 2019-07-14T12:37:36+08:00 ] 127.0.0.1 GET c.com/admin/data/export.html?id=5&start=0
[运行时间：0.044000s] [吞吐率：22.73req/s] [内存消耗：2,146.87kb] [文件加载：49]
[ info ] [ LANG ] B:\aaaweb\shop\thinkphp\lang\zh-cn.php
[ info ] [ ROUTE ] array (
  'type' => 'module',
  'module' => 
  array (
    0 => 'admin',
    1 => 'data',
    2 => 'export',
  ),
)
[ info ] [ HEADER ] array (
  'host' => 'c.com',
  'user-agent' => 'Mozilla/5.0 (Windows NT 6.1; Win64; x64; rv:68.0) Gecko/20100101 Firefox/68.0',
  'accept' => 'application/json, text/javascript, */*; q=0.01',
  'accept-language' => 'zh-CN,zh;q=0.8,zh-TW;q=0.7,zh-HK;q=0.5,en-US;q=0.3,en;q=0.2',
  'accept-encoding' => 'gzip, deflate',
  'x-requested-with' => 'XMLHttpRequest',
  'connection' => 'keep-alive',
  'referer' => 'http://c.com/admin/data/index.html',
  'cookie' => 'PHPSESSID=p9shgsnrcgoo8em878pn7g5kr7',
)
[ info ] [ PARAM ] array (
  '/admin/data/export_html' => '',
  'id' => '5',
  'start' => '0',
)
[ info ] [ RUN ] app\admin\controller\Data->export[ B:\aaaweb\shop\application\admin\controller\Data.php ]
[ info ] [ SESSION ] INIT array (
  'id' => '',
  'var_session_id' => '',
  'prefix' => 'think',
  'type' => '',
  'auto_start' => true,
)
[ info ] [ DB ] INIT mysql
[ info ] [ LOG ] INIT File
[ sql ] [ DB ] CONNECT:[ UseTime:0.000000s ] mysql:host=127.0.0.1;dbname=tested;charset=utf8
[ sql ] [ SQL ] SHOW CREATE TABLE `tp_cates` [ RunTime:0.000000s ]
[ sql ] [ SQL ] SELECT COUNT(*) AS count FROM `tp_cates` [ RunTime:0.000000s ]
[ sql ] [ SQL ] SELECT * FROM `tp_cates` LIMIT 0, 1000 [ RunTime:0.001000s ]
---------------------------------------------------------------
[ 2019-07-14T12:37:36+08:00 ] 127.0.0.1 GET c.com/admin/data/export.html?id=6&start=0
[运行时间：0.035000s] [吞吐率：28.57req/s] [内存消耗：1,966.32kb] [文件加载：49]
[ info ] [ LANG ] B:\aaaweb\shop\thinkphp\lang\zh-cn.php
[ info ] [ ROUTE ] array (
  'type' => 'module',
  'module' => 
  array (
    0 => 'admin',
    1 => 'data',
    2 => 'export',
  ),
)
[ info ] [ HEADER ] array (
  'host' => 'c.com',
  'user-agent' => 'Mozilla/5.0 (Windows NT 6.1; Win64; x64; rv:68.0) Gecko/20100101 Firefox/68.0',
  'accept' => 'application/json, text/javascript, */*; q=0.01',
  'accept-language' => 'zh-CN,zh;q=0.8,zh-TW;q=0.7,zh-HK;q=0.5,en-US;q=0.3,en;q=0.2',
  'accept-encoding' => 'gzip, deflate',
  'x-requested-with' => 'XMLHttpRequest',
  'connection' => 'keep-alive',
  'referer' => 'http://c.com/admin/data/index.html',
  'cookie' => 'PHPSESSID=p9shgsnrcgoo8em878pn7g5kr7',
)
[ info ] [ PARAM ] array (
  '/admin/data/export_html' => '',
  'id' => '6',
  'start' => '0',
)
[ info ] [ RUN ] app\admin\controller\Data->export[ B:\aaaweb\shop\application\admin\controller\Data.php ]
[ info ] [ SESSION ] INIT array (
  'id' => '',
  'var_session_id' => '',
  'prefix' => 'think',
  'type' => '',
  'auto_start' => true,
)
[ info ] [ DB ] INIT mysql
[ info ] [ LOG ] INIT File
[ sql ] [ DB ] CONNECT:[ UseTime:0.000000s ] mysql:host=127.0.0.1;dbname=tested;charset=utf8
[ sql ] [ SQL ] SHOW CREATE TABLE `tp_cates_ad` [ RunTime:0.000000s ]
[ sql ] [ SQL ] SELECT COUNT(*) AS count FROM `tp_cates_ad` [ RunTime:0.000000s ]
[ sql ] [ SQL ] SELECT * FROM `tp_cates_ad` LIMIT 0, 1000 [ RunTime:0.001000s ]
---------------------------------------------------------------
[ 2019-07-14T12:37:36+08:00 ] 127.0.0.1 GET c.com/admin/data/export.html?id=7&start=0
[运行时间：0.033000s] [吞吐率：30.30req/s] [内存消耗：1,963.96kb] [文件加载：49]
[ info ] [ LANG ] B:\aaaweb\shop\thinkphp\lang\zh-cn.php
[ info ] [ ROUTE ] array (
  'type' => 'module',
  'module' => 
  array (
    0 => 'admin',
    1 => 'data',
    2 => 'export',
  ),
)
[ info ] [ HEADER ] array (
  'host' => 'c.com',
  'user-agent' => 'Mozilla/5.0 (Windows NT 6.1; Win64; x64; rv:68.0) Gecko/20100101 Firefox/68.0',
  'accept' => 'application/json, text/javascript, */*; q=0.01',
  'accept-language' => 'zh-CN,zh;q=0.8,zh-TW;q=0.7,zh-HK;q=0.5,en-US;q=0.3,en;q=0.2',
  'accept-encoding' => 'gzip, deflate',
  'x-requested-with' => 'XMLHttpRequest',
  'connection' => 'keep-alive',
  'referer' => 'http://c.com/admin/data/index.html',
  'cookie' => 'PHPSESSID=p9shgsnrcgoo8em878pn7g5kr7',
)
[ info ] [ PARAM ] array (
  '/admin/data/export_html' => '',
  'id' => '7',
  'start' => '0',
)
[ info ] [ RUN ] app\admin\controller\Data->export[ B:\aaaweb\shop\application\admin\controller\Data.php ]
[ info ] [ SESSION ] INIT array (
  'id' => '',
  'var_session_id' => '',
  'prefix' => 'think',
  'type' => '',
  'auto_start' => true,
)
[ info ] [ DB ] INIT mysql
[ info ] [ LOG ] INIT File
[ sql ] [ DB ] CONNECT:[ UseTime:0.001000s ] mysql:host=127.0.0.1;dbname=tested;charset=utf8
[ sql ] [ SQL ] SHOW CREATE TABLE `tp_cates_brands` [ RunTime:0.001000s ]
[ sql ] [ SQL ] SELECT COUNT(*) AS count FROM `tp_cates_brands` [ RunTime:0.000000s ]
[ sql ] [ SQL ] SELECT * FROM `tp_cates_brands` LIMIT 0, 1000 [ RunTime:0.000000s ]
---------------------------------------------------------------
[ 2019-07-14T12:37:36+08:00 ] 127.0.0.1 GET c.com/admin/data/export.html?id=8&start=0
[运行时间：0.035000s] [吞吐率：28.57req/s] [内存消耗：1,968.58kb] [文件加载：49]
[ info ] [ LANG ] B:\aaaweb\shop\thinkphp\lang\zh-cn.php
[ info ] [ ROUTE ] array (
  'type' => 'module',
  'module' => 
  array (
    0 => 'admin',
    1 => 'data',
    2 => 'export',
  ),
)
[ info ] [ HEADER ] array (
  'host' => 'c.com',
  'user-agent' => 'Mozilla/5.0 (Windows NT 6.1; Win64; x64; rv:68.0) Gecko/20100101 Firefox/68.0',
  'accept' => 'application/json, text/javascript, */*; q=0.01',
  'accept-language' => 'zh-CN,zh;q=0.8,zh-TW;q=0.7,zh-HK;q=0.5,en-US;q=0.3,en;q=0.2',
  'accept-encoding' => 'gzip, deflate',
  'x-requested-with' => 'XMLHttpRequest',
  'connection' => 'keep-alive',
  'referer' => 'http://c.com/admin/data/index.html',
  'cookie' => 'PHPSESSID=p9shgsnrcgoo8em878pn7g5kr7',
)
[ info ] [ PARAM ] array (
  '/admin/data/export_html' => '',
  'id' => '8',
  'start' => '0',
)
[ info ] [ RUN ] app\admin\controller\Data->export[ B:\aaaweb\shop\application\admin\controller\Data.php ]
[ info ] [ SESSION ] INIT array (
  'id' => '',
  'var_session_id' => '',
  'prefix' => 'think',
  'type' => '',
  'auto_start' => true,
)
[ info ] [ DB ] INIT mysql
[ info ] [ LOG ] INIT File
[ sql ] [ DB ] CONNECT:[ UseTime:0.000000s ] mysql:host=127.0.0.1;dbname=tested;charset=utf8
[ sql ] [ SQL ] SHOW CREATE TABLE `tp_cates_words` [ RunTime:0.000000s ]
[ sql ] [ SQL ] SELECT COUNT(*) AS count FROM `tp_cates_words` [ RunTime:0.000000s ]
[ sql ] [ SQL ] SELECT * FROM `tp_cates_words` LIMIT 0, 1000 [ RunTime:0.001000s ]
---------------------------------------------------------------
[ 2019-07-14T12:37:36+08:00 ] 127.0.0.1 GET c.com/admin/data/export.html?id=9&start=0
[运行时间：0.034000s] [吞吐率：29.41req/s] [内存消耗：1,972.98kb] [文件加载：49]
[ info ] [ LANG ] B:\aaaweb\shop\thinkphp\lang\zh-cn.php
[ info ] [ ROUTE ] array (
  'type' => 'module',
  'module' => 
  array (
    0 => 'admin',
    1 => 'data',
    2 => 'export',
  ),
)
[ info ] [ HEADER ] array (
  'host' => 'c.com',
  'user-agent' => 'Mozilla/5.0 (Windows NT 6.1; Win64; x64; rv:68.0) Gecko/20100101 Firefox/68.0',
  'accept' => 'application/json, text/javascript, */*; q=0.01',
  'accept-language' => 'zh-CN,zh;q=0.8,zh-TW;q=0.7,zh-HK;q=0.5,en-US;q=0.3,en;q=0.2',
  'accept-encoding' => 'gzip, deflate',
  'x-requested-with' => 'XMLHttpRequest',
  'connection' => 'keep-alive',
  'referer' => 'http://c.com/admin/data/index.html',
  'cookie' => 'PHPSESSID=p9shgsnrcgoo8em878pn7g5kr7',
)
[ info ] [ PARAM ] array (
  '/admin/data/export_html' => '',
  'id' => '9',
  'start' => '0',
)
[ info ] [ RUN ] app\admin\controller\Data->export[ B:\aaaweb\shop\application\admin\controller\Data.php ]
[ info ] [ SESSION ] INIT array (
  'id' => '',
  'var_session_id' => '',
  'prefix' => 'think',
  'type' => '',
  'auto_start' => true,
)
[ info ] [ DB ] INIT mysql
[ info ] [ LOG ] INIT File
[ sql ] [ DB ] CONNECT:[ UseTime:0.001000s ] mysql:host=127.0.0.1;dbname=tested;charset=utf8
[ sql ] [ SQL ] SHOW CREATE TABLE `tp_comm_attr` [ RunTime:0.000000s ]
[ sql ] [ SQL ] SELECT COUNT(*) AS count FROM `tp_comm_attr` [ RunTime:0.000000s ]
[ sql ] [ SQL ] SELECT * FROM `tp_comm_attr` LIMIT 0, 1000 [ RunTime:0.000000s ]
---------------------------------------------------------------
[ 2019-07-14T12:37:36+08:00 ] 127.0.0.1 GET c.com/admin/data/export.html?id=10&start=0
[运行时间：0.033000s] [吞吐率：30.30req/s] [内存消耗：1,963.29kb] [文件加载：49]
[ info ] [ LANG ] B:\aaaweb\shop\thinkphp\lang\zh-cn.php
[ info ] [ ROUTE ] array (
  'type' => 'module',
  'module' => 
  array (
    0 => 'admin',
    1 => 'data',
    2 => 'export',
  ),
)
[ info ] [ HEADER ] array (
  'host' => 'c.com',
  'user-agent' => 'Mozilla/5.0 (Windows NT 6.1; Win64; x64; rv:68.0) Gecko/20100101 Firefox/68.0',
  'accept' => 'application/json, text/javascript, */*; q=0.01',
  'accept-language' => 'zh-CN,zh;q=0.8,zh-TW;q=0.7,zh-HK;q=0.5,en-US;q=0.3,en;q=0.2',
  'accept-encoding' => 'gzip, deflate',
  'x-requested-with' => 'XMLHttpRequest',
  'connection' => 'keep-alive',
  'referer' => 'http://c.com/admin/data/index.html',
  'cookie' => 'PHPSESSID=p9shgsnrcgoo8em878pn7g5kr7',
)
[ info ] [ PARAM ] array (
  '/admin/data/export_html' => '',
  'id' => '10',
  'start' => '0',
)
[ info ] [ RUN ] app\admin\controller\Data->export[ B:\aaaweb\shop\application\admin\controller\Data.php ]
[ info ] [ SESSION ] INIT array (
  'id' => '',
  'var_session_id' => '',
  'prefix' => 'think',
  'type' => '',
  'auto_start' => true,
)
[ info ] [ DB ] INIT mysql
[ info ] [ LOG ] INIT File
[ sql ] [ DB ] CONNECT:[ UseTime:0.000000s ] mysql:host=127.0.0.1;dbname=tested;charset=utf8
[ sql ] [ SQL ] SHOW CREATE TABLE `tp_comm_photo` [ RunTime:0.000000s ]
[ sql ] [ SQL ] SELECT COUNT(*) AS count FROM `tp_comm_photo` [ RunTime:0.001000s ]
[ sql ] [ SQL ] SELECT * FROM `tp_comm_photo` LIMIT 0, 1000 [ RunTime:0.000000s ]
---------------------------------------------------------------
[ 2019-07-14T12:37:36+08:00 ] 127.0.0.1 GET c.com/admin/data/export.html?id=11&start=0
[运行时间：0.038000s] [吞吐率：26.32req/s] [内存消耗：2,114.92kb] [文件加载：49]
[ info ] [ LANG ] B:\aaaweb\shop\thinkphp\lang\zh-cn.php
[ info ] [ ROUTE ] array (
  'type' => 'module',
  'module' => 
  array (
    0 => 'admin',
    1 => 'data',
    2 => 'export',
  ),
)
[ info ] [ HEADER ] array (
  'host' => 'c.com',
  'user-agent' => 'Mozilla/5.0 (Windows NT 6.1; Win64; x64; rv:68.0) Gecko/20100101 Firefox/68.0',
  'accept' => 'application/json, text/javascript, */*; q=0.01',
  'accept-language' => 'zh-CN,zh;q=0.8,zh-TW;q=0.7,zh-HK;q=0.5,en-US;q=0.3,en;q=0.2',
  'accept-encoding' => 'gzip, deflate',
  'x-requested-with' => 'XMLHttpRequest',
  'connection' => 'keep-alive',
  'referer' => 'http://c.com/admin/data/index.html',
  'cookie' => 'PHPSESSID=p9shgsnrcgoo8em878pn7g5kr7',
)
[ info ] [ PARAM ] array (
  '/admin/data/export_html' => '',
  'id' => '11',
  'start' => '0',
)
[ info ] [ RUN ] app\admin\controller\Data->export[ B:\aaaweb\shop\application\admin\controller\Data.php ]
[ info ] [ SESSION ] INIT array (
  'id' => '',
  'var_session_id' => '',
  'prefix' => 'think',
  'type' => '',
  'auto_start' => true,
)
[ info ] [ DB ] INIT mysql
[ info ] [ LOG ] INIT File
[ sql ] [ DB ] CONNECT:[ UseTime:0.000000s ] mysql:host=127.0.0.1;dbname=tested;charset=utf8
[ sql ] [ SQL ] SHOW CREATE TABLE `tp_commodity` [ RunTime:0.000000s ]
[ sql ] [ SQL ] SELECT COUNT(*) AS count FROM `tp_commodity` [ RunTime:0.001000s ]
[ sql ] [ SQL ] SELECT * FROM `tp_commodity` LIMIT 0, 1000 [ RunTime:0.000000s ]
---------------------------------------------------------------
[ 2019-07-14T12:37:36+08:00 ] 127.0.0.1 GET c.com/admin/data/export.html?id=12&start=0
[运行时间：0.044000s] [吞吐率：22.73req/s] [内存消耗：1,971.63kb] [文件加载：49]
[ info ] [ LANG ] B:\aaaweb\shop\thinkphp\lang\zh-cn.php
[ info ] [ ROUTE ] array (
  'type' => 'module',
  'module' => 
  array (
    0 => 'admin',
    1 => 'data',
    2 => 'export',
  ),
)
[ info ] [ HEADER ] array (
  'host' => 'c.com',
  'user-agent' => 'Mozilla/5.0 (Windows NT 6.1; Win64; x64; rv:68.0) Gecko/20100101 Firefox/68.0',
  'accept' => 'application/json, text/javascript, */*; q=0.01',
  'accept-language' => 'zh-CN,zh;q=0.8,zh-TW;q=0.7,zh-HK;q=0.5,en-US;q=0.3,en;q=0.2',
  'accept-encoding' => 'gzip, deflate',
  'x-requested-with' => 'XMLHttpRequest',
  'connection' => 'keep-alive',
  'referer' => 'http://c.com/admin/data/index.html',
  'cookie' => 'PHPSESSID=p9shgsnrcgoo8em878pn7g5kr7',
)
[ info ] [ PARAM ] array (
  '/admin/data/export_html' => '',
  'id' => '12',
  'start' => '0',
)
[ info ] [ RUN ] app\admin\controller\Data->export[ B:\aaaweb\shop\application\admin\controller\Data.php ]
[ info ] [ SESSION ] INIT array (
  'id' => '',
  'var_session_id' => '',
  'prefix' => 'think',
  'type' => '',
  'auto_start' => true,
)
[ info ] [ DB ] INIT mysql
[ info ] [ LOG ] INIT File
[ sql ] [ DB ] CONNECT:[ UseTime:0.010000s ] mysql:host=127.0.0.1;dbname=tested;charset=utf8
[ sql ] [ SQL ] SHOW CREATE TABLE `tp_config` [ RunTime:0.000000s ]
[ sql ] [ SQL ] SELECT COUNT(*) AS count FROM `tp_config` [ RunTime:0.000000s ]
[ sql ] [ SQL ] SELECT * FROM `tp_config` LIMIT 0, 1000 [ RunTime:0.001000s ]
---------------------------------------------------------------
[ 2019-07-14T12:37:36+08:00 ] 127.0.0.1 GET c.com/admin/data/export.html?id=13&start=0
[运行时间：0.044000s] [吞吐率：22.73req/s] [内存消耗：1,963.04kb] [文件加载：49]
[ info ] [ LANG ] B:\aaaweb\shop\thinkphp\lang\zh-cn.php
[ info ] [ ROUTE ] array (
  'type' => 'module',
  'module' => 
  array (
    0 => 'admin',
    1 => 'data',
    2 => 'export',
  ),
)
[ info ] [ HEADER ] array (
  'host' => 'c.com',
  'user-agent' => 'Mozilla/5.0 (Windows NT 6.1; Win64; x64; rv:68.0) Gecko/20100101 Firefox/68.0',
  'accept' => 'application/json, text/javascript, */*; q=0.01',
  'accept-language' => 'zh-CN,zh;q=0.8,zh-TW;q=0.7,zh-HK;q=0.5,en-US;q=0.3,en;q=0.2',
  'accept-encoding' => 'gzip, deflate',
  'x-requested-with' => 'XMLHttpRequest',
  'connection' => 'keep-alive',
  'referer' => 'http://c.com/admin/data/index.html',
  'cookie' => 'PHPSESSID=p9shgsnrcgoo8em878pn7g5kr7',
)
[ info ] [ PARAM ] array (
  '/admin/data/export_html' => '',
  'id' => '13',
  'start' => '0',
)
[ info ] [ RUN ] app\admin\controller\Data->export[ B:\aaaweb\shop\application\admin\controller\Data.php ]
[ info ] [ SESSION ] INIT array (
  'id' => '',
  'var_session_id' => '',
  'prefix' => 'think',
  'type' => '',
  'auto_start' => true,
)
[ info ] [ DB ] INIT mysql
[ info ] [ LOG ] INIT File
[ sql ] [ DB ] CONNECT:[ UseTime:0.010000s ] mysql:host=127.0.0.1;dbname=tested;charset=utf8
[ sql ] [ SQL ] SHOW CREATE TABLE `tp_links` [ RunTime:0.001000s ]
[ sql ] [ SQL ] SELECT COUNT(*) AS count FROM `tp_links` [ RunTime:0.000000s ]
[ sql ] [ SQL ] SELECT * FROM `tp_links` LIMIT 0, 1000 [ RunTime:0.001000s ]
---------------------------------------------------------------
[ 2019-07-14T12:37:36+08:00 ] 127.0.0.1 GET c.com/admin/data/export.html?id=14&start=0
[运行时间：0.044000s] [吞吐率：22.73req/s] [内存消耗：1,962.63kb] [文件加载：49]
[ info ] [ LANG ] B:\aaaweb\shop\thinkphp\lang\zh-cn.php
[ info ] [ ROUTE ] array (
  'type' => 'module',
  'module' => 
  array (
    0 => 'admin',
    1 => 'data',
    2 => 'export',
  ),
)
[ info ] [ HEADER ] array (
  'host' => 'c.com',
  'user-agent' => 'Mozilla/5.0 (Windows NT 6.1; Win64; x64; rv:68.0) Gecko/20100101 Firefox/68.0',
  'accept' => 'application/json, text/javascript, */*; q=0.01',
  'accept-language' => 'zh-CN,zh;q=0.8,zh-TW;q=0.7,zh-HK;q=0.5,en-US;q=0.3,en;q=0.2',
  'accept-encoding' => 'gzip, deflate',
  'x-requested-with' => 'XMLHttpRequest',
  'connection' => 'keep-alive',
  'referer' => 'http://c.com/admin/data/index.html',
  'cookie' => 'PHPSESSID=p9shgsnrcgoo8em878pn7g5kr7',
)
[ info ] [ PARAM ] array (
  '/admin/data/export_html' => '',
  'id' => '14',
  'start' => '0',
)
[ info ] [ RUN ] app\admin\controller\Data->export[ B:\aaaweb\shop\application\admin\controller\Data.php ]
[ info ] [ SESSION ] INIT array (
  'id' => '',
  'var_session_id' => '',
  'prefix' => 'think',
  'type' => '',
  'auto_start' => true,
)
[ info ] [ DB ] INIT mysql
[ info ] [ LOG ] INIT File
[ sql ] [ DB ] CONNECT:[ UseTime:0.010000s ] mysql:host=127.0.0.1;dbname=tested;charset=utf8
[ sql ] [ SQL ] SHOW CREATE TABLE `tp_member_level` [ RunTime:0.000000s ]
[ sql ] [ SQL ] SELECT COUNT(*) AS count FROM `tp_member_level` [ RunTime:0.000000s ]
[ sql ] [ SQL ] SELECT * FROM `tp_member_level` LIMIT 0, 1000 [ RunTime:0.001000s ]
---------------------------------------------------------------
[ 2019-07-14T12:37:36+08:00 ] 127.0.0.1 GET c.com/admin/data/export.html?id=15&start=0
[运行时间：0.045000s] [吞吐率：22.22req/s] [内存消耗：1,975.27kb] [文件加载：49]
[ info ] [ LANG ] B:\aaaweb\shop\thinkphp\lang\zh-cn.php
[ info ] [ ROUTE ] array (
  'type' => 'module',
  'module' => 
  array (
    0 => 'admin',
    1 => 'data',
    2 => 'export',
  ),
)
[ info ] [ HEADER ] array (
  'host' => 'c.com',
  'user-agent' => 'Mozilla/5.0 (Windows NT 6.1; Win64; x64; rv:68.0) Gecko/20100101 Firefox/68.0',
  'accept' => 'application/json, text/javascript, */*; q=0.01',
  'accept-language' => 'zh-CN,zh;q=0.8,zh-TW;q=0.7,zh-HK;q=0.5,en-US;q=0.3,en;q=0.2',
  'accept-encoding' => 'gzip, deflate',
  'x-requested-with' => 'XMLHttpRequest',
  'connection' => 'keep-alive',
  'referer' => 'http://c.com/admin/data/index.html',
  'cookie' => 'PHPSESSID=p9shgsnrcgoo8em878pn7g5kr7',
)
[ info ] [ PARAM ] array (
  '/admin/data/export_html' => '',
  'id' => '15',
  'start' => '0',
)
[ info ] [ RUN ] app\admin\controller\Data->export[ B:\aaaweb\shop\application\admin\controller\Data.php ]
[ info ] [ SESSION ] INIT array (
  'id' => '',
  'var_session_id' => '',
  'prefix' => 'think',
  'type' => '',
  'auto_start' => true,
)
[ info ] [ DB ] INIT mysql
[ info ] [ LOG ] INIT File
[ sql ] [ DB ] CONNECT:[ UseTime:0.011000s ] mysql:host=127.0.0.1;dbname=tested;charset=utf8
[ sql ] [ SQL ] SHOW CREATE TABLE `tp_member_price` [ RunTime:0.000000s ]
[ sql ] [ SQL ] SELECT COUNT(*) AS count FROM `tp_member_price` [ RunTime:0.000000s ]
[ sql ] [ SQL ] SELECT * FROM `tp_member_price` LIMIT 0, 1000 [ RunTime:0.001000s ]
---------------------------------------------------------------
[ 2019-07-14T12:37:36+08:00 ] 127.0.0.1 GET c.com/admin/data/export.html?id=16&start=0
[运行时间：0.046000s] [吞吐率：21.74req/s] [内存消耗：1,966.14kb] [文件加载：49]
[ info ] [ LANG ] B:\aaaweb\shop\thinkphp\lang\zh-cn.php
[ info ] [ ROUTE ] array (
  'type' => 'module',
  'module' => 
  array (
    0 => 'admin',
    1 => 'data',
    2 => 'export',
  ),
)
[ info ] [ HEADER ] array (
  'host' => 'c.com',
  'user-agent' => 'Mozilla/5.0 (Windows NT 6.1; Win64; x64; rv:68.0) Gecko/20100101 Firefox/68.0',
  'accept' => 'application/json, text/javascript, */*; q=0.01',
  'accept-language' => 'zh-CN,zh;q=0.8,zh-TW;q=0.7,zh-HK;q=0.5,en-US;q=0.3,en;q=0.2',
  'accept-encoding' => 'gzip, deflate',
  'x-requested-with' => 'XMLHttpRequest',
  'connection' => 'keep-alive',
  'referer' => 'http://c.com/admin/data/index.html',
  'cookie' => 'PHPSESSID=p9shgsnrcgoo8em878pn7g5kr7',
)
[ info ] [ PARAM ] array (
  '/admin/data/export_html' => '',
  'id' => '16',
  'start' => '0',
)
[ info ] [ RUN ] app\admin\controller\Data->export[ B:\aaaweb\shop\application\admin\controller\Data.php ]
[ info ] [ SESSION ] INIT array (
  'id' => '',
  'var_session_id' => '',
  'prefix' => 'think',
  'type' => '',
  'auto_start' => true,
)
[ info ] [ DB ] INIT mysql
[ info ] [ LOG ] INIT File
[ sql ] [ DB ] CONNECT:[ UseTime:0.010000s ] mysql:host=127.0.0.1;dbname=tested;charset=utf8
[ sql ] [ SQL ] SHOW CREATE TABLE `tp_nav` [ RunTime:0.000000s ]
[ sql ] [ SQL ] SELECT COUNT(*) AS count FROM `tp_nav` [ RunTime:0.001000s ]
[ sql ] [ SQL ] SELECT * FROM `tp_nav` LIMIT 0, 1000 [ RunTime:0.000000s ]
---------------------------------------------------------------
[ 2019-07-14T12:37:36+08:00 ] 127.0.0.1 GET c.com/admin/data/export.html?id=17&start=0
[运行时间：0.036000s] [吞吐率：27.78req/s] [内存消耗：1,962.23kb] [文件加载：49]
[ info ] [ LANG ] B:\aaaweb\shop\thinkphp\lang\zh-cn.php
[ info ] [ ROUTE ] array (
  'type' => 'module',
  'module' => 
  array (
    0 => 'admin',
    1 => 'data',
    2 => 'export',
  ),
)
[ info ] [ HEADER ] array (
  'host' => 'c.com',
  'user-agent' => 'Mozilla/5.0 (Windows NT 6.1; Win64; x64; rv:68.0) Gecko/20100101 Firefox/68.0',
  'accept' => 'application/json, text/javascript, */*; q=0.01',
  'accept-language' => 'zh-CN,zh;q=0.8,zh-TW;q=0.7,zh-HK;q=0.5,en-US;q=0.3,en;q=0.2',
  'accept-encoding' => 'gzip, deflate',
  'x-requested-with' => 'XMLHttpRequest',
  'connection' => 'keep-alive',
  'referer' => 'http://c.com/admin/data/index.html',
  'cookie' => 'PHPSESSID=p9shgsnrcgoo8em878pn7g5kr7',
)
[ info ] [ PARAM ] array (
  '/admin/data/export_html' => '',
  'id' => '17',
  'start' => '0',
)
[ info ] [ RUN ] app\admin\controller\Data->export[ B:\aaaweb\shop\application\admin\controller\Data.php ]
[ info ] [ SESSION ] INIT array (
  'id' => '',
  'var_session_id' => '',
  'prefix' => 'think',
  'type' => '',
  'auto_start' => true,
)
[ info ] [ DB ] INIT mysql
[ info ] [ LOG ] INIT File
[ sql ] [ DB ] CONNECT:[ UseTime:0.000000s ] mysql:host=127.0.0.1;dbname=tested;charset=utf8
[ sql ] [ SQL ] SHOW CREATE TABLE `tp_product` [ RunTime:0.000000s ]
[ sql ] [ SQL ] SELECT COUNT(*) AS count FROM `tp_product` [ RunTime:0.001000s ]
[ sql ] [ SQL ] SELECT * FROM `tp_product` LIMIT 0, 1000 [ RunTime:0.000000s ]
---------------------------------------------------------------
[ 2019-07-14T12:37:37+08:00 ] 127.0.0.1 GET c.com/admin/data/export.html?id=18&start=0
[运行时间：0.036000s] [吞吐率：27.78req/s] [内存消耗：1,961.53kb] [文件加载：49]
[ info ] [ LANG ] B:\aaaweb\shop\thinkphp\lang\zh-cn.php
[ info ] [ ROUTE ] array (
  'type' => 'module',
  'module' => 
  array (
    0 => 'admin',
    1 => 'data',
    2 => 'export',
  ),
)
[ info ] [ HEADER ] array (
  'host' => 'c.com',
  'user-agent' => 'Mozilla/5.0 (Windows NT 6.1; Win64; x64; rv:68.0) Gecko/20100101 Firefox/68.0',
  'accept' => 'application/json, text/javascript, */*; q=0.01',
  'accept-language' => 'zh-CN,zh;q=0.8,zh-TW;q=0.7,zh-HK;q=0.5,en-US;q=0.3,en;q=0.2',
  'accept-encoding' => 'gzip, deflate',
  'x-requested-with' => 'XMLHttpRequest',
  'connection' => 'keep-alive',
  'referer' => 'http://c.com/admin/data/index.html',
  'cookie' => 'PHPSESSID=p9shgsnrcgoo8em878pn7g5kr7',
)
[ info ] [ PARAM ] array (
  '/admin/data/export_html' => '',
  'id' => '18',
  'start' => '0',
)
[ info ] [ RUN ] app\admin\controller\Data->export[ B:\aaaweb\shop\application\admin\controller\Data.php ]
[ info ] [ SESSION ] INIT array (
  'id' => '',
  'var_session_id' => '',
  'prefix' => 'think',
  'type' => '',
  'auto_start' => true,
)
[ info ] [ DB ] INIT mysql
[ info ] [ LOG ] INIT File
[ sql ] [ DB ] CONNECT:[ UseTime:0.001000s ] mysql:host=127.0.0.1;dbname=tested;charset=utf8
[ sql ] [ SQL ] SHOW CREATE TABLE `tp_recpos` [ RunTime:0.000000s ]
[ sql ] [ SQL ] SELECT COUNT(*) AS count FROM `tp_recpos` [ RunTime:0.000000s ]
[ sql ] [ SQL ] SELECT * FROM `tp_recpos` LIMIT 0, 1000 [ RunTime:0.000000s ]
---------------------------------------------------------------
[ 2019-07-14T12:37:37+08:00 ] 127.0.0.1 GET c.com/admin/data/export.html?id=19&start=0
[运行时间：0.037000s] [吞吐率：27.03req/s] [内存消耗：1,975.10kb] [文件加载：49]
[ info ] [ LANG ] B:\aaaweb\shop\thinkphp\lang\zh-cn.php
[ info ] [ ROUTE ] array (
  'type' => 'module',
  'module' => 
  array (
    0 => 'admin',
    1 => 'data',
    2 => 'export',
  ),
)
[ info ] [ HEADER ] array (
  'host' => 'c.com',
  'user-agent' => 'Mozilla/5.0 (Windows NT 6.1; Win64; x64; rv:68.0) Gecko/20100101 Firefox/68.0',
  'accept' => 'application/json, text/javascript, */*; q=0.01',
  'accept-language' => 'zh-CN,zh;q=0.8,zh-TW;q=0.7,zh-HK;q=0.5,en-US;q=0.3,en;q=0.2',
  'accept-encoding' => 'gzip, deflate',
  'x-requested-with' => 'XMLHttpRequest',
  'connection' => 'keep-alive',
  'referer' => 'http://c.com/admin/data/index.html',
  'cookie' => 'PHPSESSID=p9shgsnrcgoo8em878pn7g5kr7',
)
[ info ] [ PARAM ] array (
  '/admin/data/export_html' => '',
  'id' => '19',
  'start' => '0',
)
[ info ] [ RUN ] app\admin\controller\Data->export[ B:\aaaweb\shop\application\admin\controller\Data.php ]
[ info ] [ SESSION ] INIT array (
  'id' => '',
  'var_session_id' => '',
  'prefix' => 'think',
  'type' => '',
  'auto_start' => true,
)
[ info ] [ DB ] INIT mysql
[ info ] [ LOG ] INIT File
[ sql ] [ DB ] CONNECT:[ UseTime:0.000000s ] mysql:host=127.0.0.1;dbname=tested;charset=utf8
[ sql ] [ SQL ] SHOW CREATE TABLE `tp_recpos_comm` [ RunTime:0.000000s ]
[ sql ] [ SQL ] SELECT COUNT(*) AS count FROM `tp_recpos_comm` [ RunTime:0.000000s ]
[ sql ] [ SQL ] SELECT * FROM `tp_recpos_comm` LIMIT 0, 1000 [ RunTime:0.000000s ]
---------------------------------------------------------------
[ 2019-07-14T12:37:37+08:00 ] 127.0.0.1 GET c.com/admin/data/export.html?id=20&start=0
[运行时间：0.044000s] [吞吐率：22.73req/s] [内存消耗：1,957.97kb] [文件加载：49]
[ info ] [ LANG ] B:\aaaweb\shop\thinkphp\lang\zh-cn.php
[ info ] [ ROUTE ] array (
  'type' => 'module',
  'module' => 
  array (
    0 => 'admin',
    1 => 'data',
    2 => 'export',
  ),
)
[ info ] [ HEADER ] array (
  'host' => 'c.com',
  'user-agent' => 'Mozilla/5.0 (Windows NT 6.1; Win64; x64; rv:68.0) Gecko/20100101 Firefox/68.0',
  'accept' => 'application/json, text/javascript, */*; q=0.01',
  'accept-language' => 'zh-CN,zh;q=0.8,zh-TW;q=0.7,zh-HK;q=0.5,en-US;q=0.3,en;q=0.2',
  'accept-encoding' => 'gzip, deflate',
  'x-requested-with' => 'XMLHttpRequest',
  'connection' => 'keep-alive',
  'referer' => 'http://c.com/admin/data/index.html',
  'cookie' => 'PHPSESSID=p9shgsnrcgoo8em878pn7g5kr7',
)
[ info ] [ PARAM ] array (
  '/admin/data/export_html' => '',
  'id' => '20',
  'start' => '0',
)
[ info ] [ RUN ] app\admin\controller\Data->export[ B:\aaaweb\shop\application\admin\controller\Data.php ]
[ info ] [ SESSION ] INIT array (
  'id' => '',
  'var_session_id' => '',
  'prefix' => 'think',
  'type' => '',
  'auto_start' => true,
)
[ info ] [ DB ] INIT mysql
[ info ] [ LOG ] INIT File
[ sql ] [ DB ] CONNECT:[ UseTime:0.010000s ] mysql:host=127.0.0.1;dbname=tested;charset=utf8
[ sql ] [ SQL ] SHOW CREATE TABLE `tp_type` [ RunTime:0.001000s ]
[ sql ] [ SQL ] SELECT COUNT(*) AS count FROM `tp_type` [ RunTime:0.000000s ]
[ sql ] [ SQL ] SELECT * FROM `tp_type` LIMIT 0, 1000 [ RunTime:0.001000s ]
---------------------------------------------------------------
[ 2019-07-14T12:37:39+08:00 ] 127.0.0.1 GET c.com/admin/data/importlist.html
[运行时间：0.029000s] [吞吐率：34.48req/s] [内存消耗：1,860.88kb] [文件加载：48]
[ info ] [ LANG ] B:\aaaweb\shop\thinkphp\lang\zh-cn.php
[ info ] [ ROUTE ] array (
  'type' => 'module',
  'module' => 
  array (
    0 => 'admin',
    1 => 'data',
    2 => 'importlist',
  ),
)
[ info ] [ HEADER ] array (
  'host' => 'c.com',
  'user-agent' => 'Mozilla/5.0 (Windows NT 6.1; Win64; x64; rv:68.0) Gecko/20100101 Firefox/68.0',
  'accept' => 'text/html,application/xhtml+xml,application/xml;q=0.9,*/*;q=0.8',
  'accept-language' => 'zh-CN,zh;q=0.8,zh-TW;q=0.7,zh-HK;q=0.5,en-US;q=0.3,en;q=0.2',
  'accept-encoding' => 'gzip, deflate',
  'connection' => 'keep-alive',
  'referer' => 'http://c.com/admin/data/index.html',
  'cookie' => 'PHPSESSID=p9shgsnrcgoo8em878pn7g5kr7',
  'upgrade-insecure-requests' => '1',
)
[ info ] [ PARAM ] array (
  '/admin/data/importlist_html' => '',
)
[ info ] [ RUN ] app\admin\controller\Data->importlist[ B:\aaaweb\shop\application\admin\controller\Data.php ]
[ info ] [ VIEW ] B:\aaaweb\shop\public/../application/admin\view\data\importlist.html [ array (
  0 => 'list',
) ]
[ info ] [ LOG ] INIT File
[ error ] [2]fclose() expects parameter 1 to be resource, null given[B:\aaaweb\shop\extend\tp5er\Backup.php:428]
---------------------------------------------------------------
[ 2019-07-14T12:37:39+08:00 ] 127.0.0.1 GET c.com/static/admin/fonts/fontawesome-webfont.woff2?v=4.3.0
[运行时间：0.021000s] [吞吐率：47.62req/s] [内存消耗：1,386.88kb] [文件加载：38]
[ info ] [ LANG ] B:\aaaweb\shop\thinkphp\lang\zh-cn.php
[ info ] [ ROUTE ] array (
  'type' => 'module',
  'module' => 
  array (
    0 => 'static',
    1 => 'admin',
    2 => 'fonts',
  ),
)
[ info ] [ HEADER ] array (
  'host' => 'c.com',
  'user-agent' => 'Mozilla/5.0 (Windows NT 6.1; Win64; x64; rv:68.0) Gecko/20100101 Firefox/68.0',
  'accept' => 'application/font-woff2;q=1.0,application/font-woff;q=0.9,*/*;q=0.8',
  'accept-language' => 'zh-CN,zh;q=0.8,zh-TW;q=0.7,zh-HK;q=0.5,en-US;q=0.3,en;q=0.2',
  'accept-encoding' => 'identity',
  'connection' => 'keep-alive',
  'referer' => 'http://c.com/static/admin/style/font-awesome.css',
  'cookie' => 'PHPSESSID=p9shgsnrcgoo8em878pn7g5kr7',
)
[ info ] [ PARAM ] array (
  '/static/admin/fonts/fontawesome-webfont_woff2' => '',
  'v' => '4.3.0',
)
[ info ] [ LOG ] INIT File
---------------------------------------------------------------
[ 2019-07-14T12:37:42+08:00 ] 127.0.0.1 GET c.com/admin/data/del/time/1560072245.html
[运行时间：0.027000s] [吞吐率：37.04req/s] [内存消耗：1,925.51kb] [文件加载：50]
[ info ] [ LANG ] B:\aaaweb\shop\thinkphp\lang\zh-cn.php
[ info ] [ ROUTE ] array (
  'type' => 'module',
  'module' => 
  array (
    0 => 'admin',
    1 => 'data',
    2 => 'del',
  ),
)
[ info ] [ HEADER ] array (
  'host' => 'c.com',
  'user-agent' => 'Mozilla/5.0 (Windows NT 6.1; Win64; x64; rv:68.0) Gecko/20100101 Firefox/68.0',
  'accept' => 'text/html,application/xhtml+xml,application/xml;q=0.9,*/*;q=0.8',
  'accept-language' => 'zh-CN,zh;q=0.8,zh-TW;q=0.7,zh-HK;q=0.5,en-US;q=0.3,en;q=0.2',
  'accept-encoding' => 'gzip, deflate',
  'connection' => 'keep-alive',
  'referer' => 'http://c.com/admin/data/importlist.html',
  'cookie' => 'PHPSESSID=p9shgsnrcgoo8em878pn7g5kr7',
  'upgrade-insecure-requests' => '1',
)
[ info ] [ PARAM ] array (
  '/admin/data/del/time/1560072245_html' => '',
  'time' => '1560072245',
)
[ info ] [ RUN ] app\admin\controller\Data->del[ B:\aaaweb\shop\application\admin\controller\Data.php ]
[ info ] [ VIEW ] B:\aaaweb\shop\thinkphp\tpl\dispatch_jump.tpl [ array (
  0 => 'code',
  1 => 'msg',
  2 => 'data',
  3 => 'url',
  4 => 'wait',
) ]
[ info ] [ LOG ] INIT File
[ error ] [2]fclose() expects parameter 1 to be resource, null given[B:\aaaweb\shop\extend\tp5er\Backup.php:428]
---------------------------------------------------------------
[ 2019-07-14T12:37:43+08:00 ] 127.0.0.1 GET c.com/admin/data/importlist.html
[运行时间：0.028000s] [吞吐率：35.71req/s] [内存消耗：1,860.46kb] [文件加载：48]
[ info ] [ LANG ] B:\aaaweb\shop\thinkphp\lang\zh-cn.php
[ info ] [ ROUTE ] array (
  'type' => 'module',
  'module' => 
  array (
    0 => 'admin',
    1 => 'data',
    2 => 'importlist',
  ),
)
[ info ] [ HEADER ] array (
  'host' => 'c.com',
  'user-agent' => 'Mozilla/5.0 (Windows NT 6.1; Win64; x64; rv:68.0) Gecko/20100101 Firefox/68.0',
  'accept' => 'text/html,application/xhtml+xml,application/xml;q=0.9,*/*;q=0.8',
  'accept-language' => 'zh-CN,zh;q=0.8,zh-TW;q=0.7,zh-HK;q=0.5,en-US;q=0.3,en;q=0.2',
  'accept-encoding' => 'gzip, deflate',
  'connection' => 'keep-alive',
  'referer' => 'http://c.com/admin/data/del/time/1560072245.html',
  'cookie' => 'PHPSESSID=p9shgsnrcgoo8em878pn7g5kr7',
  'upgrade-insecure-requests' => '1',
)
[ info ] [ PARAM ] array (
  '/admin/data/importlist_html' => '',
)
[ info ] [ RUN ] app\admin\controller\Data->importlist[ B:\aaaweb\shop\application\admin\controller\Data.php ]
[ info ] [ VIEW ] B:\aaaweb\shop\public/../application/admin\view\data\importlist.html [ array (
  0 => 'list',
) ]
[ info ] [ LOG ] INIT File
[ error ] [2]fclose() expects parameter 1 to be resource, null given[B:\aaaweb\shop\extend\tp5er\Backup.php:428]
---------------------------------------------------------------
[ 2019-07-14T12:37:43+08:00 ] 127.0.0.1 GET c.com/static/admin/fonts/fontawesome-webfont.woff2?v=4.3.0
[运行时间：0.021000s] [吞吐率：47.62req/s] [内存消耗：1,386.88kb] [文件加载：38]
[ info ] [ LANG ] B:\aaaweb\shop\thinkphp\lang\zh-cn.php
[ info ] [ ROUTE ] array (
  'type' => 'module',
  'module' => 
  array (
    0 => 'static',
    1 => 'admin',
    2 => 'fonts',
  ),
)
[ info ] [ HEADER ] array (
  'host' => 'c.com',
  'user-agent' => 'Mozilla/5.0 (Windows NT 6.1; Win64; x64; rv:68.0) Gecko/20100101 Firefox/68.0',
  'accept' => 'application/font-woff2;q=1.0,application/font-woff;q=0.9,*/*;q=0.8',
  'accept-language' => 'zh-CN,zh;q=0.8,zh-TW;q=0.7,zh-HK;q=0.5,en-US;q=0.3,en;q=0.2',
  'accept-encoding' => 'identity',
  'connection' => 'keep-alive',
  'referer' => 'http://c.com/static/admin/style/font-awesome.css',
  'cookie' => 'PHPSESSID=p9shgsnrcgoo8em878pn7g5kr7',
)
[ info ] [ PARAM ] array (
  '/static/admin/fonts/fontawesome-webfont_woff2' => '',
  'v' => '4.3.0',
)
[ info ] [ LOG ] INIT File
---------------------------------------------------------------
[ 2019-07-14T12:37:44+08:00 ] 127.0.0.1 GET c.com/admin/data/del/time/1561873860.html
[运行时间：0.027000s] [吞吐率：37.04req/s] [内存消耗：1,784.80kb] [文件加载：48]
[ info ] [ LANG ] B:\aaaweb\shop\thinkphp\lang\zh-cn.php
[ info ] [ ROUTE ] array (
  'type' => 'module',
  'module' => 
  array (
    0 => 'admin',
    1 => 'data',
    2 => 'del',
  ),
)
[ info ] [ HEADER ] array (
  'host' => 'c.com',
  'user-agent' => 'Mozilla/5.0 (Windows NT 6.1; Win64; x64; rv:68.0) Gecko/20100101 Firefox/68.0',
  'accept' => 'text/html,application/xhtml+xml,application/xml;q=0.9,*/*;q=0.8',
  'accept-language' => 'zh-CN,zh;q=0.8,zh-TW;q=0.7,zh-HK;q=0.5,en-US;q=0.3,en;q=0.2',
  'accept-encoding' => 'gzip, deflate',
  'connection' => 'keep-alive',
  'referer' => 'http://c.com/admin/data/importlist.html',
  'cookie' => 'PHPSESSID=p9shgsnrcgoo8em878pn7g5kr7',
  'upgrade-insecure-requests' => '1',
)
[ info ] [ PARAM ] array (
  '/admin/data/del/time/1561873860_html' => '',
  'time' => '1561873860',
)
[ info ] [ RUN ] app\admin\controller\Data->del[ B:\aaaweb\shop\application\admin\controller\Data.php ]
[ info ] [ VIEW ] B:\aaaweb\shop\thinkphp\tpl\dispatch_jump.tpl [ array (
  0 => 'code',
  1 => 'msg',
  2 => 'data',
  3 => 'url',
  4 => 'wait',
) ]
[ info ] [ LOG ] INIT File
[ error ] [2]fclose() expects parameter 1 to be resource, null given[B:\aaaweb\shop\extend\tp5er\Backup.php:428]
---------------------------------------------------------------
[ 2019-07-14T12:37:45+08:00 ] 127.0.0.1 GET c.com/admin/data/importlist.html
[运行时间：0.030000s] [吞吐率：33.33req/s] [内存消耗：1,859.84kb] [文件加载：48]
[ info ] [ LANG ] B:\aaaweb\shop\thinkphp\lang\zh-cn.php
[ info ] [ ROUTE ] array (
  'type' => 'module',
  'module' => 
  array (
    0 => 'admin',
    1 => 'data',
    2 => 'importlist',
  ),
)
[ info ] [ HEADER ] array (
  'host' => 'c.com',
  'user-agent' => 'Mozilla/5.0 (Windows NT 6.1; Win64; x64; rv:68.0) Gecko/20100101 Firefox/68.0',
  'accept' => 'text/html,application/xhtml+xml,application/xml;q=0.9,*/*;q=0.8',
  'accept-language' => 'zh-CN,zh;q=0.8,zh-TW;q=0.7,zh-HK;q=0.5,en-US;q=0.3,en;q=0.2',
  'accept-encoding' => 'gzip, deflate',
  'connection' => 'keep-alive',
  'referer' => 'http://c.com/admin/data/del/time/1561873860.html',
  'cookie' => 'PHPSESSID=p9shgsnrcgoo8em878pn7g5kr7',
  'upgrade-insecure-requests' => '1',
)
[ info ] [ PARAM ] array (
  '/admin/data/importlist_html' => '',
)
[ info ] [ RUN ] app\admin\controller\Data->importlist[ B:\aaaweb\shop\application\admin\controller\Data.php ]
[ info ] [ VIEW ] B:\aaaweb\shop\public/../application/admin\view\data\importlist.html [ array (
  0 => 'list',
) ]
[ info ] [ LOG ] INIT File
[ error ] [2]fclose() expects parameter 1 to be resource, null given[B:\aaaweb\shop\extend\tp5er\Backup.php:428]
---------------------------------------------------------------
[ 2019-07-14T12:37:45+08:00 ] 127.0.0.1 GET c.com/static/admin/fonts/fontawesome-webfont.woff2?v=4.3.0
[运行时间：0.022000s] [吞吐率：45.45req/s] [内存消耗：1,386.88kb] [文件加载：38]
[ info ] [ LANG ] B:\aaaweb\shop\thinkphp\lang\zh-cn.php
[ info ] [ ROUTE ] array (
  'type' => 'module',
  'module' => 
  array (
    0 => 'static',
    1 => 'admin',
    2 => 'fonts',
  ),
)
[ info ] [ HEADER ] array (
  'host' => 'c.com',
  'user-agent' => 'Mozilla/5.0 (Windows NT 6.1; Win64; x64; rv:68.0) Gecko/20100101 Firefox/68.0',
  'accept' => 'application/font-woff2;q=1.0,application/font-woff;q=0.9,*/*;q=0.8',
  'accept-language' => 'zh-CN,zh;q=0.8,zh-TW;q=0.7,zh-HK;q=0.5,en-US;q=0.3,en;q=0.2',
  'accept-encoding' => 'identity',
  'connection' => 'keep-alive',
  'referer' => 'http://c.com/static/admin/style/font-awesome.css',
  'cookie' => 'PHPSESSID=p9shgsnrcgoo8em878pn7g5kr7',
)
[ info ] [ PARAM ] array (
  '/static/admin/fonts/fontawesome-webfont_woff2' => '',
  'v' => '4.3.0',
)
[ info ] [ LOG ] INIT File
---------------------------------------------------------------
[ 2019-07-14T12:37:46+08:00 ] 127.0.0.1 GET c.com/admin/data/del/time/1561876077.html
[运行时间：0.025000s] [吞吐率：40.00req/s] [内存消耗：1,784.80kb] [文件加载：48]
[ info ] [ LANG ] B:\aaaweb\shop\thinkphp\lang\zh-cn.php
[ info ] [ ROUTE ] array (
  'type' => 'module',
  'module' => 
  array (
    0 => 'admin',
    1 => 'data',
    2 => 'del',
  ),
)
[ info ] [ HEADER ] array (
  'host' => 'c.com',
  'user-agent' => 'Mozilla/5.0 (Windows NT 6.1; Win64; x64; rv:68.0) Gecko/20100101 Firefox/68.0',
  'accept' => 'text/html,application/xhtml+xml,application/xml;q=0.9,*/*;q=0.8',
  'accept-language' => 'zh-CN,zh;q=0.8,zh-TW;q=0.7,zh-HK;q=0.5,en-US;q=0.3,en;q=0.2',
  'accept-encoding' => 'gzip, deflate',
  'connection' => 'keep-alive',
  'referer' => 'http://c.com/admin/data/importlist.html',
  'cookie' => 'PHPSESSID=p9shgsnrcgoo8em878pn7g5kr7',
  'upgrade-insecure-requests' => '1',
)
[ info ] [ PARAM ] array (
  '/admin/data/del/time/1561876077_html' => '',
  'time' => '1561876077',
)
[ info ] [ RUN ] app\admin\controller\Data->del[ B:\aaaweb\shop\application\admin\controller\Data.php ]
[ info ] [ VIEW ] B:\aaaweb\shop\thinkphp\tpl\dispatch_jump.tpl [ array (
  0 => 'code',
  1 => 'msg',
  2 => 'data',
  3 => 'url',
  4 => 'wait',
) ]
[ info ] [ LOG ] INIT File
[ error ] [2]fclose() expects parameter 1 to be resource, null given[B:\aaaweb\shop\extend\tp5er\Backup.php:428]
---------------------------------------------------------------
[ 2019-07-14T12:37:47+08:00 ] 127.0.0.1 GET c.com/admin/data/importlist.html
[运行时间：0.030000s] [吞吐率：33.33req/s] [内存消耗：1,859.36kb] [文件加载：48]
[ info ] [ LANG ] B:\aaaweb\shop\thinkphp\lang\zh-cn.php
[ info ] [ ROUTE ] array (
  'type' => 'module',
  'module' => 
  array (
    0 => 'admin',
    1 => 'data',
    2 => 'importlist',
  ),
)
[ info ] [ HEADER ] array (
  'host' => 'c.com',
  'user-agent' => 'Mozilla/5.0 (Windows NT 6.1; Win64; x64; rv:68.0) Gecko/20100101 Firefox/68.0',
  'accept' => 'text/html,application/xhtml+xml,application/xml;q=0.9,*/*;q=0.8',
  'accept-language' => 'zh-CN,zh;q=0.8,zh-TW;q=0.7,zh-HK;q=0.5,en-US;q=0.3,en;q=0.2',
  'accept-encoding' => 'gzip, deflate',
  'connection' => 'keep-alive',
  'referer' => 'http://c.com/admin/data/del/time/1561876077.html',
  'cookie' => 'PHPSESSID=p9shgsnrcgoo8em878pn7g5kr7',
  'upgrade-insecure-requests' => '1',
)
[ info ] [ PARAM ] array (
  '/admin/data/importlist_html' => '',
)
[ info ] [ RUN ] app\admin\controller\Data->importlist[ B:\aaaweb\shop\application\admin\controller\Data.php ]
[ info ] [ VIEW ] B:\aaaweb\shop\public/../application/admin\view\data\importlist.html [ array (
  0 => 'list',
) ]
[ info ] [ LOG ] INIT File
[ error ] [2]fclose() expects parameter 1 to be resource, null given[B:\aaaweb\shop\extend\tp5er\Backup.php:428]
---------------------------------------------------------------
[ 2019-07-14T12:37:47+08:00 ] 127.0.0.1 GET c.com/static/admin/fonts/fontawesome-webfont.woff2?v=4.3.0
[运行时间：0.025000s] [吞吐率：40.00req/s] [内存消耗：1,386.88kb] [文件加载：38]
[ info ] [ LANG ] B:\aaaweb\shop\thinkphp\lang\zh-cn.php
[ info ] [ ROUTE ] array (
  'type' => 'module',
  'module' => 
  array (
    0 => 'static',
    1 => 'admin',
    2 => 'fonts',
  ),
)
[ info ] [ HEADER ] array (
  'host' => 'c.com',
  'user-agent' => 'Mozilla/5.0 (Windows NT 6.1; Win64; x64; rv:68.0) Gecko/20100101 Firefox/68.0',
  'accept' => 'application/font-woff2;q=1.0,application/font-woff;q=0.9,*/*;q=0.8',
  'accept-language' => 'zh-CN,zh;q=0.8,zh-TW;q=0.7,zh-HK;q=0.5,en-US;q=0.3,en;q=0.2',
  'accept-encoding' => 'identity',
  'connection' => 'keep-alive',
  'referer' => 'http://c.com/static/admin/style/font-awesome.css',
  'cookie' => 'PHPSESSID=p9shgsnrcgoo8em878pn7g5kr7',
)
[ info ] [ PARAM ] array (
  '/static/admin/fonts/fontawesome-webfont_woff2' => '',
  'v' => '4.3.0',
)
[ info ] [ LOG ] INIT File
---------------------------------------------------------------
[ 2019-07-14T12:37:49+08:00 ] 127.0.0.1 GET c.com/admin/data/del/time/1561885299.html
[运行时间：0.026000s] [吞吐率：38.46req/s] [内存消耗：1,784.80kb] [文件加载：48]
[ info ] [ LANG ] B:\aaaweb\shop\thinkphp\lang\zh-cn.php
[ info ] [ ROUTE ] array (
  'type' => 'module',
  'module' => 
  array (
    0 => 'admin',
    1 => 'data',
    2 => 'del',
  ),
)
[ info ] [ HEADER ] array (
  'host' => 'c.com',
  'user-agent' => 'Mozilla/5.0 (Windows NT 6.1; Win64; x64; rv:68.0) Gecko/20100101 Firefox/68.0',
  'accept' => 'text/html,application/xhtml+xml,application/xml;q=0.9,*/*;q=0.8',
  'accept-language' => 'zh-CN,zh;q=0.8,zh-TW;q=0.7,zh-HK;q=0.5,en-US;q=0.3,en;q=0.2',
  'accept-encoding' => 'gzip, deflate',
  'connection' => 'keep-alive',
  'referer' => 'http://c.com/admin/data/importlist.html',
  'cookie' => 'PHPSESSID=p9shgsnrcgoo8em878pn7g5kr7',
  'upgrade-insecure-requests' => '1',
)
[ info ] [ PARAM ] array (
  '/admin/data/del/time/1561885299_html' => '',
  'time' => '1561885299',
)
[ info ] [ RUN ] app\admin\controller\Data->del[ B:\aaaweb\shop\application\admin\controller\Data.php ]
[ info ] [ VIEW ] B:\aaaweb\shop\thinkphp\tpl\dispatch_jump.tpl [ array (
  0 => 'code',
  1 => 'msg',
  2 => 'data',
  3 => 'url',
  4 => 'wait',
) ]
[ info ] [ LOG ] INIT File
[ error ] [2]fclose() expects parameter 1 to be resource, null given[B:\aaaweb\shop\extend\tp5er\Backup.php:428]
---------------------------------------------------------------
[ 2019-07-14T12:37:50+08:00 ] 127.0.0.1 GET c.com/admin/data/importlist.html
[运行时间：0.029000s] [吞吐率：34.48req/s] [内存消耗：1,858.80kb] [文件加载：48]
[ info ] [ LANG ] B:\aaaweb\shop\thinkphp\lang\zh-cn.php
[ info ] [ ROUTE ] array (
  'type' => 'module',
  'module' => 
  array (
    0 => 'admin',
    1 => 'data',
    2 => 'importlist',
  ),
)
[ info ] [ HEADER ] array (
  'host' => 'c.com',
  'user-agent' => 'Mozilla/5.0 (Windows NT 6.1; Win64; x64; rv:68.0) Gecko/20100101 Firefox/68.0',
  'accept' => 'text/html,application/xhtml+xml,application/xml;q=0.9,*/*;q=0.8',
  'accept-language' => 'zh-CN,zh;q=0.8,zh-TW;q=0.7,zh-HK;q=0.5,en-US;q=0.3,en;q=0.2',
  'accept-encoding' => 'gzip, deflate',
  'connection' => 'keep-alive',
  'referer' => 'http://c.com/admin/data/del/time/1561885299.html',
  'cookie' => 'PHPSESSID=p9shgsnrcgoo8em878pn7g5kr7',
  'upgrade-insecure-requests' => '1',
)
[ info ] [ PARAM ] array (
  '/admin/data/importlist_html' => '',
)
[ info ] [ RUN ] app\admin\controller\Data->importlist[ B:\aaaweb\shop\application\admin\controller\Data.php ]
[ info ] [ VIEW ] B:\aaaweb\shop\public/../application/admin\view\data\importlist.html [ array (
  0 => 'list',
) ]
[ info ] [ LOG ] INIT File
[ error ] [2]fclose() expects parameter 1 to be resource, null given[B:\aaaweb\shop\extend\tp5er\Backup.php:428]
---------------------------------------------------------------
[ 2019-07-14T12:37:50+08:00 ] 127.0.0.1 GET c.com/static/admin/fonts/fontawesome-webfont.woff2?v=4.3.0
[运行时间：0.023000s] [吞吐率：43.48req/s] [内存消耗：1,386.88kb] [文件加载：38]
[ info ] [ LANG ] B:\aaaweb\shop\thinkphp\lang\zh-cn.php
[ info ] [ ROUTE ] array (
  'type' => 'module',
  'module' => 
  array (
    0 => 'static',
    1 => 'admin',
    2 => 'fonts',
  ),
)
[ info ] [ HEADER ] array (
  'host' => 'c.com',
  'user-agent' => 'Mozilla/5.0 (Windows NT 6.1; Win64; x64; rv:68.0) Gecko/20100101 Firefox/68.0',
  'accept' => 'application/font-woff2;q=1.0,application/font-woff;q=0.9,*/*;q=0.8',
  'accept-language' => 'zh-CN,zh;q=0.8,zh-TW;q=0.7,zh-HK;q=0.5,en-US;q=0.3,en;q=0.2',
  'accept-encoding' => 'identity',
  'connection' => 'keep-alive',
  'referer' => 'http://c.com/static/admin/style/font-awesome.css',
  'cookie' => 'PHPSESSID=p9shgsnrcgoo8em878pn7g5kr7',
)
[ info ] [ PARAM ] array (
  '/static/admin/fonts/fontawesome-webfont_woff2' => '',
  'v' => '4.3.0',
)
[ info ] [ LOG ] INIT File
---------------------------------------------------------------
[ 2019-07-14T12:37:51+08:00 ] 127.0.0.1 GET c.com/admin/data/del/time/1561891525.html
[运行时间：0.025000s] [吞吐率：40.00req/s] [内存消耗：1,784.80kb] [文件加载：48]
[ info ] [ LANG ] B:\aaaweb\shop\thinkphp\lang\zh-cn.php
[ info ] [ ROUTE ] array (
  'type' => 'module',
  'module' => 
  array (
    0 => 'admin',
    1 => 'data',
    2 => 'del',
  ),
)
[ info ] [ HEADER ] array (
  'host' => 'c.com',
  'user-agent' => 'Mozilla/5.0 (Windows NT 6.1; Win64; x64; rv:68.0) Gecko/20100101 Firefox/68.0',
  'accept' => 'text/html,application/xhtml+xml,application/xml;q=0.9,*/*;q=0.8',
  'accept-language' => 'zh-CN,zh;q=0.8,zh-TW;q=0.7,zh-HK;q=0.5,en-US;q=0.3,en;q=0.2',
  'accept-encoding' => 'gzip, deflate',
  'connection' => 'keep-alive',
  'referer' => 'http://c.com/admin/data/importlist.html',
  'cookie' => 'PHPSESSID=p9shgsnrcgoo8em878pn7g5kr7',
  'upgrade-insecure-requests' => '1',
)
[ info ] [ PARAM ] array (
  '/admin/data/del/time/1561891525_html' => '',
  'time' => '1561891525',
)
[ info ] [ RUN ] app\admin\controller\Data->del[ B:\aaaweb\shop\application\admin\controller\Data.php ]
[ info ] [ VIEW ] B:\aaaweb\shop\thinkphp\tpl\dispatch_jump.tpl [ array (
  0 => 'code',
  1 => 'msg',
  2 => 'data',
  3 => 'url',
  4 => 'wait',
) ]
[ info ] [ LOG ] INIT File
[ error ] [2]fclose() expects parameter 1 to be resource, null given[B:\aaaweb\shop\extend\tp5er\Backup.php:428]
---------------------------------------------------------------
[ 2019-07-14T12:37:52+08:00 ] 127.0.0.1 GET c.com/admin/data/importlist.html
[运行时间：0.028000s] [吞吐率：35.71req/s] [内存消耗：1,858.25kb] [文件加载：48]
[ info ] [ LANG ] B:\aaaweb\shop\thinkphp\lang\zh-cn.php
[ info ] [ ROUTE ] array (
  'type' => 'module',
  'module' => 
  array (
    0 => 'admin',
    1 => 'data',
    2 => 'importlist',
  ),
)
[ info ] [ HEADER ] array (
  'host' => 'c.com',
  'user-agent' => 'Mozilla/5.0 (Windows NT 6.1; Win64; x64; rv:68.0) Gecko/20100101 Firefox/68.0',
  'accept' => 'text/html,application/xhtml+xml,application/xml;q=0.9,*/*;q=0.8',
  'accept-language' => 'zh-CN,zh;q=0.8,zh-TW;q=0.7,zh-HK;q=0.5,en-US;q=0.3,en;q=0.2',
  'accept-encoding' => 'gzip, deflate',
  'connection' => 'keep-alive',
  'referer' => 'http://c.com/admin/data/del/time/1561891525.html',
  'cookie' => 'PHPSESSID=p9shgsnrcgoo8em878pn7g5kr7',
  'upgrade-insecure-requests' => '1',
)
[ info ] [ PARAM ] array (
  '/admin/data/importlist_html' => '',
)
[ info ] [ RUN ] app\admin\controller\Data->importlist[ B:\aaaweb\shop\application\admin\controller\Data.php ]
[ info ] [ VIEW ] B:\aaaweb\shop\public/../application/admin\view\data\importlist.html [ array (
  0 => 'list',
) ]
[ info ] [ LOG ] INIT File
[ error ] [2]fclose() expects parameter 1 to be resource, null given[B:\aaaweb\shop\extend\tp5er\Backup.php:428]
---------------------------------------------------------------
[ 2019-07-14T12:37:52+08:00 ] 127.0.0.1 GET c.com/static/admin/fonts/fontawesome-webfont.woff2?v=4.3.0
[运行时间：0.022000s] [吞吐率：45.45req/s] [内存消耗：1,386.88kb] [文件加载：38]
[ info ] [ LANG ] B:\aaaweb\shop\thinkphp\lang\zh-cn.php
[ info ] [ ROUTE ] array (
  'type' => 'module',
  'module' => 
  array (
    0 => 'static',
    1 => 'admin',
    2 => 'fonts',
  ),
)
[ info ] [ HEADER ] array (
  'host' => 'c.com',
  'user-agent' => 'Mozilla/5.0 (Windows NT 6.1; Win64; x64; rv:68.0) Gecko/20100101 Firefox/68.0',
  'accept' => 'application/font-woff2;q=1.0,application/font-woff;q=0.9,*/*;q=0.8',
  'accept-language' => 'zh-CN,zh;q=0.8,zh-TW;q=0.7,zh-HK;q=0.5,en-US;q=0.3,en;q=0.2',
  'accept-encoding' => 'identity',
  'connection' => 'keep-alive',
  'referer' => 'http://c.com/static/admin/style/font-awesome.css',
  'cookie' => 'PHPSESSID=p9shgsnrcgoo8em878pn7g5kr7',
)
[ info ] [ PARAM ] array (
  '/static/admin/fonts/fontawesome-webfont_woff2' => '',
  'v' => '4.3.0',
)
[ info ] [ LOG ] INIT File
