---------------------------------------------------------------
[ 2019-07-21T16:49:57+08:00 ] 127.0.0.1 GET c.com/member/user/reg/reg.html
[运行时间：0.027000s] [吞吐率：37.04req/s] [内存消耗：1,761.36kb] [文件加载：49]
[ info ] [ LANG ] B:\aaaweb\shop\thinkphp\lang\zh-cn.php
[ info ] [ ROUTE ] array (
  'type' => 'module',
  'module' => 
  array (
    0 => 'member',
    1 => 'user',
    2 => 'reg',
  ),
)
[ info ] [ HEADER ] array (
  'host' => 'c.com',
  'user-agent' => 'Mozilla/5.0 (Windows NT 6.1; Win64; x64; rv:68.0) Gecko/20100101 Firefox/68.0',
  'accept' => 'text/html,application/xhtml+xml,application/xml;q=0.9,*/*;q=0.8',
  'accept-language' => 'zh-CN,zh;q=0.8,zh-TW;q=0.7,zh-HK;q=0.5,en-US;q=0.3,en;q=0.2',
  'accept-encoding' => 'gzip, deflate',
  'connection' => 'keep-alive',
  'cookie' => 'PHPSESSID=1i894cs6tk2edjd925p67u58g2',
  'upgrade-insecure-requests' => '1',
  'cache-control' => 'max-age=0',
)
[ info ] [ PARAM ] array (
)
[ info ] [ CACHE ] INIT File
[ info ] [ LOG ] INIT File
---------------------------------------------------------------
[ 2019-07-21T16:49:58+08:00 ] 127.0.0.1 GET c.com/member/user/reg/reg.html
[运行时间：0.026000s] [吞吐率：38.46req/s] [内存消耗：1,761.34kb] [文件加载：49]
[ info ] [ LANG ] B:\aaaweb\shop\thinkphp\lang\zh-cn.php
[ info ] [ ROUTE ] array (
  'type' => 'module',
  'module' => 
  array (
    0 => 'member',
    1 => 'user',
    2 => 'reg',
  ),
)
[ info ] [ HEADER ] array (
  'host' => 'c.com',
  'user-agent' => 'Mozilla/5.0 (Windows NT 6.1; Win64; x64; rv:68.0) Gecko/20100101 Firefox/68.0',
  'accept' => 'text/html,application/xhtml+xml,application/xml;q=0.9,*/*;q=0.8',
  'accept-language' => 'zh-CN,zh;q=0.8,zh-TW;q=0.7,zh-HK;q=0.5,en-US;q=0.3,en;q=0.2',
  'accept-encoding' => 'gzip, deflate',
  'connection' => 'keep-alive',
  'cookie' => 'PHPSESSID=1i894cs6tk2edjd925p67u58g2',
  'upgrade-insecure-requests' => '1',
  'cache-control' => 'max-age=0',
)
[ info ] [ PARAM ] array (
)
[ info ] [ CACHE ] INIT File
[ info ] [ LOG ] INIT File
---------------------------------------------------------------
[ 2019-07-21T16:49:58+08:00 ] 127.0.0.1 GET c.com/member/user/reg/reg.html
[运行时间：0.025000s] [吞吐率：40.00req/s] [内存消耗：1,761.34kb] [文件加载：49]
[ info ] [ LANG ] B:\aaaweb\shop\thinkphp\lang\zh-cn.php
[ info ] [ ROUTE ] array (
  'type' => 'module',
  'module' => 
  array (
    0 => 'member',
    1 => 'user',
    2 => 'reg',
  ),
)
[ info ] [ HEADER ] array (
  'host' => 'c.com',
  'user-agent' => 'Mozilla/5.0 (Windows NT 6.1; Win64; x64; rv:68.0) Gecko/20100101 Firefox/68.0',
  'accept' => 'text/html,application/xhtml+xml,application/xml;q=0.9,*/*;q=0.8',
  'accept-language' => 'zh-CN,zh;q=0.8,zh-TW;q=0.7,zh-HK;q=0.5,en-US;q=0.3,en;q=0.2',
  'accept-encoding' => 'gzip, deflate',
  'connection' => 'keep-alive',
  'cookie' => 'PHPSESSID=1i894cs6tk2edjd925p67u58g2',
  'upgrade-insecure-requests' => '1',
  'cache-control' => 'max-age=0',
)
[ info ] [ PARAM ] array (
)
[ info ] [ CACHE ] INIT File
[ info ] [ LOG ] INIT File
---------------------------------------------------------------
[ 2019-07-21T16:51:47+08:00 ] 127.0.0.1 GET c.com/member/user/reg/reg.html
[运行时间：0.027000s] [吞吐率：37.04req/s] [内存消耗：1,769.61kb] [文件加载：49]
[ info ] [ LANG ] B:\aaaweb\shop\thinkphp\lang\zh-cn.php
[ info ] [ ROUTE ] array (
  'type' => 'module',
  'module' => 
  array (
    0 => 'member',
    1 => 'user',
    2 => 'reg',
  ),
)
[ info ] [ HEADER ] array (
  'host' => 'c.com',
  'user-agent' => 'Mozilla/5.0 (Windows NT 6.1; Win64; x64; rv:68.0) Gecko/20100101 Firefox/68.0',
  'accept' => 'text/html,application/xhtml+xml,application/xml;q=0.9,*/*;q=0.8',
  'accept-language' => 'zh-CN,zh;q=0.8,zh-TW;q=0.7,zh-HK;q=0.5,en-US;q=0.3,en;q=0.2',
  'accept-encoding' => 'gzip, deflate',
  'connection' => 'keep-alive',
  'cookie' => 'PHPSESSID=1i894cs6tk2edjd925p67u58g2',
  'upgrade-insecure-requests' => '1',
  'cache-control' => 'max-age=0',
)
[ info ] [ PARAM ] array (
)
[ info ] [ CACHE ] INIT File
[ info ] [ LOG ] INIT File
[ error ] [1]Call to undefined function app\member\controller\getBottomArts()[B:\aaaweb\shop\application\member\controller\User.php:24]
---------------------------------------------------------------
[ 2019-07-21T16:52:21+08:00 ] 127.0.0.1 GET c.com/admin/data/index.html
[运行时间：0.039000s] [吞吐率：25.64req/s] [内存消耗：2,357.23kb] [文件加载：54]
[ info ] [ LANG ] B:\aaaweb\shop\thinkphp\lang\zh-cn.php
[ info ] [ ROUTE ] array (
  'type' => 'module',
  'module' => 
  array (
    0 => 'admin',
    1 => 'data',
    2 => 'index',
  ),
)
[ info ] [ HEADER ] array (
  'host' => 'c.com',
  'user-agent' => 'Mozilla/5.0 (Windows NT 6.1; Win64; x64; rv:68.0) Gecko/20100101 Firefox/68.0',
  'accept' => 'text/html,application/xhtml+xml,application/xml;q=0.9,*/*;q=0.8',
  'accept-language' => 'zh-CN,zh;q=0.8,zh-TW;q=0.7,zh-HK;q=0.5,en-US;q=0.3,en;q=0.2',
  'accept-encoding' => 'gzip, deflate',
  'connection' => 'keep-alive',
  'referer' => 'http://c.com/admin/type/lst.html',
  'cookie' => 'PHPSESSID=1i894cs6tk2edjd925p67u58g2',
  'upgrade-insecure-requests' => '1',
)
[ info ] [ PARAM ] array (
)
[ info ] [ RUN ] app\admin\controller\Data->index[ B:\aaaweb\shop\application\admin\controller\Data.php ]
[ info ] [ DB ] INIT mysql
[ info ] [ VIEW ] B:\aaaweb\shop\public/../application/admin\view\data\index.html [ array (
  0 => 'list',
) ]
[ info ] [ LOG ] INIT File
[ sql ] [ DB ] CONNECT:[ UseTime:0.001000s ] mysql:host=127.0.0.1;dbname=tested;charset=utf8
[ sql ] [ SQL ] SHOW TABLE STATUS [ RunTime:0.004000s ]
[ error ] [2]fclose() expects parameter 1 to be resource, null given[B:\aaaweb\shop\extend\tp5er\Backup.php:428]
---------------------------------------------------------------
[ 2019-07-21T16:52:21+08:00 ] 127.0.0.1 GET c.com/static/admin/fonts/fontawesome-webfont.woff2?v=4.3.0
[运行时间：0.022000s] [吞吐率：45.45req/s] [内存消耗：1,385.05kb] [文件加载：38]
[ info ] [ LANG ] B:\aaaweb\shop\thinkphp\lang\zh-cn.php
[ info ] [ ROUTE ] array (
  'type' => 'module',
  'module' => 
  array (
    0 => 'static',
    1 => 'admin',
    2 => 'fonts',
  ),
)
[ info ] [ HEADER ] array (
  'host' => 'c.com',
  'user-agent' => 'Mozilla/5.0 (Windows NT 6.1; Win64; x64; rv:68.0) Gecko/20100101 Firefox/68.0',
  'accept' => 'application/font-woff2;q=1.0,application/font-woff;q=0.9,*/*;q=0.8',
  'accept-language' => 'zh-CN,zh;q=0.8,zh-TW;q=0.7,zh-HK;q=0.5,en-US;q=0.3,en;q=0.2',
  'accept-encoding' => 'identity',
  'connection' => 'keep-alive',
  'referer' => 'http://c.com/static/admin/style/font-awesome.css',
  'cookie' => 'PHPSESSID=1i894cs6tk2edjd925p67u58g2',
)
[ info ] [ PARAM ] array (
  'v' => '4.3.0',
)
[ info ] [ LOG ] INIT File
---------------------------------------------------------------
[ 2019-07-21T16:52:22+08:00 ] 127.0.0.1 POST c.com/admin/data/export.html
[运行时间：0.026000s] [吞吐率：38.46req/s] [内存消耗：1,743.35kb] [文件加载：45]
[ info ] [ LANG ] B:\aaaweb\shop\thinkphp\lang\zh-cn.php
[ info ] [ ROUTE ] array (
  'type' => 'module',
  'module' => 
  array (
    0 => 'admin',
    1 => 'data',
    2 => 'export',
  ),
)
[ info ] [ HEADER ] array (
  'host' => 'c.com',
  'user-agent' => 'Mozilla/5.0 (Windows NT 6.1; Win64; x64; rv:68.0) Gecko/20100101 Firefox/68.0',
  'accept' => 'application/json, text/javascript, */*; q=0.01',
  'accept-language' => 'zh-CN,zh;q=0.8,zh-TW;q=0.7,zh-HK;q=0.5,en-US;q=0.3,en;q=0.2',
  'accept-encoding' => 'gzip, deflate',
  'content-type' => 'application/x-www-form-urlencoded; charset=UTF-8',
  'x-requested-with' => 'XMLHttpRequest',
  'content-length' => '544',
  'connection' => 'keep-alive',
  'referer' => 'http://c.com/admin/data/index.html',
  'cookie' => 'PHPSESSID=1i894cs6tk2edjd925p67u58g2',
)
[ info ] [ PARAM ] array (
  'tables' => 
  array (
    0 => 'tp_alternate_img',
    1 => 'tp_article',
    2 => 'tp_attr',
    3 => 'tp_brand',
    4 => 'tp_category',
    5 => 'tp_cates',
    6 => 'tp_cates_ad',
    7 => 'tp_cates_brands',
    8 => 'tp_cates_words',
    9 => 'tp_comm_attr',
    10 => 'tp_comm_photo',
    11 => 'tp_commodity',
    12 => 'tp_config',
    13 => 'tp_links',
    14 => 'tp_member_level',
    15 => 'tp_member_price',
    16 => 'tp_nav',
    17 => 'tp_product',
    18 => 'tp_recpos',
    19 => 'tp_recpos_comm',
    20 => 'tp_type',
    21 => 'tp_user',
  ),
)
[ info ] [ RUN ] app\admin\controller\Data->export[ B:\aaaweb\shop\application\admin\controller\Data.php ]
[ info ] [ SESSION ] INIT array (
  'id' => '',
  'var_session_id' => '',
  'prefix' => 'think',
  'type' => '',
  'auto_start' => true,
)
[ info ] [ LOG ] INIT File
---------------------------------------------------------------
[ 2019-07-21T16:52:22+08:00 ] 127.0.0.1 GET c.com/admin/data/export.html?id=0&start=0
[运行时间：0.033000s] [吞吐率：30.30req/s] [内存消耗：1,961.81kb] [文件加载：49]
[ info ] [ LANG ] B:\aaaweb\shop\thinkphp\lang\zh-cn.php
[ info ] [ ROUTE ] array (
  'type' => 'module',
  'module' => 
  array (
    0 => 'admin',
    1 => 'data',
    2 => 'export',
  ),
)
[ info ] [ HEADER ] array (
  'host' => 'c.com',
  'user-agent' => 'Mozilla/5.0 (Windows NT 6.1; Win64; x64; rv:68.0) Gecko/20100101 Firefox/68.0',
  'accept' => 'application/json, text/javascript, */*; q=0.01',
  'accept-language' => 'zh-CN,zh;q=0.8,zh-TW;q=0.7,zh-HK;q=0.5,en-US;q=0.3,en;q=0.2',
  'accept-encoding' => 'gzip, deflate',
  'x-requested-with' => 'XMLHttpRequest',
  'connection' => 'keep-alive',
  'referer' => 'http://c.com/admin/data/index.html',
  'cookie' => 'PHPSESSID=1i894cs6tk2edjd925p67u58g2',
)
[ info ] [ PARAM ] array (
  'id' => '0',
  'start' => '0',
)
[ info ] [ RUN ] app\admin\controller\Data->export[ B:\aaaweb\shop\application\admin\controller\Data.php ]
[ info ] [ SESSION ] INIT array (
  'id' => '',
  'var_session_id' => '',
  'prefix' => 'think',
  'type' => '',
  'auto_start' => true,
)
[ info ] [ DB ] INIT mysql
[ info ] [ LOG ] INIT File
[ sql ] [ DB ] CONNECT:[ UseTime:0.000000s ] mysql:host=127.0.0.1;dbname=tested;charset=utf8
[ sql ] [ SQL ] SHOW CREATE TABLE `tp_alternate_img` [ RunTime:0.000000s ]
[ sql ] [ SQL ] SELECT COUNT(*) AS count FROM `tp_alternate_img` [ RunTime:0.000000s ]
[ sql ] [ SQL ] SELECT * FROM `tp_alternate_img` LIMIT 0, 1000 [ RunTime:0.000000s ]
---------------------------------------------------------------
[ 2019-07-21T16:52:22+08:00 ] 127.0.0.1 GET c.com/admin/data/export.html?id=1&start=0
[运行时间：0.041000s] [吞吐率：24.39req/s] [内存消耗：1,981.52kb] [文件加载：49]
[ info ] [ LANG ] B:\aaaweb\shop\thinkphp\lang\zh-cn.php
[ info ] [ ROUTE ] array (
  'type' => 'module',
  'module' => 
  array (
    0 => 'admin',
    1 => 'data',
    2 => 'export',
  ),
)
[ info ] [ HEADER ] array (
  'host' => 'c.com',
  'user-agent' => 'Mozilla/5.0 (Windows NT 6.1; Win64; x64; rv:68.0) Gecko/20100101 Firefox/68.0',
  'accept' => 'application/json, text/javascript, */*; q=0.01',
  'accept-language' => 'zh-CN,zh;q=0.8,zh-TW;q=0.7,zh-HK;q=0.5,en-US;q=0.3,en;q=0.2',
  'accept-encoding' => 'gzip, deflate',
  'x-requested-with' => 'XMLHttpRequest',
  'connection' => 'keep-alive',
  'referer' => 'http://c.com/admin/data/index.html',
  'cookie' => 'PHPSESSID=1i894cs6tk2edjd925p67u58g2',
)
[ info ] [ PARAM ] array (
  'id' => '1',
  'start' => '0',
)
[ info ] [ RUN ] app\admin\controller\Data->export[ B:\aaaweb\shop\application\admin\controller\Data.php ]
[ info ] [ SESSION ] INIT array (
  'id' => '',
  'var_session_id' => '',
  'prefix' => 'think',
  'type' => '',
  'auto_start' => true,
)
[ info ] [ DB ] INIT mysql
[ info ] [ LOG ] INIT File
[ sql ] [ DB ] CONNECT:[ UseTime:0.010000s ] mysql:host=127.0.0.1;dbname=tested;charset=utf8
[ sql ] [ SQL ] SHOW CREATE TABLE `tp_article` [ RunTime:0.001000s ]
[ sql ] [ SQL ] SELECT COUNT(*) AS count FROM `tp_article` [ RunTime:0.000000s ]
[ sql ] [ SQL ] SELECT * FROM `tp_article` LIMIT 0, 1000 [ RunTime:0.000000s ]
---------------------------------------------------------------
[ 2019-07-21T16:52:23+08:00 ] 127.0.0.1 GET c.com/admin/data/export.html?id=2&start=0
[运行时间：0.031000s] [吞吐率：32.26req/s] [内存消耗：1,962.62kb] [文件加载：49]
[ info ] [ LANG ] B:\aaaweb\shop\thinkphp\lang\zh-cn.php
[ info ] [ ROUTE ] array (
  'type' => 'module',
  'module' => 
  array (
    0 => 'admin',
    1 => 'data',
    2 => 'export',
  ),
)
[ info ] [ HEADER ] array (
  'host' => 'c.com',
  'user-agent' => 'Mozilla/5.0 (Windows NT 6.1; Win64; x64; rv:68.0) Gecko/20100101 Firefox/68.0',
  'accept' => 'application/json, text/javascript, */*; q=0.01',
  'accept-language' => 'zh-CN,zh;q=0.8,zh-TW;q=0.7,zh-HK;q=0.5,en-US;q=0.3,en;q=0.2',
  'accept-encoding' => 'gzip, deflate',
  'x-requested-with' => 'XMLHttpRequest',
  'connection' => 'keep-alive',
  'referer' => 'http://c.com/admin/data/index.html',
  'cookie' => 'PHPSESSID=1i894cs6tk2edjd925p67u58g2',
)
[ info ] [ PARAM ] array (
  'id' => '2',
  'start' => '0',
)
[ info ] [ RUN ] app\admin\controller\Data->export[ B:\aaaweb\shop\application\admin\controller\Data.php ]
[ info ] [ SESSION ] INIT array (
  'id' => '',
  'var_session_id' => '',
  'prefix' => 'think',
  'type' => '',
  'auto_start' => true,
)
[ info ] [ DB ] INIT mysql
[ info ] [ LOG ] INIT File
[ sql ] [ DB ] CONNECT:[ UseTime:0.000000s ] mysql:host=127.0.0.1;dbname=tested;charset=utf8
[ sql ] [ SQL ] SHOW CREATE TABLE `tp_attr` [ RunTime:0.000000s ]
[ sql ] [ SQL ] SELECT COUNT(*) AS count FROM `tp_attr` [ RunTime:0.000000s ]
[ sql ] [ SQL ] SELECT * FROM `tp_attr` LIMIT 0, 1000 [ RunTime:0.001000s ]
---------------------------------------------------------------
[ 2019-07-21T16:52:23+08:00 ] 127.0.0.1 GET c.com/admin/data/export.html?id=3&start=0
[运行时间：0.041000s] [吞吐率：24.39req/s] [内存消耗：1,994.33kb] [文件加载：49]
[ info ] [ LANG ] B:\aaaweb\shop\thinkphp\lang\zh-cn.php
[ info ] [ ROUTE ] array (
  'type' => 'module',
  'module' => 
  array (
    0 => 'admin',
    1 => 'data',
    2 => 'export',
  ),
)
[ info ] [ HEADER ] array (
  'host' => 'c.com',
  'user-agent' => 'Mozilla/5.0 (Windows NT 6.1; Win64; x64; rv:68.0) Gecko/20100101 Firefox/68.0',
  'accept' => 'application/json, text/javascript, */*; q=0.01',
  'accept-language' => 'zh-CN,zh;q=0.8,zh-TW;q=0.7,zh-HK;q=0.5,en-US;q=0.3,en;q=0.2',
  'accept-encoding' => 'gzip, deflate',
  'x-requested-with' => 'XMLHttpRequest',
  'connection' => 'keep-alive',
  'referer' => 'http://c.com/admin/data/index.html',
  'cookie' => 'PHPSESSID=1i894cs6tk2edjd925p67u58g2',
)
[ info ] [ PARAM ] array (
  'id' => '3',
  'start' => '0',
)
[ info ] [ RUN ] app\admin\controller\Data->export[ B:\aaaweb\shop\application\admin\controller\Data.php ]
[ info ] [ SESSION ] INIT array (
  'id' => '',
  'var_session_id' => '',
  'prefix' => 'think',
  'type' => '',
  'auto_start' => true,
)
[ info ] [ DB ] INIT mysql
[ info ] [ LOG ] INIT File
[ sql ] [ DB ] CONNECT:[ UseTime:0.010000s ] mysql:host=127.0.0.1;dbname=tested;charset=utf8
[ sql ] [ SQL ] SHOW CREATE TABLE `tp_brand` [ RunTime:0.001000s ]
[ sql ] [ SQL ] SELECT COUNT(*) AS count FROM `tp_brand` [ RunTime:0.000000s ]
[ sql ] [ SQL ] SELECT * FROM `tp_brand` LIMIT 0, 1000 [ RunTime:0.000000s ]
---------------------------------------------------------------
[ 2019-07-21T16:52:23+08:00 ] 127.0.0.1 GET c.com/admin/data/export.html?id=4&start=0
[运行时间：0.031000s] [吞吐率：32.26req/s] [内存消耗：1,970.31kb] [文件加载：49]
[ info ] [ LANG ] B:\aaaweb\shop\thinkphp\lang\zh-cn.php
[ info ] [ ROUTE ] array (
  'type' => 'module',
  'module' => 
  array (
    0 => 'admin',
    1 => 'data',
    2 => 'export',
  ),
)
[ info ] [ HEADER ] array (
  'host' => 'c.com',
  'user-agent' => 'Mozilla/5.0 (Windows NT 6.1; Win64; x64; rv:68.0) Gecko/20100101 Firefox/68.0',
  'accept' => 'application/json, text/javascript, */*; q=0.01',
  'accept-language' => 'zh-CN,zh;q=0.8,zh-TW;q=0.7,zh-HK;q=0.5,en-US;q=0.3,en;q=0.2',
  'accept-encoding' => 'gzip, deflate',
  'x-requested-with' => 'XMLHttpRequest',
  'connection' => 'keep-alive',
  'referer' => 'http://c.com/admin/data/index.html',
  'cookie' => 'PHPSESSID=1i894cs6tk2edjd925p67u58g2',
)
[ info ] [ PARAM ] array (
  'id' => '4',
  'start' => '0',
)
[ info ] [ RUN ] app\admin\controller\Data->export[ B:\aaaweb\shop\application\admin\controller\Data.php ]
[ info ] [ SESSION ] INIT array (
  'id' => '',
  'var_session_id' => '',
  'prefix' => 'think',
  'type' => '',
  'auto_start' => true,
)
[ info ] [ DB ] INIT mysql
[ info ] [ LOG ] INIT File
[ sql ] [ DB ] CONNECT:[ UseTime:0.001000s ] mysql:host=127.0.0.1;dbname=tested;charset=utf8
[ sql ] [ SQL ] SHOW CREATE TABLE `tp_category` [ RunTime:0.001000s ]
[ sql ] [ SQL ] SELECT COUNT(*) AS count FROM `tp_category` [ RunTime:0.000000s ]
[ sql ] [ SQL ] SELECT * FROM `tp_category` LIMIT 0, 1000 [ RunTime:0.000000s ]
---------------------------------------------------------------
[ 2019-07-21T16:52:23+08:00 ] 127.0.0.1 GET c.com/admin/data/export.html?id=5&start=0
[运行时间：0.042000s] [吞吐率：23.81req/s] [内存消耗：2,199.09kb] [文件加载：49]
[ info ] [ LANG ] B:\aaaweb\shop\thinkphp\lang\zh-cn.php
[ info ] [ ROUTE ] array (
  'type' => 'module',
  'module' => 
  array (
    0 => 'admin',
    1 => 'data',
    2 => 'export',
  ),
)
[ info ] [ HEADER ] array (
  'host' => 'c.com',
  'user-agent' => 'Mozilla/5.0 (Windows NT 6.1; Win64; x64; rv:68.0) Gecko/20100101 Firefox/68.0',
  'accept' => 'application/json, text/javascript, */*; q=0.01',
  'accept-language' => 'zh-CN,zh;q=0.8,zh-TW;q=0.7,zh-HK;q=0.5,en-US;q=0.3,en;q=0.2',
  'accept-encoding' => 'gzip, deflate',
  'x-requested-with' => 'XMLHttpRequest',
  'connection' => 'keep-alive',
  'referer' => 'http://c.com/admin/data/index.html',
  'cookie' => 'PHPSESSID=1i894cs6tk2edjd925p67u58g2',
)
[ info ] [ PARAM ] array (
  'id' => '5',
  'start' => '0',
)
[ info ] [ RUN ] app\admin\controller\Data->export[ B:\aaaweb\shop\application\admin\controller\Data.php ]
[ info ] [ SESSION ] INIT array (
  'id' => '',
  'var_session_id' => '',
  'prefix' => 'think',
  'type' => '',
  'auto_start' => true,
)
[ info ] [ DB ] INIT mysql
[ info ] [ LOG ] INIT File
[ sql ] [ DB ] CONNECT:[ UseTime:0.001000s ] mysql:host=127.0.0.1;dbname=tested;charset=utf8
[ sql ] [ SQL ] SHOW CREATE TABLE `tp_cates` [ RunTime:0.001000s ]
[ sql ] [ SQL ] SELECT COUNT(*) AS count FROM `tp_cates` [ RunTime:0.000000s ]
[ sql ] [ SQL ] SELECT * FROM `tp_cates` LIMIT 0, 1000 [ RunTime:0.001000s ]
---------------------------------------------------------------
[ 2019-07-21T16:52:23+08:00 ] 127.0.0.1 GET c.com/admin/data/export.html?id=6&start=0
[运行时间：0.041000s] [吞吐率：24.39req/s] [内存消耗：1,964.77kb] [文件加载：49]
[ info ] [ LANG ] B:\aaaweb\shop\thinkphp\lang\zh-cn.php
[ info ] [ ROUTE ] array (
  'type' => 'module',
  'module' => 
  array (
    0 => 'admin',
    1 => 'data',
    2 => 'export',
  ),
)
[ info ] [ HEADER ] array (
  'host' => 'c.com',
  'user-agent' => 'Mozilla/5.0 (Windows NT 6.1; Win64; x64; rv:68.0) Gecko/20100101 Firefox/68.0',
  'accept' => 'application/json, text/javascript, */*; q=0.01',
  'accept-language' => 'zh-CN,zh;q=0.8,zh-TW;q=0.7,zh-HK;q=0.5,en-US;q=0.3,en;q=0.2',
  'accept-encoding' => 'gzip, deflate',
  'x-requested-with' => 'XMLHttpRequest',
  'connection' => 'keep-alive',
  'referer' => 'http://c.com/admin/data/index.html',
  'cookie' => 'PHPSESSID=1i894cs6tk2edjd925p67u58g2',
)
[ info ] [ PARAM ] array (
  'id' => '6',
  'start' => '0',
)
[ info ] [ RUN ] app\admin\controller\Data->export[ B:\aaaweb\shop\application\admin\controller\Data.php ]
[ info ] [ SESSION ] INIT array (
  'id' => '',
  'var_session_id' => '',
  'prefix' => 'think',
  'type' => '',
  'auto_start' => true,
)
[ info ] [ DB ] INIT mysql
[ info ] [ LOG ] INIT File
[ sql ] [ DB ] CONNECT:[ UseTime:0.010000s ] mysql:host=127.0.0.1;dbname=tested;charset=utf8
[ sql ] [ SQL ] SHOW CREATE TABLE `tp_cates_ad` [ RunTime:0.000000s ]
[ sql ] [ SQL ] SELECT COUNT(*) AS count FROM `tp_cates_ad` [ RunTime:0.000000s ]
[ sql ] [ SQL ] SELECT * FROM `tp_cates_ad` LIMIT 0, 1000 [ RunTime:0.000000s ]
---------------------------------------------------------------
[ 2019-07-21T16:52:23+08:00 ] 127.0.0.1 GET c.com/admin/data/export.html?id=7&start=0
[运行时间：0.041000s] [吞吐率：24.39req/s] [内存消耗：1,962.43kb] [文件加载：49]
[ info ] [ LANG ] B:\aaaweb\shop\thinkphp\lang\zh-cn.php
[ info ] [ ROUTE ] array (
  'type' => 'module',
  'module' => 
  array (
    0 => 'admin',
    1 => 'data',
    2 => 'export',
  ),
)
[ info ] [ HEADER ] array (
  'host' => 'c.com',
  'user-agent' => 'Mozilla/5.0 (Windows NT 6.1; Win64; x64; rv:68.0) Gecko/20100101 Firefox/68.0',
  'accept' => 'application/json, text/javascript, */*; q=0.01',
  'accept-language' => 'zh-CN,zh;q=0.8,zh-TW;q=0.7,zh-HK;q=0.5,en-US;q=0.3,en;q=0.2',
  'accept-encoding' => 'gzip, deflate',
  'x-requested-with' => 'XMLHttpRequest',
  'connection' => 'keep-alive',
  'referer' => 'http://c.com/admin/data/index.html',
  'cookie' => 'PHPSESSID=1i894cs6tk2edjd925p67u58g2',
)
[ info ] [ PARAM ] array (
  'id' => '7',
  'start' => '0',
)
[ info ] [ RUN ] app\admin\controller\Data->export[ B:\aaaweb\shop\application\admin\controller\Data.php ]
[ info ] [ SESSION ] INIT array (
  'id' => '',
  'var_session_id' => '',
  'prefix' => 'think',
  'type' => '',
  'auto_start' => true,
)
[ info ] [ DB ] INIT mysql
[ info ] [ LOG ] INIT File
[ sql ] [ DB ] CONNECT:[ UseTime:0.010000s ] mysql:host=127.0.0.1;dbname=tested;charset=utf8
[ sql ] [ SQL ] SHOW CREATE TABLE `tp_cates_brands` [ RunTime:0.001000s ]
[ sql ] [ SQL ] SELECT COUNT(*) AS count FROM `tp_cates_brands` [ RunTime:0.000000s ]
[ sql ] [ SQL ] SELECT * FROM `tp_cates_brands` LIMIT 0, 1000 [ RunTime:0.000000s ]
---------------------------------------------------------------
[ 2019-07-21T16:52:23+08:00 ] 127.0.0.1 GET c.com/admin/data/export.html?id=8&start=0
[运行时间：0.042000s] [吞吐率：23.81req/s] [内存消耗：1,967.04kb] [文件加载：49]
[ info ] [ LANG ] B:\aaaweb\shop\thinkphp\lang\zh-cn.php
[ info ] [ ROUTE ] array (
  'type' => 'module',
  'module' => 
  array (
    0 => 'admin',
    1 => 'data',
    2 => 'export',
  ),
)
[ info ] [ HEADER ] array (
  'host' => 'c.com',
  'user-agent' => 'Mozilla/5.0 (Windows NT 6.1; Win64; x64; rv:68.0) Gecko/20100101 Firefox/68.0',
  'accept' => 'application/json, text/javascript, */*; q=0.01',
  'accept-language' => 'zh-CN,zh;q=0.8,zh-TW;q=0.7,zh-HK;q=0.5,en-US;q=0.3,en;q=0.2',
  'accept-encoding' => 'gzip, deflate',
  'x-requested-with' => 'XMLHttpRequest',
  'connection' => 'keep-alive',
  'referer' => 'http://c.com/admin/data/index.html',
  'cookie' => 'PHPSESSID=1i894cs6tk2edjd925p67u58g2',
)
[ info ] [ PARAM ] array (
  'id' => '8',
  'start' => '0',
)
[ info ] [ RUN ] app\admin\controller\Data->export[ B:\aaaweb\shop\application\admin\controller\Data.php ]
[ info ] [ SESSION ] INIT array (
  'id' => '',
  'var_session_id' => '',
  'prefix' => 'think',
  'type' => '',
  'auto_start' => true,
)
[ info ] [ DB ] INIT mysql
[ info ] [ LOG ] INIT File
[ sql ] [ DB ] CONNECT:[ UseTime:0.010000s ] mysql:host=127.0.0.1;dbname=tested;charset=utf8
[ sql ] [ SQL ] SHOW CREATE TABLE `tp_cates_words` [ RunTime:0.001000s ]
[ sql ] [ SQL ] SELECT COUNT(*) AS count FROM `tp_cates_words` [ RunTime:0.000000s ]
[ sql ] [ SQL ] SELECT * FROM `tp_cates_words` LIMIT 0, 1000 [ RunTime:0.000000s ]
---------------------------------------------------------------
[ 2019-07-21T16:52:23+08:00 ] 127.0.0.1 GET c.com/admin/data/export.html?id=9&start=0
[运行时间：0.042000s] [吞吐率：23.81req/s] [内存消耗：1,971.45kb] [文件加载：49]
[ info ] [ LANG ] B:\aaaweb\shop\thinkphp\lang\zh-cn.php
[ info ] [ ROUTE ] array (
  'type' => 'module',
  'module' => 
  array (
    0 => 'admin',
    1 => 'data',
    2 => 'export',
  ),
)
[ info ] [ HEADER ] array (
  'host' => 'c.com',
  'user-agent' => 'Mozilla/5.0 (Windows NT 6.1; Win64; x64; rv:68.0) Gecko/20100101 Firefox/68.0',
  'accept' => 'application/json, text/javascript, */*; q=0.01',
  'accept-language' => 'zh-CN,zh;q=0.8,zh-TW;q=0.7,zh-HK;q=0.5,en-US;q=0.3,en;q=0.2',
  'accept-encoding' => 'gzip, deflate',
  'x-requested-with' => 'XMLHttpRequest',
  'connection' => 'keep-alive',
  'referer' => 'http://c.com/admin/data/index.html',
  'cookie' => 'PHPSESSID=1i894cs6tk2edjd925p67u58g2',
)
[ info ] [ PARAM ] array (
  'id' => '9',
  'start' => '0',
)
[ info ] [ RUN ] app\admin\controller\Data->export[ B:\aaaweb\shop\application\admin\controller\Data.php ]
[ info ] [ SESSION ] INIT array (
  'id' => '',
  'var_session_id' => '',
  'prefix' => 'think',
  'type' => '',
  'auto_start' => true,
)
[ info ] [ DB ] INIT mysql
[ info ] [ LOG ] INIT File
[ sql ] [ DB ] CONNECT:[ UseTime:0.010000s ] mysql:host=127.0.0.1;dbname=tested;charset=utf8
[ sql ] [ SQL ] SHOW CREATE TABLE `tp_comm_attr` [ RunTime:0.000000s ]
[ sql ] [ SQL ] SELECT COUNT(*) AS count FROM `tp_comm_attr` [ RunTime:0.000000s ]
[ sql ] [ SQL ] SELECT * FROM `tp_comm_attr` LIMIT 0, 1000 [ RunTime:0.001000s ]
---------------------------------------------------------------
[ 2019-07-21T16:52:23+08:00 ] 127.0.0.1 GET c.com/admin/data/export.html?id=10&start=0
[运行时间：0.041000s] [吞吐率：24.39req/s] [内存消耗：1,961.73kb] [文件加载：49]
[ info ] [ LANG ] B:\aaaweb\shop\thinkphp\lang\zh-cn.php
[ info ] [ ROUTE ] array (
  'type' => 'module',
  'module' => 
  array (
    0 => 'admin',
    1 => 'data',
    2 => 'export',
  ),
)
[ info ] [ HEADER ] array (
  'host' => 'c.com',
  'user-agent' => 'Mozilla/5.0 (Windows NT 6.1; Win64; x64; rv:68.0) Gecko/20100101 Firefox/68.0',
  'accept' => 'application/json, text/javascript, */*; q=0.01',
  'accept-language' => 'zh-CN,zh;q=0.8,zh-TW;q=0.7,zh-HK;q=0.5,en-US;q=0.3,en;q=0.2',
  'accept-encoding' => 'gzip, deflate',
  'x-requested-with' => 'XMLHttpRequest',
  'connection' => 'keep-alive',
  'referer' => 'http://c.com/admin/data/index.html',
  'cookie' => 'PHPSESSID=1i894cs6tk2edjd925p67u58g2',
)
[ info ] [ PARAM ] array (
  'id' => '10',
  'start' => '0',
)
[ info ] [ RUN ] app\admin\controller\Data->export[ B:\aaaweb\shop\application\admin\controller\Data.php ]
[ info ] [ SESSION ] INIT array (
  'id' => '',
  'var_session_id' => '',
  'prefix' => 'think',
  'type' => '',
  'auto_start' => true,
)
[ info ] [ DB ] INIT mysql
[ info ] [ LOG ] INIT File
[ sql ] [ DB ] CONNECT:[ UseTime:0.010000s ] mysql:host=127.0.0.1;dbname=tested;charset=utf8
[ sql ] [ SQL ] SHOW CREATE TABLE `tp_comm_photo` [ RunTime:0.001000s ]
[ sql ] [ SQL ] SELECT COUNT(*) AS count FROM `tp_comm_photo` [ RunTime:0.000000s ]
[ sql ] [ SQL ] SELECT * FROM `tp_comm_photo` LIMIT 0, 1000 [ RunTime:0.000000s ]
---------------------------------------------------------------
[ 2019-07-21T16:52:23+08:00 ] 127.0.0.1 GET c.com/admin/data/export.html?id=11&start=0
[运行时间：0.037000s] [吞吐率：27.03req/s] [内存消耗：2,113.40kb] [文件加载：49]
[ info ] [ LANG ] B:\aaaweb\shop\thinkphp\lang\zh-cn.php
[ info ] [ ROUTE ] array (
  'type' => 'module',
  'module' => 
  array (
    0 => 'admin',
    1 => 'data',
    2 => 'export',
  ),
)
[ info ] [ HEADER ] array (
  'host' => 'c.com',
  'user-agent' => 'Mozilla/5.0 (Windows NT 6.1; Win64; x64; rv:68.0) Gecko/20100101 Firefox/68.0',
  'accept' => 'application/json, text/javascript, */*; q=0.01',
  'accept-language' => 'zh-CN,zh;q=0.8,zh-TW;q=0.7,zh-HK;q=0.5,en-US;q=0.3,en;q=0.2',
  'accept-encoding' => 'gzip, deflate',
  'x-requested-with' => 'XMLHttpRequest',
  'connection' => 'keep-alive',
  'referer' => 'http://c.com/admin/data/index.html',
  'cookie' => 'PHPSESSID=1i894cs6tk2edjd925p67u58g2',
)
[ info ] [ PARAM ] array (
  'id' => '11',
  'start' => '0',
)
[ info ] [ RUN ] app\admin\controller\Data->export[ B:\aaaweb\shop\application\admin\controller\Data.php ]
[ info ] [ SESSION ] INIT array (
  'id' => '',
  'var_session_id' => '',
  'prefix' => 'think',
  'type' => '',
  'auto_start' => true,
)
[ info ] [ DB ] INIT mysql
[ info ] [ LOG ] INIT File
[ sql ] [ DB ] CONNECT:[ UseTime:0.000000s ] mysql:host=127.0.0.1;dbname=tested;charset=utf8
[ sql ] [ SQL ] SHOW CREATE TABLE `tp_commodity` [ RunTime:0.000000s ]
[ sql ] [ SQL ] SELECT COUNT(*) AS count FROM `tp_commodity` [ RunTime:0.001000s ]
[ sql ] [ SQL ] SELECT * FROM `tp_commodity` LIMIT 0, 1000 [ RunTime:0.000000s ]
---------------------------------------------------------------
[ 2019-07-21T16:52:23+08:00 ] 127.0.0.1 GET c.com/admin/data/export.html?id=12&start=0
[运行时间：0.042000s] [吞吐率：23.81req/s] [内存消耗：1,970.84kb] [文件加载：49]
[ info ] [ LANG ] B:\aaaweb\shop\thinkphp\lang\zh-cn.php
[ info ] [ ROUTE ] array (
  'type' => 'module',
  'module' => 
  array (
    0 => 'admin',
    1 => 'data',
    2 => 'export',
  ),
)
[ info ] [ HEADER ] array (
  'host' => 'c.com',
  'user-agent' => 'Mozilla/5.0 (Windows NT 6.1; Win64; x64; rv:68.0) Gecko/20100101 Firefox/68.0',
  'accept' => 'application/json, text/javascript, */*; q=0.01',
  'accept-language' => 'zh-CN,zh;q=0.8,zh-TW;q=0.7,zh-HK;q=0.5,en-US;q=0.3,en;q=0.2',
  'accept-encoding' => 'gzip, deflate',
  'x-requested-with' => 'XMLHttpRequest',
  'connection' => 'keep-alive',
  'referer' => 'http://c.com/admin/data/index.html',
  'cookie' => 'PHPSESSID=1i894cs6tk2edjd925p67u58g2',
)
[ info ] [ PARAM ] array (
  'id' => '12',
  'start' => '0',
)
[ info ] [ RUN ] app\admin\controller\Data->export[ B:\aaaweb\shop\application\admin\controller\Data.php ]
[ info ] [ SESSION ] INIT array (
  'id' => '',
  'var_session_id' => '',
  'prefix' => 'think',
  'type' => '',
  'auto_start' => true,
)
[ info ] [ DB ] INIT mysql
[ info ] [ LOG ] INIT File
[ sql ] [ DB ] CONNECT:[ UseTime:0.011000s ] mysql:host=127.0.0.1;dbname=tested;charset=utf8
[ sql ] [ SQL ] SHOW CREATE TABLE `tp_config` [ RunTime:0.000000s ]
[ sql ] [ SQL ] SELECT COUNT(*) AS count FROM `tp_config` [ RunTime:0.000000s ]
[ sql ] [ SQL ] SELECT * FROM `tp_config` LIMIT 0, 1000 [ RunTime:0.000000s ]
---------------------------------------------------------------
[ 2019-07-21T16:52:23+08:00 ] 127.0.0.1 GET c.com/admin/data/export.html?id=13&start=0
[运行时间：0.041000s] [吞吐率：24.39req/s] [内存消耗：1,961.52kb] [文件加载：49]
[ info ] [ LANG ] B:\aaaweb\shop\thinkphp\lang\zh-cn.php
[ info ] [ ROUTE ] array (
  'type' => 'module',
  'module' => 
  array (
    0 => 'admin',
    1 => 'data',
    2 => 'export',
  ),
)
[ info ] [ HEADER ] array (
  'host' => 'c.com',
  'user-agent' => 'Mozilla/5.0 (Windows NT 6.1; Win64; x64; rv:68.0) Gecko/20100101 Firefox/68.0',
  'accept' => 'application/json, text/javascript, */*; q=0.01',
  'accept-language' => 'zh-CN,zh;q=0.8,zh-TW;q=0.7,zh-HK;q=0.5,en-US;q=0.3,en;q=0.2',
  'accept-encoding' => 'gzip, deflate',
  'x-requested-with' => 'XMLHttpRequest',
  'connection' => 'keep-alive',
  'referer' => 'http://c.com/admin/data/index.html',
  'cookie' => 'PHPSESSID=1i894cs6tk2edjd925p67u58g2',
)
[ info ] [ PARAM ] array (
  'id' => '13',
  'start' => '0',
)
[ info ] [ RUN ] app\admin\controller\Data->export[ B:\aaaweb\shop\application\admin\controller\Data.php ]
[ info ] [ SESSION ] INIT array (
  'id' => '',
  'var_session_id' => '',
  'prefix' => 'think',
  'type' => '',
  'auto_start' => true,
)
[ info ] [ DB ] INIT mysql
[ info ] [ LOG ] INIT File
[ sql ] [ DB ] CONNECT:[ UseTime:0.010000s ] mysql:host=127.0.0.1;dbname=tested;charset=utf8
[ sql ] [ SQL ] SHOW CREATE TABLE `tp_links` [ RunTime:0.001000s ]
[ sql ] [ SQL ] SELECT COUNT(*) AS count FROM `tp_links` [ RunTime:0.000000s ]
[ sql ] [ SQL ] SELECT * FROM `tp_links` LIMIT 0, 1000 [ RunTime:0.000000s ]
---------------------------------------------------------------
[ 2019-07-21T16:52:23+08:00 ] 127.0.0.1 GET c.com/admin/data/export.html?id=14&start=0
[运行时间：0.041000s] [吞吐率：24.39req/s] [内存消耗：1,961.05kb] [文件加载：49]
[ info ] [ LANG ] B:\aaaweb\shop\thinkphp\lang\zh-cn.php
[ info ] [ ROUTE ] array (
  'type' => 'module',
  'module' => 
  array (
    0 => 'admin',
    1 => 'data',
    2 => 'export',
  ),
)
[ info ] [ HEADER ] array (
  'host' => 'c.com',
  'user-agent' => 'Mozilla/5.0 (Windows NT 6.1; Win64; x64; rv:68.0) Gecko/20100101 Firefox/68.0',
  'accept' => 'application/json, text/javascript, */*; q=0.01',
  'accept-language' => 'zh-CN,zh;q=0.8,zh-TW;q=0.7,zh-HK;q=0.5,en-US;q=0.3,en;q=0.2',
  'accept-encoding' => 'gzip, deflate',
  'x-requested-with' => 'XMLHttpRequest',
  'connection' => 'keep-alive',
  'referer' => 'http://c.com/admin/data/index.html',
  'cookie' => 'PHPSESSID=1i894cs6tk2edjd925p67u58g2',
)
[ info ] [ PARAM ] array (
  'id' => '14',
  'start' => '0',
)
[ info ] [ RUN ] app\admin\controller\Data->export[ B:\aaaweb\shop\application\admin\controller\Data.php ]
[ info ] [ SESSION ] INIT array (
  'id' => '',
  'var_session_id' => '',
  'prefix' => 'think',
  'type' => '',
  'auto_start' => true,
)
[ info ] [ DB ] INIT mysql
[ info ] [ LOG ] INIT File
[ sql ] [ DB ] CONNECT:[ UseTime:0.010000s ] mysql:host=127.0.0.1;dbname=tested;charset=utf8
[ sql ] [ SQL ] SHOW CREATE TABLE `tp_member_level` [ RunTime:0.001000s ]
[ sql ] [ SQL ] SELECT COUNT(*) AS count FROM `tp_member_level` [ RunTime:0.000000s ]
[ sql ] [ SQL ] SELECT * FROM `tp_member_level` LIMIT 0, 1000 [ RunTime:0.000000s ]
---------------------------------------------------------------
[ 2019-07-21T16:52:23+08:00 ] 127.0.0.1 GET c.com/admin/data/export.html?id=15&start=0
[运行时间：0.041000s] [吞吐率：24.39req/s] [内存消耗：1,973.70kb] [文件加载：49]
[ info ] [ LANG ] B:\aaaweb\shop\thinkphp\lang\zh-cn.php
[ info ] [ ROUTE ] array (
  'type' => 'module',
  'module' => 
  array (
    0 => 'admin',
    1 => 'data',
    2 => 'export',
  ),
)
[ info ] [ HEADER ] array (
  'host' => 'c.com',
  'user-agent' => 'Mozilla/5.0 (Windows NT 6.1; Win64; x64; rv:68.0) Gecko/20100101 Firefox/68.0',
  'accept' => 'application/json, text/javascript, */*; q=0.01',
  'accept-language' => 'zh-CN,zh;q=0.8,zh-TW;q=0.7,zh-HK;q=0.5,en-US;q=0.3,en;q=0.2',
  'accept-encoding' => 'gzip, deflate',
  'x-requested-with' => 'XMLHttpRequest',
  'connection' => 'keep-alive',
  'referer' => 'http://c.com/admin/data/index.html',
  'cookie' => 'PHPSESSID=1i894cs6tk2edjd925p67u58g2',
)
[ info ] [ PARAM ] array (
  'id' => '15',
  'start' => '0',
)
[ info ] [ RUN ] app\admin\controller\Data->export[ B:\aaaweb\shop\application\admin\controller\Data.php ]
[ info ] [ SESSION ] INIT array (
  'id' => '',
  'var_session_id' => '',
  'prefix' => 'think',
  'type' => '',
  'auto_start' => true,
)
[ info ] [ DB ] INIT mysql
[ info ] [ LOG ] INIT File
[ sql ] [ DB ] CONNECT:[ UseTime:0.010000s ] mysql:host=127.0.0.1;dbname=tested;charset=utf8
[ sql ] [ SQL ] SHOW CREATE TABLE `tp_member_price` [ RunTime:0.000000s ]
[ sql ] [ SQL ] SELECT COUNT(*) AS count FROM `tp_member_price` [ RunTime:0.000000s ]
[ sql ] [ SQL ] SELECT * FROM `tp_member_price` LIMIT 0, 1000 [ RunTime:0.000000s ]
---------------------------------------------------------------
[ 2019-07-21T16:52:23+08:00 ] 127.0.0.1 GET c.com/admin/data/export.html?id=16&start=0
[运行时间：0.042000s] [吞吐率：23.81req/s] [内存消耗：1,964.58kb] [文件加载：49]
[ info ] [ LANG ] B:\aaaweb\shop\thinkphp\lang\zh-cn.php
[ info ] [ ROUTE ] array (
  'type' => 'module',
  'module' => 
  array (
    0 => 'admin',
    1 => 'data',
    2 => 'export',
  ),
)
[ info ] [ HEADER ] array (
  'host' => 'c.com',
  'user-agent' => 'Mozilla/5.0 (Windows NT 6.1; Win64; x64; rv:68.0) Gecko/20100101 Firefox/68.0',
  'accept' => 'application/json, text/javascript, */*; q=0.01',
  'accept-language' => 'zh-CN,zh;q=0.8,zh-TW;q=0.7,zh-HK;q=0.5,en-US;q=0.3,en;q=0.2',
  'accept-encoding' => 'gzip, deflate',
  'x-requested-with' => 'XMLHttpRequest',
  'connection' => 'keep-alive',
  'referer' => 'http://c.com/admin/data/index.html',
  'cookie' => 'PHPSESSID=1i894cs6tk2edjd925p67u58g2',
)
[ info ] [ PARAM ] array (
  'id' => '16',
  'start' => '0',
)
[ info ] [ RUN ] app\admin\controller\Data->export[ B:\aaaweb\shop\application\admin\controller\Data.php ]
[ info ] [ SESSION ] INIT array (
  'id' => '',
  'var_session_id' => '',
  'prefix' => 'think',
  'type' => '',
  'auto_start' => true,
)
[ info ] [ DB ] INIT mysql
[ info ] [ LOG ] INIT File
[ sql ] [ DB ] CONNECT:[ UseTime:0.011000s ] mysql:host=127.0.0.1;dbname=tested;charset=utf8
[ sql ] [ SQL ] SHOW CREATE TABLE `tp_nav` [ RunTime:0.001000s ]
[ sql ] [ SQL ] SELECT COUNT(*) AS count FROM `tp_nav` [ RunTime:0.000000s ]
[ sql ] [ SQL ] SELECT * FROM `tp_nav` LIMIT 0, 1000 [ RunTime:0.000000s ]
---------------------------------------------------------------
[ 2019-07-21T16:52:23+08:00 ] 127.0.0.1 GET c.com/admin/data/export.html?id=17&start=0
[运行时间：0.031000s] [吞吐率：32.26req/s] [内存消耗：1,960.68kb] [文件加载：49]
[ info ] [ LANG ] B:\aaaweb\shop\thinkphp\lang\zh-cn.php
[ info ] [ ROUTE ] array (
  'type' => 'module',
  'module' => 
  array (
    0 => 'admin',
    1 => 'data',
    2 => 'export',
  ),
)
[ info ] [ HEADER ] array (
  'host' => 'c.com',
  'user-agent' => 'Mozilla/5.0 (Windows NT 6.1; Win64; x64; rv:68.0) Gecko/20100101 Firefox/68.0',
  'accept' => 'application/json, text/javascript, */*; q=0.01',
  'accept-language' => 'zh-CN,zh;q=0.8,zh-TW;q=0.7,zh-HK;q=0.5,en-US;q=0.3,en;q=0.2',
  'accept-encoding' => 'gzip, deflate',
  'x-requested-with' => 'XMLHttpRequest',
  'connection' => 'keep-alive',
  'referer' => 'http://c.com/admin/data/index.html',
  'cookie' => 'PHPSESSID=1i894cs6tk2edjd925p67u58g2',
)
[ info ] [ PARAM ] array (
  'id' => '17',
  'start' => '0',
)
[ info ] [ RUN ] app\admin\controller\Data->export[ B:\aaaweb\shop\application\admin\controller\Data.php ]
[ info ] [ SESSION ] INIT array (
  'id' => '',
  'var_session_id' => '',
  'prefix' => 'think',
  'type' => '',
  'auto_start' => true,
)
[ info ] [ DB ] INIT mysql
[ info ] [ LOG ] INIT File
[ sql ] [ DB ] CONNECT:[ UseTime:0.001000s ] mysql:host=127.0.0.1;dbname=tested;charset=utf8
[ sql ] [ SQL ] SHOW CREATE TABLE `tp_product` [ RunTime:0.000000s ]
[ sql ] [ SQL ] SELECT COUNT(*) AS count FROM `tp_product` [ RunTime:0.000000s ]
[ sql ] [ SQL ] SELECT * FROM `tp_product` LIMIT 0, 1000 [ RunTime:0.000000s ]
---------------------------------------------------------------
[ 2019-07-21T16:52:23+08:00 ] 127.0.0.1 GET c.com/admin/data/export.html?id=18&start=0
[运行时间：0.040000s] [吞吐率：25.00req/s] [内存消耗：1,959.99kb] [文件加载：49]
[ info ] [ LANG ] B:\aaaweb\shop\thinkphp\lang\zh-cn.php
[ info ] [ ROUTE ] array (
  'type' => 'module',
  'module' => 
  array (
    0 => 'admin',
    1 => 'data',
    2 => 'export',
  ),
)
[ info ] [ HEADER ] array (
  'host' => 'c.com',
  'user-agent' => 'Mozilla/5.0 (Windows NT 6.1; Win64; x64; rv:68.0) Gecko/20100101 Firefox/68.0',
  'accept' => 'application/json, text/javascript, */*; q=0.01',
  'accept-language' => 'zh-CN,zh;q=0.8,zh-TW;q=0.7,zh-HK;q=0.5,en-US;q=0.3,en;q=0.2',
  'accept-encoding' => 'gzip, deflate',
  'x-requested-with' => 'XMLHttpRequest',
  'connection' => 'keep-alive',
  'referer' => 'http://c.com/admin/data/index.html',
  'cookie' => 'PHPSESSID=1i894cs6tk2edjd925p67u58g2',
)
[ info ] [ PARAM ] array (
  'id' => '18',
  'start' => '0',
)
[ info ] [ RUN ] app\admin\controller\Data->export[ B:\aaaweb\shop\application\admin\controller\Data.php ]
[ info ] [ SESSION ] INIT array (
  'id' => '',
  'var_session_id' => '',
  'prefix' => 'think',
  'type' => '',
  'auto_start' => true,
)
[ info ] [ DB ] INIT mysql
[ info ] [ LOG ] INIT File
[ sql ] [ DB ] CONNECT:[ UseTime:0.010000s ] mysql:host=127.0.0.1;dbname=tested;charset=utf8
[ sql ] [ SQL ] SHOW CREATE TABLE `tp_recpos` [ RunTime:0.001000s ]
[ sql ] [ SQL ] SELECT COUNT(*) AS count FROM `tp_recpos` [ RunTime:0.000000s ]
[ sql ] [ SQL ] SELECT * FROM `tp_recpos` LIMIT 0, 1000 [ RunTime:0.000000s ]
---------------------------------------------------------------
[ 2019-07-21T16:52:23+08:00 ] 127.0.0.1 GET c.com/admin/data/export.html?id=19&start=0
[运行时间：0.034000s] [吞吐率：29.41req/s] [内存消耗：1,973.54kb] [文件加载：49]
[ info ] [ LANG ] B:\aaaweb\shop\thinkphp\lang\zh-cn.php
[ info ] [ ROUTE ] array (
  'type' => 'module',
  'module' => 
  array (
    0 => 'admin',
    1 => 'data',
    2 => 'export',
  ),
)
[ info ] [ HEADER ] array (
  'host' => 'c.com',
  'user-agent' => 'Mozilla/5.0 (Windows NT 6.1; Win64; x64; rv:68.0) Gecko/20100101 Firefox/68.0',
  'accept' => 'application/json, text/javascript, */*; q=0.01',
  'accept-language' => 'zh-CN,zh;q=0.8,zh-TW;q=0.7,zh-HK;q=0.5,en-US;q=0.3,en;q=0.2',
  'accept-encoding' => 'gzip, deflate',
  'x-requested-with' => 'XMLHttpRequest',
  'connection' => 'keep-alive',
  'referer' => 'http://c.com/admin/data/index.html',
  'cookie' => 'PHPSESSID=1i894cs6tk2edjd925p67u58g2',
)
[ info ] [ PARAM ] array (
  'id' => '19',
  'start' => '0',
)
[ info ] [ RUN ] app\admin\controller\Data->export[ B:\aaaweb\shop\application\admin\controller\Data.php ]
[ info ] [ SESSION ] INIT array (
  'id' => '',
  'var_session_id' => '',
  'prefix' => 'think',
  'type' => '',
  'auto_start' => true,
)
[ info ] [ DB ] INIT mysql
[ info ] [ LOG ] INIT File
[ sql ] [ DB ] CONNECT:[ UseTime:0.000000s ] mysql:host=127.0.0.1;dbname=tested;charset=utf8
[ sql ] [ SQL ] SHOW CREATE TABLE `tp_recpos_comm` [ RunTime:0.000000s ]
[ sql ] [ SQL ] SELECT COUNT(*) AS count FROM `tp_recpos_comm` [ RunTime:0.001000s ]
[ sql ] [ SQL ] SELECT * FROM `tp_recpos_comm` LIMIT 0, 1000 [ RunTime:0.000000s ]
---------------------------------------------------------------
[ 2019-07-21T16:52:23+08:00 ] 127.0.0.1 GET c.com/admin/data/export.html?id=20&start=0
[运行时间：0.040000s] [吞吐率：25.00req/s] [内存消耗：1,959.08kb] [文件加载：49]
[ info ] [ LANG ] B:\aaaweb\shop\thinkphp\lang\zh-cn.php
[ info ] [ ROUTE ] array (
  'type' => 'module',
  'module' => 
  array (
    0 => 'admin',
    1 => 'data',
    2 => 'export',
  ),
)
[ info ] [ HEADER ] array (
  'host' => 'c.com',
  'user-agent' => 'Mozilla/5.0 (Windows NT 6.1; Win64; x64; rv:68.0) Gecko/20100101 Firefox/68.0',
  'accept' => 'application/json, text/javascript, */*; q=0.01',
  'accept-language' => 'zh-CN,zh;q=0.8,zh-TW;q=0.7,zh-HK;q=0.5,en-US;q=0.3,en;q=0.2',
  'accept-encoding' => 'gzip, deflate',
  'x-requested-with' => 'XMLHttpRequest',
  'connection' => 'keep-alive',
  'referer' => 'http://c.com/admin/data/index.html',
  'cookie' => 'PHPSESSID=1i894cs6tk2edjd925p67u58g2',
)
[ info ] [ PARAM ] array (
  'id' => '20',
  'start' => '0',
)
[ info ] [ RUN ] app\admin\controller\Data->export[ B:\aaaweb\shop\application\admin\controller\Data.php ]
[ info ] [ SESSION ] INIT array (
  'id' => '',
  'var_session_id' => '',
  'prefix' => 'think',
  'type' => '',
  'auto_start' => true,
)
[ info ] [ DB ] INIT mysql
[ info ] [ LOG ] INIT File
[ sql ] [ DB ] CONNECT:[ UseTime:0.010000s ] mysql:host=127.0.0.1;dbname=tested;charset=utf8
[ sql ] [ SQL ] SHOW CREATE TABLE `tp_type` [ RunTime:0.001000s ]
[ sql ] [ SQL ] SELECT COUNT(*) AS count FROM `tp_type` [ RunTime:0.000000s ]
[ sql ] [ SQL ] SELECT * FROM `tp_type` LIMIT 0, 1000 [ RunTime:0.000000s ]
---------------------------------------------------------------
[ 2019-07-21T16:52:23+08:00 ] 127.0.0.1 GET c.com/admin/data/export.html?id=21&start=0
[运行时间：0.041000s] [吞吐率：24.39req/s] [内存消耗：1,955.41kb] [文件加载：49]
[ info ] [ LANG ] B:\aaaweb\shop\thinkphp\lang\zh-cn.php
[ info ] [ ROUTE ] array (
  'type' => 'module',
  'module' => 
  array (
    0 => 'admin',
    1 => 'data',
    2 => 'export',
  ),
)
[ info ] [ HEADER ] array (
  'host' => 'c.com',
  'user-agent' => 'Mozilla/5.0 (Windows NT 6.1; Win64; x64; rv:68.0) Gecko/20100101 Firefox/68.0',
  'accept' => 'application/json, text/javascript, */*; q=0.01',
  'accept-language' => 'zh-CN,zh;q=0.8,zh-TW;q=0.7,zh-HK;q=0.5,en-US;q=0.3,en;q=0.2',
  'accept-encoding' => 'gzip, deflate',
  'x-requested-with' => 'XMLHttpRequest',
  'connection' => 'keep-alive',
  'referer' => 'http://c.com/admin/data/index.html',
  'cookie' => 'PHPSESSID=1i894cs6tk2edjd925p67u58g2',
)
[ info ] [ PARAM ] array (
  'id' => '21',
  'start' => '0',
)
[ info ] [ RUN ] app\admin\controller\Data->export[ B:\aaaweb\shop\application\admin\controller\Data.php ]
[ info ] [ SESSION ] INIT array (
  'id' => '',
  'var_session_id' => '',
  'prefix' => 'think',
  'type' => '',
  'auto_start' => true,
)
[ info ] [ DB ] INIT mysql
[ info ] [ LOG ] INIT File
[ sql ] [ DB ] CONNECT:[ UseTime:0.010000s ] mysql:host=127.0.0.1;dbname=tested;charset=utf8
[ sql ] [ SQL ] SHOW CREATE TABLE `tp_user` [ RunTime:0.001000s ]
[ sql ] [ SQL ] SELECT COUNT(*) AS count FROM `tp_user` [ RunTime:0.000000s ]
