---------------------------------------------------------------
[ 2019-03-03T15:04:57+08:00 ] 127.0.0.1 GET /admin/commodity/product/commodity_id/131.html
[ info ] c.com/admin/commodity/product/commodity_id/131.html [运行时间：0.057000s][吞吐率：17.54req/s] [内存消耗：2,683.30kb] [文件加载：58]
[ info ] [ LANG ] B:\aaaweb\aa\shop2\thinkphp\lang\zh-cn.php
[ info ] [ ROUTE ] array (
  'type' => 'module',
  'module' => 
  array (
    0 => 'admin',
    1 => 'commodity',
    2 => 'product',
  ),
)
[ info ] [ HEADER ] array (
  'host' => 'c.com',
  'connection' => 'keep-alive',
  'cache-control' => 'max-age=0',
  'accept' => 'text/html,application/xhtml+xml,application/xml;q=0.9,image/webp,*/*;q=0.8',
  'upgrade-insecure-requests' => '1',
  'user-agent' => 'Mozilla/5.0 (Windows NT 6.1; WOW64) AppleWebKit/537.36 (KHTML, like Gecko) Chrome/50.0.2661.102 Safari/537.36',
  'referer' => 'http://c.com/admin/commodity/lst.html',
  'accept-encoding' => 'gzip, deflate, sdch',
  'accept-language' => 'zh-CN,zh;q=0.8',
)
[ info ] [ PARAM ] array (
  '/admin/commodity/product/commodity_id/131_html' => '',
  'commodity_id' => '131',
)
[ info ] [ RUN ] app\admin\controller\Commodity->product[ B:\aaaweb\aa\shop2\application\admin\controller\Commodity.php ]
[ info ] [ DB ] INIT mysql
[ info ] [ VIEW ] B:\aaaweb\aa\shop2\public/../application/admin\view\commodity\product.html [ array (
  0 => 'attrContent',
) ]
[ info ] [ LOG ] INIT File
[ sql ] [ DB ] CONNECT:[ UseTime:0.011000s ] mysql:host=127.0.0.1;dbname=tested;charset=utf8
[ sql ] [ SQL ] SHOW COLUMNS FROM `tp_comm_attr` [ RunTime:0.002000s ]
[ sql ] [ SQL ] SELECT `c`.`commattr_id`,`c`.`commattr_attrid`,`c`.`commattr_value`,`a`.`attr_name` FROM `tp_comm_attr` `c` INNER JOIN `tp_attr` `a` ON `c`.`commattr_attrid`=`a`.`attr_id` WHERE  `commattr_commid` = 131  AND `a`.`attr_type` = 1 [ RunTime:0.001000s ]
[ error ] [2]Illegal string offset 'commattr_value'[B:\aaaweb\aa\shop2\runtime\temp\73b057d3d94729c257601ff39c2013bc.php:364]
---------------------------------------------------------------
[ 2019-03-03T15:05:29+08:00 ] 127.0.0.1 GET /admin/commodity/product/commodity_id/131.html
[ info ] c.com/admin/commodity/product/commodity_id/131.html [运行时间：0.049000s][吞吐率：20.41req/s] [内存消耗：2,637.34kb] [文件加载：54]
[ info ] [ LANG ] B:\aaaweb\aa\shop2\thinkphp\lang\zh-cn.php
[ info ] [ ROUTE ] array (
  'type' => 'module',
  'module' => 
  array (
    0 => 'admin',
    1 => 'commodity',
    2 => 'product',
  ),
)
[ info ] [ HEADER ] array (
  'host' => 'c.com',
  'connection' => 'keep-alive',
  'cache-control' => 'max-age=0',
  'accept' => 'text/html,application/xhtml+xml,application/xml;q=0.9,image/webp,*/*;q=0.8',
  'upgrade-insecure-requests' => '1',
  'user-agent' => 'Mozilla/5.0 (Windows NT 6.1; WOW64) AppleWebKit/537.36 (KHTML, like Gecko) Chrome/50.0.2661.102 Safari/537.36',
  'referer' => 'http://c.com/admin/commodity/lst.html',
  'accept-encoding' => 'gzip, deflate, sdch',
  'accept-language' => 'zh-CN,zh;q=0.8',
)
[ info ] [ PARAM ] array (
  '/admin/commodity/product/commodity_id/131_html' => '',
  'commodity_id' => '131',
)
[ info ] [ RUN ] app\admin\controller\Commodity->product[ B:\aaaweb\aa\shop2\application\admin\controller\Commodity.php ]
[ info ] [ DB ] INIT mysql
[ info ] [ VIEW ] B:\aaaweb\aa\shop2\public/../application/admin\view\commodity\product.html [ array (
  0 => 'attrContent',
) ]
[ info ] [ LOG ] INIT File
[ sql ] [ DB ] CONNECT:[ UseTime:0.010000s ] mysql:host=127.0.0.1;dbname=tested;charset=utf8
[ sql ] [ SQL ] SHOW COLUMNS FROM `tp_comm_attr` [ RunTime:0.003000s ]
[ sql ] [ SQL ] SELECT `c`.`commattr_id`,`c`.`commattr_attrid`,`c`.`commattr_value`,`a`.`attr_name` FROM `tp_comm_attr` `c` INNER JOIN `tp_attr` `a` ON `c`.`commattr_attrid`=`a`.`attr_id` WHERE  `commattr_commid` = 131  AND `a`.`attr_type` = 1 [ RunTime:0.001000s ]
---------------------------------------------------------------
[ 2019-03-03T15:05:29+08:00 ] 127.0.0.1 GET /static/admin/fonts/fontawesome-webfont.woff2?v=4.3.0
[ info ] c.com/static/admin/fonts/fontawesome-webfont.woff2?v=4.3.0 [运行时间：0.019000s][吞吐率：52.63req/s] [内存消耗：1,351.43kb] [文件加载：38]
[ info ] [ LANG ] B:\aaaweb\aa\shop2\thinkphp\lang\zh-cn.php
[ info ] [ ROUTE ] array (
  'type' => 'module',
  'module' => 
  array (
    0 => 'static',
    1 => 'admin',
    2 => 'fonts',
  ),
)
[ info ] [ HEADER ] array (
  'host' => 'c.com',
  'connection' => 'keep-alive',
  'cache-control' => 'max-age=0',
  'user-agent' => 'Mozilla/5.0 (Windows NT 6.1; WOW64) AppleWebKit/537.36 (KHTML, like Gecko) Chrome/50.0.2661.102 Safari/537.36',
  'origin' => 'http://c.com',
  'accept' => '*/*',
  'referer' => 'http://c.com/static/admin/style/font-awesome.css',
  'accept-encoding' => 'gzip, deflate, sdch',
  'accept-language' => 'zh-CN,zh;q=0.8',
)
[ info ] [ PARAM ] array (
  '/static/admin/fonts/fontawesome-webfont_woff2' => '',
  'v' => '4.3.0',
)
[ info ] [ LOG ] INIT File
---------------------------------------------------------------
[ 2019-03-03T15:06:09+08:00 ] 127.0.0.1 GET /admin/commodity/product/commodity_id/131.html
[ info ] c.com/admin/commodity/product/commodity_id/131.html [运行时间：0.052000s][吞吐率：19.23req/s] [内存消耗：2,683.62kb] [文件加载：58]
[ info ] [ LANG ] B:\aaaweb\aa\shop2\thinkphp\lang\zh-cn.php
[ info ] [ ROUTE ] array (
  'type' => 'module',
  'module' => 
  array (
    0 => 'admin',
    1 => 'commodity',
    2 => 'product',
  ),
)
[ info ] [ HEADER ] array (
  'host' => 'c.com',
  'connection' => 'keep-alive',
  'cache-control' => 'max-age=0',
  'accept' => 'text/html,application/xhtml+xml,application/xml;q=0.9,image/webp,*/*;q=0.8',
  'upgrade-insecure-requests' => '1',
  'user-agent' => 'Mozilla/5.0 (Windows NT 6.1; WOW64) AppleWebKit/537.36 (KHTML, like Gecko) Chrome/50.0.2661.102 Safari/537.36',
  'referer' => 'http://c.com/admin/commodity/lst.html',
  'accept-encoding' => 'gzip, deflate, sdch',
  'accept-language' => 'zh-CN,zh;q=0.8',
)
[ info ] [ PARAM ] array (
  '/admin/commodity/product/commodity_id/131_html' => '',
  'commodity_id' => '131',
)
[ info ] [ RUN ] app\admin\controller\Commodity->product[ B:\aaaweb\aa\shop2\application\admin\controller\Commodity.php ]
[ info ] [ DB ] INIT mysql
[ info ] [ VIEW ] B:\aaaweb\aa\shop2\public/../application/admin\view\commodity\product.html [ array (
  0 => 'attrContent',
) ]
[ info ] [ LOG ] INIT File
[ sql ] [ DB ] CONNECT:[ UseTime:0.010000s ] mysql:host=127.0.0.1;dbname=tested;charset=utf8
[ sql ] [ SQL ] SHOW COLUMNS FROM `tp_comm_attr` [ RunTime:0.003000s ]
[ sql ] [ SQL ] SELECT `c`.`commattr_id`,`c`.`commattr_attrid`,`c`.`commattr_value`,`a`.`attr_name` FROM `tp_comm_attr` `c` INNER JOIN `tp_attr` `a` ON `c`.`commattr_attrid`=`a`.`attr_id` WHERE  `commattr_commid` = 131  AND `a`.`attr_type` = 1 [ RunTime:0.000000s ]
[ error ] [2]Illegal string offset 'commattr_value'[B:\aaaweb\aa\shop2\runtime\temp\73b057d3d94729c257601ff39c2013bc.php:365]
---------------------------------------------------------------
[ 2019-03-03T15:06:16+08:00 ] 127.0.0.1 GET /admin/commodity/product/commodity_id/131.html
[ info ] c.com/admin/commodity/product/commodity_id/131.html [运行时间：0.046000s][吞吐率：21.74req/s] [内存消耗：2,654.87kb] [文件加载：54]
[ info ] [ LANG ] B:\aaaweb\aa\shop2\thinkphp\lang\zh-cn.php
[ info ] [ ROUTE ] array (
  'type' => 'module',
  'module' => 
  array (
    0 => 'admin',
    1 => 'commodity',
    2 => 'product',
  ),
)
[ info ] [ HEADER ] array (
  'host' => 'c.com',
  'connection' => 'keep-alive',
  'cache-control' => 'max-age=0',
  'accept' => 'text/html,application/xhtml+xml,application/xml;q=0.9,image/webp,*/*;q=0.8',
  'upgrade-insecure-requests' => '1',
  'user-agent' => 'Mozilla/5.0 (Windows NT 6.1; WOW64) AppleWebKit/537.36 (KHTML, like Gecko) Chrome/50.0.2661.102 Safari/537.36',
  'referer' => 'http://c.com/admin/commodity/lst.html',
  'accept-encoding' => 'gzip, deflate, sdch',
  'accept-language' => 'zh-CN,zh;q=0.8',
)
[ info ] [ PARAM ] array (
  '/admin/commodity/product/commodity_id/131_html' => '',
  'commodity_id' => '131',
)
[ info ] [ RUN ] app\admin\controller\Commodity->product[ B:\aaaweb\aa\shop2\application\admin\controller\Commodity.php ]
[ info ] [ DB ] INIT mysql
[ info ] [ VIEW ] B:\aaaweb\aa\shop2\public/../application/admin\view\commodity\product.html [ array (
  0 => 'attrContent',
) ]
[ info ] [ LOG ] INIT File
[ sql ] [ DB ] CONNECT:[ UseTime:0.010000s ] mysql:host=127.0.0.1;dbname=tested;charset=utf8
[ sql ] [ SQL ] SHOW COLUMNS FROM `tp_comm_attr` [ RunTime:0.002000s ]
[ sql ] [ SQL ] SELECT `c`.`commattr_id`,`c`.`commattr_attrid`,`c`.`commattr_value`,`a`.`attr_name` FROM `tp_comm_attr` `c` INNER JOIN `tp_attr` `a` ON `c`.`commattr_attrid`=`a`.`attr_id` WHERE  `commattr_commid` = 131  AND `a`.`attr_type` = 1 [ RunTime:0.000000s ]
---------------------------------------------------------------
[ 2019-03-03T15:06:17+08:00 ] 127.0.0.1 GET /static/admin/fonts/fontawesome-webfont.woff2?v=4.3.0
[ info ] c.com/static/admin/fonts/fontawesome-webfont.woff2?v=4.3.0 [运行时间：0.020000s][吞吐率：50.00req/s] [内存消耗：1,351.43kb] [文件加载：38]
[ info ] [ LANG ] B:\aaaweb\aa\shop2\thinkphp\lang\zh-cn.php
[ info ] [ ROUTE ] array (
  'type' => 'module',
  'module' => 
  array (
    0 => 'static',
    1 => 'admin',
    2 => 'fonts',
  ),
)
[ info ] [ HEADER ] array (
  'host' => 'c.com',
  'connection' => 'keep-alive',
  'cache-control' => 'max-age=0',
  'user-agent' => 'Mozilla/5.0 (Windows NT 6.1; WOW64) AppleWebKit/537.36 (KHTML, like Gecko) Chrome/50.0.2661.102 Safari/537.36',
  'origin' => 'http://c.com',
  'accept' => '*/*',
  'referer' => 'http://c.com/static/admin/style/font-awesome.css',
  'accept-encoding' => 'gzip, deflate, sdch',
  'accept-language' => 'zh-CN,zh;q=0.8',
)
[ info ] [ PARAM ] array (
  '/static/admin/fonts/fontawesome-webfont_woff2' => '',
  'v' => '4.3.0',
)
[ info ] [ LOG ] INIT File
---------------------------------------------------------------
[ 2019-03-03T15:06:49+08:00 ] 127.0.0.1 GET /admin/commodity/product/commodity_id/131.html
[ info ] c.com/admin/commodity/product/commodity_id/131.html [运行时间：0.044000s][吞吐率：22.73req/s] [内存消耗：2,683.37kb] [文件加载：58]
[ info ] [ LANG ] B:\aaaweb\aa\shop2\thinkphp\lang\zh-cn.php
[ info ] [ ROUTE ] array (
  'type' => 'module',
  'module' => 
  array (
    0 => 'admin',
    1 => 'commodity',
    2 => 'product',
  ),
)
[ info ] [ HEADER ] array (
  'host' => 'c.com',
  'connection' => 'keep-alive',
  'cache-control' => 'max-age=0',
  'accept' => 'text/html,application/xhtml+xml,application/xml;q=0.9,image/webp,*/*;q=0.8',
  'upgrade-insecure-requests' => '1',
  'user-agent' => 'Mozilla/5.0 (Windows NT 6.1; WOW64) AppleWebKit/537.36 (KHTML, like Gecko) Chrome/50.0.2661.102 Safari/537.36',
  'referer' => 'http://c.com/admin/commodity/lst.html',
  'accept-encoding' => 'gzip, deflate, sdch',
  'accept-language' => 'zh-CN,zh;q=0.8',
)
[ info ] [ PARAM ] array (
  '/admin/commodity/product/commodity_id/131_html' => '',
  'commodity_id' => '131',
)
[ info ] [ RUN ] app\admin\controller\Commodity->product[ B:\aaaweb\aa\shop2\application\admin\controller\Commodity.php ]
[ info ] [ DB ] INIT mysql
[ info ] [ VIEW ] B:\aaaweb\aa\shop2\public/../application/admin\view\commodity\product.html [ array (
  0 => 'attrContent',
) ]
[ info ] [ LOG ] INIT File
[ sql ] [ DB ] CONNECT:[ UseTime:0.001000s ] mysql:host=127.0.0.1;dbname=tested;charset=utf8
[ sql ] [ SQL ] SHOW COLUMNS FROM `tp_comm_attr` [ RunTime:0.003000s ]
[ sql ] [ SQL ] SELECT `c`.`commattr_id`,`c`.`commattr_attrid`,`c`.`commattr_value`,`a`.`attr_name` FROM `tp_comm_attr` `c` INNER JOIN `tp_attr` `a` ON `c`.`commattr_attrid`=`a`.`attr_id` WHERE  `commattr_commid` = 131  AND `a`.`attr_type` = 1 [ RunTime:0.000000s ]
[ error ] [2]Illegal string offset 'commattr_value'[B:\aaaweb\aa\shop2\runtime\temp\73b057d3d94729c257601ff39c2013bc.php:364]
---------------------------------------------------------------
[ 2019-03-03T15:07:05+08:00 ] 127.0.0.1 GET /admin/commodity/product/commodity_id/131.html
[ info ] c.com/admin/commodity/product/commodity_id/131.html [运行时间：0.051000s][吞吐率：19.61req/s] [内存消耗：2,683.39kb] [文件加载：58]
[ info ] [ LANG ] B:\aaaweb\aa\shop2\thinkphp\lang\zh-cn.php
[ info ] [ ROUTE ] array (
  'type' => 'module',
  'module' => 
  array (
    0 => 'admin',
    1 => 'commodity',
    2 => 'product',
  ),
)
[ info ] [ HEADER ] array (
  'host' => 'c.com',
  'connection' => 'keep-alive',
  'cache-control' => 'max-age=0',
  'accept' => 'text/html,application/xhtml+xml,application/xml;q=0.9,image/webp,*/*;q=0.8',
  'upgrade-insecure-requests' => '1',
  'user-agent' => 'Mozilla/5.0 (Windows NT 6.1; WOW64) AppleWebKit/537.36 (KHTML, like Gecko) Chrome/50.0.2661.102 Safari/537.36',
  'referer' => 'http://c.com/admin/commodity/lst.html',
  'accept-encoding' => 'gzip, deflate, sdch',
  'accept-language' => 'zh-CN,zh;q=0.8',
)
[ info ] [ PARAM ] array (
  '/admin/commodity/product/commodity_id/131_html' => '',
  'commodity_id' => '131',
)
[ info ] [ RUN ] app\admin\controller\Commodity->product[ B:\aaaweb\aa\shop2\application\admin\controller\Commodity.php ]
[ info ] [ DB ] INIT mysql
[ info ] [ VIEW ] B:\aaaweb\aa\shop2\public/../application/admin\view\commodity\product.html [ array (
  0 => 'attrContent',
) ]
[ info ] [ LOG ] INIT File
[ sql ] [ DB ] CONNECT:[ UseTime:0.010000s ] mysql:host=127.0.0.1;dbname=tested;charset=utf8
[ sql ] [ SQL ] SHOW COLUMNS FROM `tp_comm_attr` [ RunTime:0.003000s ]
[ sql ] [ SQL ] SELECT `c`.`commattr_id`,`c`.`commattr_attrid`,`c`.`commattr_value`,`a`.`attr_name` FROM `tp_comm_attr` `c` INNER JOIN `tp_attr` `a` ON `c`.`commattr_attrid`=`a`.`attr_id` WHERE  `commattr_commid` = 131  AND `a`.`attr_type` = 1 [ RunTime:0.000000s ]
[ error ] [2]Illegal string offset 'commattr_attrid'[B:\aaaweb\aa\shop2\runtime\temp\73b057d3d94729c257601ff39c2013bc.php:364]
---------------------------------------------------------------
[ 2019-03-03T15:08:11+08:00 ] 127.0.0.1 GET /admin/commodity/product/commodity_id/131.html
[ info ] c.com/admin/commodity/product/commodity_id/131.html [运行时间：0.047000s][吞吐率：21.28req/s] [内存消耗：2,637.06kb] [文件加载：54]
[ info ] [ LANG ] B:\aaaweb\aa\shop2\thinkphp\lang\zh-cn.php
[ info ] [ ROUTE ] array (
  'type' => 'module',
  'module' => 
  array (
    0 => 'admin',
    1 => 'commodity',
    2 => 'product',
  ),
)
[ info ] [ HEADER ] array (
  'host' => 'c.com',
  'connection' => 'keep-alive',
  'cache-control' => 'max-age=0',
  'accept' => 'text/html,application/xhtml+xml,application/xml;q=0.9,image/webp,*/*;q=0.8',
  'upgrade-insecure-requests' => '1',
  'user-agent' => 'Mozilla/5.0 (Windows NT 6.1; WOW64) AppleWebKit/537.36 (KHTML, like Gecko) Chrome/50.0.2661.102 Safari/537.36',
  'referer' => 'http://c.com/admin/commodity/lst.html',
  'accept-encoding' => 'gzip, deflate, sdch',
  'accept-language' => 'zh-CN,zh;q=0.8',
)
[ info ] [ PARAM ] array (
  '/admin/commodity/product/commodity_id/131_html' => '',
  'commodity_id' => '131',
)
[ info ] [ RUN ] app\admin\controller\Commodity->product[ B:\aaaweb\aa\shop2\application\admin\controller\Commodity.php ]
[ info ] [ DB ] INIT mysql
[ info ] [ VIEW ] B:\aaaweb\aa\shop2\public/../application/admin\view\commodity\product.html [ array (
  0 => 'attrContent',
) ]
[ info ] [ LOG ] INIT File
[ sql ] [ DB ] CONNECT:[ UseTime:0.010000s ] mysql:host=127.0.0.1;dbname=tested;charset=utf8
[ sql ] [ SQL ] SHOW COLUMNS FROM `tp_comm_attr` [ RunTime:0.003000s ]
[ sql ] [ SQL ] SELECT `c`.`commattr_id`,`c`.`commattr_attrid`,`c`.`commattr_value`,`a`.`attr_name` FROM `tp_comm_attr` `c` INNER JOIN `tp_attr` `a` ON `c`.`commattr_attrid`=`a`.`attr_id` WHERE  `commattr_commid` = 131  AND `a`.`attr_type` = 1 [ RunTime:0.000000s ]
---------------------------------------------------------------
[ 2019-03-03T15:08:11+08:00 ] 127.0.0.1 GET /static/admin/fonts/fontawesome-webfont.woff2?v=4.3.0
[ info ] c.com/static/admin/fonts/fontawesome-webfont.woff2?v=4.3.0 [运行时间：0.019000s][吞吐率：52.63req/s] [内存消耗：1,351.43kb] [文件加载：38]
[ info ] [ LANG ] B:\aaaweb\aa\shop2\thinkphp\lang\zh-cn.php
[ info ] [ ROUTE ] array (
  'type' => 'module',
  'module' => 
  array (
    0 => 'static',
    1 => 'admin',
    2 => 'fonts',
  ),
)
[ info ] [ HEADER ] array (
  'host' => 'c.com',
  'connection' => 'keep-alive',
  'cache-control' => 'max-age=0',
  'user-agent' => 'Mozilla/5.0 (Windows NT 6.1; WOW64) AppleWebKit/537.36 (KHTML, like Gecko) Chrome/50.0.2661.102 Safari/537.36',
  'origin' => 'http://c.com',
  'accept' => '*/*',
  'referer' => 'http://c.com/static/admin/style/font-awesome.css',
  'accept-encoding' => 'gzip, deflate, sdch',
  'accept-language' => 'zh-CN,zh;q=0.8',
)
[ info ] [ PARAM ] array (
  '/static/admin/fonts/fontawesome-webfont_woff2' => '',
  'v' => '4.3.0',
)
[ info ] [ LOG ] INIT File
---------------------------------------------------------------
[ 2019-03-03T15:08:40+08:00 ] 127.0.0.1 GET /admin/commodity/product/commodity_id/131.html
[ info ] c.com/admin/commodity/product/commodity_id/131.html [运行时间：0.043000s][吞吐率：23.26req/s] [内存消耗：2,637.05kb] [文件加载：54]
[ info ] [ LANG ] B:\aaaweb\aa\shop2\thinkphp\lang\zh-cn.php
[ info ] [ ROUTE ] array (
  'type' => 'module',
  'module' => 
  array (
    0 => 'admin',
    1 => 'commodity',
    2 => 'product',
  ),
)
[ info ] [ HEADER ] array (
  'host' => 'c.com',
  'connection' => 'keep-alive',
  'cache-control' => 'max-age=0',
  'accept' => 'text/html,application/xhtml+xml,application/xml;q=0.9,image/webp,*/*;q=0.8',
  'upgrade-insecure-requests' => '1',
  'user-agent' => 'Mozilla/5.0 (Windows NT 6.1; WOW64) AppleWebKit/537.36 (KHTML, like Gecko) Chrome/50.0.2661.102 Safari/537.36',
  'referer' => 'http://c.com/admin/commodity/lst.html',
  'accept-encoding' => 'gzip, deflate, sdch',
  'accept-language' => 'zh-CN,zh;q=0.8',
)
[ info ] [ PARAM ] array (
  '/admin/commodity/product/commodity_id/131_html' => '',
  'commodity_id' => '131',
)
[ info ] [ RUN ] app\admin\controller\Commodity->product[ B:\aaaweb\aa\shop2\application\admin\controller\Commodity.php ]
[ info ] [ DB ] INIT mysql
[ info ] [ VIEW ] B:\aaaweb\aa\shop2\public/../application/admin\view\commodity\product.html [ array (
  0 => 'attrContent',
) ]
[ info ] [ LOG ] INIT File
[ sql ] [ DB ] CONNECT:[ UseTime:0.001000s ] mysql:host=127.0.0.1;dbname=tested;charset=utf8
[ sql ] [ SQL ] SHOW COLUMNS FROM `tp_comm_attr` [ RunTime:0.003000s ]
[ sql ] [ SQL ] SELECT `c`.`commattr_id`,`c`.`commattr_attrid`,`c`.`commattr_value`,`a`.`attr_name` FROM `tp_comm_attr` `c` INNER JOIN `tp_attr` `a` ON `c`.`commattr_attrid`=`a`.`attr_id` WHERE  `commattr_commid` = 131  AND `a`.`attr_type` = 1 [ RunTime:0.000000s ]
---------------------------------------------------------------
[ 2019-03-03T15:08:40+08:00 ] 127.0.0.1 GET /static/admin/fonts/fontawesome-webfont.woff2?v=4.3.0
[ info ] c.com/static/admin/fonts/fontawesome-webfont.woff2?v=4.3.0 [运行时间：0.019000s][吞吐率：52.63req/s] [内存消耗：1,351.43kb] [文件加载：38]
[ info ] [ LANG ] B:\aaaweb\aa\shop2\thinkphp\lang\zh-cn.php
[ info ] [ ROUTE ] array (
  'type' => 'module',
  'module' => 
  array (
    0 => 'static',
    1 => 'admin',
    2 => 'fonts',
  ),
)
[ info ] [ HEADER ] array (
  'host' => 'c.com',
  'connection' => 'keep-alive',
  'cache-control' => 'max-age=0',
  'user-agent' => 'Mozilla/5.0 (Windows NT 6.1; WOW64) AppleWebKit/537.36 (KHTML, like Gecko) Chrome/50.0.2661.102 Safari/537.36',
  'origin' => 'http://c.com',
  'accept' => '*/*',
  'referer' => 'http://c.com/static/admin/style/font-awesome.css',
  'accept-encoding' => 'gzip, deflate, sdch',
  'accept-language' => 'zh-CN,zh;q=0.8',
)
[ info ] [ PARAM ] array (
  '/static/admin/fonts/fontawesome-webfont_woff2' => '',
  'v' => '4.3.0',
)
[ info ] [ LOG ] INIT File
---------------------------------------------------------------
[ 2019-03-03T15:14:19+08:00 ] 127.0.0.1 GET /
[ info ] c.com/ [运行时间：0.017000s][吞吐率：58.82req/s] [内存消耗：1,312.63kb] [文件加载：36]
[ info ] [ LANG ] B:\aaaweb\aa\shop2\thinkphp\lang\zh-cn.php
[ info ] [ ROUTE ] array (
  'type' => 'module',
  'module' => 
  array (
    0 => '',
    1 => NULL,
    2 => NULL,
  ),
)
[ info ] [ HEADER ] array (
  'host' => 'c.com',
  'connection' => 'keep-alive',
  'accept' => 'text/html,application/xhtml+xml,application/xml;q=0.9,image/webp,*/*;q=0.8',
  'upgrade-insecure-requests' => '1',
  'user-agent' => 'Mozilla/5.0 (Windows NT 6.1; WOW64) AppleWebKit/537.36 (KHTML, like Gecko) Chrome/50.0.2661.102 Safari/537.36',
  'accept-encoding' => 'gzip, deflate, sdch',
  'accept-language' => 'zh-CN,zh;q=0.8',
)
[ info ] [ PARAM ] array (
)
[ info ] [ RUN ] app\index\controller\Index->index[ B:\aaaweb\aa\shop2\application\index\controller\Index.php ]
[ info ] [ LOG ] INIT File
---------------------------------------------------------------
[ 2019-03-03T15:14:23+08:00 ] 127.0.0.1 GET /admin
[ info ] c.com/admin [运行时间：0.023000s][吞吐率：43.48req/s] [内存消耗：1,772.40kb] [文件加载：45]
[ info ] [ LANG ] B:\aaaweb\aa\shop2\thinkphp\lang\zh-cn.php
[ info ] [ ROUTE ] array (
  'type' => 'module',
  'module' => 
  array (
    0 => 'admin',
    1 => NULL,
    2 => NULL,
  ),
)
[ info ] [ HEADER ] array (
  'host' => 'c.com',
  'connection' => 'keep-alive',
  'accept' => 'text/html,application/xhtml+xml,application/xml;q=0.9,image/webp,*/*;q=0.8',
  'upgrade-insecure-requests' => '1',
  'user-agent' => 'Mozilla/5.0 (Windows NT 6.1; WOW64) AppleWebKit/537.36 (KHTML, like Gecko) Chrome/50.0.2661.102 Safari/537.36',
  'accept-encoding' => 'gzip, deflate, sdch',
  'accept-language' => 'zh-CN,zh;q=0.8',
  'cookie' => 'pgv_pvi=3573260288; pgv_si=s1401324544',
)
[ info ] [ PARAM ] array (
  '/admin' => '',
)
[ info ] [ RUN ] app\admin\controller\Index->index[ B:\aaaweb\aa\shop2\application\admin\controller\Index.php ]
[ info ] [ VIEW ] B:\aaaweb\aa\shop2\public/../application/admin\view\index\index.html [ array (
) ]
[ info ] [ LOG ] INIT File
---------------------------------------------------------------
[ 2019-03-03T15:14:23+08:00 ] 127.0.0.1 GET /static/admin/fonts/fontawesome-webfont.woff2?v=4.3.0
[ info ] c.com/static/admin/fonts/fontawesome-webfont.woff2?v=4.3.0 [运行时间：0.020000s][吞吐率：50.00req/s] [内存消耗：1,351.55kb] [文件加载：38]
[ info ] [ LANG ] B:\aaaweb\aa\shop2\thinkphp\lang\zh-cn.php
[ info ] [ ROUTE ] array (
  'type' => 'module',
  'module' => 
  array (
    0 => 'static',
    1 => 'admin',
    2 => 'fonts',
  ),
)
[ info ] [ HEADER ] array (
  'host' => 'c.com',
  'connection' => 'keep-alive',
  'user-agent' => 'Mozilla/5.0 (Windows NT 6.1; WOW64) AppleWebKit/537.36 (KHTML, like Gecko) Chrome/50.0.2661.102 Safari/537.36',
  'origin' => 'http://c.com',
  'accept' => '*/*',
  'referer' => 'http://c.com/static/admin/style/font-awesome.css',
  'accept-encoding' => 'gzip, deflate, sdch',
  'accept-language' => 'zh-CN,zh;q=0.8',
  'cookie' => 'pgv_pvi=3573260288; pgv_si=s1401324544',
)
[ info ] [ PARAM ] array (
  '/static/admin/fonts/fontawesome-webfont_woff2' => '',
  'v' => '4.3.0',
)
[ info ] [ LOG ] INIT File
---------------------------------------------------------------
[ 2019-03-03T15:14:25+08:00 ] 127.0.0.1 GET /admin/data/index.html
[ info ] c.com/admin/data/index.html [运行时间：0.038000s][吞吐率：26.32req/s] [内存消耗：2,265.44kb] [文件加载：54]
[ info ] [ LANG ] B:\aaaweb\aa\shop2\thinkphp\lang\zh-cn.php
[ info ] [ ROUTE ] array (
  'type' => 'module',
  'module' => 
  array (
    0 => 'admin',
    1 => 'data',
    2 => 'index',
  ),
)
[ info ] [ HEADER ] array (
  'host' => 'c.com',
  'connection' => 'keep-alive',
  'accept' => 'text/html,application/xhtml+xml,application/xml;q=0.9,image/webp,*/*;q=0.8',
  'upgrade-insecure-requests' => '1',
  'user-agent' => 'Mozilla/5.0 (Windows NT 6.1; WOW64) AppleWebKit/537.36 (KHTML, like Gecko) Chrome/50.0.2661.102 Safari/537.36',
  'referer' => 'http://c.com/admin',
  'accept-encoding' => 'gzip, deflate, sdch',
  'accept-language' => 'zh-CN,zh;q=0.8',
  'cookie' => 'pgv_pvi=3573260288; pgv_si=s1401324544',
)
[ info ] [ PARAM ] array (
  '/admin/data/index_html' => '',
)
[ info ] [ RUN ] app\admin\controller\Data->index[ B:\aaaweb\aa\shop2\application\admin\controller\Data.php ]
[ info ] [ DB ] INIT mysql
[ info ] [ VIEW ] B:\aaaweb\aa\shop2\public/../application/admin\view\data\index.html [ array (
  0 => 'list',
) ]
[ info ] [ LOG ] INIT File
[ sql ] [ DB ] CONNECT:[ UseTime:0.001000s ] mysql:host=127.0.0.1;dbname=tested;charset=utf8
[ sql ] [ SQL ] SHOW TABLE STATUS [ RunTime:0.004000s ]
[ error ] [2]fclose() expects parameter 1 to be resource, null given[B:\aaaweb\aa\shop2\extend\tp5er\Backup.php:428]
---------------------------------------------------------------
[ 2019-03-03T15:14:26+08:00 ] 127.0.0.1 GET /admin/data/index.html
[ info ] c.com/admin/data/index.html [运行时间：0.033000s][吞吐率：30.30req/s] [内存消耗：2,081.76kb] [文件加载：52]
[ info ] [ LANG ] B:\aaaweb\aa\shop2\thinkphp\lang\zh-cn.php
[ info ] [ ROUTE ] array (
  'type' => 'module',
  'module' => 
  array (
    0 => 'admin',
    1 => 'data',
    2 => 'index',
  ),
)
[ info ] [ HEADER ] array (
  'host' => 'c.com',
  'accept' => '*/*',
)
[ info ] [ PARAM ] array (
  '/admin/data/index_html' => '',
)
[ info ] [ RUN ] app\admin\controller\Data->index[ B:\aaaweb\aa\shop2\application\admin\controller\Data.php ]
[ info ] [ DB ] INIT mysql
[ info ] [ VIEW ] B:\aaaweb\aa\shop2\public/../application/admin\view\data\index.html [ array (
  0 => 'list',
) ]
[ info ] [ LOG ] INIT File
[ sql ] [ DB ] CONNECT:[ UseTime:0.001000s ] mysql:host=127.0.0.1;dbname=tested;charset=utf8
[ sql ] [ SQL ] SHOW TABLE STATUS [ RunTime:0.001000s ]
[ error ] [2]fclose() expects parameter 1 to be resource, null given[B:\aaaweb\aa\shop2\extend\tp5er\Backup.php:428]
---------------------------------------------------------------
[ 2019-03-03T15:14:29+08:00 ] 127.0.0.1 POST /admin/data/export.html
[ info ] c.com/admin/data/export.html [运行时间：0.026000s][吞吐率：38.46req/s] [内存消耗：1,708.38kb] [文件加载：45]
[ info ] [ LANG ] B:\aaaweb\aa\shop2\thinkphp\lang\zh-cn.php
[ info ] [ ROUTE ] array (
  'type' => 'module',
  'module' => 
  array (
    0 => 'admin',
    1 => 'data',
    2 => 'export',
  ),
)
[ info ] [ HEADER ] array (
  'host' => 'c.com',
  'connection' => 'keep-alive',
  'content-length' => '316',
  'accept' => 'application/json, text/javascript, */*; q=0.01',
  'origin' => 'http://c.com',
  'x-requested-with' => 'XMLHttpRequest',
  'user-agent' => 'Mozilla/5.0 (Windows NT 6.1; WOW64) AppleWebKit/537.36 (KHTML, like Gecko) Chrome/50.0.2661.102 Safari/537.36',
  'content-type' => 'application/x-www-form-urlencoded; charset=UTF-8',
  'referer' => 'http://c.com/admin/data/index.html',
  'accept-encoding' => 'gzip, deflate',
  'accept-language' => 'zh-CN,zh;q=0.8',
  'cookie' => 'pgv_pvi=3573260288; pgv_si=s1401324544',
)
[ info ] [ PARAM ] array (
  '/admin/data/export_html' => '',
  'tables' => 
  array (
    0 => 'tp_article',
    1 => 'tp_attr',
    2 => 'tp_brand',
    3 => 'tp_category',
    4 => 'tp_cates',
    5 => 'tp_comm_attr',
    6 => 'tp_comm_photo',
    7 => 'tp_commodity',
    8 => 'tp_config',
    9 => 'tp_links',
    10 => 'tp_member_level',
    11 => 'tp_member_price',
    12 => 'tp_type',
  ),
)
[ info ] [ RUN ] app\admin\controller\Data->export[ B:\aaaweb\aa\shop2\application\admin\controller\Data.php ]
[ info ] [ SESSION ] INIT array (
  'id' => '',
  'var_session_id' => '',
  'prefix' => 'think',
  'type' => '',
  'auto_start' => true,
)
[ info ] [ LOG ] INIT File
---------------------------------------------------------------
[ 2019-03-03T15:14:29+08:00 ] 127.0.0.1 GET /admin/data/export.html?id=0&start=0
[ info ] c.com/admin/data/export.html?id=0&start=0 [运行时间：0.052000s][吞吐率：19.23req/s] [内存消耗：1,930.53kb] [文件加载：49]
[ info ] [ LANG ] B:\aaaweb\aa\shop2\thinkphp\lang\zh-cn.php
[ info ] [ ROUTE ] array (
  'type' => 'module',
  'module' => 
  array (
    0 => 'admin',
    1 => 'data',
    2 => 'export',
  ),
)
[ info ] [ HEADER ] array (
  'host' => 'c.com',
  'connection' => 'keep-alive',
  'accept' => 'application/json, text/javascript, */*; q=0.01',
  'x-requested-with' => 'XMLHttpRequest',
  'user-agent' => 'Mozilla/5.0 (Windows NT 6.1; WOW64) AppleWebKit/537.36 (KHTML, like Gecko) Chrome/50.0.2661.102 Safari/537.36',
  'referer' => 'http://c.com/admin/data/index.html',
  'accept-encoding' => 'gzip, deflate, sdch',
  'accept-language' => 'zh-CN,zh;q=0.8',
  'cookie' => 'pgv_pvi=3573260288; pgv_si=s1401324544; PHPSESSID=2i1gqv5lqctn8degrlugg5rsj4',
)
[ info ] [ PARAM ] array (
  '/admin/data/export_html' => '',
  'id' => '0',
  'start' => '0',
)
[ info ] [ RUN ] app\admin\controller\Data->export[ B:\aaaweb\aa\shop2\application\admin\controller\Data.php ]
[ info ] [ SESSION ] INIT array (
  'id' => '',
  'var_session_id' => '',
  'prefix' => 'think',
  'type' => '',
  'auto_start' => true,
)
[ info ] [ DB ] INIT mysql
[ info ] [ LOG ] INIT File
[ sql ] [ DB ] CONNECT:[ UseTime:0.011000s ] mysql:host=127.0.0.1;dbname=tested;charset=utf8
[ sql ] [ SQL ] SHOW CREATE TABLE `tp_article` [ RunTime:0.000000s ]
[ sql ] [ SQL ] SELECT COUNT(*) AS count FROM `tp_article` [ RunTime:0.001000s ]
[ sql ] [ SQL ] SELECT * FROM `tp_article` LIMIT 0, 1000 [ RunTime:0.000000s ]
---------------------------------------------------------------
[ 2019-03-03T15:14:29+08:00 ] 127.0.0.1 GET /admin/data/export.html?id=1&start=0
[ info ] c.com/admin/data/export.html?id=1&start=0 [运行时间：0.050000s][吞吐率：20.00req/s] [内存消耗：1,927.23kb] [文件加载：49]
[ info ] [ LANG ] B:\aaaweb\aa\shop2\thinkphp\lang\zh-cn.php
[ info ] [ ROUTE ] array (
  'type' => 'module',
  'module' => 
  array (
    0 => 'admin',
    1 => 'data',
    2 => 'export',
  ),
)
[ info ] [ HEADER ] array (
  'host' => 'c.com',
  'connection' => 'keep-alive',
  'accept' => 'application/json, text/javascript, */*; q=0.01',
  'x-requested-with' => 'XMLHttpRequest',
  'user-agent' => 'Mozilla/5.0 (Windows NT 6.1; WOW64) AppleWebKit/537.36 (KHTML, like Gecko) Chrome/50.0.2661.102 Safari/537.36',
  'referer' => 'http://c.com/admin/data/index.html',
  'accept-encoding' => 'gzip, deflate, sdch',
  'accept-language' => 'zh-CN,zh;q=0.8',
  'cookie' => 'pgv_pvi=3573260288; pgv_si=s1401324544; PHPSESSID=2i1gqv5lqctn8degrlugg5rsj4',
)
[ info ] [ PARAM ] array (
  '/admin/data/export_html' => '',
  'id' => '1',
  'start' => '0',
)
[ info ] [ RUN ] app\admin\controller\Data->export[ B:\aaaweb\aa\shop2\application\admin\controller\Data.php ]
[ info ] [ SESSION ] INIT array (
  'id' => '',
  'var_session_id' => '',
  'prefix' => 'think',
  'type' => '',
  'auto_start' => true,
)
[ info ] [ DB ] INIT mysql
[ info ] [ LOG ] INIT File
[ sql ] [ DB ] CONNECT:[ UseTime:0.011000s ] mysql:host=127.0.0.1;dbname=tested;charset=utf8
[ sql ] [ SQL ] SHOW CREATE TABLE `tp_attr` [ RunTime:0.001000s ]
[ sql ] [ SQL ] SELECT COUNT(*) AS count FROM `tp_attr` [ RunTime:0.000000s ]
[ sql ] [ SQL ] SELECT * FROM `tp_attr` LIMIT 0, 1000 [ RunTime:0.001000s ]
---------------------------------------------------------------
[ 2019-03-03T15:14:29+08:00 ] 127.0.0.1 GET /admin/data/export.html?id=2&start=0
[ info ] c.com/admin/data/export.html?id=2&start=0 [运行时间：0.038000s][吞吐率：26.32req/s] [内存消耗：1,927.20kb] [文件加载：49]
[ info ] [ LANG ] B:\aaaweb\aa\shop2\thinkphp\lang\zh-cn.php
[ info ] [ ROUTE ] array (
  'type' => 'module',
  'module' => 
  array (
    0 => 'admin',
    1 => 'data',
    2 => 'export',
  ),
)
[ info ] [ HEADER ] array (
  'host' => 'c.com',
  'connection' => 'keep-alive',
  'accept' => 'application/json, text/javascript, */*; q=0.01',
  'x-requested-with' => 'XMLHttpRequest',
  'user-agent' => 'Mozilla/5.0 (Windows NT 6.1; WOW64) AppleWebKit/537.36 (KHTML, like Gecko) Chrome/50.0.2661.102 Safari/537.36',
  'referer' => 'http://c.com/admin/data/index.html',
  'accept-encoding' => 'gzip, deflate, sdch',
  'accept-language' => 'zh-CN,zh;q=0.8',
  'cookie' => 'pgv_pvi=3573260288; pgv_si=s1401324544; PHPSESSID=2i1gqv5lqctn8degrlugg5rsj4',
)
[ info ] [ PARAM ] array (
  '/admin/data/export_html' => '',
  'id' => '2',
  'start' => '0',
)
[ info ] [ RUN ] app\admin\controller\Data->export[ B:\aaaweb\aa\shop2\application\admin\controller\Data.php ]
[ info ] [ SESSION ] INIT array (
  'id' => '',
  'var_session_id' => '',
  'prefix' => 'think',
  'type' => '',
  'auto_start' => true,
)
[ info ] [ DB ] INIT mysql
[ info ] [ LOG ] INIT File
[ sql ] [ DB ] CONNECT:[ UseTime:0.001000s ] mysql:host=127.0.0.1;dbname=tested;charset=utf8
[ sql ] [ SQL ] SHOW CREATE TABLE `tp_brand` [ RunTime:0.001000s ]
[ sql ] [ SQL ] SELECT COUNT(*) AS count FROM `tp_brand` [ RunTime:0.000000s ]
[ sql ] [ SQL ] SELECT * FROM `tp_brand` LIMIT 0, 1000 [ RunTime:0.000000s ]
---------------------------------------------------------------
[ 2019-03-03T15:14:29+08:00 ] 127.0.0.1 GET /admin/data/export.html?id=3&start=0
[ info ] c.com/admin/data/export.html?id=3&start=0 [运行时间：0.048000s][吞吐率：20.83req/s] [内存消耗：1,929.38kb] [文件加载：49]
[ info ] [ LANG ] B:\aaaweb\aa\shop2\thinkphp\lang\zh-cn.php
[ info ] [ ROUTE ] array (
  'type' => 'module',
  'module' => 
  array (
    0 => 'admin',
    1 => 'data',
    2 => 'export',
  ),
)
[ info ] [ HEADER ] array (
  'host' => 'c.com',
  'connection' => 'keep-alive',
  'accept' => 'application/json, text/javascript, */*; q=0.01',
  'x-requested-with' => 'XMLHttpRequest',
  'user-agent' => 'Mozilla/5.0 (Windows NT 6.1; WOW64) AppleWebKit/537.36 (KHTML, like Gecko) Chrome/50.0.2661.102 Safari/537.36',
  'referer' => 'http://c.com/admin/data/index.html',
  'accept-encoding' => 'gzip, deflate, sdch',
  'accept-language' => 'zh-CN,zh;q=0.8',
  'cookie' => 'pgv_pvi=3573260288; pgv_si=s1401324544; PHPSESSID=2i1gqv5lqctn8degrlugg5rsj4',
)
[ info ] [ PARAM ] array (
  '/admin/data/export_html' => '',
  'id' => '3',
  'start' => '0',
)
[ info ] [ RUN ] app\admin\controller\Data->export[ B:\aaaweb\aa\shop2\application\admin\controller\Data.php ]
[ info ] [ SESSION ] INIT array (
  'id' => '',
  'var_session_id' => '',
  'prefix' => 'think',
  'type' => '',
  'auto_start' => true,
)
[ info ] [ DB ] INIT mysql
[ info ] [ LOG ] INIT File
[ sql ] [ DB ] CONNECT:[ UseTime:0.011000s ] mysql:host=127.0.0.1;dbname=tested;charset=utf8
[ sql ] [ SQL ] SHOW CREATE TABLE `tp_category` [ RunTime:0.000000s ]
[ sql ] [ SQL ] SELECT COUNT(*) AS count FROM `tp_category` [ RunTime:0.001000s ]
[ sql ] [ SQL ] SELECT * FROM `tp_category` LIMIT 0, 1000 [ RunTime:0.000000s ]
---------------------------------------------------------------
[ 2019-03-03T15:14:29+08:00 ] 127.0.0.1 GET /admin/data/export.html?id=4&start=0
[ info ] c.com/admin/data/export.html?id=4&start=0 [运行时间：0.037000s][吞吐率：27.03req/s] [内存消耗：1,928.34kb] [文件加载：49]
[ info ] [ LANG ] B:\aaaweb\aa\shop2\thinkphp\lang\zh-cn.php
[ info ] [ ROUTE ] array (
  'type' => 'module',
  'module' => 
  array (
    0 => 'admin',
    1 => 'data',
    2 => 'export',
  ),
)
[ info ] [ HEADER ] array (
  'host' => 'c.com',
  'connection' => 'keep-alive',
  'accept' => 'application/json, text/javascript, */*; q=0.01',
  'x-requested-with' => 'XMLHttpRequest',
  'user-agent' => 'Mozilla/5.0 (Windows NT 6.1; WOW64) AppleWebKit/537.36 (KHTML, like Gecko) Chrome/50.0.2661.102 Safari/537.36',
  'referer' => 'http://c.com/admin/data/index.html',
  'accept-encoding' => 'gzip, deflate, sdch',
  'accept-language' => 'zh-CN,zh;q=0.8',
  'cookie' => 'pgv_pvi=3573260288; pgv_si=s1401324544; PHPSESSID=2i1gqv5lqctn8degrlugg5rsj4',
)
[ info ] [ PARAM ] array (
  '/admin/data/export_html' => '',
  'id' => '4',
  'start' => '0',
)
[ info ] [ RUN ] app\admin\controller\Data->export[ B:\aaaweb\aa\shop2\application\admin\controller\Data.php ]
[ info ] [ SESSION ] INIT array (
  'id' => '',
  'var_session_id' => '',
  'prefix' => 'think',
  'type' => '',
  'auto_start' => true,
)
[ info ] [ DB ] INIT mysql
[ info ] [ LOG ] INIT File
[ sql ] [ DB ] CONNECT:[ UseTime:0.001000s ] mysql:host=127.0.0.1;dbname=tested;charset=utf8
[ sql ] [ SQL ] SHOW CREATE TABLE `tp_cates` [ RunTime:0.000000s ]
[ sql ] [ SQL ] SELECT COUNT(*) AS count FROM `tp_cates` [ RunTime:0.000000s ]
[ sql ] [ SQL ] SELECT * FROM `tp_cates` LIMIT 0, 1000 [ RunTime:0.000000s ]
---------------------------------------------------------------
[ 2019-03-03T15:14:29+08:00 ] 127.0.0.1 GET /admin/data/export.html?id=5&start=0
[ info ] c.com/admin/data/export.html?id=5&start=0 [运行时间：0.039000s][吞吐率：25.64req/s] [内存消耗：1,926.23kb] [文件加载：49]
[ info ] [ LANG ] B:\aaaweb\aa\shop2\thinkphp\lang\zh-cn.php
[ info ] [ ROUTE ] array (
  'type' => 'module',
  'module' => 
  array (
    0 => 'admin',
    1 => 'data',
    2 => 'export',
  ),
)
[ info ] [ HEADER ] array (
  'host' => 'c.com',
  'connection' => 'keep-alive',
  'accept' => 'application/json, text/javascript, */*; q=0.01',
  'x-requested-with' => 'XMLHttpRequest',
  'user-agent' => 'Mozilla/5.0 (Windows NT 6.1; WOW64) AppleWebKit/537.36 (KHTML, like Gecko) Chrome/50.0.2661.102 Safari/537.36',
  'referer' => 'http://c.com/admin/data/index.html',
  'accept-encoding' => 'gzip, deflate, sdch',
  'accept-language' => 'zh-CN,zh;q=0.8',
  'cookie' => 'pgv_pvi=3573260288; pgv_si=s1401324544; PHPSESSID=2i1gqv5lqctn8degrlugg5rsj4',
)
[ info ] [ PARAM ] array (
  '/admin/data/export_html' => '',
  'id' => '5',
  'start' => '0',
)
[ info ] [ RUN ] app\admin\controller\Data->export[ B:\aaaweb\aa\shop2\application\admin\controller\Data.php ]
[ info ] [ SESSION ] INIT array (
  'id' => '',
  'var_session_id' => '',
  'prefix' => 'think',
  'type' => '',
  'auto_start' => true,
)
[ info ] [ DB ] INIT mysql
[ info ] [ LOG ] INIT File
[ sql ] [ DB ] CONNECT:[ UseTime:0.001000s ] mysql:host=127.0.0.1;dbname=tested;charset=utf8
[ sql ] [ SQL ] SHOW CREATE TABLE `tp_comm_attr` [ RunTime:0.000000s ]
[ sql ] [ SQL ] SELECT COUNT(*) AS count FROM `tp_comm_attr` [ RunTime:0.000000s ]
[ sql ] [ SQL ] SELECT * FROM `tp_comm_attr` LIMIT 0, 1000 [ RunTime:0.000000s ]
---------------------------------------------------------------
[ 2019-03-03T15:14:29+08:00 ] 127.0.0.1 GET /admin/data/export.html?id=6&start=0
[ info ] c.com/admin/data/export.html?id=6&start=0 [运行时间：0.039000s][吞吐率：25.64req/s] [内存消耗：1,923.04kb] [文件加载：49]
[ info ] [ LANG ] B:\aaaweb\aa\shop2\thinkphp\lang\zh-cn.php
[ info ] [ ROUTE ] array (
  'type' => 'module',
  'module' => 
  array (
    0 => 'admin',
    1 => 'data',
    2 => 'export',
  ),
)
[ info ] [ HEADER ] array (
  'host' => 'c.com',
  'connection' => 'keep-alive',
  'accept' => 'application/json, text/javascript, */*; q=0.01',
  'x-requested-with' => 'XMLHttpRequest',
  'user-agent' => 'Mozilla/5.0 (Windows NT 6.1; WOW64) AppleWebKit/537.36 (KHTML, like Gecko) Chrome/50.0.2661.102 Safari/537.36',
  'referer' => 'http://c.com/admin/data/index.html',
  'accept-encoding' => 'gzip, deflate, sdch',
  'accept-language' => 'zh-CN,zh;q=0.8',
  'cookie' => 'pgv_pvi=3573260288; pgv_si=s1401324544; PHPSESSID=2i1gqv5lqctn8degrlugg5rsj4',
)
[ info ] [ PARAM ] array (
  '/admin/data/export_html' => '',
  'id' => '6',
  'start' => '0',
)
[ info ] [ RUN ] app\admin\controller\Data->export[ B:\aaaweb\aa\shop2\application\admin\controller\Data.php ]
[ info ] [ SESSION ] INIT array (
  'id' => '',
  'var_session_id' => '',
  'prefix' => 'think',
  'type' => '',
  'auto_start' => true,
)
[ info ] [ DB ] INIT mysql
[ info ] [ LOG ] INIT File
[ sql ] [ DB ] CONNECT:[ UseTime:0.001000s ] mysql:host=127.0.0.1;dbname=tested;charset=utf8
[ sql ] [ SQL ] SHOW CREATE TABLE `tp_comm_photo` [ RunTime:0.001000s ]
[ sql ] [ SQL ] SELECT COUNT(*) AS count FROM `tp_comm_photo` [ RunTime:0.000000s ]
---------------------------------------------------------------
[ 2019-03-03T15:14:29+08:00 ] 127.0.0.1 GET /admin/data/export.html?id=7&start=0
[ info ] c.com/admin/data/export.html?id=7&start=0 [运行时间：0.048000s][吞吐率：20.83req/s] [内存消耗：1,931.80kb] [文件加载：49]
[ info ] [ LANG ] B:\aaaweb\aa\shop2\thinkphp\lang\zh-cn.php
[ info ] [ ROUTE ] array (
  'type' => 'module',
  'module' => 
  array (
    0 => 'admin',
    1 => 'data',
    2 => 'export',
  ),
)
[ info ] [ HEADER ] array (
  'host' => 'c.com',
  'connection' => 'keep-alive',
  'accept' => 'application/json, text/javascript, */*; q=0.01',
  'x-requested-with' => 'XMLHttpRequest',
  'user-agent' => 'Mozilla/5.0 (Windows NT 6.1; WOW64) AppleWebKit/537.36 (KHTML, like Gecko) Chrome/50.0.2661.102 Safari/537.36',
  'referer' => 'http://c.com/admin/data/index.html',
  'accept-encoding' => 'gzip, deflate, sdch',
  'accept-language' => 'zh-CN,zh;q=0.8',
  'cookie' => 'pgv_pvi=3573260288; pgv_si=s1401324544; PHPSESSID=2i1gqv5lqctn8degrlugg5rsj4',
)
[ info ] [ PARAM ] array (
  '/admin/data/export_html' => '',
  'id' => '7',
  'start' => '0',
)
[ info ] [ RUN ] app\admin\controller\Data->export[ B:\aaaweb\aa\shop2\application\admin\controller\Data.php ]
[ info ] [ SESSION ] INIT array (
  'id' => '',
  'var_session_id' => '',
  'prefix' => 'think',
  'type' => '',
  'auto_start' => true,
)
[ info ] [ DB ] INIT mysql
[ info ] [ LOG ] INIT File
[ sql ] [ DB ] CONNECT:[ UseTime:0.010000s ] mysql:host=127.0.0.1;dbname=tested;charset=utf8
[ sql ] [ SQL ] SHOW CREATE TABLE `tp_commodity` [ RunTime:0.000000s ]
[ sql ] [ SQL ] SELECT COUNT(*) AS count FROM `tp_commodity` [ RunTime:0.000000s ]
[ sql ] [ SQL ] SELECT * FROM `tp_commodity` LIMIT 0, 1000 [ RunTime:0.000000s ]
---------------------------------------------------------------
[ 2019-03-03T15:14:29+08:00 ] 127.0.0.1 GET /admin/data/export.html?id=8&start=0
[ info ] c.com/admin/data/export.html?id=8&start=0 [运行时间：0.039000s][吞吐率：25.64req/s] [内存消耗：1,932.14kb] [文件加载：49]
[ info ] [ LANG ] B:\aaaweb\aa\shop2\thinkphp\lang\zh-cn.php
[ info ] [ ROUTE ] array (
  'type' => 'module',
  'module' => 
  array (
    0 => 'admin',
    1 => 'data',
    2 => 'export',
  ),
)
[ info ] [ HEADER ] array (
  'host' => 'c.com',
  'connection' => 'keep-alive',
  'accept' => 'application/json, text/javascript, */*; q=0.01',
  'x-requested-with' => 'XMLHttpRequest',
  'user-agent' => 'Mozilla/5.0 (Windows NT 6.1; WOW64) AppleWebKit/537.36 (KHTML, like Gecko) Chrome/50.0.2661.102 Safari/537.36',
  'referer' => 'http://c.com/admin/data/index.html',
  'accept-encoding' => 'gzip, deflate, sdch',
  'accept-language' => 'zh-CN,zh;q=0.8',
  'cookie' => 'pgv_pvi=3573260288; pgv_si=s1401324544; PHPSESSID=2i1gqv5lqctn8degrlugg5rsj4',
)
[ info ] [ PARAM ] array (
  '/admin/data/export_html' => '',
  'id' => '8',
  'start' => '0',
)
[ info ] [ RUN ] app\admin\controller\Data->export[ B:\aaaweb\aa\shop2\application\admin\controller\Data.php ]
[ info ] [ SESSION ] INIT array (
  'id' => '',
  'var_session_id' => '',
  'prefix' => 'think',
  'type' => '',
  'auto_start' => true,
)
[ info ] [ DB ] INIT mysql
[ info ] [ LOG ] INIT File
[ sql ] [ DB ] CONNECT:[ UseTime:0.001000s ] mysql:host=127.0.0.1;dbname=tested;charset=utf8
[ sql ] [ SQL ] SHOW CREATE TABLE `tp_config` [ RunTime:0.000000s ]
[ sql ] [ SQL ] SELECT COUNT(*) AS count FROM `tp_config` [ RunTime:0.001000s ]
[ sql ] [ SQL ] SELECT * FROM `tp_config` LIMIT 0, 1000 [ RunTime:0.000000s ]
---------------------------------------------------------------
[ 2019-03-03T15:14:29+08:00 ] 127.0.0.1 GET /admin/data/export.html?id=9&start=0
[ info ] c.com/admin/data/export.html?id=9&start=0 [运行时间：0.048000s][吞吐率：20.83req/s] [内存消耗：1,926.32kb] [文件加载：49]
[ info ] [ LANG ] B:\aaaweb\aa\shop2\thinkphp\lang\zh-cn.php
[ info ] [ ROUTE ] array (
  'type' => 'module',
  'module' => 
  array (
    0 => 'admin',
    1 => 'data',
    2 => 'export',
  ),
)
[ info ] [ HEADER ] array (
  'host' => 'c.com',
  'connection' => 'keep-alive',
  'accept' => 'application/json, text/javascript, */*; q=0.01',
  'x-requested-with' => 'XMLHttpRequest',
  'user-agent' => 'Mozilla/5.0 (Windows NT 6.1; WOW64) AppleWebKit/537.36 (KHTML, like Gecko) Chrome/50.0.2661.102 Safari/537.36',
  'referer' => 'http://c.com/admin/data/index.html',
  'accept-encoding' => 'gzip, deflate, sdch',
  'accept-language' => 'zh-CN,zh;q=0.8',
  'cookie' => 'pgv_pvi=3573260288; pgv_si=s1401324544; PHPSESSID=2i1gqv5lqctn8degrlugg5rsj4',
)
[ info ] [ PARAM ] array (
  '/admin/data/export_html' => '',
  'id' => '9',
  'start' => '0',
)
[ info ] [ RUN ] app\admin\controller\Data->export[ B:\aaaweb\aa\shop2\application\admin\controller\Data.php ]
[ info ] [ SESSION ] INIT array (
  'id' => '',
  'var_session_id' => '',
  'prefix' => 'think',
  'type' => '',
  'auto_start' => true,
)
[ info ] [ DB ] INIT mysql
[ info ] [ LOG ] INIT File
[ sql ] [ DB ] CONNECT:[ UseTime:0.010000s ] mysql:host=127.0.0.1;dbname=tested;charset=utf8
[ sql ] [ SQL ] SHOW CREATE TABLE `tp_links` [ RunTime:0.000000s ]
[ sql ] [ SQL ] SELECT COUNT(*) AS count FROM `tp_links` [ RunTime:0.000000s ]
[ sql ] [ SQL ] SELECT * FROM `tp_links` LIMIT 0, 1000 [ RunTime:0.001000s ]
---------------------------------------------------------------
[ 2019-03-03T15:14:29+08:00 ] 127.0.0.1 GET /admin/data/export.html?id=10&start=0
[ info ] c.com/admin/data/export.html?id=10&start=0 [运行时间：0.039000s][吞吐率：25.64req/s] [内存消耗：1,925.94kb] [文件加载：49]
[ info ] [ LANG ] B:\aaaweb\aa\shop2\thinkphp\lang\zh-cn.php
[ info ] [ ROUTE ] array (
  'type' => 'module',
  'module' => 
  array (
    0 => 'admin',
    1 => 'data',
    2 => 'export',
  ),
)
[ info ] [ HEADER ] array (
  'host' => 'c.com',
  'connection' => 'keep-alive',
  'accept' => 'application/json, text/javascript, */*; q=0.01',
  'x-requested-with' => 'XMLHttpRequest',
  'user-agent' => 'Mozilla/5.0 (Windows NT 6.1; WOW64) AppleWebKit/537.36 (KHTML, like Gecko) Chrome/50.0.2661.102 Safari/537.36',
  'referer' => 'http://c.com/admin/data/index.html',
  'accept-encoding' => 'gzip, deflate, sdch',
  'accept-language' => 'zh-CN,zh;q=0.8',
  'cookie' => 'pgv_pvi=3573260288; pgv_si=s1401324544; PHPSESSID=2i1gqv5lqctn8degrlugg5rsj4',
)
[ info ] [ PARAM ] array (
  '/admin/data/export_html' => '',
  'id' => '10',
  'start' => '0',
)
[ info ] [ RUN ] app\admin\controller\Data->export[ B:\aaaweb\aa\shop2\application\admin\controller\Data.php ]
[ info ] [ SESSION ] INIT array (
  'id' => '',
  'var_session_id' => '',
  'prefix' => 'think',
  'type' => '',
  'auto_start' => true,
)
[ info ] [ DB ] INIT mysql
[ info ] [ LOG ] INIT File
[ sql ] [ DB ] CONNECT:[ UseTime:0.000000s ] mysql:host=127.0.0.1;dbname=tested;charset=utf8
[ sql ] [ SQL ] SHOW CREATE TABLE `tp_member_level` [ RunTime:0.000000s ]
[ sql ] [ SQL ] SELECT COUNT(*) AS count FROM `tp_member_level` [ RunTime:0.000000s ]
[ sql ] [ SQL ] SELECT * FROM `tp_member_level` LIMIT 0, 1000 [ RunTime:0.000000s ]
---------------------------------------------------------------
[ 2019-03-03T15:14:29+08:00 ] 127.0.0.1 GET /admin/data/export.html?id=11&start=0
[ info ] c.com/admin/data/export.html?id=11&start=0 [运行时间：0.039000s][吞吐率：25.64req/s] [内存消耗：1,925.30kb] [文件加载：49]
[ info ] [ LANG ] B:\aaaweb\aa\shop2\thinkphp\lang\zh-cn.php
[ info ] [ ROUTE ] array (
  'type' => 'module',
  'module' => 
  array (
    0 => 'admin',
    1 => 'data',
    2 => 'export',
  ),
)
[ info ] [ HEADER ] array (
  'host' => 'c.com',
  'connection' => 'keep-alive',
  'accept' => 'application/json, text/javascript, */*; q=0.01',
  'x-requested-with' => 'XMLHttpRequest',
  'user-agent' => 'Mozilla/5.0 (Windows NT 6.1; WOW64) AppleWebKit/537.36 (KHTML, like Gecko) Chrome/50.0.2661.102 Safari/537.36',
  'referer' => 'http://c.com/admin/data/index.html',
  'accept-encoding' => 'gzip, deflate, sdch',
  'accept-language' => 'zh-CN,zh;q=0.8',
  'cookie' => 'pgv_pvi=3573260288; pgv_si=s1401324544; PHPSESSID=2i1gqv5lqctn8degrlugg5rsj4',
)
[ info ] [ PARAM ] array (
  '/admin/data/export_html' => '',
  'id' => '11',
  'start' => '0',
)
[ info ] [ RUN ] app\admin\controller\Data->export[ B:\aaaweb\aa\shop2\application\admin\controller\Data.php ]
[ info ] [ SESSION ] INIT array (
  'id' => '',
  'var_session_id' => '',
  'prefix' => 'think',
  'type' => '',
  'auto_start' => true,
)
[ info ] [ DB ] INIT mysql
[ info ] [ LOG ] INIT File
[ sql ] [ DB ] CONNECT:[ UseTime:0.001000s ] mysql:host=127.0.0.1;dbname=tested;charset=utf8
[ sql ] [ SQL ] SHOW CREATE TABLE `tp_member_price` [ RunTime:0.000000s ]
[ sql ] [ SQL ] SELECT COUNT(*) AS count FROM `tp_member_price` [ RunTime:0.001000s ]
[ sql ] [ SQL ] SELECT * FROM `tp_member_price` LIMIT 0, 1000 [ RunTime:0.000000s ]
---------------------------------------------------------------
[ 2019-03-03T15:14:29+08:00 ] 127.0.0.1 GET /admin/data/export.html?id=12&start=0
[ info ] c.com/admin/data/export.html?id=12&start=0 [运行时间：0.039000s][吞吐率：25.64req/s] [内存消耗：1,922.16kb] [文件加载：49]
[ info ] [ LANG ] B:\aaaweb\aa\shop2\thinkphp\lang\zh-cn.php
[ info ] [ ROUTE ] array (
  'type' => 'module',
  'module' => 
  array (
    0 => 'admin',
    1 => 'data',
    2 => 'export',
  ),
)
[ info ] [ HEADER ] array (
  'host' => 'c.com',
  'connection' => 'keep-alive',
  'accept' => 'application/json, text/javascript, */*; q=0.01',
  'x-requested-with' => 'XMLHttpRequest',
  'user-agent' => 'Mozilla/5.0 (Windows NT 6.1; WOW64) AppleWebKit/537.36 (KHTML, like Gecko) Chrome/50.0.2661.102 Safari/537.36',
  'referer' => 'http://c.com/admin/data/index.html',
  'accept-encoding' => 'gzip, deflate, sdch',
  'accept-language' => 'zh-CN,zh;q=0.8',
  'cookie' => 'pgv_pvi=3573260288; pgv_si=s1401324544; PHPSESSID=2i1gqv5lqctn8degrlugg5rsj4',
)
[ info ] [ PARAM ] array (
  '/admin/data/export_html' => '',
  'id' => '12',
  'start' => '0',
)
[ info ] [ RUN ] app\admin\controller\Data->export[ B:\aaaweb\aa\shop2\application\admin\controller\Data.php ]
[ info ] [ SESSION ] INIT array (
  'id' => '',
  'var_session_id' => '',
  'prefix' => 'think',
  'type' => '',
  'auto_start' => true,
)
[ info ] [ DB ] INIT mysql
[ info ] [ LOG ] INIT File
[ sql ] [ DB ] CONNECT:[ UseTime:0.001000s ] mysql:host=127.0.0.1;dbname=tested;charset=utf8
[ sql ] [ SQL ] SHOW CREATE TABLE `tp_type` [ RunTime:0.000000s ]
[ sql ] [ SQL ] SELECT COUNT(*) AS count FROM `tp_type` [ RunTime:0.001000s ]
[ sql ] [ SQL ] SELECT * FROM `tp_type` LIMIT 0, 1000 [ RunTime:0.000000s ]
---------------------------------------------------------------
[ 2019-03-03T15:14:31+08:00 ] 127.0.0.1 GET /admin/data/importlist.html
[ info ] c.com/admin/data/importlist.html [运行时间：0.033000s][吞吐率：30.30req/s] [内存消耗：1,987.09kb] [文件加载：50]
[ info ] [ LANG ] B:\aaaweb\aa\shop2\thinkphp\lang\zh-cn.php
[ info ] [ ROUTE ] array (
  'type' => 'module',
  'module' => 
  array (
    0 => 'admin',
    1 => 'data',
    2 => 'importlist',
  ),
)
[ info ] [ HEADER ] array (
  'host' => 'c.com',
  'connection' => 'keep-alive',
  'accept' => 'text/html,application/xhtml+xml,application/xml;q=0.9,image/webp,*/*;q=0.8',
  'upgrade-insecure-requests' => '1',
  'user-agent' => 'Mozilla/5.0 (Windows NT 6.1; WOW64) AppleWebKit/537.36 (KHTML, like Gecko) Chrome/50.0.2661.102 Safari/537.36',
  'referer' => 'http://c.com/admin/data/index.html',
  'accept-encoding' => 'gzip, deflate, sdch',
  'accept-language' => 'zh-CN,zh;q=0.8',
  'cookie' => 'pgv_pvi=3573260288; pgv_si=s1401324544; PHPSESSID=2i1gqv5lqctn8degrlugg5rsj4',
)
[ info ] [ PARAM ] array (
  '/admin/data/importlist_html' => '',
)
[ info ] [ RUN ] app\admin\controller\Data->importlist[ B:\aaaweb\aa\shop2\application\admin\controller\Data.php ]
[ info ] [ VIEW ] B:\aaaweb\aa\shop2\public/../application/admin\view\data\importlist.html [ array (
  0 => 'list',
) ]
[ info ] [ LOG ] INIT File
[ error ] [2]fclose() expects parameter 1 to be resource, null given[B:\aaaweb\aa\shop2\extend\tp5er\Backup.php:428]
---------------------------------------------------------------
[ 2019-03-03T15:14:31+08:00 ] 127.0.0.1 GET /admin/data/importlist.html
[ info ] c.com/admin/data/importlist.html [运行时间：0.025000s][吞吐率：40.00req/s] [内存消耗：1,817.98kb] [文件加载：48]
[ info ] [ LANG ] B:\aaaweb\aa\shop2\thinkphp\lang\zh-cn.php
[ info ] [ ROUTE ] array (
  'type' => 'module',
  'module' => 
  array (
    0 => 'admin',
    1 => 'data',
    2 => 'importlist',
  ),
)
[ info ] [ HEADER ] array (
  'host' => 'c.com',
  'accept' => '*/*',
)
[ info ] [ PARAM ] array (
  '/admin/data/importlist_html' => '',
)
[ info ] [ RUN ] app\admin\controller\Data->importlist[ B:\aaaweb\aa\shop2\application\admin\controller\Data.php ]
[ info ] [ VIEW ] B:\aaaweb\aa\shop2\public/../application/admin\view\data\importlist.html [ array (
  0 => 'list',
) ]
[ info ] [ LOG ] INIT File
[ error ] [2]fclose() expects parameter 1 to be resource, null given[B:\aaaweb\aa\shop2\extend\tp5er\Backup.php:428]
---------------------------------------------------------------
[ 2019-03-03T15:14:35+08:00 ] 127.0.0.1 GET /admin/data/del/time/1548179441.html
[ info ] c.com/admin/data/del/time/1548179441.html [运行时间：0.027000s][吞吐率：37.04req/s] [内存消耗：1,888.17kb] [文件加载：50]
[ info ] [ LANG ] B:\aaaweb\aa\shop2\thinkphp\lang\zh-cn.php
[ info ] [ ROUTE ] array (
  'type' => 'module',
  'module' => 
  array (
    0 => 'admin',
    1 => 'data',
    2 => 'del',
  ),
)
[ info ] [ HEADER ] array (
  'host' => 'c.com',
  'connection' => 'keep-alive',
  'accept' => 'text/html,application/xhtml+xml,application/xml;q=0.9,image/webp,*/*;q=0.8',
  'upgrade-insecure-requests' => '1',
  'user-agent' => 'Mozilla/5.0 (Windows NT 6.1; WOW64) AppleWebKit/537.36 (KHTML, like Gecko) Chrome/50.0.2661.102 Safari/537.36',
  'referer' => 'http://c.com/admin/data/importlist.html',
  'accept-encoding' => 'gzip, deflate, sdch',
  'accept-language' => 'zh-CN,zh;q=0.8',
  'cookie' => 'pgv_pvi=3573260288; pgv_si=s1401324544; PHPSESSID=2i1gqv5lqctn8degrlugg5rsj4',
)
[ info ] [ PARAM ] array (
  '/admin/data/del/time/1548179441_html' => '',
  'time' => '1548179441',
)
[ info ] [ RUN ] app\admin\controller\Data->del[ B:\aaaweb\aa\shop2\application\admin\controller\Data.php ]
[ info ] [ VIEW ] B:\aaaweb\aa\shop2\thinkphp\tpl\dispatch_jump.tpl [ array (
  0 => 'code',
  1 => 'msg',
  2 => 'data',
  3 => 'url',
  4 => 'wait',
) ]
[ info ] [ LOG ] INIT File
[ error ] [2]fclose() expects parameter 1 to be resource, null given[B:\aaaweb\aa\shop2\extend\tp5er\Backup.php:428]
---------------------------------------------------------------
[ 2019-03-03T15:14:36+08:00 ] 127.0.0.1 GET /admin/data/del/time/1548179441.html
[ info ] c.com/admin/data/del/time/1548179441.html [运行时间：0.027000s][吞吐率：37.04req/s] [内存消耗：1,806.27kb] [文件加载：49]
[ info ] [ LANG ] B:\aaaweb\aa\shop2\thinkphp\lang\zh-cn.php
[ info ] [ ROUTE ] array (
  'type' => 'module',
  'module' => 
  array (
    0 => 'admin',
    1 => 'data',
    2 => 'del',
  ),
)
[ info ] [ HEADER ] array (
  'host' => 'c.com',
  'accept' => '*/*',
)
[ info ] [ PARAM ] array (
  '/admin/data/del/time/1548179441_html' => '',
  'time' => '1548179441',
)
[ info ] [ RUN ] app\admin\controller\Data->del[ B:\aaaweb\aa\shop2\application\admin\controller\Data.php ]
[ info ] [ VIEW ] B:\aaaweb\aa\shop2\thinkphp\tpl\dispatch_jump.tpl [ array (
  0 => 'code',
  1 => 'msg',
  2 => 'data',
  3 => 'url',
  4 => 'wait',
) ]
[ info ] [ LOG ] INIT File
[ error ] [2]fclose() expects parameter 1 to be resource, null given[B:\aaaweb\aa\shop2\extend\tp5er\Backup.php:428]
---------------------------------------------------------------
[ 2019-03-03T15:14:38+08:00 ] 127.0.0.1 GET /admin/data/importlist.html
[ info ] c.com/admin/data/importlist.html [运行时间：0.027000s][吞吐率：37.04req/s] [内存消耗：1,820.18kb] [文件加载：48]
[ info ] [ LANG ] B:\aaaweb\aa\shop2\thinkphp\lang\zh-cn.php
[ info ] [ ROUTE ] array (
  'type' => 'module',
  'module' => 
  array (
    0 => 'admin',
    1 => 'data',
    2 => 'importlist',
  ),
)
[ info ] [ HEADER ] array (
  'host' => 'c.com',
  'connection' => 'keep-alive',
  'accept' => 'text/html,application/xhtml+xml,application/xml;q=0.9,image/webp,*/*;q=0.8',
  'upgrade-insecure-requests' => '1',
  'user-agent' => 'Mozilla/5.0 (Windows NT 6.1; WOW64) AppleWebKit/537.36 (KHTML, like Gecko) Chrome/50.0.2661.102 Safari/537.36',
  'referer' => 'http://c.com/admin/data/del/time/1548179441.html',
  'accept-encoding' => 'gzip, deflate, sdch',
  'accept-language' => 'zh-CN,zh;q=0.8',
  'cookie' => 'pgv_pvi=3573260288; pgv_si=s1401324544; PHPSESSID=2i1gqv5lqctn8degrlugg5rsj4',
)
[ info ] [ PARAM ] array (
  '/admin/data/importlist_html' => '',
)
[ info ] [ RUN ] app\admin\controller\Data->importlist[ B:\aaaweb\aa\shop2\application\admin\controller\Data.php ]
[ info ] [ VIEW ] B:\aaaweb\aa\shop2\public/../application/admin\view\data\importlist.html [ array (
  0 => 'list',
) ]
[ info ] [ LOG ] INIT File
[ error ] [2]fclose() expects parameter 1 to be resource, null given[B:\aaaweb\aa\shop2\extend\tp5er\Backup.php:428]
---------------------------------------------------------------
[ 2019-03-03T15:14:39+08:00 ] 127.0.0.1 GET /admin/data/importlist.html
[ info ] c.com/admin/data/importlist.html [运行时间：0.027000s][吞吐率：37.04req/s] [内存消耗：1,817.51kb] [文件加载：48]
[ info ] [ LANG ] B:\aaaweb\aa\shop2\thinkphp\lang\zh-cn.php
[ info ] [ ROUTE ] array (
  'type' => 'module',
  'module' => 
  array (
    0 => 'admin',
    1 => 'data',
    2 => 'importlist',
  ),
)
[ info ] [ HEADER ] array (
  'host' => 'c.com',
  'accept' => '*/*',
)
[ info ] [ PARAM ] array (
  '/admin/data/importlist_html' => '',
)
[ info ] [ RUN ] app\admin\controller\Data->importlist[ B:\aaaweb\aa\shop2\application\admin\controller\Data.php ]
[ info ] [ VIEW ] B:\aaaweb\aa\shop2\public/../application/admin\view\data\importlist.html [ array (
  0 => 'list',
) ]
[ info ] [ LOG ] INIT File
[ error ] [2]fclose() expects parameter 1 to be resource, null given[B:\aaaweb\aa\shop2\extend\tp5er\Backup.php:428]
---------------------------------------------------------------
[ 2019-03-03T15:14:40+08:00 ] 127.0.0.1 GET /admin/data/del/time/1551579364.html
[ info ] c.com/admin/data/del/time/1551579364.html [运行时间：0.024000s][吞吐率：41.67req/s] [内存消耗：1,747.53kb] [文件加载：48]
[ info ] [ LANG ] B:\aaaweb\aa\shop2\thinkphp\lang\zh-cn.php
[ info ] [ ROUTE ] array (
  'type' => 'module',
  'module' => 
  array (
    0 => 'admin',
    1 => 'data',
    2 => 'del',
  ),
)
[ info ] [ HEADER ] array (
  'host' => 'c.com',
  'connection' => 'keep-alive',
  'accept' => 'text/html,application/xhtml+xml,application/xml;q=0.9,image/webp,*/*;q=0.8',
  'upgrade-insecure-requests' => '1',
  'user-agent' => 'Mozilla/5.0 (Windows NT 6.1; WOW64) AppleWebKit/537.36 (KHTML, like Gecko) Chrome/50.0.2661.102 Safari/537.36',
  'referer' => 'http://c.com/admin/data/importlist.html',
  'accept-encoding' => 'gzip, deflate, sdch',
  'accept-language' => 'zh-CN,zh;q=0.8',
  'cookie' => 'pgv_pvi=3573260288; pgv_si=s1401324544; PHPSESSID=2i1gqv5lqctn8degrlugg5rsj4',
)
[ info ] [ PARAM ] array (
  '/admin/data/del/time/1551579364_html' => '',
  'time' => '1551579364',
)
[ info ] [ RUN ] app\admin\controller\Data->del[ B:\aaaweb\aa\shop2\application\admin\controller\Data.php ]
[ info ] [ VIEW ] B:\aaaweb\aa\shop2\thinkphp\tpl\dispatch_jump.tpl [ array (
  0 => 'code',
  1 => 'msg',
  2 => 'data',
  3 => 'url',
  4 => 'wait',
) ]
[ info ] [ LOG ] INIT File
[ error ] [2]fclose() expects parameter 1 to be resource, null given[B:\aaaweb\aa\shop2\extend\tp5er\Backup.php:428]
---------------------------------------------------------------
[ 2019-03-03T15:14:40+08:00 ] 127.0.0.1 GET /admin/data/del/time/1551579364.html
[ info ] c.com/admin/data/del/time/1551579364.html [运行时间：0.024000s][吞吐率：41.67req/s] [内存消耗：1,806.27kb] [文件加载：49]
[ info ] [ LANG ] B:\aaaweb\aa\shop2\thinkphp\lang\zh-cn.php
[ info ] [ ROUTE ] array (
  'type' => 'module',
  'module' => 
  array (
    0 => 'admin',
    1 => 'data',
    2 => 'del',
  ),
)
[ info ] [ HEADER ] array (
  'host' => 'c.com',
  'accept' => '*/*',
)
[ info ] [ PARAM ] array (
  '/admin/data/del/time/1551579364_html' => '',
  'time' => '1551579364',
)
[ info ] [ RUN ] app\admin\controller\Data->del[ B:\aaaweb\aa\shop2\application\admin\controller\Data.php ]
[ info ] [ VIEW ] B:\aaaweb\aa\shop2\thinkphp\tpl\dispatch_jump.tpl [ array (
  0 => 'code',
  1 => 'msg',
  2 => 'data',
  3 => 'url',
  4 => 'wait',
) ]
[ info ] [ LOG ] INIT File
[ error ] [2]fclose() expects parameter 1 to be resource, null given[B:\aaaweb\aa\shop2\extend\tp5er\Backup.php:428]
---------------------------------------------------------------
[ 2019-03-03T15:14:43+08:00 ] 127.0.0.1 GET /admin/data/importlist.html
[ info ] c.com/admin/data/importlist.html [运行时间：0.026000s][吞吐率：38.46req/s] [内存消耗：1,819.61kb] [文件加载：48]
[ info ] [ LANG ] B:\aaaweb\aa\shop2\thinkphp\lang\zh-cn.php
[ info ] [ ROUTE ] array (
  'type' => 'module',
  'module' => 
  array (
    0 => 'admin',
    1 => 'data',
    2 => 'importlist',
  ),
)
[ info ] [ HEADER ] array (
  'host' => 'c.com',
  'connection' => 'keep-alive',
  'accept' => 'text/html,application/xhtml+xml,application/xml;q=0.9,image/webp,*/*;q=0.8',
  'upgrade-insecure-requests' => '1',
  'user-agent' => 'Mozilla/5.0 (Windows NT 6.1; WOW64) AppleWebKit/537.36 (KHTML, like Gecko) Chrome/50.0.2661.102 Safari/537.36',
  'referer' => 'http://c.com/admin/data/del/time/1551579364.html',
  'accept-encoding' => 'gzip, deflate, sdch',
  'accept-language' => 'zh-CN,zh;q=0.8',
  'cookie' => 'pgv_pvi=3573260288; pgv_si=s1401324544; PHPSESSID=2i1gqv5lqctn8degrlugg5rsj4',
)
[ info ] [ PARAM ] array (
  '/admin/data/importlist_html' => '',
)
[ info ] [ RUN ] app\admin\controller\Data->importlist[ B:\aaaweb\aa\shop2\application\admin\controller\Data.php ]
[ info ] [ VIEW ] B:\aaaweb\aa\shop2\public/../application/admin\view\data\importlist.html [ array (
  0 => 'list',
) ]
[ info ] [ LOG ] INIT File
[ error ] [2]fclose() expects parameter 1 to be resource, null given[B:\aaaweb\aa\shop2\extend\tp5er\Backup.php:428]
---------------------------------------------------------------
[ 2019-03-03T15:14:43+08:00 ] 127.0.0.1 GET /admin/data/importlist.html
[ info ] c.com/admin/data/importlist.html [运行时间：0.027000s][吞吐率：37.04req/s] [内存消耗：1,816.91kb] [文件加载：48]
[ info ] [ LANG ] B:\aaaweb\aa\shop2\thinkphp\lang\zh-cn.php
[ info ] [ ROUTE ] array (
  'type' => 'module',
  'module' => 
  array (
    0 => 'admin',
    1 => 'data',
    2 => 'importlist',
  ),
)
[ info ] [ HEADER ] array (
  'host' => 'c.com',
  'accept' => '*/*',
)
[ info ] [ PARAM ] array (
  '/admin/data/importlist_html' => '',
)
[ info ] [ RUN ] app\admin\controller\Data->importlist[ B:\aaaweb\aa\shop2\application\admin\controller\Data.php ]
[ info ] [ VIEW ] B:\aaaweb\aa\shop2\public/../application/admin\view\data\importlist.html [ array (
  0 => 'list',
) ]
[ info ] [ LOG ] INIT File
[ error ] [2]fclose() expects parameter 1 to be resource, null given[B:\aaaweb\aa\shop2\extend\tp5er\Backup.php:428]
