---------------------------------------------------------------
[ 2019-03-17T17:14:34+08:00 ] 127.0.0.1 GET /admin/commodity/edit/commodity_id/135.html
[ info ] s.com/admin/commodity/edit/commodity_id/135.html [运行时间：0.069000s][吞吐率：14.49req/s] [内存消耗：2,790.88kb] [文件加载：55]
[ info ] [ LANG ] B:\aaaa\shop\thinkphp\lang\zh-cn.php
[ info ] [ ROUTE ] array (
  'type' => 'module',
  'module' => 
  array (
    0 => 'admin',
    1 => 'commodity',
    2 => 'edit',
  ),
)
[ info ] [ HEADER ] array (
  'host' => 's.com',
  'connection' => 'keep-alive',
  'cache-control' => 'max-age=0',
  'accept' => 'text/html,application/xhtml+xml,application/xml;q=0.9,image/webp,*/*;q=0.8',
  'upgrade-insecure-requests' => '1',
  'user-agent' => 'Mozilla/5.0 (Windows NT 6.1; WOW64) AppleWebKit/537.36 (KHTML, like Gecko) Chrome/47.0.2626.106 Safari/537.36 Yunhai Browser',
  'referer' => 'http://s.com/admin/commodity/lst.html',
  'accept-encoding' => 'gzip, deflate, sdch',
  'accept-language' => 'zh-CN,zh;q=0.8',
  'cookie' => 'pgv_pvi=8972421120; pgv_si=s6735852544; PHPSESSID=m81449m00r5rp06hfou6d9ek93',
)
[ info ] [ PARAM ] array (
  '/admin/commodity/edit/commodity_id/135_html' => '',
  'commodity_id' => '135',
)
[ info ] [ RUN ] app\admin\controller\Commodity->edit[ B:\aaaa\shop\application\admin\controller\Commodity.php ]
[ info ] [ DB ] INIT mysql
[ info ] [ VIEW ] B:\aaaa\shop\public/../application/admin\view\commodity\edit.html [ array (
  0 => 'cateslist',
  1 => 'brandlist',
  2 => 'mblevellist',
  3 => 'attrlists',
  4 => 'commedit',
  5 => 'mblevelarr',
  6 => 'photoedit',
) ]
[ info ] [ LOG ] INIT File
[ sql ] [ DB ] CONNECT:[ UseTime:0.010000s ] mysql:host=127.0.0.1;dbname=tested;charset=utf8
[ sql ] [ SQL ] SHOW COLUMNS FROM `tp_member_level` [ RunTime:0.002000s ]
[ sql ] [ SQL ] SELECT `level_id`,`level_name` FROM `tp_member_level` [ RunTime:0.000000s ]
[ sql ] [ SQL ] SHOW COLUMNS FROM `tp_type` [ RunTime:0.002000s ]
[ sql ] [ SQL ] SELECT * FROM `tp_type` [ RunTime:0.001000s ]
[ sql ] [ SQL ] SHOW COLUMNS FROM `tp_cates` [ RunTime:0.002000s ]
[ sql ] [ SQL ] SELECT * FROM `tp_cates` [ RunTime:0.001000s ]
[ sql ] [ SQL ] SHOW COLUMNS FROM `tp_brand` [ RunTime:0.002000s ]
[ sql ] [ SQL ] SELECT `brand_id`,`brand_name` FROM `tp_brand` [ RunTime:0.000000s ]
[ sql ] [ SQL ] SHOW COLUMNS FROM `tp_commodity` [ RunTime:0.002000s ]
[ sql ] [ SQL ] SELECT * FROM `tp_commodity` WHERE  `commodity_id` = 135 LIMIT 1 [ RunTime:0.000000s ]
[ sql ] [ SQL ] SHOW COLUMNS FROM `tp_member_price` [ RunTime:0.002000s ]
[ sql ] [ SQL ] SELECT * FROM `tp_member_price` WHERE  `commoditys_id` = 135 [ RunTime:0.001000s ]
[ sql ] [ SQL ] SHOW COLUMNS FROM `tp_comm_photo` [ RunTime:0.002000s ]
[ sql ] [ SQL ] SELECT * FROM `tp_comm_photo` WHERE  `comm_commodity_id` = 135 [ RunTime:0.000000s ]
---------------------------------------------------------------
[ 2019-03-17T17:14:35+08:00 ] 127.0.0.1 GET /static/admin/style/jquery.slimscroll.min.js.map
[ info ] s.com/static/admin/style/jquery.slimscroll.min.js.map [运行时间：0.020000s][吞吐率：50.00req/s] [内存消耗：1,349.79kb] [文件加载：38]
[ info ] [ LANG ] B:\aaaa\shop\thinkphp\lang\zh-cn.php
[ info ] [ ROUTE ] array (
  'type' => 'module',
  'module' => 
  array (
    0 => 'static',
    1 => 'admin',
    2 => 'style',
  ),
)
[ info ] [ HEADER ] array (
  'host' => 's.com',
  'connection' => 'keep-alive',
  'user-agent' => 'Mozilla/5.0 (Windows NT 6.1; WOW64) AppleWebKit/537.36 (KHTML, like Gecko) Chrome/47.0.2626.106 Safari/537.36 Yunhai Browser',
  'accept-encoding' => 'gzip, deflate, sdch',
  'accept-language' => 'zh-CN,zh;q=0.8',
  'cookie' => 'pgv_pvi=8972421120; pgv_si=s6735852544; PHPSESSID=m81449m00r5rp06hfou6d9ek93',
)
[ info ] [ PARAM ] array (
  '/static/admin/style/jquery_slimscroll_min_js_map' => '',
)
[ info ] [ LOG ] INIT File
---------------------------------------------------------------
[ 2019-03-17T17:14:38+08:00 ] 127.0.0.1 POST /admin/commodity/ajaxdelphoto.html
[ info ] s.com/admin/commodity/ajaxdelphoto.html [运行时间：0.042000s][吞吐率：23.81req/s] [内存消耗：2,460.59kb] [文件加载：53]
[ info ] [ LANG ] B:\aaaa\shop\thinkphp\lang\zh-cn.php
[ info ] [ ROUTE ] array (
  'type' => 'module',
  'module' => 
  array (
    0 => 'admin',
    1 => 'commodity',
    2 => 'ajaxdelphoto',
  ),
)
[ info ] [ HEADER ] array (
  'host' => 's.com',
  'connection' => 'keep-alive',
  'content-length' => '5',
  'accept' => '*/*',
  'origin' => 'http://s.com',
  'x-requested-with' => 'XMLHttpRequest',
  'user-agent' => 'Mozilla/5.0 (Windows NT 6.1; WOW64) AppleWebKit/537.36 (KHTML, like Gecko) Chrome/47.0.2626.106 Safari/537.36 Yunhai Browser',
  'content-type' => 'application/x-www-form-urlencoded; charset=UTF-8',
  'referer' => 'http://s.com/admin/commodity/edit/commodity_id/135.html',
  'accept-encoding' => 'gzip, deflate',
  'accept-language' => 'zh-CN,zh;q=0.8',
  'cookie' => 'pgv_pvi=8972421120; pgv_si=s6735852544; PHPSESSID=m81449m00r5rp06hfou6d9ek93',
)
[ info ] [ PARAM ] array (
  '/admin/commodity/ajaxdelphoto_html' => '',
  'id' => '57',
)
[ info ] [ RUN ] app\admin\controller\Commodity->ajaxdelphoto[ B:\aaaa\shop\application\admin\controller\Commodity.php ]
[ info ] [ DB ] INIT mysql
[ info ] [ LOG ] INIT File
[ sql ] [ DB ] CONNECT:[ UseTime:0.002000s ] mysql:host=127.0.0.1;dbname=tested;charset=utf8
[ sql ] [ SQL ] SHOW COLUMNS FROM `tp_comm_photo` [ RunTime:0.004000s ]
[ sql ] [ SQL ] SELECT * FROM `tp_comm_photo` WHERE  `comm_photo_id` = 57 LIMIT 1 [ RunTime:0.001000s ]
[ error ] [8]未定义数组索引: commodity_ogthumb[B:\aaaa\shop\application\admin\controller\Commodity.php:272]
---------------------------------------------------------------
[ 2019-03-17T17:16:04+08:00 ] 127.0.0.1 GET /admin/commodity/edit/commodity_id/135.html
[ info ] s.com/admin/commodity/edit/commodity_id/135.html [运行时间：0.072000s][吞吐率：13.89req/s] [内存消耗：2,791.01kb] [文件加载：55]
[ info ] [ LANG ] B:\aaaa\shop\thinkphp\lang\zh-cn.php
[ info ] [ ROUTE ] array (
  'type' => 'module',
  'module' => 
  array (
    0 => 'admin',
    1 => 'commodity',
    2 => 'edit',
  ),
)
[ info ] [ HEADER ] array (
  'host' => 's.com',
  'connection' => 'keep-alive',
  'cache-control' => 'max-age=0',
  'accept' => 'text/html,application/xhtml+xml,application/xml;q=0.9,image/webp,*/*;q=0.8',
  'upgrade-insecure-requests' => '1',
  'user-agent' => 'Mozilla/5.0 (Windows NT 6.1; WOW64) AppleWebKit/537.36 (KHTML, like Gecko) Chrome/47.0.2626.106 Safari/537.36 Yunhai Browser',
  'referer' => 'http://s.com/admin/commodity/lst.html',
  'accept-encoding' => 'gzip, deflate, sdch',
  'accept-language' => 'zh-CN,zh;q=0.8',
  'cookie' => 'pgv_pvi=8972421120; pgv_si=s6735852544; PHPSESSID=m81449m00r5rp06hfou6d9ek93',
)
[ info ] [ PARAM ] array (
  '/admin/commodity/edit/commodity_id/135_html' => '',
  'commodity_id' => '135',
)
[ info ] [ RUN ] app\admin\controller\Commodity->edit[ B:\aaaa\shop\application\admin\controller\Commodity.php ]
[ info ] [ DB ] INIT mysql
[ info ] [ VIEW ] B:\aaaa\shop\public/../application/admin\view\commodity\edit.html [ array (
  0 => 'cateslist',
  1 => 'brandlist',
  2 => 'mblevellist',
  3 => 'attrlists',
  4 => 'commedit',
  5 => 'mblevelarr',
  6 => 'photoedit',
) ]
[ info ] [ LOG ] INIT File
[ sql ] [ DB ] CONNECT:[ UseTime:0.010000s ] mysql:host=127.0.0.1;dbname=tested;charset=utf8
[ sql ] [ SQL ] SHOW COLUMNS FROM `tp_member_level` [ RunTime:0.003000s ]
[ sql ] [ SQL ] SELECT `level_id`,`level_name` FROM `tp_member_level` [ RunTime:0.001000s ]
[ sql ] [ SQL ] SHOW COLUMNS FROM `tp_type` [ RunTime:0.002000s ]
[ sql ] [ SQL ] SELECT * FROM `tp_type` [ RunTime:0.000000s ]
[ sql ] [ SQL ] SHOW COLUMNS FROM `tp_cates` [ RunTime:0.002000s ]
[ sql ] [ SQL ] SELECT * FROM `tp_cates` [ RunTime:0.001000s ]
[ sql ] [ SQL ] SHOW COLUMNS FROM `tp_brand` [ RunTime:0.003000s ]
[ sql ] [ SQL ] SELECT `brand_id`,`brand_name` FROM `tp_brand` [ RunTime:0.000000s ]
[ sql ] [ SQL ] SHOW COLUMNS FROM `tp_commodity` [ RunTime:0.003000s ]
[ sql ] [ SQL ] SELECT * FROM `tp_commodity` WHERE  `commodity_id` = 135 LIMIT 1 [ RunTime:0.001000s ]
[ sql ] [ SQL ] SHOW COLUMNS FROM `tp_member_price` [ RunTime:0.002000s ]
[ sql ] [ SQL ] SELECT * FROM `tp_member_price` WHERE  `commoditys_id` = 135 [ RunTime:0.000000s ]
[ sql ] [ SQL ] SHOW COLUMNS FROM `tp_comm_photo` [ RunTime:0.003000s ]
[ sql ] [ SQL ] SELECT * FROM `tp_comm_photo` WHERE  `comm_commodity_id` = 135 [ RunTime:0.001000s ]
---------------------------------------------------------------
[ 2019-03-17T17:16:04+08:00 ] 127.0.0.1 GET /static/admin/style/jquery.slimscroll.min.js.map
[ info ] s.com/static/admin/style/jquery.slimscroll.min.js.map [运行时间：0.023000s][吞吐率：43.48req/s] [内存消耗：1,349.79kb] [文件加载：38]
[ info ] [ LANG ] B:\aaaa\shop\thinkphp\lang\zh-cn.php
[ info ] [ ROUTE ] array (
  'type' => 'module',
  'module' => 
  array (
    0 => 'static',
    1 => 'admin',
    2 => 'style',
  ),
)
[ info ] [ HEADER ] array (
  'host' => 's.com',
  'connection' => 'keep-alive',
  'user-agent' => 'Mozilla/5.0 (Windows NT 6.1; WOW64) AppleWebKit/537.36 (KHTML, like Gecko) Chrome/47.0.2626.106 Safari/537.36 Yunhai Browser',
  'accept-encoding' => 'gzip, deflate, sdch',
  'accept-language' => 'zh-CN,zh;q=0.8',
  'cookie' => 'pgv_pvi=8972421120; pgv_si=s6735852544; PHPSESSID=m81449m00r5rp06hfou6d9ek93',
)
[ info ] [ PARAM ] array (
  '/static/admin/style/jquery_slimscroll_min_js_map' => '',
)
[ info ] [ LOG ] INIT File
---------------------------------------------------------------
[ 2019-03-17T17:16:08+08:00 ] 127.0.0.1 POST /admin/commodity/ajaxdelphoto.html
[ info ] s.com/admin/commodity/ajaxdelphoto.html [运行时间：0.044000s][吞吐率：22.73req/s] [内存消耗：2,460.59kb] [文件加载：53]
[ info ] [ LANG ] B:\aaaa\shop\thinkphp\lang\zh-cn.php
[ info ] [ ROUTE ] array (
  'type' => 'module',
  'module' => 
  array (
    0 => 'admin',
    1 => 'commodity',
    2 => 'ajaxdelphoto',
  ),
)
[ info ] [ HEADER ] array (
  'host' => 's.com',
  'connection' => 'keep-alive',
  'content-length' => '5',
  'accept' => '*/*',
  'origin' => 'http://s.com',
  'x-requested-with' => 'XMLHttpRequest',
  'user-agent' => 'Mozilla/5.0 (Windows NT 6.1; WOW64) AppleWebKit/537.36 (KHTML, like Gecko) Chrome/47.0.2626.106 Safari/537.36 Yunhai Browser',
  'content-type' => 'application/x-www-form-urlencoded; charset=UTF-8',
  'referer' => 'http://s.com/admin/commodity/edit/commodity_id/135.html',
  'accept-encoding' => 'gzip, deflate',
  'accept-language' => 'zh-CN,zh;q=0.8',
  'cookie' => 'pgv_pvi=8972421120; pgv_si=s6735852544; PHPSESSID=m81449m00r5rp06hfou6d9ek93',
)
[ info ] [ PARAM ] array (
  '/admin/commodity/ajaxdelphoto_html' => '',
  'id' => '57',
)
[ info ] [ RUN ] app\admin\controller\Commodity->ajaxdelphoto[ B:\aaaa\shop\application\admin\controller\Commodity.php ]
[ info ] [ DB ] INIT mysql
[ info ] [ LOG ] INIT File
[ sql ] [ DB ] CONNECT:[ UseTime:0.001000s ] mysql:host=127.0.0.1;dbname=tested;charset=utf8
[ sql ] [ SQL ] SHOW COLUMNS FROM `tp_comm_photo` [ RunTime:0.002000s ]
[ sql ] [ SQL ] SELECT * FROM `tp_comm_photo` WHERE  `comm_photo_id` = 57 LIMIT 1 [ RunTime:0.000000s ]
[ error ] [8]未定义数组索引: commodity_ogthumb[B:\aaaa\shop\application\admin\controller\Commodity.php:272]
---------------------------------------------------------------
[ 2019-03-17T17:19:31+08:00 ] 127.0.0.1 GET /admin/commodity/edit/commodity_id/135.html
[ info ] s.com/admin/commodity/edit/commodity_id/135.html [运行时间：0.063000s][吞吐率：15.87req/s] [内存消耗：2,790.95kb] [文件加载：55]
[ info ] [ LANG ] B:\aaaa\shop\thinkphp\lang\zh-cn.php
[ info ] [ ROUTE ] array (
  'type' => 'module',
  'module' => 
  array (
    0 => 'admin',
    1 => 'commodity',
    2 => 'edit',
  ),
)
[ info ] [ HEADER ] array (
  'host' => 's.com',
  'connection' => 'keep-alive',
  'cache-control' => 'max-age=0',
  'accept' => 'text/html,application/xhtml+xml,application/xml;q=0.9,image/webp,*/*;q=0.8',
  'upgrade-insecure-requests' => '1',
  'user-agent' => 'Mozilla/5.0 (Windows NT 6.1; WOW64) AppleWebKit/537.36 (KHTML, like Gecko) Chrome/47.0.2626.106 Safari/537.36 Yunhai Browser',
  'referer' => 'http://s.com/admin/commodity/lst.html',
  'accept-encoding' => 'gzip, deflate, sdch',
  'accept-language' => 'zh-CN,zh;q=0.8',
  'cookie' => 'pgv_pvi=8972421120; pgv_si=s6735852544; PHPSESSID=m81449m00r5rp06hfou6d9ek93',
)
[ info ] [ PARAM ] array (
  '/admin/commodity/edit/commodity_id/135_html' => '',
  'commodity_id' => '135',
)
[ info ] [ RUN ] app\admin\controller\Commodity->edit[ B:\aaaa\shop\application\admin\controller\Commodity.php ]
[ info ] [ DB ] INIT mysql
[ info ] [ VIEW ] B:\aaaa\shop\public/../application/admin\view\commodity\edit.html [ array (
  0 => 'cateslist',
  1 => 'brandlist',
  2 => 'mblevellist',
  3 => 'attrlists',
  4 => 'commedit',
  5 => 'mblevelarr',
  6 => 'photoedit',
) ]
[ info ] [ LOG ] INIT File
[ sql ] [ DB ] CONNECT:[ UseTime:0.001000s ] mysql:host=127.0.0.1;dbname=tested;charset=utf8
[ sql ] [ SQL ] SHOW COLUMNS FROM `tp_member_level` [ RunTime:0.002000s ]
[ sql ] [ SQL ] SELECT `level_id`,`level_name` FROM `tp_member_level` [ RunTime:0.001000s ]
[ sql ] [ SQL ] SHOW COLUMNS FROM `tp_type` [ RunTime:0.002000s ]
[ sql ] [ SQL ] SELECT * FROM `tp_type` [ RunTime:0.001000s ]
[ sql ] [ SQL ] SHOW COLUMNS FROM `tp_cates` [ RunTime:0.002000s ]
[ sql ] [ SQL ] SELECT * FROM `tp_cates` [ RunTime:0.001000s ]
[ sql ] [ SQL ] SHOW COLUMNS FROM `tp_brand` [ RunTime:0.002000s ]
[ sql ] [ SQL ] SELECT `brand_id`,`brand_name` FROM `tp_brand` [ RunTime:0.001000s ]
[ sql ] [ SQL ] SHOW COLUMNS FROM `tp_commodity` [ RunTime:0.002000s ]
[ sql ] [ SQL ] SELECT * FROM `tp_commodity` WHERE  `commodity_id` = 135 LIMIT 1 [ RunTime:0.001000s ]
[ sql ] [ SQL ] SHOW COLUMNS FROM `tp_member_price` [ RunTime:0.003000s ]
[ sql ] [ SQL ] SELECT * FROM `tp_member_price` WHERE  `commoditys_id` = 135 [ RunTime:0.001000s ]
[ sql ] [ SQL ] SHOW COLUMNS FROM `tp_comm_photo` [ RunTime:0.002000s ]
[ sql ] [ SQL ] SELECT * FROM `tp_comm_photo` WHERE  `comm_commodity_id` = 135 [ RunTime:0.001000s ]
---------------------------------------------------------------
[ 2019-03-17T17:19:31+08:00 ] 127.0.0.1 GET /static/admin/style/jquery.slimscroll.min.js.map
[ info ] s.com/static/admin/style/jquery.slimscroll.min.js.map [运行时间：0.020000s][吞吐率：50.00req/s] [内存消耗：1,349.79kb] [文件加载：38]
[ info ] [ LANG ] B:\aaaa\shop\thinkphp\lang\zh-cn.php
[ info ] [ ROUTE ] array (
  'type' => 'module',
  'module' => 
  array (
    0 => 'static',
    1 => 'admin',
    2 => 'style',
  ),
)
[ info ] [ HEADER ] array (
  'host' => 's.com',
  'connection' => 'keep-alive',
  'user-agent' => 'Mozilla/5.0 (Windows NT 6.1; WOW64) AppleWebKit/537.36 (KHTML, like Gecko) Chrome/47.0.2626.106 Safari/537.36 Yunhai Browser',
  'accept-encoding' => 'gzip, deflate, sdch',
  'accept-language' => 'zh-CN,zh;q=0.8',
  'cookie' => 'pgv_pvi=8972421120; pgv_si=s6735852544; PHPSESSID=m81449m00r5rp06hfou6d9ek93',
)
[ info ] [ PARAM ] array (
  '/static/admin/style/jquery_slimscroll_min_js_map' => '',
)
[ info ] [ LOG ] INIT File
---------------------------------------------------------------
[ 2019-03-17T17:19:42+08:00 ] 127.0.0.1 POST /admin/commodity/ajaxdelphoto.html
[ info ] s.com/admin/commodity/ajaxdelphoto.html [运行时间：0.049000s][吞吐率：20.41req/s] [内存消耗：2,499.59kb] [文件加载：52]
[ info ] [ LANG ] B:\aaaa\shop\thinkphp\lang\zh-cn.php
[ info ] [ ROUTE ] array (
  'type' => 'module',
  'module' => 
  array (
    0 => 'admin',
    1 => 'commodity',
    2 => 'ajaxdelphoto',
  ),
)
[ info ] [ HEADER ] array (
  'host' => 's.com',
  'connection' => 'keep-alive',
  'content-length' => '5',
  'accept' => '*/*',
  'origin' => 'http://s.com',
  'x-requested-with' => 'XMLHttpRequest',
  'user-agent' => 'Mozilla/5.0 (Windows NT 6.1; WOW64) AppleWebKit/537.36 (KHTML, like Gecko) Chrome/47.0.2626.106 Safari/537.36 Yunhai Browser',
  'content-type' => 'application/x-www-form-urlencoded; charset=UTF-8',
  'referer' => 'http://s.com/admin/commodity/edit/commodity_id/135.html',
  'accept-encoding' => 'gzip, deflate',
  'accept-language' => 'zh-CN,zh;q=0.8',
  'cookie' => 'pgv_pvi=8972421120; pgv_si=s6735852544; PHPSESSID=m81449m00r5rp06hfou6d9ek93',
)
[ info ] [ PARAM ] array (
  '/admin/commodity/ajaxdelphoto_html' => '',
  'id' => '57',
)
[ info ] [ RUN ] app\admin\controller\Commodity->ajaxdelphoto[ B:\aaaa\shop\application\admin\controller\Commodity.php ]
[ info ] [ DB ] INIT mysql
[ info ] [ CACHE ] INIT File
[ info ] [ LOG ] INIT File
[ sql ] [ DB ] CONNECT:[ UseTime:0.010000s ] mysql:host=127.0.0.1;dbname=tested;charset=utf8
[ sql ] [ SQL ] SHOW COLUMNS FROM `tp_comm_photo` [ RunTime:0.002000s ]
[ sql ] [ SQL ] SELECT * FROM `tp_comm_photo` WHERE  `comm_photo_id` = 57 LIMIT 1 [ RunTime:0.000000s ]
[ sql ] [ SQL ] DELETE FROM `tp_comm_photo`    WHERE  `comm_photo_id` = 57 [ RunTime:0.000000s ]
---------------------------------------------------------------
[ 2019-03-17T17:19:56+08:00 ] 127.0.0.1 POST /admin/commodity/ajaxdelphoto.html
[ info ] s.com/admin/commodity/ajaxdelphoto.html [运行时间：0.052000s][吞吐率：19.23req/s] [内存消耗：2,499.60kb] [文件加载：52]
[ info ] [ LANG ] B:\aaaa\shop\thinkphp\lang\zh-cn.php
[ info ] [ ROUTE ] array (
  'type' => 'module',
  'module' => 
  array (
    0 => 'admin',
    1 => 'commodity',
    2 => 'ajaxdelphoto',
  ),
)
[ info ] [ HEADER ] array (
  'host' => 's.com',
  'connection' => 'keep-alive',
  'content-length' => '5',
  'accept' => '*/*',
  'origin' => 'http://s.com',
  'x-requested-with' => 'XMLHttpRequest',
  'user-agent' => 'Mozilla/5.0 (Windows NT 6.1; WOW64) AppleWebKit/537.36 (KHTML, like Gecko) Chrome/47.0.2626.106 Safari/537.36 Yunhai Browser',
  'content-type' => 'application/x-www-form-urlencoded; charset=UTF-8',
  'referer' => 'http://s.com/admin/commodity/edit/commodity_id/135.html',
  'accept-encoding' => 'gzip, deflate',
  'accept-language' => 'zh-CN,zh;q=0.8',
  'cookie' => 'pgv_pvi=8972421120; pgv_si=s6735852544; PHPSESSID=m81449m00r5rp06hfou6d9ek93',
)
[ info ] [ PARAM ] array (
  '/admin/commodity/ajaxdelphoto_html' => '',
  'id' => '56',
)
[ info ] [ RUN ] app\admin\controller\Commodity->ajaxdelphoto[ B:\aaaa\shop\application\admin\controller\Commodity.php ]
[ info ] [ DB ] INIT mysql
[ info ] [ CACHE ] INIT File
[ info ] [ LOG ] INIT File
[ sql ] [ DB ] CONNECT:[ UseTime:0.010000s ] mysql:host=127.0.0.1;dbname=tested;charset=utf8
[ sql ] [ SQL ] SHOW COLUMNS FROM `tp_comm_photo` [ RunTime:0.002000s ]
[ sql ] [ SQL ] SELECT * FROM `tp_comm_photo` WHERE  `comm_photo_id` = 56 LIMIT 1 [ RunTime:0.000000s ]
[ sql ] [ SQL ] DELETE FROM `tp_comm_photo`    WHERE  `comm_photo_id` = 56 [ RunTime:0.001000s ]
---------------------------------------------------------------
[ 2019-03-17T17:28:26+08:00 ] 127.0.0.1 GET /admin/commodity/edit/commodity_id/135.html
[ info ] s.com/admin/commodity/edit/commodity_id/135.html [运行时间：0.069000s][吞吐率：14.49req/s] [内存消耗：2,782.15kb] [文件加载：55]
[ info ] [ LANG ] B:\aaaa\shop\thinkphp\lang\zh-cn.php
[ info ] [ ROUTE ] array (
  'type' => 'module',
  'module' => 
  array (
    0 => 'admin',
    1 => 'commodity',
    2 => 'edit',
  ),
)
[ info ] [ HEADER ] array (
  'host' => 's.com',
  'connection' => 'keep-alive',
  'cache-control' => 'max-age=0',
  'accept' => 'text/html,application/xhtml+xml,application/xml;q=0.9,image/webp,*/*;q=0.8',
  'upgrade-insecure-requests' => '1',
  'user-agent' => 'Mozilla/5.0 (Windows NT 6.1; WOW64) AppleWebKit/537.36 (KHTML, like Gecko) Chrome/47.0.2626.106 Safari/537.36 Yunhai Browser',
  'referer' => 'http://s.com/admin/commodity/lst.html',
  'accept-encoding' => 'gzip, deflate, sdch',
  'accept-language' => 'zh-CN,zh;q=0.8',
  'cookie' => 'pgv_pvi=8972421120; pgv_si=s6735852544; PHPSESSID=m81449m00r5rp06hfou6d9ek93',
)
[ info ] [ PARAM ] array (
  '/admin/commodity/edit/commodity_id/135_html' => '',
  'commodity_id' => '135',
)
[ info ] [ RUN ] app\admin\controller\Commodity->edit[ B:\aaaa\shop\application\admin\controller\Commodity.php ]
[ info ] [ DB ] INIT mysql
[ info ] [ VIEW ] B:\aaaa\shop\public/../application/admin\view\commodity\edit.html [ array (
  0 => 'cateslist',
  1 => 'brandlist',
  2 => 'mblevellist',
  3 => 'attrlists',
  4 => 'commedit',
  5 => 'mblevelarr',
  6 => 'photoedit',
) ]
[ info ] [ LOG ] INIT File
[ sql ] [ DB ] CONNECT:[ UseTime:0.011000s ] mysql:host=127.0.0.1;dbname=tested;charset=utf8
[ sql ] [ SQL ] SHOW COLUMNS FROM `tp_member_level` [ RunTime:0.003000s ]
[ sql ] [ SQL ] SELECT `level_id`,`level_name` FROM `tp_member_level` [ RunTime:0.000000s ]
[ sql ] [ SQL ] SHOW COLUMNS FROM `tp_type` [ RunTime:0.003000s ]
[ sql ] [ SQL ] SELECT * FROM `tp_type` [ RunTime:0.000000s ]
[ sql ] [ SQL ] SHOW COLUMNS FROM `tp_cates` [ RunTime:0.003000s ]
[ sql ] [ SQL ] SELECT * FROM `tp_cates` [ RunTime:0.000000s ]
[ sql ] [ SQL ] SHOW COLUMNS FROM `tp_brand` [ RunTime:0.002000s ]
[ sql ] [ SQL ] SELECT `brand_id`,`brand_name` FROM `tp_brand` [ RunTime:0.000000s ]
[ sql ] [ SQL ] SHOW COLUMNS FROM `tp_commodity` [ RunTime:0.002000s ]
[ sql ] [ SQL ] SELECT * FROM `tp_commodity` WHERE  `commodity_id` = 135 LIMIT 1 [ RunTime:0.001000s ]
[ sql ] [ SQL ] SHOW COLUMNS FROM `tp_member_price` [ RunTime:0.003000s ]
[ sql ] [ SQL ] SELECT * FROM `tp_member_price` WHERE  `commoditys_id` = 135 [ RunTime:0.000000s ]
[ sql ] [ SQL ] SHOW COLUMNS FROM `tp_comm_photo` [ RunTime:0.002000s ]
[ sql ] [ SQL ] SELECT * FROM `tp_comm_photo` WHERE  `comm_commodity_id` = 135 [ RunTime:0.000000s ]
---------------------------------------------------------------
[ 2019-03-17T17:28:26+08:00 ] 127.0.0.1 GET /static/admin/style/jquery.slimscroll.min.js.map
[ info ] s.com/static/admin/style/jquery.slimscroll.min.js.map [运行时间：0.020000s][吞吐率：50.00req/s] [内存消耗：1,349.79kb] [文件加载：38]
[ info ] [ LANG ] B:\aaaa\shop\thinkphp\lang\zh-cn.php
[ info ] [ ROUTE ] array (
  'type' => 'module',
  'module' => 
  array (
    0 => 'static',
    1 => 'admin',
    2 => 'style',
  ),
)
[ info ] [ HEADER ] array (
  'host' => 's.com',
  'connection' => 'keep-alive',
  'user-agent' => 'Mozilla/5.0 (Windows NT 6.1; WOW64) AppleWebKit/537.36 (KHTML, like Gecko) Chrome/47.0.2626.106 Safari/537.36 Yunhai Browser',
  'accept-encoding' => 'gzip, deflate, sdch',
  'accept-language' => 'zh-CN,zh;q=0.8',
  'cookie' => 'pgv_pvi=8972421120; pgv_si=s6735852544; PHPSESSID=m81449m00r5rp06hfou6d9ek93',
)
[ info ] [ PARAM ] array (
  '/static/admin/style/jquery_slimscroll_min_js_map' => '',
)
[ info ] [ LOG ] INIT File
---------------------------------------------------------------
[ 2019-03-17T17:28:28+08:00 ] 127.0.0.1 GET /admin/data/index.html
[ info ] s.com/admin/data/index.html [运行时间：0.037000s][吞吐率：27.03req/s] [内存消耗：2,272.95kb] [文件加载：54]
[ info ] [ LANG ] B:\aaaa\shop\thinkphp\lang\zh-cn.php
[ info ] [ ROUTE ] array (
  'type' => 'module',
  'module' => 
  array (
    0 => 'admin',
    1 => 'data',
    2 => 'index',
  ),
)
[ info ] [ HEADER ] array (
  'host' => 's.com',
  'connection' => 'keep-alive',
  'accept' => 'text/html,application/xhtml+xml,application/xml;q=0.9,image/webp,*/*;q=0.8',
  'upgrade-insecure-requests' => '1',
  'user-agent' => 'Mozilla/5.0 (Windows NT 6.1; WOW64) AppleWebKit/537.36 (KHTML, like Gecko) Chrome/47.0.2626.106 Safari/537.36 Yunhai Browser',
  'referer' => 'http://s.com/admin/commodity/edit/commodity_id/135.html',
  'accept-encoding' => 'gzip, deflate, sdch',
  'accept-language' => 'zh-CN,zh;q=0.8',
  'cookie' => 'pgv_pvi=8972421120; pgv_si=s6735852544; PHPSESSID=m81449m00r5rp06hfou6d9ek93',
)
[ info ] [ PARAM ] array (
  '/admin/data/index_html' => '',
)
[ info ] [ RUN ] app\admin\controller\Data->index[ B:\aaaa\shop\application\admin\controller\Data.php ]
[ info ] [ DB ] INIT mysql
[ info ] [ VIEW ] B:\aaaa\shop\public/../application/admin\view\data\index.html [ array (
  0 => 'list',
) ]
[ info ] [ LOG ] INIT File
[ sql ] [ DB ] CONNECT:[ UseTime:0.002000s ] mysql:host=127.0.0.1;dbname=tested;charset=utf8
[ sql ] [ SQL ] SHOW TABLE STATUS [ RunTime:0.002000s ]
[ error ] [2]fclose() expects parameter 1 to be resource, null given[B:\aaaa\shop\extend\tp5er\Backup.php:428]
---------------------------------------------------------------
[ 2019-03-17T17:28:28+08:00 ] 127.0.0.1 GET /static/admin/style/jquery.slimscroll.min.js.map
[ info ] s.com/static/admin/style/jquery.slimscroll.min.js.map [运行时间：0.021000s][吞吐率：47.62req/s] [内存消耗：1,349.79kb] [文件加载：38]
[ info ] [ LANG ] B:\aaaa\shop\thinkphp\lang\zh-cn.php
[ info ] [ ROUTE ] array (
  'type' => 'module',
  'module' => 
  array (
    0 => 'static',
    1 => 'admin',
    2 => 'style',
  ),
)
[ info ] [ HEADER ] array (
  'host' => 's.com',
  'connection' => 'keep-alive',
  'user-agent' => 'Mozilla/5.0 (Windows NT 6.1; WOW64) AppleWebKit/537.36 (KHTML, like Gecko) Chrome/47.0.2626.106 Safari/537.36 Yunhai Browser',
  'accept-encoding' => 'gzip, deflate, sdch',
  'accept-language' => 'zh-CN,zh;q=0.8',
  'cookie' => 'pgv_pvi=8972421120; pgv_si=s6735852544; PHPSESSID=m81449m00r5rp06hfou6d9ek93',
)
[ info ] [ PARAM ] array (
  '/static/admin/style/jquery_slimscroll_min_js_map' => '',
)
[ info ] [ LOG ] INIT File
---------------------------------------------------------------
[ 2019-03-17T17:28:47+08:00 ] 127.0.0.1 POST /admin/data/export.html
[ info ] s.com/admin/data/export.html [运行时间：0.028000s][吞吐率：35.71req/s] [内存消耗：1,707.52kb] [文件加载：45]
[ info ] [ LANG ] B:\aaaa\shop\thinkphp\lang\zh-cn.php
[ info ] [ ROUTE ] array (
  'type' => 'module',
  'module' => 
  array (
    0 => 'admin',
    1 => 'data',
    2 => 'export',
  ),
)
[ info ] [ HEADER ] array (
  'host' => 's.com',
  'connection' => 'keep-alive',
  'content-length' => '340',
  'accept' => 'application/json, text/javascript, */*; q=0.01',
  'origin' => 'http://s.com',
  'x-requested-with' => 'XMLHttpRequest',
  'user-agent' => 'Mozilla/5.0 (Windows NT 6.1; WOW64) AppleWebKit/537.36 (KHTML, like Gecko) Chrome/47.0.2626.106 Safari/537.36 Yunhai Browser',
  'content-type' => 'application/x-www-form-urlencoded; charset=UTF-8',
  'referer' => 'http://s.com/admin/data/index.html',
  'accept-encoding' => 'gzip, deflate',
  'accept-language' => 'zh-CN,zh;q=0.8',
  'cookie' => 'pgv_pvi=8972421120; pgv_si=s6735852544; PHPSESSID=m81449m00r5rp06hfou6d9ek93',
)
[ info ] [ PARAM ] array (
  '/admin/data/export_html' => '',
  'tables' => 
  array (
    0 => 'tp_article',
    1 => 'tp_attr',
    2 => 'tp_brand',
    3 => 'tp_category',
    4 => 'tp_cates',
    5 => 'tp_comm_attr',
    6 => 'tp_comm_photo',
    7 => 'tp_commodity',
    8 => 'tp_config',
    9 => 'tp_links',
    10 => 'tp_member_level',
    11 => 'tp_member_price',
    12 => 'tp_product',
    13 => 'tp_type',
  ),
)
[ info ] [ RUN ] app\admin\controller\Data->export[ B:\aaaa\shop\application\admin\controller\Data.php ]
[ info ] [ SESSION ] INIT array (
  'id' => '',
  'var_session_id' => '',
  'prefix' => 'think',
  'type' => '',
  'auto_start' => true,
)
[ info ] [ LOG ] INIT File
---------------------------------------------------------------
[ 2019-03-17T17:28:47+08:00 ] 127.0.0.1 GET /admin/data/export.html?id=0&start=0
[ info ] s.com/admin/data/export.html?id=0&start=0 [运行时间：0.042000s][吞吐率：23.81req/s] [内存消耗：1,929.66kb] [文件加载：49]
[ info ] [ LANG ] B:\aaaa\shop\thinkphp\lang\zh-cn.php
[ info ] [ ROUTE ] array (
  'type' => 'module',
  'module' => 
  array (
    0 => 'admin',
    1 => 'data',
    2 => 'export',
  ),
)
[ info ] [ HEADER ] array (
  'host' => 's.com',
  'connection' => 'keep-alive',
  'accept' => 'application/json, text/javascript, */*; q=0.01',
  'x-requested-with' => 'XMLHttpRequest',
  'user-agent' => 'Mozilla/5.0 (Windows NT 6.1; WOW64) AppleWebKit/537.36 (KHTML, like Gecko) Chrome/47.0.2626.106 Safari/537.36 Yunhai Browser',
  'referer' => 'http://s.com/admin/data/index.html',
  'accept-encoding' => 'gzip, deflate, sdch',
  'accept-language' => 'zh-CN,zh;q=0.8',
  'cookie' => 'pgv_pvi=8972421120; pgv_si=s6735852544; PHPSESSID=m81449m00r5rp06hfou6d9ek93',
)
[ info ] [ PARAM ] array (
  '/admin/data/export_html' => '',
  'id' => '0',
  'start' => '0',
)
[ info ] [ RUN ] app\admin\controller\Data->export[ B:\aaaa\shop\application\admin\controller\Data.php ]
[ info ] [ SESSION ] INIT array (
  'id' => '',
  'var_session_id' => '',
  'prefix' => 'think',
  'type' => '',
  'auto_start' => true,
)
[ info ] [ DB ] INIT mysql
[ info ] [ LOG ] INIT File
[ sql ] [ DB ] CONNECT:[ UseTime:0.010000s ] mysql:host=127.0.0.1;dbname=tested;charset=utf8
[ sql ] [ SQL ] SHOW CREATE TABLE `tp_article` [ RunTime:0.001000s ]
[ sql ] [ SQL ] SELECT COUNT(*) AS count FROM `tp_article` [ RunTime:0.000000s ]
[ sql ] [ SQL ] SELECT * FROM `tp_article` LIMIT 0, 1000 [ RunTime:0.001000s ]
---------------------------------------------------------------
[ 2019-03-17T17:28:47+08:00 ] 127.0.0.1 GET /admin/data/export.html?id=1&start=0
[ info ] s.com/admin/data/export.html?id=1&start=0 [运行时间：0.040000s][吞吐率：25.00req/s] [内存消耗：1,926.59kb] [文件加载：49]
[ info ] [ LANG ] B:\aaaa\shop\thinkphp\lang\zh-cn.php
[ info ] [ ROUTE ] array (
  'type' => 'module',
  'module' => 
  array (
    0 => 'admin',
    1 => 'data',
    2 => 'export',
  ),
)
[ info ] [ HEADER ] array (
  'host' => 's.com',
  'connection' => 'keep-alive',
  'accept' => 'application/json, text/javascript, */*; q=0.01',
  'x-requested-with' => 'XMLHttpRequest',
  'user-agent' => 'Mozilla/5.0 (Windows NT 6.1; WOW64) AppleWebKit/537.36 (KHTML, like Gecko) Chrome/47.0.2626.106 Safari/537.36 Yunhai Browser',
  'referer' => 'http://s.com/admin/data/index.html',
  'accept-encoding' => 'gzip, deflate, sdch',
  'accept-language' => 'zh-CN,zh;q=0.8',
  'cookie' => 'pgv_pvi=8972421120; pgv_si=s6735852544; PHPSESSID=m81449m00r5rp06hfou6d9ek93',
)
[ info ] [ PARAM ] array (
  '/admin/data/export_html' => '',
  'id' => '1',
  'start' => '0',
)
[ info ] [ RUN ] app\admin\controller\Data->export[ B:\aaaa\shop\application\admin\controller\Data.php ]
[ info ] [ SESSION ] INIT array (
  'id' => '',
  'var_session_id' => '',
  'prefix' => 'think',
  'type' => '',
  'auto_start' => true,
)
[ info ] [ DB ] INIT mysql
[ info ] [ LOG ] INIT File
[ sql ] [ DB ] CONNECT:[ UseTime:0.010000s ] mysql:host=127.0.0.1;dbname=tested;charset=utf8
[ sql ] [ SQL ] SHOW CREATE TABLE `tp_attr` [ RunTime:0.001000s ]
[ sql ] [ SQL ] SELECT COUNT(*) AS count FROM `tp_attr` [ RunTime:0.000000s ]
[ sql ] [ SQL ] SELECT * FROM `tp_attr` LIMIT 0, 1000 [ RunTime:0.001000s ]
---------------------------------------------------------------
[ 2019-03-17T17:28:47+08:00 ] 127.0.0.1 GET /admin/data/export.html?id=2&start=0
[ info ] s.com/admin/data/export.html?id=2&start=0 [运行时间：0.041000s][吞吐率：24.39req/s] [内存消耗：1,926.34kb] [文件加载：49]
[ info ] [ LANG ] B:\aaaa\shop\thinkphp\lang\zh-cn.php
[ info ] [ ROUTE ] array (
  'type' => 'module',
  'module' => 
  array (
    0 => 'admin',
    1 => 'data',
    2 => 'export',
  ),
)
[ info ] [ HEADER ] array (
  'host' => 's.com',
  'connection' => 'keep-alive',
  'accept' => 'application/json, text/javascript, */*; q=0.01',
  'x-requested-with' => 'XMLHttpRequest',
  'user-agent' => 'Mozilla/5.0 (Windows NT 6.1; WOW64) AppleWebKit/537.36 (KHTML, like Gecko) Chrome/47.0.2626.106 Safari/537.36 Yunhai Browser',
  'referer' => 'http://s.com/admin/data/index.html',
  'accept-encoding' => 'gzip, deflate, sdch',
  'accept-language' => 'zh-CN,zh;q=0.8',
  'cookie' => 'pgv_pvi=8972421120; pgv_si=s6735852544; PHPSESSID=m81449m00r5rp06hfou6d9ek93',
)
[ info ] [ PARAM ] array (
  '/admin/data/export_html' => '',
  'id' => '2',
  'start' => '0',
)
[ info ] [ RUN ] app\admin\controller\Data->export[ B:\aaaa\shop\application\admin\controller\Data.php ]
[ info ] [ SESSION ] INIT array (
  'id' => '',
  'var_session_id' => '',
  'prefix' => 'think',
  'type' => '',
  'auto_start' => true,
)
[ info ] [ DB ] INIT mysql
[ info ] [ LOG ] INIT File
[ sql ] [ DB ] CONNECT:[ UseTime:0.011000s ] mysql:host=127.0.0.1;dbname=tested;charset=utf8
[ sql ] [ SQL ] SHOW CREATE TABLE `tp_brand` [ RunTime:0.000000s ]
[ sql ] [ SQL ] SELECT COUNT(*) AS count FROM `tp_brand` [ RunTime:0.001000s ]
[ sql ] [ SQL ] SELECT * FROM `tp_brand` LIMIT 0, 1000 [ RunTime:0.000000s ]
---------------------------------------------------------------
[ 2019-03-17T17:28:47+08:00 ] 127.0.0.1 GET /admin/data/export.html?id=3&start=0
[ info ] s.com/admin/data/export.html?id=3&start=0 [运行时间：0.034000s][吞吐率：29.41req/s] [内存消耗：1,928.52kb] [文件加载：49]
[ info ] [ LANG ] B:\aaaa\shop\thinkphp\lang\zh-cn.php
[ info ] [ ROUTE ] array (
  'type' => 'module',
  'module' => 
  array (
    0 => 'admin',
    1 => 'data',
    2 => 'export',
  ),
)
[ info ] [ HEADER ] array (
  'host' => 's.com',
  'connection' => 'keep-alive',
  'accept' => 'application/json, text/javascript, */*; q=0.01',
  'x-requested-with' => 'XMLHttpRequest',
  'user-agent' => 'Mozilla/5.0 (Windows NT 6.1; WOW64) AppleWebKit/537.36 (KHTML, like Gecko) Chrome/47.0.2626.106 Safari/537.36 Yunhai Browser',
  'referer' => 'http://s.com/admin/data/index.html',
  'accept-encoding' => 'gzip, deflate, sdch',
  'accept-language' => 'zh-CN,zh;q=0.8',
  'cookie' => 'pgv_pvi=8972421120; pgv_si=s6735852544; PHPSESSID=m81449m00r5rp06hfou6d9ek93',
)
[ info ] [ PARAM ] array (
  '/admin/data/export_html' => '',
  'id' => '3',
  'start' => '0',
)
[ info ] [ RUN ] app\admin\controller\Data->export[ B:\aaaa\shop\application\admin\controller\Data.php ]
[ info ] [ SESSION ] INIT array (
  'id' => '',
  'var_session_id' => '',
  'prefix' => 'think',
  'type' => '',
  'auto_start' => true,
)
[ info ] [ DB ] INIT mysql
[ info ] [ LOG ] INIT File
[ sql ] [ DB ] CONNECT:[ UseTime:0.001000s ] mysql:host=127.0.0.1;dbname=tested;charset=utf8
[ sql ] [ SQL ] SHOW CREATE TABLE `tp_category` [ RunTime:0.000000s ]
[ sql ] [ SQL ] SELECT COUNT(*) AS count FROM `tp_category` [ RunTime:0.000000s ]
[ sql ] [ SQL ] SELECT * FROM `tp_category` LIMIT 0, 1000 [ RunTime:0.001000s ]
---------------------------------------------------------------
[ 2019-03-17T17:28:47+08:00 ] 127.0.0.1 GET /admin/data/export.html?id=4&start=0
[ info ] s.com/admin/data/export.html?id=4&start=0 [运行时间：0.032000s][吞吐率：31.25req/s] [内存消耗：1,927.44kb] [文件加载：49]
[ info ] [ LANG ] B:\aaaa\shop\thinkphp\lang\zh-cn.php
[ info ] [ ROUTE ] array (
  'type' => 'module',
  'module' => 
  array (
    0 => 'admin',
    1 => 'data',
    2 => 'export',
  ),
)
[ info ] [ HEADER ] array (
  'host' => 's.com',
  'connection' => 'keep-alive',
  'accept' => 'application/json, text/javascript, */*; q=0.01',
  'x-requested-with' => 'XMLHttpRequest',
  'user-agent' => 'Mozilla/5.0 (Windows NT 6.1; WOW64) AppleWebKit/537.36 (KHTML, like Gecko) Chrome/47.0.2626.106 Safari/537.36 Yunhai Browser',
  'referer' => 'http://s.com/admin/data/index.html',
  'accept-encoding' => 'gzip, deflate, sdch',
  'accept-language' => 'zh-CN,zh;q=0.8',
  'cookie' => 'pgv_pvi=8972421120; pgv_si=s6735852544; PHPSESSID=m81449m00r5rp06hfou6d9ek93',
)
[ info ] [ PARAM ] array (
  '/admin/data/export_html' => '',
  'id' => '4',
  'start' => '0',
)
[ info ] [ RUN ] app\admin\controller\Data->export[ B:\aaaa\shop\application\admin\controller\Data.php ]
[ info ] [ SESSION ] INIT array (
  'id' => '',
  'var_session_id' => '',
  'prefix' => 'think',
  'type' => '',
  'auto_start' => true,
)
[ info ] [ DB ] INIT mysql
[ info ] [ LOG ] INIT File
[ sql ] [ DB ] CONNECT:[ UseTime:0.001000s ] mysql:host=127.0.0.1;dbname=tested;charset=utf8
[ sql ] [ SQL ] SHOW CREATE TABLE `tp_cates` [ RunTime:0.000000s ]
[ sql ] [ SQL ] SELECT COUNT(*) AS count FROM `tp_cates` [ RunTime:0.000000s ]
[ sql ] [ SQL ] SELECT * FROM `tp_cates` LIMIT 0, 1000 [ RunTime:0.001000s ]
---------------------------------------------------------------
[ 2019-03-17T17:28:47+08:00 ] 127.0.0.1 GET /admin/data/export.html?id=5&start=0
[ info ] s.com/admin/data/export.html?id=5&start=0 [运行时间：0.031000s][吞吐率：32.26req/s] [内存消耗：1,926.84kb] [文件加载：49]
[ info ] [ LANG ] B:\aaaa\shop\thinkphp\lang\zh-cn.php
[ info ] [ ROUTE ] array (
  'type' => 'module',
  'module' => 
  array (
    0 => 'admin',
    1 => 'data',
    2 => 'export',
  ),
)
[ info ] [ HEADER ] array (
  'host' => 's.com',
  'connection' => 'keep-alive',
  'accept' => 'application/json, text/javascript, */*; q=0.01',
  'x-requested-with' => 'XMLHttpRequest',
  'user-agent' => 'Mozilla/5.0 (Windows NT 6.1; WOW64) AppleWebKit/537.36 (KHTML, like Gecko) Chrome/47.0.2626.106 Safari/537.36 Yunhai Browser',
  'referer' => 'http://s.com/admin/data/index.html',
  'accept-encoding' => 'gzip, deflate, sdch',
  'accept-language' => 'zh-CN,zh;q=0.8',
  'cookie' => 'pgv_pvi=8972421120; pgv_si=s6735852544; PHPSESSID=m81449m00r5rp06hfou6d9ek93',
)
[ info ] [ PARAM ] array (
  '/admin/data/export_html' => '',
  'id' => '5',
  'start' => '0',
)
[ info ] [ RUN ] app\admin\controller\Data->export[ B:\aaaa\shop\application\admin\controller\Data.php ]
[ info ] [ SESSION ] INIT array (
  'id' => '',
  'var_session_id' => '',
  'prefix' => 'think',
  'type' => '',
  'auto_start' => true,
)
[ info ] [ DB ] INIT mysql
[ info ] [ LOG ] INIT File
[ sql ] [ DB ] CONNECT:[ UseTime:0.001000s ] mysql:host=127.0.0.1;dbname=tested;charset=utf8
[ sql ] [ SQL ] SHOW CREATE TABLE `tp_comm_attr` [ RunTime:0.001000s ]
[ sql ] [ SQL ] SELECT COUNT(*) AS count FROM `tp_comm_attr` [ RunTime:0.000000s ]
[ sql ] [ SQL ] SELECT * FROM `tp_comm_attr` LIMIT 0, 1000 [ RunTime:0.001000s ]
---------------------------------------------------------------
[ 2019-03-17T17:28:47+08:00 ] 127.0.0.1 GET /admin/data/export.html?id=6&start=0
[ info ] s.com/admin/data/export.html?id=6&start=0 [运行时间：0.031000s][吞吐率：32.26req/s] [内存消耗：1,925.75kb] [文件加载：49]
[ info ] [ LANG ] B:\aaaa\shop\thinkphp\lang\zh-cn.php
[ info ] [ ROUTE ] array (
  'type' => 'module',
  'module' => 
  array (
    0 => 'admin',
    1 => 'data',
    2 => 'export',
  ),
)
[ info ] [ HEADER ] array (
  'host' => 's.com',
  'connection' => 'keep-alive',
  'accept' => 'application/json, text/javascript, */*; q=0.01',
  'x-requested-with' => 'XMLHttpRequest',
  'user-agent' => 'Mozilla/5.0 (Windows NT 6.1; WOW64) AppleWebKit/537.36 (KHTML, like Gecko) Chrome/47.0.2626.106 Safari/537.36 Yunhai Browser',
  'referer' => 'http://s.com/admin/data/index.html',
  'accept-encoding' => 'gzip, deflate, sdch',
  'accept-language' => 'zh-CN,zh;q=0.8',
  'cookie' => 'pgv_pvi=8972421120; pgv_si=s6735852544; PHPSESSID=m81449m00r5rp06hfou6d9ek93',
)
[ info ] [ PARAM ] array (
  '/admin/data/export_html' => '',
  'id' => '6',
  'start' => '0',
)
[ info ] [ RUN ] app\admin\controller\Data->export[ B:\aaaa\shop\application\admin\controller\Data.php ]
[ info ] [ SESSION ] INIT array (
  'id' => '',
  'var_session_id' => '',
  'prefix' => 'think',
  'type' => '',
  'auto_start' => true,
)
[ info ] [ DB ] INIT mysql
[ info ] [ LOG ] INIT File
[ sql ] [ DB ] CONNECT:[ UseTime:0.001000s ] mysql:host=127.0.0.1;dbname=tested;charset=utf8
[ sql ] [ SQL ] SHOW CREATE TABLE `tp_comm_photo` [ RunTime:0.001000s ]
[ sql ] [ SQL ] SELECT COUNT(*) AS count FROM `tp_comm_photo` [ RunTime:0.000000s ]
[ sql ] [ SQL ] SELECT * FROM `tp_comm_photo` LIMIT 0, 1000 [ RunTime:0.001000s ]
---------------------------------------------------------------
[ 2019-03-17T17:28:47+08:00 ] 127.0.0.1 GET /admin/data/export.html?id=7&start=0
[ info ] s.com/admin/data/export.html?id=7&start=0 [运行时间：0.030000s][吞吐率：33.33req/s] [内存消耗：1,935.09kb] [文件加载：49]
[ info ] [ LANG ] B:\aaaa\shop\thinkphp\lang\zh-cn.php
[ info ] [ ROUTE ] array (
  'type' => 'module',
  'module' => 
  array (
    0 => 'admin',
    1 => 'data',
    2 => 'export',
  ),
)
[ info ] [ HEADER ] array (
  'host' => 's.com',
  'connection' => 'keep-alive',
  'accept' => 'application/json, text/javascript, */*; q=0.01',
  'x-requested-with' => 'XMLHttpRequest',
  'user-agent' => 'Mozilla/5.0 (Windows NT 6.1; WOW64) AppleWebKit/537.36 (KHTML, like Gecko) Chrome/47.0.2626.106 Safari/537.36 Yunhai Browser',
  'referer' => 'http://s.com/admin/data/index.html',
  'accept-encoding' => 'gzip, deflate, sdch',
  'accept-language' => 'zh-CN,zh;q=0.8',
  'cookie' => 'pgv_pvi=8972421120; pgv_si=s6735852544; PHPSESSID=m81449m00r5rp06hfou6d9ek93',
)
[ info ] [ PARAM ] array (
  '/admin/data/export_html' => '',
  'id' => '7',
  'start' => '0',
)
[ info ] [ RUN ] app\admin\controller\Data->export[ B:\aaaa\shop\application\admin\controller\Data.php ]
[ info ] [ SESSION ] INIT array (
  'id' => '',
  'var_session_id' => '',
  'prefix' => 'think',
  'type' => '',
  'auto_start' => true,
)
[ info ] [ DB ] INIT mysql
[ info ] [ LOG ] INIT File
[ sql ] [ DB ] CONNECT:[ UseTime:0.001000s ] mysql:host=127.0.0.1;dbname=tested;charset=utf8
[ sql ] [ SQL ] SHOW CREATE TABLE `tp_commodity` [ RunTime:0.001000s ]
[ sql ] [ SQL ] SELECT COUNT(*) AS count FROM `tp_commodity` [ RunTime:0.000000s ]
[ sql ] [ SQL ] SELECT * FROM `tp_commodity` LIMIT 0, 1000 [ RunTime:0.001000s ]
---------------------------------------------------------------
[ 2019-03-17T17:28:47+08:00 ] 127.0.0.1 GET /admin/data/export.html?id=8&start=0
[ info ] s.com/admin/data/export.html?id=8&start=0 [运行时间：0.030000s][吞吐率：33.33req/s] [内存消耗：1,931.22kb] [文件加载：49]
[ info ] [ LANG ] B:\aaaa\shop\thinkphp\lang\zh-cn.php
[ info ] [ ROUTE ] array (
  'type' => 'module',
  'module' => 
  array (
    0 => 'admin',
    1 => 'data',
    2 => 'export',
  ),
)
[ info ] [ HEADER ] array (
  'host' => 's.com',
  'connection' => 'keep-alive',
  'accept' => 'application/json, text/javascript, */*; q=0.01',
  'x-requested-with' => 'XMLHttpRequest',
  'user-agent' => 'Mozilla/5.0 (Windows NT 6.1; WOW64) AppleWebKit/537.36 (KHTML, like Gecko) Chrome/47.0.2626.106 Safari/537.36 Yunhai Browser',
  'referer' => 'http://s.com/admin/data/index.html',
  'accept-encoding' => 'gzip, deflate, sdch',
  'accept-language' => 'zh-CN,zh;q=0.8',
  'cookie' => 'pgv_pvi=8972421120; pgv_si=s6735852544; PHPSESSID=m81449m00r5rp06hfou6d9ek93',
)
[ info ] [ PARAM ] array (
  '/admin/data/export_html' => '',
  'id' => '8',
  'start' => '0',
)
[ info ] [ RUN ] app\admin\controller\Data->export[ B:\aaaa\shop\application\admin\controller\Data.php ]
[ info ] [ SESSION ] INIT array (
  'id' => '',
  'var_session_id' => '',
  'prefix' => 'think',
  'type' => '',
  'auto_start' => true,
)
[ info ] [ DB ] INIT mysql
[ info ] [ LOG ] INIT File
[ sql ] [ DB ] CONNECT:[ UseTime:0.001000s ] mysql:host=127.0.0.1;dbname=tested;charset=utf8
[ sql ] [ SQL ] SHOW CREATE TABLE `tp_config` [ RunTime:0.001000s ]
[ sql ] [ SQL ] SELECT COUNT(*) AS count FROM `tp_config` [ RunTime:0.000000s ]
[ sql ] [ SQL ] SELECT * FROM `tp_config` LIMIT 0, 1000 [ RunTime:0.000000s ]
---------------------------------------------------------------
[ 2019-03-17T17:28:47+08:00 ] 127.0.0.1 GET /admin/data/export.html?id=9&start=0
[ info ] s.com/admin/data/export.html?id=9&start=0 [运行时间：0.030000s][吞吐率：33.33req/s] [内存消耗：1,925.48kb] [文件加载：49]
[ info ] [ LANG ] B:\aaaa\shop\thinkphp\lang\zh-cn.php
[ info ] [ ROUTE ] array (
  'type' => 'module',
  'module' => 
  array (
    0 => 'admin',
    1 => 'data',
    2 => 'export',
  ),
)
[ info ] [ HEADER ] array (
  'host' => 's.com',
  'connection' => 'keep-alive',
  'accept' => 'application/json, text/javascript, */*; q=0.01',
  'x-requested-with' => 'XMLHttpRequest',
  'user-agent' => 'Mozilla/5.0 (Windows NT 6.1; WOW64) AppleWebKit/537.36 (KHTML, like Gecko) Chrome/47.0.2626.106 Safari/537.36 Yunhai Browser',
  'referer' => 'http://s.com/admin/data/index.html',
  'accept-encoding' => 'gzip, deflate, sdch',
  'accept-language' => 'zh-CN,zh;q=0.8',
  'cookie' => 'pgv_pvi=8972421120; pgv_si=s6735852544; PHPSESSID=m81449m00r5rp06hfou6d9ek93',
)
[ info ] [ PARAM ] array (
  '/admin/data/export_html' => '',
  'id' => '9',
  'start' => '0',
)
[ info ] [ RUN ] app\admin\controller\Data->export[ B:\aaaa\shop\application\admin\controller\Data.php ]
[ info ] [ SESSION ] INIT array (
  'id' => '',
  'var_session_id' => '',
  'prefix' => 'think',
  'type' => '',
  'auto_start' => true,
)
[ info ] [ DB ] INIT mysql
[ info ] [ LOG ] INIT File
[ sql ] [ DB ] CONNECT:[ UseTime:0.001000s ] mysql:host=127.0.0.1;dbname=tested;charset=utf8
[ sql ] [ SQL ] SHOW CREATE TABLE `tp_links` [ RunTime:0.001000s ]
[ sql ] [ SQL ] SELECT COUNT(*) AS count FROM `tp_links` [ RunTime:0.000000s ]
[ sql ] [ SQL ] SELECT * FROM `tp_links` LIMIT 0, 1000 [ RunTime:0.001000s ]
---------------------------------------------------------------
[ 2019-03-17T17:28:47+08:00 ] 127.0.0.1 GET /admin/data/export.html?id=10&start=0
[ info ] s.com/admin/data/export.html?id=10&start=0 [运行时间：0.042000s][吞吐率：23.81req/s] [内存消耗：1,925.09kb] [文件加载：49]
[ info ] [ LANG ] B:\aaaa\shop\thinkphp\lang\zh-cn.php
[ info ] [ ROUTE ] array (
  'type' => 'module',
  'module' => 
  array (
    0 => 'admin',
    1 => 'data',
    2 => 'export',
  ),
)
[ info ] [ HEADER ] array (
  'host' => 's.com',
  'connection' => 'keep-alive',
  'accept' => 'application/json, text/javascript, */*; q=0.01',
  'x-requested-with' => 'XMLHttpRequest',
  'user-agent' => 'Mozilla/5.0 (Windows NT 6.1; WOW64) AppleWebKit/537.36 (KHTML, like Gecko) Chrome/47.0.2626.106 Safari/537.36 Yunhai Browser',
  'referer' => 'http://s.com/admin/data/index.html',
  'accept-encoding' => 'gzip, deflate, sdch',
  'accept-language' => 'zh-CN,zh;q=0.8',
  'cookie' => 'pgv_pvi=8972421120; pgv_si=s6735852544; PHPSESSID=m81449m00r5rp06hfou6d9ek93',
)
[ info ] [ PARAM ] array (
  '/admin/data/export_html' => '',
  'id' => '10',
  'start' => '0',
)
[ info ] [ RUN ] app\admin\controller\Data->export[ B:\aaaa\shop\application\admin\controller\Data.php ]
[ info ] [ SESSION ] INIT array (
  'id' => '',
  'var_session_id' => '',
  'prefix' => 'think',
  'type' => '',
  'auto_start' => true,
)
[ info ] [ DB ] INIT mysql
[ info ] [ LOG ] INIT File
[ sql ] [ DB ] CONNECT:[ UseTime:0.011000s ] mysql:host=127.0.0.1;dbname=tested;charset=utf8
[ sql ] [ SQL ] SHOW CREATE TABLE `tp_member_level` [ RunTime:0.001000s ]
[ sql ] [ SQL ] SELECT COUNT(*) AS count FROM `tp_member_level` [ RunTime:0.000000s ]
[ sql ] [ SQL ] SELECT * FROM `tp_member_level` LIMIT 0, 1000 [ RunTime:0.001000s ]
---------------------------------------------------------------
[ 2019-03-17T17:28:47+08:00 ] 127.0.0.1 GET /admin/data/export.html?id=11&start=0
[ info ] s.com/admin/data/export.html?id=11&start=0 [运行时间：0.032000s][吞吐率：31.25req/s] [内存消耗：1,925.57kb] [文件加载：49]
[ info ] [ LANG ] B:\aaaa\shop\thinkphp\lang\zh-cn.php
[ info ] [ ROUTE ] array (
  'type' => 'module',
  'module' => 
  array (
    0 => 'admin',
    1 => 'data',
    2 => 'export',
  ),
)
[ info ] [ HEADER ] array (
  'host' => 's.com',
  'connection' => 'keep-alive',
  'accept' => 'application/json, text/javascript, */*; q=0.01',
  'x-requested-with' => 'XMLHttpRequest',
  'user-agent' => 'Mozilla/5.0 (Windows NT 6.1; WOW64) AppleWebKit/537.36 (KHTML, like Gecko) Chrome/47.0.2626.106 Safari/537.36 Yunhai Browser',
  'referer' => 'http://s.com/admin/data/index.html',
  'accept-encoding' => 'gzip, deflate, sdch',
  'accept-language' => 'zh-CN,zh;q=0.8',
  'cookie' => 'pgv_pvi=8972421120; pgv_si=s6735852544; PHPSESSID=m81449m00r5rp06hfou6d9ek93',
)
[ info ] [ PARAM ] array (
  '/admin/data/export_html' => '',
  'id' => '11',
  'start' => '0',
)
[ info ] [ RUN ] app\admin\controller\Data->export[ B:\aaaa\shop\application\admin\controller\Data.php ]
[ info ] [ SESSION ] INIT array (
  'id' => '',
  'var_session_id' => '',
  'prefix' => 'think',
  'type' => '',
  'auto_start' => true,
)
[ info ] [ DB ] INIT mysql
[ info ] [ LOG ] INIT File
[ sql ] [ DB ] CONNECT:[ UseTime:0.001000s ] mysql:host=127.0.0.1;dbname=tested;charset=utf8
[ sql ] [ SQL ] SHOW CREATE TABLE `tp_member_price` [ RunTime:0.001000s ]
[ sql ] [ SQL ] SELECT COUNT(*) AS count FROM `tp_member_price` [ RunTime:0.000000s ]
[ sql ] [ SQL ] SELECT * FROM `tp_member_price` LIMIT 0, 1000 [ RunTime:0.001000s ]
---------------------------------------------------------------
[ 2019-03-17T17:28:47+08:00 ] 127.0.0.1 GET /admin/data/export.html?id=12&start=0
[ info ] s.com/admin/data/export.html?id=12&start=0 [运行时间：0.032000s][吞吐率：31.25req/s] [内存消耗：1,924.71kb] [文件加载：49]
[ info ] [ LANG ] B:\aaaa\shop\thinkphp\lang\zh-cn.php
[ info ] [ ROUTE ] array (
  'type' => 'module',
  'module' => 
  array (
    0 => 'admin',
    1 => 'data',
    2 => 'export',
  ),
)
[ info ] [ HEADER ] array (
  'host' => 's.com',
  'connection' => 'keep-alive',
  'accept' => 'application/json, text/javascript, */*; q=0.01',
  'x-requested-with' => 'XMLHttpRequest',
  'user-agent' => 'Mozilla/5.0 (Windows NT 6.1; WOW64) AppleWebKit/537.36 (KHTML, like Gecko) Chrome/47.0.2626.106 Safari/537.36 Yunhai Browser',
  'referer' => 'http://s.com/admin/data/index.html',
  'accept-encoding' => 'gzip, deflate, sdch',
  'accept-language' => 'zh-CN,zh;q=0.8',
  'cookie' => 'pgv_pvi=8972421120; pgv_si=s6735852544; PHPSESSID=m81449m00r5rp06hfou6d9ek93',
)
[ info ] [ PARAM ] array (
  '/admin/data/export_html' => '',
  'id' => '12',
  'start' => '0',
)
[ info ] [ RUN ] app\admin\controller\Data->export[ B:\aaaa\shop\application\admin\controller\Data.php ]
[ info ] [ SESSION ] INIT array (
  'id' => '',
  'var_session_id' => '',
  'prefix' => 'think',
  'type' => '',
  'auto_start' => true,
)
[ info ] [ DB ] INIT mysql
[ info ] [ LOG ] INIT File
[ sql ] [ DB ] CONNECT:[ UseTime:0.001000s ] mysql:host=127.0.0.1;dbname=tested;charset=utf8
[ sql ] [ SQL ] SHOW CREATE TABLE `tp_product` [ RunTime:0.001000s ]
[ sql ] [ SQL ] SELECT COUNT(*) AS count FROM `tp_product` [ RunTime:0.000000s ]
[ sql ] [ SQL ] SELECT * FROM `tp_product` LIMIT 0, 1000 [ RunTime:0.000000s ]
---------------------------------------------------------------
[ 2019-03-17T17:28:47+08:00 ] 127.0.0.1 GET /admin/data/export.html?id=13&start=0
[ info ] s.com/admin/data/export.html?id=13&start=0 [运行时间：0.030000s][吞吐率：33.33req/s] [内存消耗：1,921.16kb] [文件加载：49]
[ info ] [ LANG ] B:\aaaa\shop\thinkphp\lang\zh-cn.php
[ info ] [ ROUTE ] array (
  'type' => 'module',
  'module' => 
  array (
    0 => 'admin',
    1 => 'data',
    2 => 'export',
  ),
)
[ info ] [ HEADER ] array (
  'host' => 's.com',
  'connection' => 'keep-alive',
  'accept' => 'application/json, text/javascript, */*; q=0.01',
  'x-requested-with' => 'XMLHttpRequest',
  'user-agent' => 'Mozilla/5.0 (Windows NT 6.1; WOW64) AppleWebKit/537.36 (KHTML, like Gecko) Chrome/47.0.2626.106 Safari/537.36 Yunhai Browser',
  'referer' => 'http://s.com/admin/data/index.html',
  'accept-encoding' => 'gzip, deflate, sdch',
  'accept-language' => 'zh-CN,zh;q=0.8',
  'cookie' => 'pgv_pvi=8972421120; pgv_si=s6735852544; PHPSESSID=m81449m00r5rp06hfou6d9ek93',
)
[ info ] [ PARAM ] array (
  '/admin/data/export_html' => '',
  'id' => '13',
  'start' => '0',
)
[ info ] [ RUN ] app\admin\controller\Data->export[ B:\aaaa\shop\application\admin\controller\Data.php ]
[ info ] [ SESSION ] INIT array (
  'id' => '',
  'var_session_id' => '',
  'prefix' => 'think',
  'type' => '',
  'auto_start' => true,
)
[ info ] [ DB ] INIT mysql
[ info ] [ LOG ] INIT File
[ sql ] [ DB ] CONNECT:[ UseTime:0.001000s ] mysql:host=127.0.0.1;dbname=tested;charset=utf8
[ sql ] [ SQL ] SHOW CREATE TABLE `tp_type` [ RunTime:0.000000s ]
[ sql ] [ SQL ] SELECT COUNT(*) AS count FROM `tp_type` [ RunTime:0.001000s ]
[ sql ] [ SQL ] SELECT * FROM `tp_type` LIMIT 0, 1000 [ RunTime:0.000000s ]
---------------------------------------------------------------
[ 2019-03-17T17:28:52+08:00 ] 127.0.0.1 GET /admin/commodity/lst.html
[ info ] s.com/admin/commodity/lst.html [运行时间：0.048000s][吞吐率：20.83req/s] [内存消耗：2,831.91kb] [文件加载：58]
[ info ] [ LANG ] B:\aaaa\shop\thinkphp\lang\zh-cn.php
[ info ] [ ROUTE ] array (
  'type' => 'module',
  'module' => 
  array (
    0 => 'admin',
    1 => 'commodity',
    2 => 'lst',
  ),
)
[ info ] [ HEADER ] array (
  'host' => 's.com',
  'connection' => 'keep-alive',
  'accept' => 'text/html,application/xhtml+xml,application/xml;q=0.9,image/webp,*/*;q=0.8',
  'upgrade-insecure-requests' => '1',
  'user-agent' => 'Mozilla/5.0 (Windows NT 6.1; WOW64) AppleWebKit/537.36 (KHTML, like Gecko) Chrome/47.0.2626.106 Safari/537.36 Yunhai Browser',
  'referer' => 'http://s.com/admin/data/index.html',
  'accept-encoding' => 'gzip, deflate, sdch',
  'accept-language' => 'zh-CN,zh;q=0.8',
  'cookie' => 'pgv_pvi=8972421120; pgv_si=s6735852544; PHPSESSID=m81449m00r5rp06hfou6d9ek93',
)
[ info ] [ PARAM ] array (
  '/admin/commodity/lst_html' => '',
)
[ info ] [ RUN ] app\admin\controller\Commodity->lst[ B:\aaaa\shop\application\admin\controller\Commodity.php ]
[ info ] [ DB ] INIT mysql
[ info ] [ VIEW ] B:\aaaa\shop\public/../application/admin\view\commodity\list.html [ array (
  0 => 'commRes',
) ]
[ info ] [ LOG ] INIT File
[ sql ] [ DB ] CONNECT:[ UseTime:0.001000s ] mysql:host=127.0.0.1;dbname=tested;charset=utf8
[ sql ] [ SQL ] SHOW COLUMNS FROM `tp_commodity` [ RunTime:0.003000s ]
[ sql ] [ SQL ] SELECT COUNT(*) AS tp_count FROM ( SELECT count(*) FROM `tp_commodity` `g` INNER JOIN `tp_cates` `c` ON `g`.`cates_id`=`c`.`cates_id` LEFT JOIN `tp_brand` `b` ON `g`.`brand_id`=`b`.`brand_id` LEFT JOIN `tp_type` `t` ON `g`.`type_id`=`t`.`type_id` LEFT JOIN `tp_product` `p` ON `g`.`commodity_id`=`p`.`product_commodity_id` GROUP BY `g`.`commodity_id` ) `_group_count_` LIMIT 1 [ RunTime:0.001000s ]
[ sql ] [ SQL ] SELECT g.*,c.cates_name, b.brand_name, t.type_name, SUM(p.product_commodity_number) produ FROM `tp_commodity` `g` INNER JOIN `tp_cates` `c` ON `g`.`cates_id`=`c`.`cates_id` LEFT JOIN `tp_brand` `b` ON `g`.`brand_id`=`b`.`brand_id` LEFT JOIN `tp_type` `t` ON `g`.`type_id`=`t`.`type_id` LEFT JOIN `tp_product` `p` ON `g`.`commodity_id`=`p`.`product_commodity_id` GROUP BY `g`.`commodity_id` ORDER BY `g`.`commodity_id` DESC LIMIT 0,10 [ RunTime:0.002000s ]
---------------------------------------------------------------
[ 2019-03-17T17:28:52+08:00 ] 127.0.0.1 GET /static/admin/style/jquery.slimscroll.min.js.map
[ info ] s.com/static/admin/style/jquery.slimscroll.min.js.map [运行时间：0.020000s][吞吐率：50.00req/s] [内存消耗：1,349.79kb] [文件加载：38]
[ info ] [ LANG ] B:\aaaa\shop\thinkphp\lang\zh-cn.php
[ info ] [ ROUTE ] array (
  'type' => 'module',
  'module' => 
  array (
    0 => 'static',
    1 => 'admin',
    2 => 'style',
  ),
)
[ info ] [ HEADER ] array (
  'host' => 's.com',
  'connection' => 'keep-alive',
  'user-agent' => 'Mozilla/5.0 (Windows NT 6.1; WOW64) AppleWebKit/537.36 (KHTML, like Gecko) Chrome/47.0.2626.106 Safari/537.36 Yunhai Browser',
  'accept-encoding' => 'gzip, deflate, sdch',
  'accept-language' => 'zh-CN,zh;q=0.8',
  'cookie' => 'pgv_pvi=8972421120; pgv_si=s6735852544; PHPSESSID=m81449m00r5rp06hfou6d9ek93',
)
[ info ] [ PARAM ] array (
  '/static/admin/style/jquery_slimscroll_min_js_map' => '',
)
[ info ] [ LOG ] INIT File
